2022-12-05 18:05:11 error: uncaughtException: тип Unable to compile TypeScript:
[96mservices/users.service.ts[0m:[93m9[0m:[93m7[0m - [91merror[0m[90m TS1141: [0mString literal expected.

[7m9[0m class UserService {
[7m [0m [91m      ~~~~~~~~~~~[0m
[96mservices/users.service.ts[0m:[93m69[0m:[93m16[0m - [91merror[0m[90m TS2304: [0mCannot find name 'UserService'.

[7m69[0m export default UserService;
[7m  [0m [91m               ~~~~~~~~~~~[0m

TSError: тип Unable to compile TypeScript:
[96mservices/users.service.ts[0m:[93m9[0m:[93m7[0m - [91merror[0m[90m TS1141: [0mString literal expected.

[7m9[0m class UserService {
[7m [0m [91m      ~~~~~~~~~~~[0m
[96mservices/users.service.ts[0m:[93m69[0m:[93m16[0m - [91merror[0m[90m TS2304: [0mCannot find name 'UserService'.

[7m69[0m export default UserService;
[7m  [0m [91m               ~~~~~~~~~~~[0m

    at createTSError (/usr/local/lib/node_modules/ts-node/src/index.ts:859:12)
    at reportTSError (/usr/local/lib/node_modules/ts-node/src/index.ts:863:19)
    at getOutput (/usr/local/lib/node_modules/ts-node/src/index.ts:1077:36)
    at Object.compile (/usr/local/lib/node_modules/ts-node/src/index.ts:1433:41)
    at Module.m._compile (/usr/local/lib/node_modules/ts-node/src/index.ts:1617:30)
    at Module._extensions..js (node:internal/modules/cjs/loader:1153:10)
    at Object.require.extensions.<computed> [as .ts] (/usr/local/lib/node_modules/ts-node/src/index.ts:1621:12)
    at Module.load (node:internal/modules/cjs/loader:981:32)
    at Function.Module._load (node:internal/modules/cjs/loader:822:12)
    at Module.require (node:internal/modules/cjs/loader:1005:19)
2022-12-05 18:05:38 error: uncaughtException: тип Unable to compile TypeScript:
[96mservices/users.service.ts[0m:[93m11[0m:[93m33[0m - [91merror[0m[90m TS1003: [0mIdentifier expected.

[7m11[0m     private objectId = mongoose.
[7m  [0m [91m                                [0m

TSError: тип Unable to compile TypeScript:
[96mservices/users.service.ts[0m:[93m11[0m:[93m33[0m - [91merror[0m[90m TS1003: [0mIdentifier expected.

[7m11[0m     private objectId = mongoose.
[7m  [0m [91m                                [0m

    at createTSError (/usr/local/lib/node_modules/ts-node/src/index.ts:859:12)
    at reportTSError (/usr/local/lib/node_modules/ts-node/src/index.ts:863:19)
    at getOutput (/usr/local/lib/node_modules/ts-node/src/index.ts:1077:36)
    at Object.compile (/usr/local/lib/node_modules/ts-node/src/index.ts:1433:41)
    at Module.m._compile (/usr/local/lib/node_modules/ts-node/src/index.ts:1617:30)
    at Module._extensions..js (node:internal/modules/cjs/loader:1153:10)
    at Object.require.extensions.<computed> [as .ts] (/usr/local/lib/node_modules/ts-node/src/index.ts:1621:12)
    at Module.load (node:internal/modules/cjs/loader:981:32)
    at Function.Module._load (node:internal/modules/cjs/loader:822:12)
    at Module.require (node:internal/modules/cjs/loader:1005:19)
2022-12-05 18:05:41 error: uncaughtException: тип Unable to compile TypeScript:
[96mservices/users.service.ts[0m:[93m11[0m:[93m39[0m - [91merror[0m[90m TS1003: [0mIdentifier expected.

[7m11[0m     private objectId = mongoose.Types.
[7m  [0m [91m                                      [0m

TSError: тип Unable to compile TypeScript:
[96mservices/users.service.ts[0m:[93m11[0m:[93m39[0m - [91merror[0m[90m TS1003: [0mIdentifier expected.

[7m11[0m     private objectId = mongoose.Types.
[7m  [0m [91m                                      [0m

    at createTSError (/usr/local/lib/node_modules/ts-node/src/index.ts:859:12)
    at reportTSError (/usr/local/lib/node_modules/ts-node/src/index.ts:863:19)
    at getOutput (/usr/local/lib/node_modules/ts-node/src/index.ts:1077:36)
    at Object.compile (/usr/local/lib/node_modules/ts-node/src/index.ts:1433:41)
    at Module.m._compile (/usr/local/lib/node_modules/ts-node/src/index.ts:1617:30)
    at Module._extensions..js (node:internal/modules/cjs/loader:1153:10)
    at Object.require.extensions.<computed> [as .ts] (/usr/local/lib/node_modules/ts-node/src/index.ts:1621:12)
    at Module.load (node:internal/modules/cjs/loader:981:32)
    at Function.Module._load (node:internal/modules/cjs/loader:822:12)
    at Module.require (node:internal/modules/cjs/loader:1005:19)
2022-12-05 18:05:50 error: uncaughtException: тип Unable to compile TypeScript:
[96mservices/users.service.ts[0m:[93m33[0m:[93m12[0m - [91merror[0m[90m TS2663: [0mCannot find name 'objectId'. Did you mean the instance member 'this.objectId'?

[7m33[0m         if(objectId)
[7m  [0m [91m           ~~~~~~~~[0m

TSError: тип Unable to compile TypeScript:
[96mservices/users.service.ts[0m:[93m33[0m:[93m12[0m - [91merror[0m[90m TS2663: [0mCannot find name 'objectId'. Did you mean the instance member 'this.objectId'?

[7m33[0m         if(objectId)
[7m  [0m [91m           ~~~~~~~~[0m

    at createTSError (/usr/local/lib/node_modules/ts-node/src/index.ts:859:12)
    at reportTSError (/usr/local/lib/node_modules/ts-node/src/index.ts:863:19)
    at getOutput (/usr/local/lib/node_modules/ts-node/src/index.ts:1077:36)
    at Object.compile (/usr/local/lib/node_modules/ts-node/src/index.ts:1433:41)
    at Module.m._compile (/usr/local/lib/node_modules/ts-node/src/index.ts:1617:30)
    at Module._extensions..js (node:internal/modules/cjs/loader:1153:10)
    at Object.require.extensions.<computed> [as .ts] (/usr/local/lib/node_modules/ts-node/src/index.ts:1621:12)
    at Module.load (node:internal/modules/cjs/loader:981:32)
    at Function.Module._load (node:internal/modules/cjs/loader:822:12)
    at Module.require (node:internal/modules/cjs/loader:1005:19)
2022-12-05 18:05:53 error: uncaughtException: тип Unable to compile TypeScript:
[96mservices/users.service.ts[0m:[93m33[0m:[93m12[0m - [91merror[0m[90m TS2663: [0mCannot find name 'objectId'. Did you mean the instance member 'this.objectId'?

[7m33[0m         if(objectId.isValid())
[7m  [0m [91m           ~~~~~~~~[0m

TSError: тип Unable to compile TypeScript:
[96mservices/users.service.ts[0m:[93m33[0m:[93m12[0m - [91merror[0m[90m TS2663: [0mCannot find name 'objectId'. Did you mean the instance member 'this.objectId'?

[7m33[0m         if(objectId.isValid())
[7m  [0m [91m           ~~~~~~~~[0m

    at createTSError (/usr/local/lib/node_modules/ts-node/src/index.ts:859:12)
    at reportTSError (/usr/local/lib/node_modules/ts-node/src/index.ts:863:19)
    at getOutput (/usr/local/lib/node_modules/ts-node/src/index.ts:1077:36)
    at Object.compile (/usr/local/lib/node_modules/ts-node/src/index.ts:1433:41)
    at Module.m._compile (/usr/local/lib/node_modules/ts-node/src/index.ts:1617:30)
    at Module._extensions..js (node:internal/modules/cjs/loader:1153:10)
    at Object.require.extensions.<computed> [as .ts] (/usr/local/lib/node_modules/ts-node/src/index.ts:1621:12)
    at Module.load (node:internal/modules/cjs/loader:981:32)
    at Function.Module._load (node:internal/modules/cjs/loader:822:12)
    at Module.require (node:internal/modules/cjs/loader:1005:19)
2022-12-05 18:05:58 error: uncaughtException: тип Unable to compile TypeScript:
[96mservices/users.service.ts[0m:[93m33[0m:[93m13[0m - [91merror[0m[90m TS2663: [0mCannot find name 'objectId'. Did you mean the instance member 'this.objectId'?

[7m33[0m         if(!objectId.isValid(userId)) {
[7m  [0m [91m            ~~~~~~~~[0m

TSError: тип Unable to compile TypeScript:
[96mservices/users.service.ts[0m:[93m33[0m:[93m13[0m - [91merror[0m[90m TS2663: [0mCannot find name 'objectId'. Did you mean the instance member 'this.objectId'?

[7m33[0m         if(!objectId.isValid(userId)) {
[7m  [0m [91m            ~~~~~~~~[0m

    at createTSError (/usr/local/lib/node_modules/ts-node/src/index.ts:859:12)
    at reportTSError (/usr/local/lib/node_modules/ts-node/src/index.ts:863:19)
    at getOutput (/usr/local/lib/node_modules/ts-node/src/index.ts:1077:36)
    at Object.compile (/usr/local/lib/node_modules/ts-node/src/index.ts:1433:41)
    at Module.m._compile (/usr/local/lib/node_modules/ts-node/src/index.ts:1617:30)
    at Module._extensions..js (node:internal/modules/cjs/loader:1153:10)
    at Object.require.extensions.<computed> [as .ts] (/usr/local/lib/node_modules/ts-node/src/index.ts:1621:12)
    at Module.load (node:internal/modules/cjs/loader:981:32)
    at Function.Module._load (node:internal/modules/cjs/loader:822:12)
    at Module.require (node:internal/modules/cjs/loader:1005:19)
2022-12-05 18:06:41 error: uncaughtException: тип Unable to compile TypeScript:
[96mservices/users.service.ts[0m:[93m33[0m:[93m13[0m - [91merror[0m[90m TS2304: [0mCannot find name 'log'.

[7m33[0m             log
[7m  [0m [91m            ~~~[0m

TSError: тип Unable to compile TypeScript:
[96mservices/users.service.ts[0m:[93m33[0m:[93m13[0m - [91merror[0m[90m TS2304: [0mCannot find name 'log'.

[7m33[0m             log
[7m  [0m [91m            ~~~[0m

    at createTSError (/usr/local/lib/node_modules/ts-node/src/index.ts:859:12)
    at reportTSError (/usr/local/lib/node_modules/ts-node/src/index.ts:863:19)
    at getOutput (/usr/local/lib/node_modules/ts-node/src/index.ts:1077:36)
    at Object.compile (/usr/local/lib/node_modules/ts-node/src/index.ts:1433:41)
    at Module.m._compile (/usr/local/lib/node_modules/ts-node/src/index.ts:1617:30)
    at Module._extensions..js (node:internal/modules/cjs/loader:1153:10)
    at Object.require.extensions.<computed> [as .ts] (/usr/local/lib/node_modules/ts-node/src/index.ts:1621:12)
    at Module.load (node:internal/modules/cjs/loader:981:32)
    at Function.Module._load (node:internal/modules/cjs/loader:822:12)
    at Module.require (node:internal/modules/cjs/loader:1005:19)
