2022-11-16 09:39:13 error: uncaughtException: тип Unable to compile TypeScript:
[96mcontrollers/tasks.controller.ts[0m:[93m14[0m:[93m47[0m - [91merror[0m[90m TS2339: [0mProperty 'data' does not exist on type 'Task[]'.

[7m14[0m             res.status(200).json({data: tasks.data, message:"findAll"});
[7m  [0m [91m                                              ~~~~[0m

TSError: тип Unable to compile TypeScript:
[96mcontrollers/tasks.controller.ts[0m:[93m14[0m:[93m47[0m - [91merror[0m[90m TS2339: [0mProperty 'data' does not exist on type 'Task[]'.

[7m14[0m             res.status(200).json({data: tasks.data, message:"findAll"});
[7m  [0m [91m                                              ~~~~[0m

    at createTSError (/usr/local/lib/node_modules/ts-node/src/index.ts:859:12)
    at reportTSError (/usr/local/lib/node_modules/ts-node/src/index.ts:863:19)
    at getOutput (/usr/local/lib/node_modules/ts-node/src/index.ts:1077:36)
    at Object.compile (/usr/local/lib/node_modules/ts-node/src/index.ts:1433:41)
    at Module.m._compile (/usr/local/lib/node_modules/ts-node/src/index.ts:1617:30)
    at Module._extensions..js (node:internal/modules/cjs/loader:1153:10)
    at Object.require.extensions.<computed> [as .ts] (/usr/local/lib/node_modules/ts-node/src/index.ts:1621:12)
    at Module.load (node:internal/modules/cjs/loader:981:32)
    at Function.Module._load (node:internal/modules/cjs/loader:822:12)
    at Module.require (node:internal/modules/cjs/loader:1005:19)
2022-11-16 09:40:41 error: uncaughtException: тип Unable to compile TypeScript:
[96mservices/users.service.ts[0m:[93m13[0m:[93m22[0m - [91merror[0m[90m TS2339: [0mProperty 'data' does not exist on type 'User[]'.

[7m13[0m         return users.data;
[7m  [0m [91m                     ~~~~[0m

TSError: тип Unable to compile TypeScript:
[96mservices/users.service.ts[0m:[93m13[0m:[93m22[0m - [91merror[0m[90m TS2339: [0mProperty 'data' does not exist on type 'User[]'.

[7m13[0m         return users.data;
[7m  [0m [91m                     ~~~~[0m

    at createTSError (/usr/local/lib/node_modules/ts-node/src/index.ts:859:12)
    at reportTSError (/usr/local/lib/node_modules/ts-node/src/index.ts:863:19)
    at getOutput (/usr/local/lib/node_modules/ts-node/src/index.ts:1077:36)
    at Object.compile (/usr/local/lib/node_modules/ts-node/src/index.ts:1433:41)
    at Module.m._compile (/usr/local/lib/node_modules/ts-node/src/index.ts:1617:30)
    at Module._extensions..js (node:internal/modules/cjs/loader:1153:10)
    at Object.require.extensions.<computed> [as .ts] (/usr/local/lib/node_modules/ts-node/src/index.ts:1621:12)
    at Module.load (node:internal/modules/cjs/loader:981:32)
    at Function.Module._load (node:internal/modules/cjs/loader:822:12)
    at Module.require (node:internal/modules/cjs/loader:1005:19)
2022-11-16 09:41:18 error: uncaughtException: тип Unable to compile TypeScript:
[96mservices/users.service.ts[0m:[93m13[0m:[93m39[0m - [91merror[0m[90m TS1003: [0mIdentifier expected.

[7m13[0m         console.log("uesrs = " + JSON.);
[7m  [0m [91m                                      ~[0m

TSError: тип Unable to compile TypeScript:
[96mservices/users.service.ts[0m:[93m13[0m:[93m39[0m - [91merror[0m[90m TS1003: [0mIdentifier expected.

[7m13[0m         console.log("uesrs = " + JSON.);
[7m  [0m [91m                                      ~[0m

    at createTSError (/usr/local/lib/node_modules/ts-node/src/index.ts:859:12)
    at reportTSError (/usr/local/lib/node_modules/ts-node/src/index.ts:863:19)
    at getOutput (/usr/local/lib/node_modules/ts-node/src/index.ts:1077:36)
    at Object.compile (/usr/local/lib/node_modules/ts-node/src/index.ts:1433:41)
    at Module.m._compile (/usr/local/lib/node_modules/ts-node/src/index.ts:1617:30)
    at Module._extensions..js (node:internal/modules/cjs/loader:1153:10)
    at Object.require.extensions.<computed> [as .ts] (/usr/local/lib/node_modules/ts-node/src/index.ts:1621:12)
    at Module.load (node:internal/modules/cjs/loader:981:32)
    at Function.Module._load (node:internal/modules/cjs/loader:822:12)
    at Module.require (node:internal/modules/cjs/loader:1005:19)
2022-11-16 09:57:30 error: uncaughtException: тип Unable to compile TypeScript:
[96mdtos/users.dto.ts[0m:[93m5[0m:[93m3[0m - [91merror[0m[90m TS7008: [0mMember 'public' implicitly has an 'any' type.

[7m5[0m   public
[7m [0m [91m  ~~~~~~[0m

TSError: тип Unable to compile TypeScript:
[96mdtos/users.dto.ts[0m:[93m5[0m:[93m3[0m - [91merror[0m[90m TS7008: [0mMember 'public' implicitly has an 'any' type.

[7m5[0m   public
[7m [0m [91m  ~~~~~~[0m

    at createTSError (/usr/local/lib/node_modules/ts-node/src/index.ts:859:12)
    at reportTSError (/usr/local/lib/node_modules/ts-node/src/index.ts:863:19)
    at getOutput (/usr/local/lib/node_modules/ts-node/src/index.ts:1077:36)
    at Object.compile (/usr/local/lib/node_modules/ts-node/src/index.ts:1433:41)
    at Module.m._compile (/usr/local/lib/node_modules/ts-node/src/index.ts:1617:30)
    at Module._extensions..js (node:internal/modules/cjs/loader:1153:10)
    at Object.require.extensions.<computed> [as .ts] (/usr/local/lib/node_modules/ts-node/src/index.ts:1621:12)
    at Module.load (node:internal/modules/cjs/loader:981:32)
    at Function.Module._load (node:internal/modules/cjs/loader:822:12)
    at Module.require (node:internal/modules/cjs/loader:1005:19)
2022-11-16 09:57:33 error: uncaughtException: тип Unable to compile TypeScript:
[96mdtos/users.dto.ts[0m:[93m6[0m:[93m3[0m - [91merror[0m[90m TS1110: [0mType expected.

[7m6[0m   @IsEmail()
[7m [0m [91m  ~[0m

TSError: тип Unable to compile TypeScript:
[96mdtos/users.dto.ts[0m:[93m6[0m:[93m3[0m - [91merror[0m[90m TS1110: [0mType expected.

[7m6[0m   @IsEmail()
[7m [0m [91m  ~[0m

    at createTSError (/usr/local/lib/node_modules/ts-node/src/index.ts:859:12)
    at reportTSError (/usr/local/lib/node_modules/ts-node/src/index.ts:863:19)
    at getOutput (/usr/local/lib/node_modules/ts-node/src/index.ts:1077:36)
    at Object.compile (/usr/local/lib/node_modules/ts-node/src/index.ts:1433:41)
    at Module.m._compile (/usr/local/lib/node_modules/ts-node/src/index.ts:1617:30)
    at Module._extensions..js (node:internal/modules/cjs/loader:1153:10)
    at Object.require.extensions.<computed> [as .ts] (/usr/local/lib/node_modules/ts-node/src/index.ts:1621:12)
    at Module.load (node:internal/modules/cjs/loader:981:32)
    at Function.Module._load (node:internal/modules/cjs/loader:822:12)
    at Module.require (node:internal/modules/cjs/loader:1005:19)
2022-11-16 09:57:37 error: uncaughtException: тип Unable to compile TypeScript:
[96mdtos/users.dto.ts[0m:[93m5[0m:[93m10[0m - [91merror[0m[90m TS2564: [0mProperty 'name' has no initializer and is not definitely assigned in the constructor.

[7m5[0m   public name: Object
[7m [0m [91m         ~~~~[0m

TSError: тип Unable to compile TypeScript:
[96mdtos/users.dto.ts[0m:[93m5[0m:[93m10[0m - [91merror[0m[90m TS2564: [0mProperty 'name' has no initializer and is not definitely assigned in the constructor.

[7m5[0m   public name: Object
[7m [0m [91m         ~~~~[0m

    at createTSError (/usr/local/lib/node_modules/ts-node/src/index.ts:859:12)
    at reportTSError (/usr/local/lib/node_modules/ts-node/src/index.ts:863:19)
    at getOutput (/usr/local/lib/node_modules/ts-node/src/index.ts:1077:36)
    at Object.compile (/usr/local/lib/node_modules/ts-node/src/index.ts:1433:41)
    at Module.m._compile (/usr/local/lib/node_modules/ts-node/src/index.ts:1617:30)
    at Module._extensions..js (node:internal/modules/cjs/loader:1153:10)
    at Object.require.extensions.<computed> [as .ts] (/usr/local/lib/node_modules/ts-node/src/index.ts:1621:12)
    at Module.load (node:internal/modules/cjs/loader:981:32)
    at Function.Module._load (node:internal/modules/cjs/loader:822:12)
    at Module.require (node:internal/modules/cjs/loader:1005:19)
2022-11-16 09:57:40 error: uncaughtException: тип Unable to compile TypeScript:
[96mdtos/users.dto.ts[0m:[93m5[0m:[93m10[0m - [91merror[0m[90m TS2564: [0mProperty 'name' has no initializer and is not definitely assigned in the constructor.

[7m5[0m   public name: Object
[7m [0m [91m         ~~~~[0m

TSError: тип Unable to compile TypeScript:
[96mdtos/users.dto.ts[0m:[93m5[0m:[93m10[0m - [91merror[0m[90m TS2564: [0mProperty 'name' has no initializer and is not definitely assigned in the constructor.

[7m5[0m   public name: Object
[7m [0m [91m         ~~~~[0m

    at createTSError (/usr/local/lib/node_modules/ts-node/src/index.ts:859:12)
    at reportTSError (/usr/local/lib/node_modules/ts-node/src/index.ts:863:19)
    at getOutput (/usr/local/lib/node_modules/ts-node/src/index.ts:1077:36)
    at Object.compile (/usr/local/lib/node_modules/ts-node/src/index.ts:1433:41)
    at Module.m._compile (/usr/local/lib/node_modules/ts-node/src/index.ts:1617:30)
    at Module._extensions..js (node:internal/modules/cjs/loader:1153:10)
    at Object.require.extensions.<computed> [as .ts] (/usr/local/lib/node_modules/ts-node/src/index.ts:1621:12)
    at Module.load (node:internal/modules/cjs/loader:981:32)
    at Function.Module._load (node:internal/modules/cjs/loader:822:12)
    at Module.require (node:internal/modules/cjs/loader:1005:19)
2022-11-16 09:58:24 error: uncaughtException: тип Unable to compile TypeScript:
[96mdtos/users.dto.ts[0m:[93m5[0m:[93m10[0m - [91merror[0m[90m TS2564: [0mProperty 'name' has no initializer and is not definitely assigned in the constructor.

[7m5[0m   public name: Object
[7m [0m [91m         ~~~~[0m

TSError: тип Unable to compile TypeScript:
[96mdtos/users.dto.ts[0m:[93m5[0m:[93m10[0m - [91merror[0m[90m TS2564: [0mProperty 'name' has no initializer and is not definitely assigned in the constructor.

[7m5[0m   public name: Object
[7m [0m [91m         ~~~~[0m

    at createTSError (/usr/local/lib/node_modules/ts-node/src/index.ts:859:12)
    at reportTSError (/usr/local/lib/node_modules/ts-node/src/index.ts:863:19)
    at getOutput (/usr/local/lib/node_modules/ts-node/src/index.ts:1077:36)
    at Object.compile (/usr/local/lib/node_modules/ts-node/src/index.ts:1433:41)
    at Module.m._compile (/usr/local/lib/node_modules/ts-node/src/index.ts:1617:30)
    at Module._extensions..js (node:internal/modules/cjs/loader:1153:10)
    at Object.require.extensions.<computed> [as .ts] (/usr/local/lib/node_modules/ts-node/src/index.ts:1621:12)
    at Module.load (node:internal/modules/cjs/loader:981:32)
    at Function.Module._load (node:internal/modules/cjs/loader:822:12)
    at Module.require (node:internal/modules/cjs/loader:1005:19)
2022-11-16 10:01:01 error: uncaughtException: тип Unable to compile TypeScript:
[96mservices/users.service.ts[0m:[93m18[0m:[93m82[0m - [91merror[0m[90m TS2339: [0mProperty 'email' does not exist on type 'CreateUserDto'.

[7m18[0m         const findUser: User | null = await this.users.findOne({ email: userData.email });
[7m  [0m [91m                                                                                 ~~~~~[0m
[96mservices/users.service.ts[0m:[93m19[0m:[93m75[0m - [91merror[0m[90m TS2339: [0mProperty 'email' does not exist on type 'CreateUserDto'.

[7m19[0m         if (findUser) throw new HttpException(409, `This email ${userData.email} already exists`);
[7m  [0m [91m                                                                          ~~~~~[0m
[96mservices/users.service.ts[0m:[93m21[0m:[93m52[0m - [91merror[0m[90m TS2339: [0mProperty 'password' does not exist on type 'CreateUserDto'.

[7m21[0m         const hashedPassword = await hash(userData.password, 10);
[7m  [0m [91m                                                   ~~~~~~~~[0m
[96mservices/users.service.ts[0m:[93m36[0m:[93m21[0m - [91merror[0m[90m TS2339: [0mProperty 'email' does not exist on type 'CreateUserDto'.

[7m36[0m         if(userData.email) {
[7m  [0m [91m                    ~~~~~[0m
[96mservices/users.service.ts[0m:[93m38[0m:[93m103[0m - [91merror[0m[90m TS2339: [0mProperty 'email' does not exist on type 'CreateUserDto'.

[7m38[0m             if(findUser && findUser._id != userId) throw new HttpException(409,`This email ${userData.email} already exists`);
[7m  [0m [91m                                                                                                      ~~~~~[0m
[96mservices/users.service.ts[0m:[93m41[0m:[93m21[0m - [91merror[0m[90m TS2339: [0mProperty 'password' does not exist on type 'CreateUserDto'.

[7m41[0m         if(userData.password) {
[7m  [0m [91m                    ~~~~~~~~[0m
[96mservices/users.service.ts[0m:[93m42[0m:[93m56[0m - [91merror[0m[90m TS2339: [0mProperty 'password' does not exist on type 'CreateUserDto'.

[7m42[0m             const hashedPassword = await hash(userData.password, 10);
[7m  [0m [91m                                                       ~~~~~~~~[0m
[96mservices/users.service.ts[0m:[93m43[0m:[93m39[0m - [91merror[0m[90m TS2322: [0mType '{ password: string; name: {}; first: string; }' is not assignable to type 'CreateUserDto'.
  Object literal may only specify known properties, and 'password' does not exist in type 'CreateUserDto'.

[7m43[0m             userData = { ...userData, password: hashedPassword};
[7m  [0m [91m                                      ~~~~~~~~~~~~~~~~~~~~~~~~[0m

TSError: тип Unable to compile TypeScript:
[96mservices/users.service.ts[0m:[93m18[0m:[93m82[0m - [91merror[0m[90m TS2339: [0mProperty 'email' does not exist on type 'CreateUserDto'.

[7m18[0m         const findUser: User | null = await this.users.findOne({ email: userData.email });
[7m  [0m [91m                                                                                 ~~~~~[0m
[96mservices/users.service.ts[0m:[93m19[0m:[93m75[0m - [91merror[0m[90m TS2339: [0mProperty 'email' does not exist on type 'CreateUserDto'.

[7m19[0m         if (findUser) throw new HttpException(409, `This email ${userData.email} already exists`);
[7m  [0m [91m                                                                          ~~~~~[0m
[96mservices/users.service.ts[0m:[93m21[0m:[93m52[0m - [91merror[0m[90m TS2339: [0mProperty 'password' does not exist on type 'CreateUserDto'.

[7m21[0m         const hashedPassword = await hash(userData.password, 10);
[7m  [0m [91m                                                   ~~~~~~~~[0m
[96mservices/users.service.ts[0m:[93m36[0m:[93m21[0m - [91merror[0m[90m TS2339: [0mProperty 'email' does not exist on type 'CreateUserDto'.

[7m36[0m         if(userData.email) {
[7m  [0m [91m                    ~~~~~[0m
[96mservices/users.service.ts[0m:[93m38[0m:[93m103[0m - [91merror[0m[90m TS2339: [0mProperty 'email' does not exist on type 'CreateUserDto'.

[7m38[0m             if(findUser && findUser._id != userId) throw new HttpException(409,`This email ${userData.email} already exists`);
[7m  [0m [91m                                                                                                      ~~~~~[0m
[96mservices/users.service.ts[0m:[93m41[0m:[93m21[0m - [91merror[0m[90m TS2339: [0mProperty 'password' does not exist on type 'CreateUserDto'.

[7m41[0m         if(userData.password) {
[7m  [0m [91m                    ~~~~~~~~[0m
[96mservices/users.service.ts[0m:[93m42[0m:[93m56[0m - [91merror[0m[90m TS2339: [0mProperty 'password' does not exist on type 'CreateUserDto'.

[7m42[0m             const hashedPassword = await hash(userData.password, 10);
[7m  [0m [91m                                                       ~~~~~~~~[0m
[96mservices/users.service.ts[0m:[93m43[0m:[93m39[0m - [91merror[0m[90m TS2322: [0mType '{ password: string; name: {}; first: string; }' is not assignable to type 'CreateUserDto'.
  Object literal may only specify known properties, and 'password' does not exist in type 'CreateUserDto'.

[7m43[0m             userData = { ...userData, password: hashedPassword};
[7m  [0m [91m                                      ~~~~~~~~~~~~~~~~~~~~~~~~[0m

    at createTSError (/usr/local/lib/node_modules/ts-node/src/index.ts:859:12)
    at reportTSError (/usr/local/lib/node_modules/ts-node/src/index.ts:863:19)
    at getOutput (/usr/local/lib/node_modules/ts-node/src/index.ts:1077:36)
    at Object.compile (/usr/local/lib/node_modules/ts-node/src/index.ts:1433:41)
    at Module.m._compile (/usr/local/lib/node_modules/ts-node/src/index.ts:1617:30)
    at Module._extensions..js (node:internal/modules/cjs/loader:1153:10)
    at Object.require.extensions.<computed> [as .ts] (/usr/local/lib/node_modules/ts-node/src/index.ts:1621:12)
    at Module.load (node:internal/modules/cjs/loader:981:32)
    at Function.Module._load (node:internal/modules/cjs/loader:822:12)
    at Module.require (node:internal/modules/cjs/loader:1005:19)
2022-11-16 10:01:05 error: uncaughtException: тип Unable to compile TypeScript:
[96mservices/users.service.ts[0m:[93m18[0m:[93m82[0m - [91merror[0m[90m TS2339: [0mProperty 'email' does not exist on type 'CreateUserDto'.

[7m18[0m         const findUser: User | null = await this.users.findOne({ email: userData.email });
[7m  [0m [91m                                                                                 ~~~~~[0m
[96mservices/users.service.ts[0m:[93m19[0m:[93m75[0m - [91merror[0m[90m TS2339: [0mProperty 'email' does not exist on type 'CreateUserDto'.

[7m19[0m         if (findUser) throw new HttpException(409, `This email ${userData.email} already exists`);
[7m  [0m [91m                                                                          ~~~~~[0m
[96mservices/users.service.ts[0m:[93m21[0m:[93m52[0m - [91merror[0m[90m TS2339: [0mProperty 'password' does not exist on type 'CreateUserDto'.

[7m21[0m         const hashedPassword = await hash(userData.password, 10);
[7m  [0m [91m                                                   ~~~~~~~~[0m
[96mservices/users.service.ts[0m:[93m36[0m:[93m21[0m - [91merror[0m[90m TS2339: [0mProperty 'email' does not exist on type 'CreateUserDto'.

[7m36[0m         if(userData.email) {
[7m  [0m [91m                    ~~~~~[0m
[96mservices/users.service.ts[0m:[93m38[0m:[93m103[0m - [91merror[0m[90m TS2339: [0mProperty 'email' does not exist on type 'CreateUserDto'.

[7m38[0m             if(findUser && findUser._id != userId) throw new HttpException(409,`This email ${userData.email} already exists`);
[7m  [0m [91m                                                                                                      ~~~~~[0m
[96mservices/users.service.ts[0m:[93m41[0m:[93m21[0m - [91merror[0m[90m TS2339: [0mProperty 'password' does not exist on type 'CreateUserDto'.

[7m41[0m         if(userData.password) {
[7m  [0m [91m                    ~~~~~~~~[0m
[96mservices/users.service.ts[0m:[93m42[0m:[93m56[0m - [91merror[0m[90m TS2339: [0mProperty 'password' does not exist on type 'CreateUserDto'.

[7m42[0m             const hashedPassword = await hash(userData.password, 10);
[7m  [0m [91m                                                       ~~~~~~~~[0m
[96mservices/users.service.ts[0m:[93m43[0m:[93m39[0m - [91merror[0m[90m TS2322: [0mType '{ password: string; name: {}; first: string; }' is not assignable to type 'CreateUserDto'.
  Object literal may only specify known properties, and 'password' does not exist in type 'CreateUserDto'.

[7m43[0m             userData = { ...userData, password: hashedPassword};
[7m  [0m [91m                                      ~~~~~~~~~~~~~~~~~~~~~~~~[0m

TSError: тип Unable to compile TypeScript:
[96mservices/users.service.ts[0m:[93m18[0m:[93m82[0m - [91merror[0m[90m TS2339: [0mProperty 'email' does not exist on type 'CreateUserDto'.

[7m18[0m         const findUser: User | null = await this.users.findOne({ email: userData.email });
[7m  [0m [91m                                                                                 ~~~~~[0m
[96mservices/users.service.ts[0m:[93m19[0m:[93m75[0m - [91merror[0m[90m TS2339: [0mProperty 'email' does not exist on type 'CreateUserDto'.

[7m19[0m         if (findUser) throw new HttpException(409, `This email ${userData.email} already exists`);
[7m  [0m [91m                                                                          ~~~~~[0m
[96mservices/users.service.ts[0m:[93m21[0m:[93m52[0m - [91merror[0m[90m TS2339: [0mProperty 'password' does not exist on type 'CreateUserDto'.

[7m21[0m         const hashedPassword = await hash(userData.password, 10);
[7m  [0m [91m                                                   ~~~~~~~~[0m
[96mservices/users.service.ts[0m:[93m36[0m:[93m21[0m - [91merror[0m[90m TS2339: [0mProperty 'email' does not exist on type 'CreateUserDto'.

[7m36[0m         if(userData.email) {
[7m  [0m [91m                    ~~~~~[0m
[96mservices/users.service.ts[0m:[93m38[0m:[93m103[0m - [91merror[0m[90m TS2339: [0mProperty 'email' does not exist on type 'CreateUserDto'.

[7m38[0m             if(findUser && findUser._id != userId) throw new HttpException(409,`This email ${userData.email} already exists`);
[7m  [0m [91m                                                                                                      ~~~~~[0m
[96mservices/users.service.ts[0m:[93m41[0m:[93m21[0m - [91merror[0m[90m TS2339: [0mProperty 'password' does not exist on type 'CreateUserDto'.

[7m41[0m         if(userData.password) {
[7m  [0m [91m                    ~~~~~~~~[0m
[96mservices/users.service.ts[0m:[93m42[0m:[93m56[0m - [91merror[0m[90m TS2339: [0mProperty 'password' does not exist on type 'CreateUserDto'.

[7m42[0m             const hashedPassword = await hash(userData.password, 10);
[7m  [0m [91m                                                       ~~~~~~~~[0m
[96mservices/users.service.ts[0m:[93m43[0m:[93m39[0m - [91merror[0m[90m TS2322: [0mType '{ password: string; name: {}; first: string; }' is not assignable to type 'CreateUserDto'.
  Object literal may only specify known properties, and 'password' does not exist in type 'CreateUserDto'.

[7m43[0m             userData = { ...userData, password: hashedPassword};
[7m  [0m [91m                                      ~~~~~~~~~~~~~~~~~~~~~~~~[0m

    at createTSError (/usr/local/lib/node_modules/ts-node/src/index.ts:859:12)
    at reportTSError (/usr/local/lib/node_modules/ts-node/src/index.ts:863:19)
    at getOutput (/usr/local/lib/node_modules/ts-node/src/index.ts:1077:36)
    at Object.compile (/usr/local/lib/node_modules/ts-node/src/index.ts:1433:41)
    at Module.m._compile (/usr/local/lib/node_modules/ts-node/src/index.ts:1617:30)
    at Module._extensions..js (node:internal/modules/cjs/loader:1153:10)
    at Object.require.extensions.<computed> [as .ts] (/usr/local/lib/node_modules/ts-node/src/index.ts:1621:12)
    at Module.load (node:internal/modules/cjs/loader:981:32)
    at Function.Module._load (node:internal/modules/cjs/loader:822:12)
    at Module.require (node:internal/modules/cjs/loader:1005:19)
2022-11-16 10:01:08 error: uncaughtException: тип Unable to compile TypeScript:
[96mservices/users.service.ts[0m:[93m18[0m:[93m82[0m - [91merror[0m[90m TS2339: [0mProperty 'email' does not exist on type 'CreateUserDto'.

[7m18[0m         const findUser: User | null = await this.users.findOne({ email: userData.email });
[7m  [0m [91m                                                                                 ~~~~~[0m
[96mservices/users.service.ts[0m:[93m19[0m:[93m75[0m - [91merror[0m[90m TS2339: [0mProperty 'email' does not exist on type 'CreateUserDto'.

[7m19[0m         if (findUser) throw new HttpException(409, `This email ${userData.email} already exists`);
[7m  [0m [91m                                                                          ~~~~~[0m
[96mservices/users.service.ts[0m:[93m21[0m:[93m52[0m - [91merror[0m[90m TS2339: [0mProperty 'password' does not exist on type 'CreateUserDto'.

[7m21[0m         const hashedPassword = await hash(userData.password, 10);
[7m  [0m [91m                                                   ~~~~~~~~[0m
[96mservices/users.service.ts[0m:[93m36[0m:[93m21[0m - [91merror[0m[90m TS2339: [0mProperty 'email' does not exist on type 'CreateUserDto'.

[7m36[0m         if(userData.email) {
[7m  [0m [91m                    ~~~~~[0m
[96mservices/users.service.ts[0m:[93m38[0m:[93m103[0m - [91merror[0m[90m TS2339: [0mProperty 'email' does not exist on type 'CreateUserDto'.

[7m38[0m             if(findUser && findUser._id != userId) throw new HttpException(409,`This email ${userData.email} already exists`);
[7m  [0m [91m                                                                                                      ~~~~~[0m
[96mservices/users.service.ts[0m:[93m41[0m:[93m21[0m - [91merror[0m[90m TS2339: [0mProperty 'password' does not exist on type 'CreateUserDto'.

[7m41[0m         if(userData.password) {
[7m  [0m [91m                    ~~~~~~~~[0m
[96mservices/users.service.ts[0m:[93m42[0m:[93m56[0m - [91merror[0m[90m TS2339: [0mProperty 'password' does not exist on type 'CreateUserDto'.

[7m42[0m             const hashedPassword = await hash(userData.password, 10);
[7m  [0m [91m                                                       ~~~~~~~~[0m
[96mservices/users.service.ts[0m:[93m43[0m:[93m39[0m - [91merror[0m[90m TS2322: [0mType '{ password: string; name: {}; first: string; }' is not assignable to type 'CreateUserDto'.
  Object literal may only specify known properties, and 'password' does not exist in type 'CreateUserDto'.

[7m43[0m             userData = { ...userData, password: hashedPassword};
[7m  [0m [91m                                      ~~~~~~~~~~~~~~~~~~~~~~~~[0m

TSError: тип Unable to compile TypeScript:
[96mservices/users.service.ts[0m:[93m18[0m:[93m82[0m - [91merror[0m[90m TS2339: [0mProperty 'email' does not exist on type 'CreateUserDto'.

[7m18[0m         const findUser: User | null = await this.users.findOne({ email: userData.email });
[7m  [0m [91m                                                                                 ~~~~~[0m
[96mservices/users.service.ts[0m:[93m19[0m:[93m75[0m - [91merror[0m[90m TS2339: [0mProperty 'email' does not exist on type 'CreateUserDto'.

[7m19[0m         if (findUser) throw new HttpException(409, `This email ${userData.email} already exists`);
[7m  [0m [91m                                                                          ~~~~~[0m
[96mservices/users.service.ts[0m:[93m21[0m:[93m52[0m - [91merror[0m[90m TS2339: [0mProperty 'password' does not exist on type 'CreateUserDto'.

[7m21[0m         const hashedPassword = await hash(userData.password, 10);
[7m  [0m [91m                                                   ~~~~~~~~[0m
[96mservices/users.service.ts[0m:[93m36[0m:[93m21[0m - [91merror[0m[90m TS2339: [0mProperty 'email' does not exist on type 'CreateUserDto'.

[7m36[0m         if(userData.email) {
[7m  [0m [91m                    ~~~~~[0m
[96mservices/users.service.ts[0m:[93m38[0m:[93m103[0m - [91merror[0m[90m TS2339: [0mProperty 'email' does not exist on type 'CreateUserDto'.

[7m38[0m             if(findUser && findUser._id != userId) throw new HttpException(409,`This email ${userData.email} already exists`);
[7m  [0m [91m                                                                                                      ~~~~~[0m
[96mservices/users.service.ts[0m:[93m41[0m:[93m21[0m - [91merror[0m[90m TS2339: [0mProperty 'password' does not exist on type 'CreateUserDto'.

[7m41[0m         if(userData.password) {
[7m  [0m [91m                    ~~~~~~~~[0m
[96mservices/users.service.ts[0m:[93m42[0m:[93m56[0m - [91merror[0m[90m TS2339: [0mProperty 'password' does not exist on type 'CreateUserDto'.

[7m42[0m             const hashedPassword = await hash(userData.password, 10);
[7m  [0m [91m                                                       ~~~~~~~~[0m
[96mservices/users.service.ts[0m:[93m43[0m:[93m39[0m - [91merror[0m[90m TS2322: [0mType '{ password: string; name: {}; first: string; }' is not assignable to type 'CreateUserDto'.
  Object literal may only specify known properties, and 'password' does not exist in type 'CreateUserDto'.

[7m43[0m             userData = { ...userData, password: hashedPassword};
[7m  [0m [91m                                      ~~~~~~~~~~~~~~~~~~~~~~~~[0m

    at createTSError (/usr/local/lib/node_modules/ts-node/src/index.ts:859:12)
    at reportTSError (/usr/local/lib/node_modules/ts-node/src/index.ts:863:19)
    at getOutput (/usr/local/lib/node_modules/ts-node/src/index.ts:1077:36)
    at Object.compile (/usr/local/lib/node_modules/ts-node/src/index.ts:1433:41)
    at Module.m._compile (/usr/local/lib/node_modules/ts-node/src/index.ts:1617:30)
    at Module._extensions..js (node:internal/modules/cjs/loader:1153:10)
    at Object.require.extensions.<computed> [as .ts] (/usr/local/lib/node_modules/ts-node/src/index.ts:1621:12)
    at Module.load (node:internal/modules/cjs/loader:981:32)
    at Function.Module._load (node:internal/modules/cjs/loader:822:12)
    at Module.require (node:internal/modules/cjs/loader:1005:19)
2022-11-16 10:01:18 error: uncaughtException: тип Unable to compile TypeScript:
[96mservices/users.service.ts[0m:[93m18[0m:[93m82[0m - [91merror[0m[90m TS2339: [0mProperty 'email' does not exist on type 'CreateUserDto'.

[7m18[0m         const findUser: User | null = await this.users.findOne({ email: userData.email });
[7m  [0m [91m                                                                                 ~~~~~[0m
[96mservices/users.service.ts[0m:[93m19[0m:[93m75[0m - [91merror[0m[90m TS2339: [0mProperty 'email' does not exist on type 'CreateUserDto'.

[7m19[0m         if (findUser) throw new HttpException(409, `This email ${userData.email} already exists`);
[7m  [0m [91m                                                                          ~~~~~[0m
[96mservices/users.service.ts[0m:[93m21[0m:[93m52[0m - [91merror[0m[90m TS2339: [0mProperty 'password' does not exist on type 'CreateUserDto'.

[7m21[0m         const hashedPassword = await hash(userData.password, 10);
[7m  [0m [91m                                                   ~~~~~~~~[0m
[96mservices/users.service.ts[0m:[93m36[0m:[93m21[0m - [91merror[0m[90m TS2339: [0mProperty 'email' does not exist on type 'CreateUserDto'.

[7m36[0m         if(userData.email) {
[7m  [0m [91m                    ~~~~~[0m
[96mservices/users.service.ts[0m:[93m38[0m:[93m103[0m - [91merror[0m[90m TS2339: [0mProperty 'email' does not exist on type 'CreateUserDto'.

[7m38[0m             if(findUser && findUser._id != userId) throw new HttpException(409,`This email ${userData.email} already exists`);
[7m  [0m [91m                                                                                                      ~~~~~[0m
[96mservices/users.service.ts[0m:[93m41[0m:[93m21[0m - [91merror[0m[90m TS2339: [0mProperty 'password' does not exist on type 'CreateUserDto'.

[7m41[0m         if(userData.password) {
[7m  [0m [91m                    ~~~~~~~~[0m
[96mservices/users.service.ts[0m:[93m42[0m:[93m56[0m - [91merror[0m[90m TS2339: [0mProperty 'password' does not exist on type 'CreateUserDto'.

[7m42[0m             const hashedPassword = await hash(userData.password, 10);
[7m  [0m [91m                                                       ~~~~~~~~[0m
[96mservices/users.service.ts[0m:[93m43[0m:[93m39[0m - [91merror[0m[90m TS2322: [0mType '{ password: string; name: {}; first: string; }' is not assignable to type 'CreateUserDto'.
  Object literal may only specify known properties, and 'password' does not exist in type 'CreateUserDto'.

[7m43[0m             userData = { ...userData, password: hashedPassword};
[7m  [0m [91m                                      ~~~~~~~~~~~~~~~~~~~~~~~~[0m

TSError: тип Unable to compile TypeScript:
[96mservices/users.service.ts[0m:[93m18[0m:[93m82[0m - [91merror[0m[90m TS2339: [0mProperty 'email' does not exist on type 'CreateUserDto'.

[7m18[0m         const findUser: User | null = await this.users.findOne({ email: userData.email });
[7m  [0m [91m                                                                                 ~~~~~[0m
[96mservices/users.service.ts[0m:[93m19[0m:[93m75[0m - [91merror[0m[90m TS2339: [0mProperty 'email' does not exist on type 'CreateUserDto'.

[7m19[0m         if (findUser) throw new HttpException(409, `This email ${userData.email} already exists`);
[7m  [0m [91m                                                                          ~~~~~[0m
[96mservices/users.service.ts[0m:[93m21[0m:[93m52[0m - [91merror[0m[90m TS2339: [0mProperty 'password' does not exist on type 'CreateUserDto'.

[7m21[0m         const hashedPassword = await hash(userData.password, 10);
[7m  [0m [91m                                                   ~~~~~~~~[0m
[96mservices/users.service.ts[0m:[93m36[0m:[93m21[0m - [91merror[0m[90m TS2339: [0mProperty 'email' does not exist on type 'CreateUserDto'.

[7m36[0m         if(userData.email) {
[7m  [0m [91m                    ~~~~~[0m
[96mservices/users.service.ts[0m:[93m38[0m:[93m103[0m - [91merror[0m[90m TS2339: [0mProperty 'email' does not exist on type 'CreateUserDto'.

[7m38[0m             if(findUser && findUser._id != userId) throw new HttpException(409,`This email ${userData.email} already exists`);
[7m  [0m [91m                                                                                                      ~~~~~[0m
[96mservices/users.service.ts[0m:[93m41[0m:[93m21[0m - [91merror[0m[90m TS2339: [0mProperty 'password' does not exist on type 'CreateUserDto'.

[7m41[0m         if(userData.password) {
[7m  [0m [91m                    ~~~~~~~~[0m
[96mservices/users.service.ts[0m:[93m42[0m:[93m56[0m - [91merror[0m[90m TS2339: [0mProperty 'password' does not exist on type 'CreateUserDto'.

[7m42[0m             const hashedPassword = await hash(userData.password, 10);
[7m  [0m [91m                                                       ~~~~~~~~[0m
[96mservices/users.service.ts[0m:[93m43[0m:[93m39[0m - [91merror[0m[90m TS2322: [0mType '{ password: string; name: {}; first: string; }' is not assignable to type 'CreateUserDto'.
  Object literal may only specify known properties, and 'password' does not exist in type 'CreateUserDto'.

[7m43[0m             userData = { ...userData, password: hashedPassword};
[7m  [0m [91m                                      ~~~~~~~~~~~~~~~~~~~~~~~~[0m

    at createTSError (/usr/local/lib/node_modules/ts-node/src/index.ts:859:12)
    at reportTSError (/usr/local/lib/node_modules/ts-node/src/index.ts:863:19)
    at getOutput (/usr/local/lib/node_modules/ts-node/src/index.ts:1077:36)
    at Object.compile (/usr/local/lib/node_modules/ts-node/src/index.ts:1433:41)
    at Module.m._compile (/usr/local/lib/node_modules/ts-node/src/index.ts:1617:30)
    at Module._extensions..js (node:internal/modules/cjs/loader:1153:10)
    at Object.require.extensions.<computed> [as .ts] (/usr/local/lib/node_modules/ts-node/src/index.ts:1621:12)
    at Module.load (node:internal/modules/cjs/loader:981:32)
    at Function.Module._load (node:internal/modules/cjs/loader:822:12)
    at Module.require (node:internal/modules/cjs/loader:1005:19)
2022-11-16 10:01:21 error: uncaughtException: тип Unable to compile TypeScript:
[96mservices/users.service.ts[0m:[93m18[0m:[93m82[0m - [91merror[0m[90m TS2339: [0mProperty 'email' does not exist on type 'CreateUserDto'.

[7m18[0m         const findUser: User | null = await this.users.findOne({ email: userData.email });
[7m  [0m [91m                                                                                 ~~~~~[0m
[96mservices/users.service.ts[0m:[93m19[0m:[93m75[0m - [91merror[0m[90m TS2339: [0mProperty 'email' does not exist on type 'CreateUserDto'.

[7m19[0m         if (findUser) throw new HttpException(409, `This email ${userData.email} already exists`);
[7m  [0m [91m                                                                          ~~~~~[0m
[96mservices/users.service.ts[0m:[93m21[0m:[93m52[0m - [91merror[0m[90m TS2339: [0mProperty 'password' does not exist on type 'CreateUserDto'.

[7m21[0m         const hashedPassword = await hash(userData.password, 10);
[7m  [0m [91m                                                   ~~~~~~~~[0m
[96mservices/users.service.ts[0m:[93m36[0m:[93m21[0m - [91merror[0m[90m TS2339: [0mProperty 'email' does not exist on type 'CreateUserDto'.

[7m36[0m         if(userData.email) {
[7m  [0m [91m                    ~~~~~[0m
[96mservices/users.service.ts[0m:[93m38[0m:[93m103[0m - [91merror[0m[90m TS2339: [0mProperty 'email' does not exist on type 'CreateUserDto'.

[7m38[0m             if(findUser && findUser._id != userId) throw new HttpException(409,`This email ${userData.email} already exists`);
[7m  [0m [91m                                                                                                      ~~~~~[0m
[96mservices/users.service.ts[0m:[93m41[0m:[93m21[0m - [91merror[0m[90m TS2339: [0mProperty 'password' does not exist on type 'CreateUserDto'.

[7m41[0m         if(userData.password) {
[7m  [0m [91m                    ~~~~~~~~[0m
[96mservices/users.service.ts[0m:[93m42[0m:[93m56[0m - [91merror[0m[90m TS2339: [0mProperty 'password' does not exist on type 'CreateUserDto'.

[7m42[0m             const hashedPassword = await hash(userData.password, 10);
[7m  [0m [91m                                                       ~~~~~~~~[0m
[96mservices/users.service.ts[0m:[93m43[0m:[93m39[0m - [91merror[0m[90m TS2322: [0mType '{ password: string; name: {}; first: string; }' is not assignable to type 'CreateUserDto'.
  Object literal may only specify known properties, and 'password' does not exist in type 'CreateUserDto'.

[7m43[0m             userData = { ...userData, password: hashedPassword};
[7m  [0m [91m                                      ~~~~~~~~~~~~~~~~~~~~~~~~[0m

TSError: тип Unable to compile TypeScript:
[96mservices/users.service.ts[0m:[93m18[0m:[93m82[0m - [91merror[0m[90m TS2339: [0mProperty 'email' does not exist on type 'CreateUserDto'.

[7m18[0m         const findUser: User | null = await this.users.findOne({ email: userData.email });
[7m  [0m [91m                                                                                 ~~~~~[0m
[96mservices/users.service.ts[0m:[93m19[0m:[93m75[0m - [91merror[0m[90m TS2339: [0mProperty 'email' does not exist on type 'CreateUserDto'.

[7m19[0m         if (findUser) throw new HttpException(409, `This email ${userData.email} already exists`);
[7m  [0m [91m                                                                          ~~~~~[0m
[96mservices/users.service.ts[0m:[93m21[0m:[93m52[0m - [91merror[0m[90m TS2339: [0mProperty 'password' does not exist on type 'CreateUserDto'.

[7m21[0m         const hashedPassword = await hash(userData.password, 10);
[7m  [0m [91m                                                   ~~~~~~~~[0m
[96mservices/users.service.ts[0m:[93m36[0m:[93m21[0m - [91merror[0m[90m TS2339: [0mProperty 'email' does not exist on type 'CreateUserDto'.

[7m36[0m         if(userData.email) {
[7m  [0m [91m                    ~~~~~[0m
[96mservices/users.service.ts[0m:[93m38[0m:[93m103[0m - [91merror[0m[90m TS2339: [0mProperty 'email' does not exist on type 'CreateUserDto'.

[7m38[0m             if(findUser && findUser._id != userId) throw new HttpException(409,`This email ${userData.email} already exists`);
[7m  [0m [91m                                                                                                      ~~~~~[0m
[96mservices/users.service.ts[0m:[93m41[0m:[93m21[0m - [91merror[0m[90m TS2339: [0mProperty 'password' does not exist on type 'CreateUserDto'.

[7m41[0m         if(userData.password) {
[7m  [0m [91m                    ~~~~~~~~[0m
[96mservices/users.service.ts[0m:[93m42[0m:[93m56[0m - [91merror[0m[90m TS2339: [0mProperty 'password' does not exist on type 'CreateUserDto'.

[7m42[0m             const hashedPassword = await hash(userData.password, 10);
[7m  [0m [91m                                                       ~~~~~~~~[0m
[96mservices/users.service.ts[0m:[93m43[0m:[93m39[0m - [91merror[0m[90m TS2322: [0mType '{ password: string; name: {}; first: string; }' is not assignable to type 'CreateUserDto'.
  Object literal may only specify known properties, and 'password' does not exist in type 'CreateUserDto'.

[7m43[0m             userData = { ...userData, password: hashedPassword};
[7m  [0m [91m                                      ~~~~~~~~~~~~~~~~~~~~~~~~[0m

    at createTSError (/usr/local/lib/node_modules/ts-node/src/index.ts:859:12)
    at reportTSError (/usr/local/lib/node_modules/ts-node/src/index.ts:863:19)
    at getOutput (/usr/local/lib/node_modules/ts-node/src/index.ts:1077:36)
    at Object.compile (/usr/local/lib/node_modules/ts-node/src/index.ts:1433:41)
    at Module.m._compile (/usr/local/lib/node_modules/ts-node/src/index.ts:1617:30)
    at Module._extensions..js (node:internal/modules/cjs/loader:1153:10)
    at Object.require.extensions.<computed> [as .ts] (/usr/local/lib/node_modules/ts-node/src/index.ts:1621:12)
    at Module.load (node:internal/modules/cjs/loader:981:32)
    at Function.Module._load (node:internal/modules/cjs/loader:822:12)
    at Module.require (node:internal/modules/cjs/loader:1005:19)
2022-11-16 10:04:07 error: uncaughtException: тип Unable to compile TypeScript:
[96mdtos/users.dto.ts[0m:[93m4[0m:[93m4[0m - [91merror[0m[90m TS2304: [0mCannot find name 'Is'.

[7m4[0m   @Is
[7m [0m [91m   ~~[0m

TSError: тип Unable to compile TypeScript:
[96mdtos/users.dto.ts[0m:[93m4[0m:[93m4[0m - [91merror[0m[90m TS2304: [0mCannot find name 'Is'.

[7m4[0m   @Is
[7m [0m [91m   ~~[0m

    at createTSError (/usr/local/lib/node_modules/ts-node/src/index.ts:859:12)
    at reportTSError (/usr/local/lib/node_modules/ts-node/src/index.ts:863:19)
    at getOutput (/usr/local/lib/node_modules/ts-node/src/index.ts:1077:36)
    at Object.compile (/usr/local/lib/node_modules/ts-node/src/index.ts:1433:41)
    at Module.m._compile (/usr/local/lib/node_modules/ts-node/src/index.ts:1617:30)
    at Module._extensions..js (node:internal/modules/cjs/loader:1153:10)
    at Object.require.extensions.<computed> [as .ts] (/usr/local/lib/node_modules/ts-node/src/index.ts:1621:12)
    at Module.load (node:internal/modules/cjs/loader:981:32)
    at Function.Module._load (node:internal/modules/cjs/loader:822:12)
    at Module.require (node:internal/modules/cjs/loader:1005:19)
2022-11-16 10:04:09 error: uncaughtException: тип Unable to compile TypeScript:
[96mdtos/users.dto.ts[0m:[93m4[0m:[93m4[0m - [91merror[0m[90m TS2304: [0mCannot find name 'Is'.

[7m4[0m   @Is
[7m [0m [91m   ~~[0m

TSError: тип Unable to compile TypeScript:
[96mdtos/users.dto.ts[0m:[93m4[0m:[93m4[0m - [91merror[0m[90m TS2304: [0mCannot find name 'Is'.

[7m4[0m   @Is
[7m [0m [91m   ~~[0m

    at createTSError (/usr/local/lib/node_modules/ts-node/src/index.ts:859:12)
    at reportTSError (/usr/local/lib/node_modules/ts-node/src/index.ts:863:19)
    at getOutput (/usr/local/lib/node_modules/ts-node/src/index.ts:1077:36)
    at Object.compile (/usr/local/lib/node_modules/ts-node/src/index.ts:1433:41)
    at Module.m._compile (/usr/local/lib/node_modules/ts-node/src/index.ts:1617:30)
    at Module._extensions..js (node:internal/modules/cjs/loader:1153:10)
    at Object.require.extensions.<computed> [as .ts] (/usr/local/lib/node_modules/ts-node/src/index.ts:1621:12)
    at Module.load (node:internal/modules/cjs/loader:981:32)
    at Function.Module._load (node:internal/modules/cjs/loader:822:12)
    at Module.require (node:internal/modules/cjs/loader:1005:19)
2022-11-16 10:46:11 error: uncaughtException: тип Unable to compile TypeScript:
[96mdtos/users.dto.ts[0m:[93m5[0m:[93m1[0m - [91merror[0m[90m TS1005: [0m'{' expected.

[7m5[0m export class CreateUserDto {
[7m [0m [91m~~~~~~[0m

TSError: тип Unable to compile TypeScript:
[96mdtos/users.dto.ts[0m:[93m5[0m:[93m1[0m - [91merror[0m[90m TS1005: [0m'{' expected.

[7m5[0m export class CreateUserDto {
[7m [0m [91m~~~~~~[0m

    at createTSError (/usr/local/lib/node_modules/ts-node/src/index.ts:859:12)
    at reportTSError (/usr/local/lib/node_modules/ts-node/src/index.ts:863:19)
    at getOutput (/usr/local/lib/node_modules/ts-node/src/index.ts:1077:36)
    at Object.compile (/usr/local/lib/node_modules/ts-node/src/index.ts:1433:41)
    at Module.m._compile (/usr/local/lib/node_modules/ts-node/src/index.ts:1617:30)
    at Module._extensions..js (node:internal/modules/cjs/loader:1153:10)
    at Object.require.extensions.<computed> [as .ts] (/usr/local/lib/node_modules/ts-node/src/index.ts:1621:12)
    at Module.load (node:internal/modules/cjs/loader:981:32)
    at Function.Module._load (node:internal/modules/cjs/loader:822:12)
    at Module.require (node:internal/modules/cjs/loader:1005:19)
2022-11-16 10:46:18 error: uncaughtException: тип Unable to compile TypeScript:
[96mdtos/users.dto.ts[0m:[93m4[0m:[93m4[0m - [91merror[0m[90m TS7008: [0mMember '(Missing)' implicitly has an 'any' type.

[7m4[0m   @
[7m [0m [91m   [0m
[96mdtos/users.dto.ts[0m:[93m5[0m:[93m1[0m - [91merror[0m[90m TS1109: [0mExpression expected.

[7m5[0m }
[7m [0m [91m~[0m
[96mdtos/users.dto.ts[0m:[93m4[0m:[93m4[0m - [91merror[0m[90m TS1146: [0mDeclaration expected.

[7m4[0m   @
[7m [0m [91m   [0m

TSError: тип Unable to compile TypeScript:
[96mdtos/users.dto.ts[0m:[93m4[0m:[93m4[0m - [91merror[0m[90m TS7008: [0mMember '(Missing)' implicitly has an 'any' type.

[7m4[0m   @
[7m [0m [91m   [0m
[96mdtos/users.dto.ts[0m:[93m5[0m:[93m1[0m - [91merror[0m[90m TS1109: [0mExpression expected.

[7m5[0m }
[7m [0m [91m~[0m
[96mdtos/users.dto.ts[0m:[93m4[0m:[93m4[0m - [91merror[0m[90m TS1146: [0mDeclaration expected.

[7m4[0m   @
[7m [0m [91m   [0m

    at createTSError (/usr/local/lib/node_modules/ts-node/src/index.ts:859:12)
    at reportTSError (/usr/local/lib/node_modules/ts-node/src/index.ts:863:19)
    at getOutput (/usr/local/lib/node_modules/ts-node/src/index.ts:1077:36)
    at Object.compile (/usr/local/lib/node_modules/ts-node/src/index.ts:1433:41)
    at Module.m._compile (/usr/local/lib/node_modules/ts-node/src/index.ts:1617:30)
    at Module._extensions..js (node:internal/modules/cjs/loader:1153:10)
    at Object.require.extensions.<computed> [as .ts] (/usr/local/lib/node_modules/ts-node/src/index.ts:1621:12)
    at Module.load (node:internal/modules/cjs/loader:981:32)
    at Function.Module._load (node:internal/modules/cjs/loader:822:12)
    at Module.require (node:internal/modules/cjs/loader:1005:19)
2022-11-16 10:46:21 error: uncaughtException: тип Unable to compile TypeScript:
[96mdtos/users.dto.ts[0m:[93m4[0m:[93m4[0m - [91merror[0m[90m TS2693: [0m'string' only refers to a type, but is being used as a value here.

[7m4[0m   @string
[7m [0m [91m   ~~~~~~[0m
[96mdtos/users.dto.ts[0m:[93m4[0m:[93m10[0m - [91merror[0m[90m TS7008: [0mMember '(Missing)' implicitly has an 'any' type.

[7m4[0m   @string
[7m [0m [91m         [0m
[96mdtos/users.dto.ts[0m:[93m4[0m:[93m10[0m - [91merror[0m[90m TS1146: [0mDeclaration expected.

[7m4[0m   @string
[7m [0m [91m         [0m

TSError: тип Unable to compile TypeScript:
[96mdtos/users.dto.ts[0m:[93m4[0m:[93m4[0m - [91merror[0m[90m TS2693: [0m'string' only refers to a type, but is being used as a value here.

[7m4[0m   @string
[7m [0m [91m   ~~~~~~[0m
[96mdtos/users.dto.ts[0m:[93m4[0m:[93m10[0m - [91merror[0m[90m TS7008: [0mMember '(Missing)' implicitly has an 'any' type.

[7m4[0m   @string
[7m [0m [91m         [0m
[96mdtos/users.dto.ts[0m:[93m4[0m:[93m10[0m - [91merror[0m[90m TS1146: [0mDeclaration expected.

[7m4[0m   @string
[7m [0m [91m         [0m

    at createTSError (/usr/local/lib/node_modules/ts-node/src/index.ts:859:12)
    at reportTSError (/usr/local/lib/node_modules/ts-node/src/index.ts:863:19)
    at getOutput (/usr/local/lib/node_modules/ts-node/src/index.ts:1077:36)
    at Object.compile (/usr/local/lib/node_modules/ts-node/src/index.ts:1433:41)
    at Module.m._compile (/usr/local/lib/node_modules/ts-node/src/index.ts:1617:30)
    at Module._extensions..js (node:internal/modules/cjs/loader:1153:10)
    at Object.require.extensions.<computed> [as .ts] (/usr/local/lib/node_modules/ts-node/src/index.ts:1621:12)
    at Module.load (node:internal/modules/cjs/loader:981:32)
    at Function.Module._load (node:internal/modules/cjs/loader:822:12)
    at Module.require (node:internal/modules/cjs/loader:1005:19)
2022-11-16 10:46:24 error: uncaughtException: тип Unable to compile TypeScript:
[96mdtos/users.dto.ts[0m:[93m4[0m:[93m3[0m - [91merror[0m[90m TS1329: [0m'IsString' accepts too few arguments to be used as a decorator here. Did you mean to call it first and write '@IsString()'?

[7m4[0m   @IsString
[7m [0m [91m  ~~~~~~~~~[0m
[96mdtos/users.dto.ts[0m:[93m4[0m:[93m12[0m - [91merror[0m[90m TS7008: [0mMember '(Missing)' implicitly has an 'any' type.

[7m4[0m   @IsString
[7m [0m [91m           [0m
[96mdtos/users.dto.ts[0m:[93m4[0m:[93m12[0m - [91merror[0m[90m TS1146: [0mDeclaration expected.

[7m4[0m   @IsString
[7m [0m [91m           [0m

TSError: тип Unable to compile TypeScript:
[96mdtos/users.dto.ts[0m:[93m4[0m:[93m3[0m - [91merror[0m[90m TS1329: [0m'IsString' accepts too few arguments to be used as a decorator here. Did you mean to call it first and write '@IsString()'?

[7m4[0m   @IsString
[7m [0m [91m  ~~~~~~~~~[0m
[96mdtos/users.dto.ts[0m:[93m4[0m:[93m12[0m - [91merror[0m[90m TS7008: [0mMember '(Missing)' implicitly has an 'any' type.

[7m4[0m   @IsString
[7m [0m [91m           [0m
[96mdtos/users.dto.ts[0m:[93m4[0m:[93m12[0m - [91merror[0m[90m TS1146: [0mDeclaration expected.

[7m4[0m   @IsString
[7m [0m [91m           [0m

    at createTSError (/usr/local/lib/node_modules/ts-node/src/index.ts:859:12)
    at reportTSError (/usr/local/lib/node_modules/ts-node/src/index.ts:863:19)
    at getOutput (/usr/local/lib/node_modules/ts-node/src/index.ts:1077:36)
    at Object.compile (/usr/local/lib/node_modules/ts-node/src/index.ts:1433:41)
    at Module.m._compile (/usr/local/lib/node_modules/ts-node/src/index.ts:1617:30)
    at Module._extensions..js (node:internal/modules/cjs/loader:1153:10)
    at Object.require.extensions.<computed> [as .ts] (/usr/local/lib/node_modules/ts-node/src/index.ts:1621:12)
    at Module.load (node:internal/modules/cjs/loader:981:32)
    at Function.Module._load (node:internal/modules/cjs/loader:822:12)
    at Module.require (node:internal/modules/cjs/loader:1005:19)
2022-11-16 10:46:30 error: uncaughtException: тип Unable to compile TypeScript:
[96mdtos/users.dto.ts[0m:[93m5[0m:[93m3[0m - [91merror[0m[90m TS7008: [0mMember 'public' implicitly has an 'any' type.

[7m5[0m   public
[7m [0m [91m  ~~~~~~[0m

TSError: тип Unable to compile TypeScript:
[96mdtos/users.dto.ts[0m:[93m5[0m:[93m3[0m - [91merror[0m[90m TS7008: [0mMember 'public' implicitly has an 'any' type.

[7m5[0m   public
[7m [0m [91m  ~~~~~~[0m

    at createTSError (/usr/local/lib/node_modules/ts-node/src/index.ts:859:12)
    at reportTSError (/usr/local/lib/node_modules/ts-node/src/index.ts:863:19)
    at getOutput (/usr/local/lib/node_modules/ts-node/src/index.ts:1077:36)
    at Object.compile (/usr/local/lib/node_modules/ts-node/src/index.ts:1433:41)
    at Module.m._compile (/usr/local/lib/node_modules/ts-node/src/index.ts:1617:30)
    at Module._extensions..js (node:internal/modules/cjs/loader:1153:10)
    at Object.require.extensions.<computed> [as .ts] (/usr/local/lib/node_modules/ts-node/src/index.ts:1621:12)
    at Module.load (node:internal/modules/cjs/loader:981:32)
    at Function.Module._load (node:internal/modules/cjs/loader:822:12)
    at Module.require (node:internal/modules/cjs/loader:1005:19)
2022-11-16 10:46:40 error: uncaughtException: тип Unable to compile TypeScript:
[96mdtos/users.dto.ts[0m:[93m5[0m:[93m10[0m - [91merror[0m[90m TS2564: [0mProperty 'first' has no initializer and is not definitely assigned in the constructor.

[7m5[0m   public first: string
[7m [0m [91m         ~~~~~[0m

TSError: тип Unable to compile TypeScript:
[96mdtos/users.dto.ts[0m:[93m5[0m:[93m10[0m - [91merror[0m[90m TS2564: [0mProperty 'first' has no initializer and is not definitely assigned in the constructor.

[7m5[0m   public first: string
[7m [0m [91m         ~~~~~[0m

    at createTSError (/usr/local/lib/node_modules/ts-node/src/index.ts:859:12)
    at reportTSError (/usr/local/lib/node_modules/ts-node/src/index.ts:863:19)
    at getOutput (/usr/local/lib/node_modules/ts-node/src/index.ts:1077:36)
    at Object.compile (/usr/local/lib/node_modules/ts-node/src/index.ts:1433:41)
    at Module.m._compile (/usr/local/lib/node_modules/ts-node/src/index.ts:1617:30)
    at Module._extensions..js (node:internal/modules/cjs/loader:1153:10)
    at Object.require.extensions.<computed> [as .ts] (/usr/local/lib/node_modules/ts-node/src/index.ts:1621:12)
    at Module.load (node:internal/modules/cjs/loader:981:32)
    at Function.Module._load (node:internal/modules/cjs/loader:822:12)
    at Module.require (node:internal/modules/cjs/loader:1005:19)
2022-11-16 10:46:43 error: uncaughtException: тип Unable to compile TypeScript:
[96mdtos/users.dto.ts[0m:[93m5[0m:[93m10[0m - [91merror[0m[90m TS2564: [0mProperty 'first' has no initializer and is not definitely assigned in the constructor.

[7m5[0m   public first: string;
[7m [0m [91m         ~~~~~[0m
[96mdtos/users.dto.ts[0m:[93m7[0m:[93m4[0m - [91merror[0m[90m TS7008: [0mMember '(Missing)' implicitly has an 'any' type.

[7m7[0m   @
[7m [0m [91m   [0m
[96mdtos/users.dto.ts[0m:[93m8[0m:[93m1[0m - [91merror[0m[90m TS1109: [0mExpression expected.

[7m8[0m }
[7m [0m [91m~[0m
[96mdtos/users.dto.ts[0m:[93m7[0m:[93m4[0m - [91merror[0m[90m TS1146: [0mDeclaration expected.

[7m7[0m   @
[7m [0m [91m   [0m

TSError: тип Unable to compile TypeScript:
[96mdtos/users.dto.ts[0m:[93m5[0m:[93m10[0m - [91merror[0m[90m TS2564: [0mProperty 'first' has no initializer and is not definitely assigned in the constructor.

[7m5[0m   public first: string;
[7m [0m [91m         ~~~~~[0m
[96mdtos/users.dto.ts[0m:[93m7[0m:[93m4[0m - [91merror[0m[90m TS7008: [0mMember '(Missing)' implicitly has an 'any' type.

[7m7[0m   @
[7m [0m [91m   [0m
[96mdtos/users.dto.ts[0m:[93m8[0m:[93m1[0m - [91merror[0m[90m TS1109: [0mExpression expected.

[7m8[0m }
[7m [0m [91m~[0m
[96mdtos/users.dto.ts[0m:[93m7[0m:[93m4[0m - [91merror[0m[90m TS1146: [0mDeclaration expected.

[7m7[0m   @
[7m [0m [91m   [0m

    at createTSError (/usr/local/lib/node_modules/ts-node/src/index.ts:859:12)
    at reportTSError (/usr/local/lib/node_modules/ts-node/src/index.ts:863:19)
    at getOutput (/usr/local/lib/node_modules/ts-node/src/index.ts:1077:36)
    at Object.compile (/usr/local/lib/node_modules/ts-node/src/index.ts:1433:41)
    at Module.m._compile (/usr/local/lib/node_modules/ts-node/src/index.ts:1617:30)
    at Module._extensions..js (node:internal/modules/cjs/loader:1153:10)
    at Object.require.extensions.<computed> [as .ts] (/usr/local/lib/node_modules/ts-node/src/index.ts:1621:12)
    at Module.load (node:internal/modules/cjs/loader:981:32)
    at Function.Module._load (node:internal/modules/cjs/loader:822:12)
    at Module.require (node:internal/modules/cjs/loader:1005:19)
2022-11-16 10:46:51 error: uncaughtException: тип Unable to compile TypeScript:
[96mdtos/users.dto.ts[0m:[93m5[0m:[93m10[0m - [91merror[0m[90m TS2564: [0mProperty 'first' has no initializer and is not definitely assigned in the constructor.

[7m5[0m   public first: string;
[7m [0m [91m         ~~~~~[0m
[96mdtos/users.dto.ts[0m:[93m7[0m:[93m4[0m - [91merror[0m[90m TS1240: [0mUnable to resolve signature of property decorator when called as an expression.
  This expression is not callable.
    Type 'Boolean' has no call signatures.

[7m7[0m   @isString()
[7m [0m [91m   ~~~~~~~~~~[0m
[96mdtos/users.dto.ts[0m:[93m7[0m:[93m4[0m - [91merror[0m[90m TS2554: [0mExpected 1 arguments, but got 0.

[7m7[0m   @isString()
[7m [0m [91m   ~~~~~~~~~~[0m

  [96m../node_modules/class-validator/types/decorator/typechecker/IsString.d.ts[0m:[93m6[0m:[93m34[0m
    [7m6[0m export declare function isString(value: unknown): value is string;
    [7m [0m [96m                                 ~~~~~~~~~~~~~~[0m
    An argument for 'value' was not provided.
[96mdtos/users.dto.ts[0m:[93m7[0m:[93m14[0m - [91merror[0m[90m TS7008: [0mMember '(Missing)' implicitly has an 'any' type.

[7m7[0m   @isString()
[7m [0m [91m             [0m
[96mdtos/users.dto.ts[0m:[93m7[0m:[93m14[0m - [91merror[0m[90m TS1146: [0mDeclaration expected.

[7m7[0m   @isString()
[7m [0m [91m             [0m

TSError: тип Unable to compile TypeScript:
[96mdtos/users.dto.ts[0m:[93m5[0m:[93m10[0m - [91merror[0m[90m TS2564: [0mProperty 'first' has no initializer and is not definitely assigned in the constructor.

[7m5[0m   public first: string;
[7m [0m [91m         ~~~~~[0m
[96mdtos/users.dto.ts[0m:[93m7[0m:[93m4[0m - [91merror[0m[90m TS1240: [0mUnable to resolve signature of property decorator when called as an expression.
  This expression is not callable.
    Type 'Boolean' has no call signatures.

[7m7[0m   @isString()
[7m [0m [91m   ~~~~~~~~~~[0m
[96mdtos/users.dto.ts[0m:[93m7[0m:[93m4[0m - [91merror[0m[90m TS2554: [0mExpected 1 arguments, but got 0.

[7m7[0m   @isString()
[7m [0m [91m   ~~~~~~~~~~[0m

  [96m../node_modules/class-validator/types/decorator/typechecker/IsString.d.ts[0m:[93m6[0m:[93m34[0m
    [7m6[0m export declare function isString(value: unknown): value is string;
    [7m [0m [96m                                 ~~~~~~~~~~~~~~[0m
    An argument for 'value' was not provided.
[96mdtos/users.dto.ts[0m:[93m7[0m:[93m14[0m - [91merror[0m[90m TS7008: [0mMember '(Missing)' implicitly has an 'any' type.

[7m7[0m   @isString()
[7m [0m [91m             [0m
[96mdtos/users.dto.ts[0m:[93m7[0m:[93m14[0m - [91merror[0m[90m TS1146: [0mDeclaration expected.

[7m7[0m   @isString()
[7m [0m [91m             [0m

    at createTSError (/usr/local/lib/node_modules/ts-node/src/index.ts:859:12)
    at reportTSError (/usr/local/lib/node_modules/ts-node/src/index.ts:863:19)
    at getOutput (/usr/local/lib/node_modules/ts-node/src/index.ts:1077:36)
    at Object.compile (/usr/local/lib/node_modules/ts-node/src/index.ts:1433:41)
    at Module.m._compile (/usr/local/lib/node_modules/ts-node/src/index.ts:1617:30)
    at Module._extensions..js (node:internal/modules/cjs/loader:1153:10)
    at Object.require.extensions.<computed> [as .ts] (/usr/local/lib/node_modules/ts-node/src/index.ts:1621:12)
    at Module.load (node:internal/modules/cjs/loader:981:32)
    at Function.Module._load (node:internal/modules/cjs/loader:822:12)
    at Module.require (node:internal/modules/cjs/loader:1005:19)
2022-11-16 10:46:53 error: uncaughtException: тип Unable to compile TypeScript:
[96mdtos/users.dto.ts[0m:[93m7[0m:[93m4[0m - [91merror[0m[90m TS1240: [0mUnable to resolve signature of property decorator when called as an expression.
  This expression is not callable.
    Type 'Boolean' has no call signatures.

[7m7[0m   @isString()
[7m [0m [91m   ~~~~~~~~~~[0m
[96mdtos/users.dto.ts[0m:[93m7[0m:[93m4[0m - [91merror[0m[90m TS2554: [0mExpected 1 arguments, but got 0.

[7m7[0m   @isString()
[7m [0m [91m   ~~~~~~~~~~[0m

  [96m../node_modules/class-validator/types/decorator/typechecker/IsString.d.ts[0m:[93m6[0m:[93m34[0m
    [7m6[0m export declare function isString(value: unknown): value is string;
    [7m [0m [96m                                 ~~~~~~~~~~~~~~[0m
    An argument for 'value' was not provided.
[96mdtos/users.dto.ts[0m:[93m7[0m:[93m14[0m - [91merror[0m[90m TS7008: [0mMember '(Missing)' implicitly has an 'any' type.

[7m7[0m   @isString()
[7m [0m [91m             [0m
[96mdtos/users.dto.ts[0m:[93m7[0m:[93m14[0m - [91merror[0m[90m TS1146: [0mDeclaration expected.

[7m7[0m   @isString()
[7m [0m [91m             [0m

TSError: тип Unable to compile TypeScript:
[96mdtos/users.dto.ts[0m:[93m7[0m:[93m4[0m - [91merror[0m[90m TS1240: [0mUnable to resolve signature of property decorator when called as an expression.
  This expression is not callable.
    Type 'Boolean' has no call signatures.

[7m7[0m   @isString()
[7m [0m [91m   ~~~~~~~~~~[0m
[96mdtos/users.dto.ts[0m:[93m7[0m:[93m4[0m - [91merror[0m[90m TS2554: [0mExpected 1 arguments, but got 0.

[7m7[0m   @isString()
[7m [0m [91m   ~~~~~~~~~~[0m

  [96m../node_modules/class-validator/types/decorator/typechecker/IsString.d.ts[0m:[93m6[0m:[93m34[0m
    [7m6[0m export declare function isString(value: unknown): value is string;
    [7m [0m [96m                                 ~~~~~~~~~~~~~~[0m
    An argument for 'value' was not provided.
[96mdtos/users.dto.ts[0m:[93m7[0m:[93m14[0m - [91merror[0m[90m TS7008: [0mMember '(Missing)' implicitly has an 'any' type.

[7m7[0m   @isString()
[7m [0m [91m             [0m
[96mdtos/users.dto.ts[0m:[93m7[0m:[93m14[0m - [91merror[0m[90m TS1146: [0mDeclaration expected.

[7m7[0m   @isString()
[7m [0m [91m             [0m

    at createTSError (/usr/local/lib/node_modules/ts-node/src/index.ts:859:12)
    at reportTSError (/usr/local/lib/node_modules/ts-node/src/index.ts:863:19)
    at getOutput (/usr/local/lib/node_modules/ts-node/src/index.ts:1077:36)
    at Object.compile (/usr/local/lib/node_modules/ts-node/src/index.ts:1433:41)
    at Module.m._compile (/usr/local/lib/node_modules/ts-node/src/index.ts:1617:30)
    at Module._extensions..js (node:internal/modules/cjs/loader:1153:10)
    at Object.require.extensions.<computed> [as .ts] (/usr/local/lib/node_modules/ts-node/src/index.ts:1621:12)
    at Module.load (node:internal/modules/cjs/loader:981:32)
    at Function.Module._load (node:internal/modules/cjs/loader:822:12)
    at Module.require (node:internal/modules/cjs/loader:1005:19)
2022-11-16 10:46:57 error: uncaughtException: тип Unable to compile TypeScript:
[96mdtos/users.dto.ts[0m:[93m7[0m:[93m4[0m - [91merror[0m[90m TS1240: [0mUnable to resolve signature of property decorator when called as an expression.
  This expression is not callable.
    Type 'Boolean' has no call signatures.

[7m7[0m   @isString()
[7m [0m [91m   ~~~~~~~~~~[0m
[96mdtos/users.dto.ts[0m:[93m7[0m:[93m4[0m - [91merror[0m[90m TS2554: [0mExpected 1 arguments, but got 0.

[7m7[0m   @isString()
[7m [0m [91m   ~~~~~~~~~~[0m

  [96m../node_modules/class-validator/types/decorator/typechecker/IsString.d.ts[0m:[93m6[0m:[93m34[0m
    [7m6[0m export declare function isString(value: unknown): value is string;
    [7m [0m [96m                                 ~~~~~~~~~~~~~~[0m
    An argument for 'value' was not provided.
[96mdtos/users.dto.ts[0m:[93m9[0m:[93m1[0m - [91merror[0m[90m TS1110: [0mType expected.

[7m9[0m }
[7m [0m [91m~[0m

TSError: тип Unable to compile TypeScript:
[96mdtos/users.dto.ts[0m:[93m7[0m:[93m4[0m - [91merror[0m[90m TS1240: [0mUnable to resolve signature of property decorator when called as an expression.
  This expression is not callable.
    Type 'Boolean' has no call signatures.

[7m7[0m   @isString()
[7m [0m [91m   ~~~~~~~~~~[0m
[96mdtos/users.dto.ts[0m:[93m7[0m:[93m4[0m - [91merror[0m[90m TS2554: [0mExpected 1 arguments, but got 0.

[7m7[0m   @isString()
[7m [0m [91m   ~~~~~~~~~~[0m

  [96m../node_modules/class-validator/types/decorator/typechecker/IsString.d.ts[0m:[93m6[0m:[93m34[0m
    [7m6[0m export declare function isString(value: unknown): value is string;
    [7m [0m [96m                                 ~~~~~~~~~~~~~~[0m
    An argument for 'value' was not provided.
[96mdtos/users.dto.ts[0m:[93m9[0m:[93m1[0m - [91merror[0m[90m TS1110: [0mType expected.

[7m9[0m }
[7m [0m [91m~[0m

    at createTSError (/usr/local/lib/node_modules/ts-node/src/index.ts:859:12)
    at reportTSError (/usr/local/lib/node_modules/ts-node/src/index.ts:863:19)
    at getOutput (/usr/local/lib/node_modules/ts-node/src/index.ts:1077:36)
    at Object.compile (/usr/local/lib/node_modules/ts-node/src/index.ts:1433:41)
    at Module.m._compile (/usr/local/lib/node_modules/ts-node/src/index.ts:1617:30)
    at Module._extensions..js (node:internal/modules/cjs/loader:1153:10)
    at Object.require.extensions.<computed> [as .ts] (/usr/local/lib/node_modules/ts-node/src/index.ts:1621:12)
    at Module.load (node:internal/modules/cjs/loader:981:32)
    at Function.Module._load (node:internal/modules/cjs/loader:822:12)
    at Module.require (node:internal/modules/cjs/loader:1005:19)
2022-11-16 10:47:06 error: uncaughtException: тип Unable to compile TypeScript:
[96mdtos/users.dto.ts[0m:[93m5[0m:[93m10[0m - [91merror[0m[90m TS2564: [0mProperty 'first' has no initializer and is not definitely assigned in the constructor.

[7m5[0m   public first: string;
[7m [0m [91m         ~~~~~[0m
[96mdtos/users.dto.ts[0m:[93m7[0m:[93m4[0m - [91merror[0m[90m TS1240: [0mUnable to resolve signature of property decorator when called as an expression.
  This expression is not callable.
    Type 'Boolean' has no call signatures.

[7m7[0m   @isString()
[7m [0m [91m   ~~~~~~~~~~[0m
[96mdtos/users.dto.ts[0m:[93m7[0m:[93m4[0m - [91merror[0m[90m TS2554: [0mExpected 1 arguments, but got 0.

[7m7[0m   @isString()
[7m [0m [91m   ~~~~~~~~~~[0m

  [96m../node_modules/class-validator/types/decorator/typechecker/IsString.d.ts[0m:[93m6[0m:[93m34[0m
    [7m6[0m export declare function isString(value: unknown): value is string;
    [7m [0m [96m                                 ~~~~~~~~~~~~~~[0m
    An argument for 'value' was not provided.
[96mdtos/users.dto.ts[0m:[93m9[0m:[93m1[0m - [91merror[0m[90m TS1110: [0mType expected.

[7m9[0m }
[7m [0m [91m~[0m

TSError: тип Unable to compile TypeScript:
[96mdtos/users.dto.ts[0m:[93m5[0m:[93m10[0m - [91merror[0m[90m TS2564: [0mProperty 'first' has no initializer and is not definitely assigned in the constructor.

[7m5[0m   public first: string;
[7m [0m [91m         ~~~~~[0m
[96mdtos/users.dto.ts[0m:[93m7[0m:[93m4[0m - [91merror[0m[90m TS1240: [0mUnable to resolve signature of property decorator when called as an expression.
  This expression is not callable.
    Type 'Boolean' has no call signatures.

[7m7[0m   @isString()
[7m [0m [91m   ~~~~~~~~~~[0m
[96mdtos/users.dto.ts[0m:[93m7[0m:[93m4[0m - [91merror[0m[90m TS2554: [0mExpected 1 arguments, but got 0.

[7m7[0m   @isString()
[7m [0m [91m   ~~~~~~~~~~[0m

  [96m../node_modules/class-validator/types/decorator/typechecker/IsString.d.ts[0m:[93m6[0m:[93m34[0m
    [7m6[0m export declare function isString(value: unknown): value is string;
    [7m [0m [96m                                 ~~~~~~~~~~~~~~[0m
    An argument for 'value' was not provided.
[96mdtos/users.dto.ts[0m:[93m9[0m:[93m1[0m - [91merror[0m[90m TS1110: [0mType expected.

[7m9[0m }
[7m [0m [91m~[0m

    at createTSError (/usr/local/lib/node_modules/ts-node/src/index.ts:859:12)
    at reportTSError (/usr/local/lib/node_modules/ts-node/src/index.ts:863:19)
    at getOutput (/usr/local/lib/node_modules/ts-node/src/index.ts:1077:36)
    at Object.compile (/usr/local/lib/node_modules/ts-node/src/index.ts:1433:41)
    at Module.m._compile (/usr/local/lib/node_modules/ts-node/src/index.ts:1617:30)
    at Module._extensions..js (node:internal/modules/cjs/loader:1153:10)
    at Object.require.extensions.<computed> [as .ts] (/usr/local/lib/node_modules/ts-node/src/index.ts:1621:12)
    at Module.load (node:internal/modules/cjs/loader:981:32)
    at Function.Module._load (node:internal/modules/cjs/loader:822:12)
    at Module.require (node:internal/modules/cjs/loader:1005:19)
2022-11-16 10:47:40 error: uncaughtException: тип Unable to compile TypeScript:
[96mdtos/users.dto.ts[0m:[93m5[0m:[93m10[0m - [91merror[0m[90m TS2564: [0mProperty 'first' has no initializer and is not definitely assigned in the constructor.

[7m5[0m   public first: string;
[7m [0m [91m         ~~~~~[0m
[96mdtos/users.dto.ts[0m:[93m7[0m:[93m4[0m - [91merror[0m[90m TS1240: [0mUnable to resolve signature of property decorator when called as an expression.
  This expression is not callable.
    Type 'Boolean' has no call signatures.

[7m7[0m   @isString()
[7m [0m [91m   ~~~~~~~~~~[0m
[96mdtos/users.dto.ts[0m:[93m7[0m:[93m4[0m - [91merror[0m[90m TS2554: [0mExpected 1 arguments, but got 0.

[7m7[0m   @isString()
[7m [0m [91m   ~~~~~~~~~~[0m

  [96m../node_modules/class-validator/types/decorator/typechecker/IsString.d.ts[0m:[93m6[0m:[93m34[0m
    [7m6[0m export declare function isString(value: unknown): value is string;
    [7m [0m [96m                                 ~~~~~~~~~~~~~~[0m
    An argument for 'value' was not provided.

TSError: тип Unable to compile TypeScript:
[96mdtos/users.dto.ts[0m:[93m5[0m:[93m10[0m - [91merror[0m[90m TS2564: [0mProperty 'first' has no initializer and is not definitely assigned in the constructor.

[7m5[0m   public first: string;
[7m [0m [91m         ~~~~~[0m
[96mdtos/users.dto.ts[0m:[93m7[0m:[93m4[0m - [91merror[0m[90m TS1240: [0mUnable to resolve signature of property decorator when called as an expression.
  This expression is not callable.
    Type 'Boolean' has no call signatures.

[7m7[0m   @isString()
[7m [0m [91m   ~~~~~~~~~~[0m
[96mdtos/users.dto.ts[0m:[93m7[0m:[93m4[0m - [91merror[0m[90m TS2554: [0mExpected 1 arguments, but got 0.

[7m7[0m   @isString()
[7m [0m [91m   ~~~~~~~~~~[0m

  [96m../node_modules/class-validator/types/decorator/typechecker/IsString.d.ts[0m:[93m6[0m:[93m34[0m
    [7m6[0m export declare function isString(value: unknown): value is string;
    [7m [0m [96m                                 ~~~~~~~~~~~~~~[0m
    An argument for 'value' was not provided.

    at createTSError (/usr/local/lib/node_modules/ts-node/src/index.ts:859:12)
    at reportTSError (/usr/local/lib/node_modules/ts-node/src/index.ts:863:19)
    at getOutput (/usr/local/lib/node_modules/ts-node/src/index.ts:1077:36)
    at Object.compile (/usr/local/lib/node_modules/ts-node/src/index.ts:1433:41)
    at Module.m._compile (/usr/local/lib/node_modules/ts-node/src/index.ts:1617:30)
    at Module._extensions..js (node:internal/modules/cjs/loader:1153:10)
    at Object.require.extensions.<computed> [as .ts] (/usr/local/lib/node_modules/ts-node/src/index.ts:1621:12)
    at Module.load (node:internal/modules/cjs/loader:981:32)
    at Function.Module._load (node:internal/modules/cjs/loader:822:12)
    at Module.require (node:internal/modules/cjs/loader:1005:19)
2022-11-16 10:47:53 error: uncaughtException: тип Unable to compile TypeScript:
[96mdtos/users.dto.ts[0m:[93m7[0m:[93m4[0m - [91merror[0m[90m TS1240: [0mUnable to resolve signature of property decorator when called as an expression.
  This expression is not callable.
    Type 'Boolean' has no call signatures.

[7m7[0m   @isString()
[7m [0m [91m   ~~~~~~~~~~[0m
[96mdtos/users.dto.ts[0m:[93m7[0m:[93m4[0m - [91merror[0m[90m TS2554: [0mExpected 1 arguments, but got 0.

[7m7[0m   @isString()
[7m [0m [91m   ~~~~~~~~~~[0m

  [96m../node_modules/class-validator/types/decorator/typechecker/IsString.d.ts[0m:[93m6[0m:[93m34[0m
    [7m6[0m export declare function isString(value: unknown): value is string;
    [7m [0m [96m                                 ~~~~~~~~~~~~~~[0m
    An argument for 'value' was not provided.

TSError: тип Unable to compile TypeScript:
[96mdtos/users.dto.ts[0m:[93m7[0m:[93m4[0m - [91merror[0m[90m TS1240: [0mUnable to resolve signature of property decorator when called as an expression.
  This expression is not callable.
    Type 'Boolean' has no call signatures.

[7m7[0m   @isString()
[7m [0m [91m   ~~~~~~~~~~[0m
[96mdtos/users.dto.ts[0m:[93m7[0m:[93m4[0m - [91merror[0m[90m TS2554: [0mExpected 1 arguments, but got 0.

[7m7[0m   @isString()
[7m [0m [91m   ~~~~~~~~~~[0m

  [96m../node_modules/class-validator/types/decorator/typechecker/IsString.d.ts[0m:[93m6[0m:[93m34[0m
    [7m6[0m export declare function isString(value: unknown): value is string;
    [7m [0m [96m                                 ~~~~~~~~~~~~~~[0m
    An argument for 'value' was not provided.

    at createTSError (/usr/local/lib/node_modules/ts-node/src/index.ts:859:12)
    at reportTSError (/usr/local/lib/node_modules/ts-node/src/index.ts:863:19)
    at getOutput (/usr/local/lib/node_modules/ts-node/src/index.ts:1077:36)
    at Object.compile (/usr/local/lib/node_modules/ts-node/src/index.ts:1433:41)
    at Module.m._compile (/usr/local/lib/node_modules/ts-node/src/index.ts:1617:30)
    at Module._extensions..js (node:internal/modules/cjs/loader:1153:10)
    at Object.require.extensions.<computed> [as .ts] (/usr/local/lib/node_modules/ts-node/src/index.ts:1621:12)
    at Module.load (node:internal/modules/cjs/loader:981:32)
    at Function.Module._load (node:internal/modules/cjs/loader:822:12)
    at Module.require (node:internal/modules/cjs/loader:1005:19)
2022-11-16 10:49:56 error: uncaughtException: тип Unable to compile TypeScript:
[96mdtos/users.dto.ts[0m:[93m28[0m:[93m4[0m - [91merror[0m[90m TS2304: [0mCannot find name 'IS'.

[7m28[0m   @IS
[7m  [0m [91m   ~~[0m
[96mdtos/users.dto.ts[0m:[93m28[0m:[93m6[0m - [91merror[0m[90m TS7008: [0mMember '(Missing)' implicitly has an 'any' type.

[7m28[0m   @IS
[7m  [0m [91m     [0m
[96mdtos/users.dto.ts[0m:[93m28[0m:[93m6[0m - [91merror[0m[90m TS1146: [0mDeclaration expected.

[7m28[0m   @IS
[7m  [0m [91m     [0m

TSError: тип Unable to compile TypeScript:
[96mdtos/users.dto.ts[0m:[93m28[0m:[93m4[0m - [91merror[0m[90m TS2304: [0mCannot find name 'IS'.

[7m28[0m   @IS
[7m  [0m [91m   ~~[0m
[96mdtos/users.dto.ts[0m:[93m28[0m:[93m6[0m - [91merror[0m[90m TS7008: [0mMember '(Missing)' implicitly has an 'any' type.

[7m28[0m   @IS
[7m  [0m [91m     [0m
[96mdtos/users.dto.ts[0m:[93m28[0m:[93m6[0m - [91merror[0m[90m TS1146: [0mDeclaration expected.

[7m28[0m   @IS
[7m  [0m [91m     [0m

    at createTSError (/usr/local/lib/node_modules/ts-node/src/index.ts:859:12)
    at reportTSError (/usr/local/lib/node_modules/ts-node/src/index.ts:863:19)
    at getOutput (/usr/local/lib/node_modules/ts-node/src/index.ts:1077:36)
    at Object.compile (/usr/local/lib/node_modules/ts-node/src/index.ts:1433:41)
    at Module.m._compile (/usr/local/lib/node_modules/ts-node/src/index.ts:1617:30)
    at Module._extensions..js (node:internal/modules/cjs/loader:1153:10)
    at Object.require.extensions.<computed> [as .ts] (/usr/local/lib/node_modules/ts-node/src/index.ts:1621:12)
    at Module.load (node:internal/modules/cjs/loader:981:32)
    at Function.Module._load (node:internal/modules/cjs/loader:822:12)
    at Module.require (node:internal/modules/cjs/loader:1005:19)
2022-11-16 10:50:05 error: uncaughtException: тип Unable to compile TypeScript:
[96mdtos/users.dto.ts[0m:[93m31[0m:[93m1[0m - [91merror[0m[90m TS1110: [0mType expected.

[7m31[0m }
[7m  [0m [91m~[0m

TSError: тип Unable to compile TypeScript:
[96mdtos/users.dto.ts[0m:[93m31[0m:[93m1[0m - [91merror[0m[90m TS1110: [0mType expected.

[7m31[0m }
[7m  [0m [91m~[0m

    at createTSError (/usr/local/lib/node_modules/ts-node/src/index.ts:859:12)
    at reportTSError (/usr/local/lib/node_modules/ts-node/src/index.ts:863:19)
    at getOutput (/usr/local/lib/node_modules/ts-node/src/index.ts:1077:36)
    at Object.compile (/usr/local/lib/node_modules/ts-node/src/index.ts:1433:41)
    at Module.m._compile (/usr/local/lib/node_modules/ts-node/src/index.ts:1617:30)
    at Module._extensions..js (node:internal/modules/cjs/loader:1153:10)
    at Object.require.extensions.<computed> [as .ts] (/usr/local/lib/node_modules/ts-node/src/index.ts:1621:12)
    at Module.load (node:internal/modules/cjs/loader:981:32)
    at Function.Module._load (node:internal/modules/cjs/loader:822:12)
    at Module.require (node:internal/modules/cjs/loader:1005:19)
2022-11-16 10:50:11 error: uncaughtException: тип Unable to compile TypeScript:
[96mdtos/users.dto.ts[0m:[93m29[0m:[93m18[0m - [91merror[0m[90m TS2314: [0mGeneric type 'Array<T>' requires 1 type argument(s).

[7m29[0m   public tasks!: Array;
[7m  [0m [91m                 ~~~~~[0m

TSError: тип Unable to compile TypeScript:
[96mdtos/users.dto.ts[0m:[93m29[0m:[93m18[0m - [91merror[0m[90m TS2314: [0mGeneric type 'Array<T>' requires 1 type argument(s).

[7m29[0m   public tasks!: Array;
[7m  [0m [91m                 ~~~~~[0m

    at createTSError (/usr/local/lib/node_modules/ts-node/src/index.ts:859:12)
    at reportTSError (/usr/local/lib/node_modules/ts-node/src/index.ts:863:19)
    at getOutput (/usr/local/lib/node_modules/ts-node/src/index.ts:1077:36)
    at Object.compile (/usr/local/lib/node_modules/ts-node/src/index.ts:1433:41)
    at Module.m._compile (/usr/local/lib/node_modules/ts-node/src/index.ts:1617:30)
    at Module._extensions..js (node:internal/modules/cjs/loader:1153:10)
    at Object.require.extensions.<computed> [as .ts] (/usr/local/lib/node_modules/ts-node/src/index.ts:1621:12)
    at Module.load (node:internal/modules/cjs/loader:981:32)
    at Function.Module._load (node:internal/modules/cjs/loader:822:12)
    at Module.require (node:internal/modules/cjs/loader:1005:19)
2022-11-16 10:51:10 error: uncaughtException: тип Unable to compile TypeScript:
[96mdtos/users.dto.ts[0m:[93m29[0m:[93m18[0m - [91merror[0m[90m TS1110: [0mType expected.

[7m29[0m   public tasks!: ;
[7m  [0m [91m                 ~[0m

TSError: тип Unable to compile TypeScript:
[96mdtos/users.dto.ts[0m:[93m29[0m:[93m18[0m - [91merror[0m[90m TS1110: [0mType expected.

[7m29[0m   public tasks!: ;
[7m  [0m [91m                 ~[0m

    at createTSError (/usr/local/lib/node_modules/ts-node/src/index.ts:859:12)
    at reportTSError (/usr/local/lib/node_modules/ts-node/src/index.ts:863:19)
    at getOutput (/usr/local/lib/node_modules/ts-node/src/index.ts:1077:36)
    at Object.compile (/usr/local/lib/node_modules/ts-node/src/index.ts:1433:41)
    at Module.m._compile (/usr/local/lib/node_modules/ts-node/src/index.ts:1617:30)
    at Module._extensions..js (node:internal/modules/cjs/loader:1153:10)
    at Object.require.extensions.<computed> [as .ts] (/usr/local/lib/node_modules/ts-node/src/index.ts:1621:12)
    at Module.load (node:internal/modules/cjs/loader:981:32)
    at Function.Module._load (node:internal/modules/cjs/loader:822:12)
    at Module.require (node:internal/modules/cjs/loader:1005:19)
2022-11-16 15:24:57 error: uncaughtException: тип Unable to compile TypeScript:
[96mservices/users.service.ts[0m:[93m24[0m:[93m15[0m - [91merror[0m[90m TS2740: [0mType '(User & Document<any, any, any> & { _id: ObjectId; })[]' is missing the following properties from type 'User': _id, email, password, image, and 2 more.

[7m24[0m         const createUserData: User = await this.users.create({ ...userData, password: hashedPassword }, {upsert:true});
[7m  [0m [91m              ~~~~~~~~~~~~~~[0m

TSError: тип Unable to compile TypeScript:
[96mservices/users.service.ts[0m:[93m24[0m:[93m15[0m - [91merror[0m[90m TS2740: [0mType '(User & Document<any, any, any> & { _id: ObjectId; })[]' is missing the following properties from type 'User': _id, email, password, image, and 2 more.

[7m24[0m         const createUserData: User = await this.users.create({ ...userData, password: hashedPassword }, {upsert:true});
[7m  [0m [91m              ~~~~~~~~~~~~~~[0m

    at createTSError (/usr/local/lib/node_modules/ts-node/src/index.ts:859:12)
    at reportTSError (/usr/local/lib/node_modules/ts-node/src/index.ts:863:19)
    at getOutput (/usr/local/lib/node_modules/ts-node/src/index.ts:1077:36)
    at Object.compile (/usr/local/lib/node_modules/ts-node/src/index.ts:1433:41)
    at Module.m._compile (/usr/local/lib/node_modules/ts-node/src/index.ts:1617:30)
    at Module._extensions..js (node:internal/modules/cjs/loader:1153:10)
    at Object.require.extensions.<computed> [as .ts] (/usr/local/lib/node_modules/ts-node/src/index.ts:1621:12)
    at Module.load (node:internal/modules/cjs/loader:981:32)
    at Function.Module._load (node:internal/modules/cjs/loader:822:12)
    at Module.require (node:internal/modules/cjs/loader:1005:19)
2022-11-16 21:44:40 error: uncaughtException: тип Unable to compile TypeScript:
[96mmodels/users.model.ts[0m:[93m5[0m:[93m6[0m - [91merror[0m[90m TS1123: [0mVariable declaration list cannot be empty.

[7m5[0m const
[7m [0m [91m     [0m

TSError: тип Unable to compile TypeScript:
[96mmodels/users.model.ts[0m:[93m5[0m:[93m6[0m - [91merror[0m[90m TS1123: [0mVariable declaration list cannot be empty.

[7m5[0m const
[7m [0m [91m     [0m

    at createTSError (/usr/local/lib/node_modules/ts-node/src/index.ts:859:12)
    at reportTSError (/usr/local/lib/node_modules/ts-node/src/index.ts:863:19)
    at getOutput (/usr/local/lib/node_modules/ts-node/src/index.ts:1077:36)
    at Object.compile (/usr/local/lib/node_modules/ts-node/src/index.ts:1433:41)
    at Module.m._compile (/usr/local/lib/node_modules/ts-node/src/index.ts:1617:30)
    at Module._extensions..js (node:internal/modules/cjs/loader:1153:10)
    at Object.require.extensions.<computed> [as .ts] (/usr/local/lib/node_modules/ts-node/src/index.ts:1621:12)
    at Module.load (node:internal/modules/cjs/loader:981:32)
    at Function.Module._load (node:internal/modules/cjs/loader:822:12)
    at Module.require (node:internal/modules/cjs/loader:1005:19)
2022-11-16 21:44:53 error: uncaughtException: тип Unable to compile TypeScript:
[96mmodels/users.model.ts[0m:[93m6[0m:[93m3[0m - [91merror[0m[90m TS18004: [0mNo value exists in scope for the shorthand property 'f'. Either declare one or provide an initializer.

[7m6[0m   f
[7m [0m [91m  ~[0m

TSError: тип Unable to compile TypeScript:
[96mmodels/users.model.ts[0m:[93m6[0m:[93m3[0m - [91merror[0m[90m TS18004: [0mNo value exists in scope for the shorthand property 'f'. Either declare one or provide an initializer.

[7m6[0m   f
[7m [0m [91m  ~[0m

    at createTSError (/usr/local/lib/node_modules/ts-node/src/index.ts:859:12)
    at reportTSError (/usr/local/lib/node_modules/ts-node/src/index.ts:863:19)
    at getOutput (/usr/local/lib/node_modules/ts-node/src/index.ts:1077:36)
    at Object.compile (/usr/local/lib/node_modules/ts-node/src/index.ts:1433:41)
    at Module.m._compile (/usr/local/lib/node_modules/ts-node/src/index.ts:1617:30)
    at Module._extensions..js (node:internal/modules/cjs/loader:1153:10)
    at Object.require.extensions.<computed> [as .ts] (/usr/local/lib/node_modules/ts-node/src/index.ts:1621:12)
    at Module.load (node:internal/modules/cjs/loader:981:32)
    at Function.Module._load (node:internal/modules/cjs/loader:822:12)
    at Module.require (node:internal/modules/cjs/loader:1005:19)
2022-11-16 21:45:12 error: uncaughtException: тип Unable to compile TypeScript:
[96mmodels/users.model.ts[0m:[93m33[0m:[93m1[0m - [91merror[0m[90m TS1137: [0mExpression or comma expected.

[7m33[0m const userSchema: Schema = new Schema({
[7m  [0m [91m~~~~~[0m

TSError: тип Unable to compile TypeScript:
[96mmodels/users.model.ts[0m:[93m33[0m:[93m1[0m - [91merror[0m[90m TS1137: [0mExpression or comma expected.

[7m33[0m const userSchema: Schema = new Schema({
[7m  [0m [91m~~~~~[0m

    at createTSError (/usr/local/lib/node_modules/ts-node/src/index.ts:859:12)
    at reportTSError (/usr/local/lib/node_modules/ts-node/src/index.ts:863:19)
    at getOutput (/usr/local/lib/node_modules/ts-node/src/index.ts:1077:36)
    at Object.compile (/usr/local/lib/node_modules/ts-node/src/index.ts:1433:41)
    at Module.m._compile (/usr/local/lib/node_modules/ts-node/src/index.ts:1617:30)
    at Module._extensions..js (node:internal/modules/cjs/loader:1153:10)
    at Object.require.extensions.<computed> [as .ts] (/usr/local/lib/node_modules/ts-node/src/index.ts:1621:12)
    at Module.load (node:internal/modules/cjs/loader:981:32)
    at Function.Module._load (node:internal/modules/cjs/loader:822:12)
    at Module.require (node:internal/modules/cjs/loader:1005:19)
2022-11-16 21:45:19 error: uncaughtException: тип Unable to compile TypeScript:
[96mmodels/users.model.ts[0m:[93m5[0m:[93m31[0m - [91merror[0m[90m TS2345: [0mArgument of type '{ title: { type: StringConstructor; required: true; }; description: { type: StringConstructor; }; type: { type: StringConstructor; enum: string[]; required: true; }; due: { ...; }; startingTime: { ...; }; }[]' is not assignable to parameter of type '{ [path: string]: SchemaDefinitionProperty<undefined>; } | { [x: string]: SchemaDefinitionProperty<any> | undefined; } | { ...; } | undefined'.
  Type '{ title: { type: StringConstructor; required: true; }; description: { type: StringConstructor; }; type: { type: StringConstructor; enum: string[]; required: true; }; due: { ...; }; startingTime: { ...; }; }[]' is not assignable to type '{ [x: string]: SchemaDefinitionProperty<any> | undefined; }'.
    Index signature for type 'string' is missing in type '{ title: { type: StringConstructor; required: true; }; description: { type: StringConstructor; }; type: { type: StringConstructor; enum: string[]; required: true; }; due: { ...; }; startingTime: { ...; }; }[]'.

[7m  5[0m const taskSchema = new Schema([    {
[7m   [0m [91m                              ~~~~~~[0m
[7m  6[0m     title: {
[7m   [0m [91m~~~~~~~~~~~~[0m
[7m...[0m 
[7m 30[0m     }
[7m   [0m [91m~~~~~[0m
[7m 31[0m   }])
[7m   [0m [91m~~~~[0m

TSError: тип Unable to compile TypeScript:
[96mmodels/users.model.ts[0m:[93m5[0m:[93m31[0m - [91merror[0m[90m TS2345: [0mArgument of type '{ title: { type: StringConstructor; required: true; }; description: { type: StringConstructor; }; type: { type: StringConstructor; enum: string[]; required: true; }; due: { ...; }; startingTime: { ...; }; }[]' is not assignable to parameter of type '{ [path: string]: SchemaDefinitionProperty<undefined>; } | { [x: string]: SchemaDefinitionProperty<any> | undefined; } | { ...; } | undefined'.
  Type '{ title: { type: StringConstructor; required: true; }; description: { type: StringConstructor; }; type: { type: StringConstructor; enum: string[]; required: true; }; due: { ...; }; startingTime: { ...; }; }[]' is not assignable to type '{ [x: string]: SchemaDefinitionProperty<any> | undefined; }'.
    Index signature for type 'string' is missing in type '{ title: { type: StringConstructor; required: true; }; description: { type: StringConstructor; }; type: { type: StringConstructor; enum: string[]; required: true; }; due: { ...; }; startingTime: { ...; }; }[]'.

[7m  5[0m const taskSchema = new Schema([    {
[7m   [0m [91m                              ~~~~~~[0m
[7m  6[0m     title: {
[7m   [0m [91m~~~~~~~~~~~~[0m
[7m...[0m 
[7m 30[0m     }
[7m   [0m [91m~~~~~[0m
[7m 31[0m   }])
[7m   [0m [91m~~~~[0m

    at createTSError (/usr/local/lib/node_modules/ts-node/src/index.ts:859:12)
    at reportTSError (/usr/local/lib/node_modules/ts-node/src/index.ts:863:19)
    at getOutput (/usr/local/lib/node_modules/ts-node/src/index.ts:1077:36)
    at Object.compile (/usr/local/lib/node_modules/ts-node/src/index.ts:1433:41)
    at Module.m._compile (/usr/local/lib/node_modules/ts-node/src/index.ts:1617:30)
    at Module._extensions..js (node:internal/modules/cjs/loader:1153:10)
    at Object.require.extensions.<computed> [as .ts] (/usr/local/lib/node_modules/ts-node/src/index.ts:1621:12)
    at Module.load (node:internal/modules/cjs/loader:981:32)
    at Function.Module._load (node:internal/modules/cjs/loader:822:12)
    at Module.require (node:internal/modules/cjs/loader:1005:19)
2022-11-16 21:45:40 error: uncaughtException: тип Unable to compile TypeScript:
[96mmodels/users.model.ts[0m:[93m52[0m:[93m1[0m - [91merror[0m[90m TS1109: [0mExpression expected.

[7m52[0m });
[7m  [0m [91m~[0m

TSError: тип Unable to compile TypeScript:
[96mmodels/users.model.ts[0m:[93m52[0m:[93m1[0m - [91merror[0m[90m TS1109: [0mExpression expected.

[7m52[0m });
[7m  [0m [91m~[0m

    at createTSError (/usr/local/lib/node_modules/ts-node/src/index.ts:859:12)
    at reportTSError (/usr/local/lib/node_modules/ts-node/src/index.ts:863:19)
    at getOutput (/usr/local/lib/node_modules/ts-node/src/index.ts:1077:36)
    at Object.compile (/usr/local/lib/node_modules/ts-node/src/index.ts:1433:41)
    at Module.m._compile (/usr/local/lib/node_modules/ts-node/src/index.ts:1617:30)
    at Module._extensions..js (node:internal/modules/cjs/loader:1153:10)
    at Object.require.extensions.<computed> [as .ts] (/usr/local/lib/node_modules/ts-node/src/index.ts:1621:12)
    at Module.load (node:internal/modules/cjs/loader:981:32)
    at Function.Module._load (node:internal/modules/cjs/loader:822:12)
    at Module.require (node:internal/modules/cjs/loader:1005:19)
2022-11-16 21:45:49 error: uncaughtException: тип Unable to compile TypeScript:
[96mmodels/users.model.ts[0m:[93m52[0m:[93m11[0m - [91merror[0m[90m TS7052: [0mElement implicitly has an 'any' type because type 'Schema<any, Model<any, any, any, any, any>, {}, {}, {}, {}, "type", { type: "Work" | "Exercise" | "Entertainment" | "Others"; title: string; description?: string | undefined; due?: string | undefined; startingTime?: string | undefined; }>' has no index signature. Did you mean to call 'taskSchema.get'?

[7m52[0m     type: taskSchema[],
[7m  [0m [91m          ~~~~~~~~~~~~[0m
[96mmodels/users.model.ts[0m:[93m52[0m:[93m22[0m - [91merror[0m[90m TS1011: [0mAn element access expression should take an argument.

[7m52[0m     type: taskSchema[],
[7m  [0m [91m                     [0m

TSError: тип Unable to compile TypeScript:
[96mmodels/users.model.ts[0m:[93m52[0m:[93m11[0m - [91merror[0m[90m TS7052: [0mElement implicitly has an 'any' type because type 'Schema<any, Model<any, any, any, any, any>, {}, {}, {}, {}, "type", { type: "Work" | "Exercise" | "Entertainment" | "Others"; title: string; description?: string | undefined; due?: string | undefined; startingTime?: string | undefined; }>' has no index signature. Did you mean to call 'taskSchema.get'?

[7m52[0m     type: taskSchema[],
[7m  [0m [91m          ~~~~~~~~~~~~[0m
[96mmodels/users.model.ts[0m:[93m52[0m:[93m22[0m - [91merror[0m[90m TS1011: [0mAn element access expression should take an argument.

[7m52[0m     type: taskSchema[],
[7m  [0m [91m                     [0m

    at createTSError (/usr/local/lib/node_modules/ts-node/src/index.ts:859:12)
    at reportTSError (/usr/local/lib/node_modules/ts-node/src/index.ts:863:19)
    at getOutput (/usr/local/lib/node_modules/ts-node/src/index.ts:1077:36)
    at Object.compile (/usr/local/lib/node_modules/ts-node/src/index.ts:1433:41)
    at Module.m._compile (/usr/local/lib/node_modules/ts-node/src/index.ts:1617:30)
    at Module._extensions..js (node:internal/modules/cjs/loader:1153:10)
    at Object.require.extensions.<computed> [as .ts] (/usr/local/lib/node_modules/ts-node/src/index.ts:1621:12)
    at Module.load (node:internal/modules/cjs/loader:981:32)
    at Function.Module._load (node:internal/modules/cjs/loader:822:12)
    at Module.require (node:internal/modules/cjs/loader:1005:19)
2022-11-16 21:46:11 error: uncaughtException: тип Unable to compile TypeScript:
[96mmodels/users.model.ts[0m:[93m53[0m:[93m5[0m - [91merror[0m[90m TS2552: [0mCannot find name 'required'. Did you mean 'require'?

[7m53[0m     required
[7m  [0m [91m    ~~~~~~~~[0m

  [96m../node_modules/@types/node/globals.d.ts[0m:[93m33[0m:[93m13[0m
    [7m33[0m declare var require: NodeRequire;
    [7m  [0m [96m            ~~~~~~~[0m
    'require' is declared here.

TSError: тип Unable to compile TypeScript:
[96mmodels/users.model.ts[0m:[93m53[0m:[93m5[0m - [91merror[0m[90m TS2552: [0mCannot find name 'required'. Did you mean 'require'?

[7m53[0m     required
[7m  [0m [91m    ~~~~~~~~[0m

  [96m../node_modules/@types/node/globals.d.ts[0m:[93m33[0m:[93m13[0m
    [7m33[0m declare var require: NodeRequire;
    [7m  [0m [96m            ~~~~~~~[0m
    'require' is declared here.

    at createTSError (/usr/local/lib/node_modules/ts-node/src/index.ts:859:12)
    at reportTSError (/usr/local/lib/node_modules/ts-node/src/index.ts:863:19)
    at getOutput (/usr/local/lib/node_modules/ts-node/src/index.ts:1077:36)
    at Object.compile (/usr/local/lib/node_modules/ts-node/src/index.ts:1433:41)
    at Module.m._compile (/usr/local/lib/node_modules/ts-node/src/index.ts:1617:30)
    at Module._extensions..js (node:internal/modules/cjs/loader:1153:10)
    at Object.require.extensions.<computed> [as .ts] (/usr/local/lib/node_modules/ts-node/src/index.ts:1621:12)
    at Module.load (node:internal/modules/cjs/loader:981:32)
    at Function.Module._load (node:internal/modules/cjs/loader:822:12)
    at Module.require (node:internal/modules/cjs/loader:1005:19)
2022-11-16 21:46:55 error: uncaughtException: тип Unable to compile TypeScript:
[96mmodels/users.model.ts[0m:[93m53[0m:[93m5[0m - [91merror[0m[90m TS18004: [0mNo value exists in scope for the shorthand property 't'. Either declare one or provide an initializer.

[7m53[0m     t
[7m  [0m [91m    ~[0m

TSError: тип Unable to compile TypeScript:
[96mmodels/users.model.ts[0m:[93m53[0m:[93m5[0m - [91merror[0m[90m TS18004: [0mNo value exists in scope for the shorthand property 't'. Either declare one or provide an initializer.

[7m53[0m     t
[7m  [0m [91m    ~[0m

    at createTSError (/usr/local/lib/node_modules/ts-node/src/index.ts:859:12)
    at reportTSError (/usr/local/lib/node_modules/ts-node/src/index.ts:863:19)
    at getOutput (/usr/local/lib/node_modules/ts-node/src/index.ts:1077:36)
    at Object.compile (/usr/local/lib/node_modules/ts-node/src/index.ts:1433:41)
    at Module.m._compile (/usr/local/lib/node_modules/ts-node/src/index.ts:1617:30)
    at Module._extensions..js (node:internal/modules/cjs/loader:1153:10)
    at Object.require.extensions.<computed> [as .ts] (/usr/local/lib/node_modules/ts-node/src/index.ts:1621:12)
    at Module.load (node:internal/modules/cjs/loader:981:32)
    at Function.Module._load (node:internal/modules/cjs/loader:822:12)
    at Module.require (node:internal/modules/cjs/loader:1005:19)
2022-11-16 21:54:29 error: uncaughtException: тип Unable to compile TypeScript:
[96mcontrollers/users.controller.ts[0m:[93m46[0m:[93m15[0m - [91merror[0m[90m TS2322: [0mType 'string | ParsedQs | string[] | ParsedQs[] | undefined' is not assignable to type 'string'.
  Type 'undefined' is not assignable to type 'string'.

[7m46[0m         const userId: string = req.query.id;
[7m  [0m [91m              ~~~~~~[0m

TSError: тип Unable to compile TypeScript:
[96mcontrollers/users.controller.ts[0m:[93m46[0m:[93m15[0m - [91merror[0m[90m TS2322: [0mType 'string | ParsedQs | string[] | ParsedQs[] | undefined' is not assignable to type 'string'.
  Type 'undefined' is not assignable to type 'string'.

[7m46[0m         const userId: string = req.query.id;
[7m  [0m [91m              ~~~~~~[0m

    at createTSError (/usr/local/lib/node_modules/ts-node/src/index.ts:859:12)
    at reportTSError (/usr/local/lib/node_modules/ts-node/src/index.ts:863:19)
    at getOutput (/usr/local/lib/node_modules/ts-node/src/index.ts:1077:36)
    at Object.compile (/usr/local/lib/node_modules/ts-node/src/index.ts:1433:41)
    at Module.m._compile (/usr/local/lib/node_modules/ts-node/src/index.ts:1617:30)
    at Module._extensions..js (node:internal/modules/cjs/loader:1153:10)
    at Object.require.extensions.<computed> [as .ts] (/usr/local/lib/node_modules/ts-node/src/index.ts:1621:12)
    at Module.load (node:internal/modules/cjs/loader:981:32)
    at Function.Module._load (node:internal/modules/cjs/loader:822:12)
    at Module.require (node:internal/modules/cjs/loader:1005:19)
2022-11-16 21:54:46 error: uncaughtException: тип Unable to compile TypeScript:
[96mcontrollers/users.controller.ts[0m:[93m46[0m:[93m15[0m - [91merror[0m[90m TS2322: [0mType 'string | ParsedQs | string[] | ParsedQs[] | undefined' is not assignable to type 'string | undefined'.
  Type 'ParsedQs' is not assignable to type 'string'.

[7m46[0m         const userId: string | undefined = req.query.id;
[7m  [0m [91m              ~~~~~~[0m
[96mcontrollers/users.controller.ts[0m:[93m50[0m:[93m72[0m - [91merror[0m[90m TS2345: [0mArgument of type 'string | undefined' is not assignable to parameter of type 'String'.
  Type 'undefined' is not assignable to type 'String'.

[7m50[0m         const updateUserData: User = await this.userService.updateUser(userId, userData);
[7m  [0m [91m                                                                       ~~~~~~[0m

TSError: тип Unable to compile TypeScript:
[96mcontrollers/users.controller.ts[0m:[93m46[0m:[93m15[0m - [91merror[0m[90m TS2322: [0mType 'string | ParsedQs | string[] | ParsedQs[] | undefined' is not assignable to type 'string | undefined'.
  Type 'ParsedQs' is not assignable to type 'string'.

[7m46[0m         const userId: string | undefined = req.query.id;
[7m  [0m [91m              ~~~~~~[0m
[96mcontrollers/users.controller.ts[0m:[93m50[0m:[93m72[0m - [91merror[0m[90m TS2345: [0mArgument of type 'string | undefined' is not assignable to parameter of type 'String'.
  Type 'undefined' is not assignable to type 'String'.

[7m50[0m         const updateUserData: User = await this.userService.updateUser(userId, userData);
[7m  [0m [91m                                                                       ~~~~~~[0m

    at createTSError (/usr/local/lib/node_modules/ts-node/src/index.ts:859:12)
    at reportTSError (/usr/local/lib/node_modules/ts-node/src/index.ts:863:19)
    at getOutput (/usr/local/lib/node_modules/ts-node/src/index.ts:1077:36)
    at Object.compile (/usr/local/lib/node_modules/ts-node/src/index.ts:1433:41)
    at Module.m._compile (/usr/local/lib/node_modules/ts-node/src/index.ts:1617:30)
    at Module._extensions..js (node:internal/modules/cjs/loader:1153:10)
    at Object.require.extensions.<computed> [as .ts] (/usr/local/lib/node_modules/ts-node/src/index.ts:1621:12)
    at Module.load (node:internal/modules/cjs/loader:981:32)
    at Function.Module._load (node:internal/modules/cjs/loader:822:12)
    at Module.require (node:internal/modules/cjs/loader:1005:19)
2022-11-16 21:54:51 error: uncaughtException: тип Unable to compile TypeScript:
[96mcontrollers/users.controller.ts[0m:[93m46[0m:[93m15[0m - [91merror[0m[90m TS2322: [0mType 'string | ParsedQs | string[] | ParsedQs[] | undefined' is not assignable to type 'string'.
  Type 'undefined' is not assignable to type 'string'.

[7m46[0m         const userId: string = req.query.id;
[7m  [0m [91m              ~~~~~~[0m

TSError: тип Unable to compile TypeScript:
[96mcontrollers/users.controller.ts[0m:[93m46[0m:[93m15[0m - [91merror[0m[90m TS2322: [0mType 'string | ParsedQs | string[] | ParsedQs[] | undefined' is not assignable to type 'string'.
  Type 'undefined' is not assignable to type 'string'.

[7m46[0m         const userId: string = req.query.id;
[7m  [0m [91m              ~~~~~~[0m

    at createTSError (/usr/local/lib/node_modules/ts-node/src/index.ts:859:12)
    at reportTSError (/usr/local/lib/node_modules/ts-node/src/index.ts:863:19)
    at getOutput (/usr/local/lib/node_modules/ts-node/src/index.ts:1077:36)
    at Object.compile (/usr/local/lib/node_modules/ts-node/src/index.ts:1433:41)
    at Module.m._compile (/usr/local/lib/node_modules/ts-node/src/index.ts:1617:30)
    at Module._extensions..js (node:internal/modules/cjs/loader:1153:10)
    at Object.require.extensions.<computed> [as .ts] (/usr/local/lib/node_modules/ts-node/src/index.ts:1621:12)
    at Module.load (node:internal/modules/cjs/loader:981:32)
    at Function.Module._load (node:internal/modules/cjs/loader:822:12)
    at Module.require (node:internal/modules/cjs/loader:1005:19)
2022-11-16 22:01:25 error: uncaughtException: тип Unable to compile TypeScript:
[96mmodels/users.model.ts[0m:[93m37[0m:[93m3[0m - [91merror[0m[90m TS1005: [0m',' expected.

[7m37[0m   email: {
[7m  [0m [91m  ~~~~~[0m

TSError: тип Unable to compile TypeScript:
[96mmodels/users.model.ts[0m:[93m37[0m:[93m3[0m - [91merror[0m[90m TS1005: [0m',' expected.

[7m37[0m   email: {
[7m  [0m [91m  ~~~~~[0m

    at createTSError (/usr/local/lib/node_modules/ts-node/src/index.ts:859:12)
    at reportTSError (/usr/local/lib/node_modules/ts-node/src/index.ts:863:19)
    at getOutput (/usr/local/lib/node_modules/ts-node/src/index.ts:1077:36)
    at Object.compile (/usr/local/lib/node_modules/ts-node/src/index.ts:1433:41)
    at Module.m._compile (/usr/local/lib/node_modules/ts-node/src/index.ts:1617:30)
    at Module._extensions..js (node:internal/modules/cjs/loader:1153:10)
    at Object.require.extensions.<computed> [as .ts] (/usr/local/lib/node_modules/ts-node/src/index.ts:1621:12)
    at Module.load (node:internal/modules/cjs/loader:981:32)
    at Function.Module._load (node:internal/modules/cjs/loader:822:12)
    at Module.require (node:internal/modules/cjs/loader:1005:19)
2022-11-16 22:01:29 error: uncaughtException: тип Unable to compile TypeScript:
[96mmodels/users.model.ts[0m:[93m37[0m:[93m3[0m - [91merror[0m[90m TS1005: [0m',' expected.

[7m37[0m   email: {
[7m  [0m [91m  ~~~~~[0m

TSError: тип Unable to compile TypeScript:
[96mmodels/users.model.ts[0m:[93m37[0m:[93m3[0m - [91merror[0m[90m TS1005: [0m',' expected.

[7m37[0m   email: {
[7m  [0m [91m  ~~~~~[0m

    at createTSError (/usr/local/lib/node_modules/ts-node/src/index.ts:859:12)
    at reportTSError (/usr/local/lib/node_modules/ts-node/src/index.ts:863:19)
    at getOutput (/usr/local/lib/node_modules/ts-node/src/index.ts:1077:36)
    at Object.compile (/usr/local/lib/node_modules/ts-node/src/index.ts:1433:41)
    at Module.m._compile (/usr/local/lib/node_modules/ts-node/src/index.ts:1617:30)
    at Module._extensions..js (node:internal/modules/cjs/loader:1153:10)
    at Object.require.extensions.<computed> [as .ts] (/usr/local/lib/node_modules/ts-node/src/index.ts:1621:12)
    at Module.load (node:internal/modules/cjs/loader:981:32)
    at Function.Module._load (node:internal/modules/cjs/loader:822:12)
    at Module.require (node:internal/modules/cjs/loader:1005:19)
2022-11-16 22:02:14 error: uncaughtException: тип Unable to compile TypeScript:
[96mmodels/users.model.ts[0m:[93m38[0m:[93m3[0m - [91merror[0m[90m TS1005: [0m',' expected.

[7m38[0m   email: {
[7m  [0m [91m  ~~~~~[0m

TSError: тип Unable to compile TypeScript:
[96mmodels/users.model.ts[0m:[93m38[0m:[93m3[0m - [91merror[0m[90m TS1005: [0m',' expected.

[7m38[0m   email: {
[7m  [0m [91m  ~~~~~[0m

    at createTSError (/usr/local/lib/node_modules/ts-node/src/index.ts:859:12)
    at reportTSError (/usr/local/lib/node_modules/ts-node/src/index.ts:863:19)
    at getOutput (/usr/local/lib/node_modules/ts-node/src/index.ts:1077:36)
    at Object.compile (/usr/local/lib/node_modules/ts-node/src/index.ts:1433:41)
    at Module.m._compile (/usr/local/lib/node_modules/ts-node/src/index.ts:1617:30)
    at Module._extensions..js (node:internal/modules/cjs/loader:1153:10)
    at Object.require.extensions.<computed> [as .ts] (/usr/local/lib/node_modules/ts-node/src/index.ts:1621:12)
    at Module.load (node:internal/modules/cjs/loader:981:32)
    at Function.Module._load (node:internal/modules/cjs/loader:822:12)
    at Module.require (node:internal/modules/cjs/loader:1005:19)
2022-11-16 22:02:17 error: uncaughtException: Invalid schema configuration: `name.first` schematype definition is invalid. See https://mongoosejs.com/docs/guide.html#definition for more info on supported schema syntaxes.
TypeError: Invalid schema configuration: `name.first` schematype definition is invalid. See https://mongoosejs.com/docs/guide.html#definition for more info on supported schema syntaxes.
    at Schema.interpretAsType (/Users/fengyuwangbv/Desktop/studyAppWeb/backend/node_modules/mongoose/lib/schema.js:1333:11)
    at Schema.path (/Users/fengyuwangbv/Desktop/studyAppWeb/backend/node_modules/mongoose/lib/schema.js:964:27)
    at Schema.add (/Users/fengyuwangbv/Desktop/studyAppWeb/backend/node_modules/mongoose/lib/schema.js:635:12)
    at Schema.add (/Users/fengyuwangbv/Desktop/studyAppWeb/backend/node_modules/mongoose/lib/schema.js:666:12)
    at new Schema (/Users/fengyuwangbv/Desktop/studyAppWeb/backend/node_modules/mongoose/lib/schema.js:133:10)
    at Object.<anonymous> (/Users/fengyuwangbv/Desktop/studyAppWeb/backend/src/models/users.model.ts:33:28)
    at Module._compile (node:internal/modules/cjs/loader:1101:14)
    at Module.m._compile (/usr/local/lib/node_modules/ts-node/src/index.ts:1618:23)
    at Module._extensions..js (node:internal/modules/cjs/loader:1153:10)
    at Object.require.extensions.<computed> [as .ts] (/usr/local/lib/node_modules/ts-node/src/index.ts:1621:12)
2022-11-16 22:20:26 error: uncaughtException: тип Unable to compile TypeScript:
[96mcontrollers/users.controller.ts[0m:[93m15[0m:[93m40[0m - [91merror[0m[90m TS2454: [0mVariable 'findAllUsersData' is used before being assigned.

[7m15[0m           res.status(200).json({ data: findAllUsersData, message: 'findAll' });
[7m  [0m [91m                                       ~~~~~~~~~~~~~~~~[0m
[96mcontrollers/users.controller.ts[0m:[93m13[0m:[93m14[0m - [91merror[0m[90m TS1109: [0mExpression expected.

[7m13[0m           if()
[7m  [0m [91m             ~[0m

TSError: тип Unable to compile TypeScript:
[96mcontrollers/users.controller.ts[0m:[93m15[0m:[93m40[0m - [91merror[0m[90m TS2454: [0mVariable 'findAllUsersData' is used before being assigned.

[7m15[0m           res.status(200).json({ data: findAllUsersData, message: 'findAll' });
[7m  [0m [91m                                       ~~~~~~~~~~~~~~~~[0m
[96mcontrollers/users.controller.ts[0m:[93m13[0m:[93m14[0m - [91merror[0m[90m TS1109: [0mExpression expected.

[7m13[0m           if()
[7m  [0m [91m             ~[0m

    at createTSError (/usr/local/lib/node_modules/ts-node/src/index.ts:859:12)
    at reportTSError (/usr/local/lib/node_modules/ts-node/src/index.ts:863:19)
    at getOutput (/usr/local/lib/node_modules/ts-node/src/index.ts:1077:36)
    at Object.compile (/usr/local/lib/node_modules/ts-node/src/index.ts:1433:41)
    at Module.m._compile (/usr/local/lib/node_modules/ts-node/src/index.ts:1617:30)
    at Module._extensions..js (node:internal/modules/cjs/loader:1153:10)
    at Object.require.extensions.<computed> [as .ts] (/usr/local/lib/node_modules/ts-node/src/index.ts:1621:12)
    at Module.load (node:internal/modules/cjs/loader:981:32)
    at Function.Module._load (node:internal/modules/cjs/loader:822:12)
    at Module.require (node:internal/modules/cjs/loader:1005:19)
2022-11-16 22:22:38 error: uncaughtException: тип Unable to compile TypeScript:
[96mroutes/users.route.ts[0m:[93m23[0m:[93m3[0m - [91merror[0m[90m TS1003: [0mIdentifier expected.

[7m23[0m   }
[7m  [0m [91m  ~[0m

TSError: тип Unable to compile TypeScript:
[96mroutes/users.route.ts[0m:[93m23[0m:[93m3[0m - [91merror[0m[90m TS1003: [0mIdentifier expected.

[7m23[0m   }
[7m  [0m [91m  ~[0m

    at createTSError (/usr/local/lib/node_modules/ts-node/src/index.ts:859:12)
    at reportTSError (/usr/local/lib/node_modules/ts-node/src/index.ts:863:19)
    at getOutput (/usr/local/lib/node_modules/ts-node/src/index.ts:1077:36)
    at Object.compile (/usr/local/lib/node_modules/ts-node/src/index.ts:1433:41)
    at Module.m._compile (/usr/local/lib/node_modules/ts-node/src/index.ts:1617:30)
    at Module._extensions..js (node:internal/modules/cjs/loader:1153:10)
    at Object.require.extensions.<computed> [as .ts] (/usr/local/lib/node_modules/ts-node/src/index.ts:1621:12)
    at Module.load (node:internal/modules/cjs/loader:981:32)
    at Function.Module._load (node:internal/modules/cjs/loader:822:12)
    at Module.require (node:internal/modules/cjs/loader:1005:19)
2022-11-16 22:22:40 error: uncaughtException: тип Unable to compile TypeScript:
[96mroutes/users.route.ts[0m:[93m22[0m:[93m17[0m - [91merror[0m[90m TS2555: [0mExpected at least 1 arguments, but got 0.

[7m22[0m     this.router.get()
[7m  [0m [91m                ~~~~~[0m

  [96m../node_modules/@types/express-serve-static-core/index.d.ts[0m:[93m135[0m:[93m9[0m
    [7m135[0m         path: Route,
    [7m   [0m [96m        ~~~~~~~~~~~[0m
    An argument for 'path' was not provided.

TSError: тип Unable to compile TypeScript:
[96mroutes/users.route.ts[0m:[93m22[0m:[93m17[0m - [91merror[0m[90m TS2555: [0mExpected at least 1 arguments, but got 0.

[7m22[0m     this.router.get()
[7m  [0m [91m                ~~~~~[0m

  [96m../node_modules/@types/express-serve-static-core/index.d.ts[0m:[93m135[0m:[93m9[0m
    [7m135[0m         path: Route,
    [7m   [0m [96m        ~~~~~~~~~~~[0m
    An argument for 'path' was not provided.

    at createTSError (/usr/local/lib/node_modules/ts-node/src/index.ts:859:12)
    at reportTSError (/usr/local/lib/node_modules/ts-node/src/index.ts:863:19)
    at getOutput (/usr/local/lib/node_modules/ts-node/src/index.ts:1077:36)
    at Object.compile (/usr/local/lib/node_modules/ts-node/src/index.ts:1433:41)
    at Module.m._compile (/usr/local/lib/node_modules/ts-node/src/index.ts:1617:30)
    at Module._extensions..js (node:internal/modules/cjs/loader:1153:10)
    at Object.require.extensions.<computed> [as .ts] (/usr/local/lib/node_modules/ts-node/src/index.ts:1621:12)
    at Module.load (node:internal/modules/cjs/loader:981:32)
    at Function.Module._load (node:internal/modules/cjs/loader:822:12)
    at Module.require (node:internal/modules/cjs/loader:1005:19)
2022-11-16 22:22:43 error: uncaughtException: тип Unable to compile TypeScript:
[96mroutes/users.route.ts[0m:[93m22[0m:[93m24[0m - [91merror[0m[90m TS1109: [0mExpression expected.

[7m22[0m     this.router.get(`${}`)
[7m  [0m [91m                       ~[0m

TSError: тип Unable to compile TypeScript:
[96mroutes/users.route.ts[0m:[93m22[0m:[93m24[0m - [91merror[0m[90m TS1109: [0mExpression expected.

[7m22[0m     this.router.get(`${}`)
[7m  [0m [91m                       ~[0m

    at createTSError (/usr/local/lib/node_modules/ts-node/src/index.ts:859:12)
    at reportTSError (/usr/local/lib/node_modules/ts-node/src/index.ts:863:19)
    at getOutput (/usr/local/lib/node_modules/ts-node/src/index.ts:1077:36)
    at Object.compile (/usr/local/lib/node_modules/ts-node/src/index.ts:1433:41)
    at Module.m._compile (/usr/local/lib/node_modules/ts-node/src/index.ts:1617:30)
    at Module._extensions..js (node:internal/modules/cjs/loader:1153:10)
    at Object.require.extensions.<computed> [as .ts] (/usr/local/lib/node_modules/ts-node/src/index.ts:1621:12)
    at Module.load (node:internal/modules/cjs/loader:981:32)
    at Function.Module._load (node:internal/modules/cjs/loader:822:12)
    at Module.require (node:internal/modules/cjs/loader:1005:19)
2022-11-16 22:23:27 error: uncaughtException: тип Unable to compile TypeScript:
[96mservices/users.service.ts[0m:[93m63[0m:[93m49[0m - [91merror[0m[90m TS2355: [0mA function whose declared type is neither 'void' nor 'any' must return a value.

[7m63[0m     public async getUserByEmail(email: String): Promise<User> {
[7m  [0m [91m                                                ~~~~~~~~~~~~~[0m
[96mservices/users.service.ts[0m:[93m64[0m:[93m14[0m - [91merror[0m[90m TS1123: [0mVariable declaration list cannot be empty.

[7m64[0m         const
[7m  [0m [91m             [0m

TSError: тип Unable to compile TypeScript:
[96mservices/users.service.ts[0m:[93m63[0m:[93m49[0m - [91merror[0m[90m TS2355: [0mA function whose declared type is neither 'void' nor 'any' must return a value.

[7m63[0m     public async getUserByEmail(email: String): Promise<User> {
[7m  [0m [91m                                                ~~~~~~~~~~~~~[0m
[96mservices/users.service.ts[0m:[93m64[0m:[93m14[0m - [91merror[0m[90m TS1123: [0mVariable declaration list cannot be empty.

[7m64[0m         const
[7m  [0m [91m             [0m

    at createTSError (/usr/local/lib/node_modules/ts-node/src/index.ts:859:12)
    at reportTSError (/usr/local/lib/node_modules/ts-node/src/index.ts:863:19)
    at getOutput (/usr/local/lib/node_modules/ts-node/src/index.ts:1077:36)
    at Object.compile (/usr/local/lib/node_modules/ts-node/src/index.ts:1433:41)
    at Module.m._compile (/usr/local/lib/node_modules/ts-node/src/index.ts:1617:30)
    at Module._extensions..js (node:internal/modules/cjs/loader:1153:10)
    at Object.require.extensions.<computed> [as .ts] (/usr/local/lib/node_modules/ts-node/src/index.ts:1621:12)
    at Module.load (node:internal/modules/cjs/loader:981:32)
    at Function.Module._load (node:internal/modules/cjs/loader:822:12)
    at Module.require (node:internal/modules/cjs/loader:1005:19)
2022-11-16 22:23:36 error: uncaughtException: тип Unable to compile TypeScript:
[96mservices/users.service.ts[0m:[93m63[0m:[93m49[0m - [91merror[0m[90m TS2355: [0mA function whose declared type is neither 'void' nor 'any' must return a value.

[7m63[0m     public async getUserByEmail(email: String): Promise<User> {
[7m  [0m [91m                                                ~~~~~~~~~~~~~[0m
[96mservices/users.service.ts[0m:[93m64[0m:[93m15[0m - [91merror[0m[90m TS2322: [0mType '{ <ResultDoc = User & Document<any, any, any> & { _id: ObjectId; }>(filter?: FilterQuery<User & Document<any, any, any>> | undefined, projection?: ProjectionType<...> | ... 1 more ... | undefined, options?: QueryOptions<...> | ... 1 more ... | undefined, callback?: Callback<...> | undefined): Query<...>; <ResultDoc ...' is not assignable to type 'User'.

[7m64[0m         const userInfo: User | null = await this.users.findOne
[7m  [0m [91m              ~~~~~~~~[0m

TSError: тип Unable to compile TypeScript:
[96mservices/users.service.ts[0m:[93m63[0m:[93m49[0m - [91merror[0m[90m TS2355: [0mA function whose declared type is neither 'void' nor 'any' must return a value.

[7m63[0m     public async getUserByEmail(email: String): Promise<User> {
[7m  [0m [91m                                                ~~~~~~~~~~~~~[0m
[96mservices/users.service.ts[0m:[93m64[0m:[93m15[0m - [91merror[0m[90m TS2322: [0mType '{ <ResultDoc = User & Document<any, any, any> & { _id: ObjectId; }>(filter?: FilterQuery<User & Document<any, any, any>> | undefined, projection?: ProjectionType<...> | ... 1 more ... | undefined, options?: QueryOptions<...> | ... 1 more ... | undefined, callback?: Callback<...> | undefined): Query<...>; <ResultDoc ...' is not assignable to type 'User'.

[7m64[0m         const userInfo: User | null = await this.users.findOne
[7m  [0m [91m              ~~~~~~~~[0m

    at createTSError (/usr/local/lib/node_modules/ts-node/src/index.ts:859:12)
    at reportTSError (/usr/local/lib/node_modules/ts-node/src/index.ts:863:19)
    at getOutput (/usr/local/lib/node_modules/ts-node/src/index.ts:1077:36)
    at Object.compile (/usr/local/lib/node_modules/ts-node/src/index.ts:1433:41)
    at Module.m._compile (/usr/local/lib/node_modules/ts-node/src/index.ts:1617:30)
    at Module._extensions..js (node:internal/modules/cjs/loader:1153:10)
    at Object.require.extensions.<computed> [as .ts] (/usr/local/lib/node_modules/ts-node/src/index.ts:1621:12)
    at Module.load (node:internal/modules/cjs/loader:981:32)
    at Function.Module._load (node:internal/modules/cjs/loader:822:12)
    at Module.require (node:internal/modules/cjs/loader:1005:19)
2022-11-16 22:23:38 error: uncaughtException: тип Unable to compile TypeScript:
[96mservices/users.service.ts[0m:[93m63[0m:[93m49[0m - [91merror[0m[90m TS2355: [0mA function whose declared type is neither 'void' nor 'any' must return a value.

[7m63[0m     public async getUserByEmail(email: String): Promise<User> {
[7m  [0m [91m                                                ~~~~~~~~~~~~~[0m

TSError: тип Unable to compile TypeScript:
[96mservices/users.service.ts[0m:[93m63[0m:[93m49[0m - [91merror[0m[90m TS2355: [0mA function whose declared type is neither 'void' nor 'any' must return a value.

[7m63[0m     public async getUserByEmail(email: String): Promise<User> {
[7m  [0m [91m                                                ~~~~~~~~~~~~~[0m

    at createTSError (/usr/local/lib/node_modules/ts-node/src/index.ts:859:12)
    at reportTSError (/usr/local/lib/node_modules/ts-node/src/index.ts:863:19)
    at getOutput (/usr/local/lib/node_modules/ts-node/src/index.ts:1077:36)
    at Object.compile (/usr/local/lib/node_modules/ts-node/src/index.ts:1433:41)
    at Module.m._compile (/usr/local/lib/node_modules/ts-node/src/index.ts:1617:30)
    at Module._extensions..js (node:internal/modules/cjs/loader:1153:10)
    at Object.require.extensions.<computed> [as .ts] (/usr/local/lib/node_modules/ts-node/src/index.ts:1621:12)
    at Module.load (node:internal/modules/cjs/loader:981:32)
    at Function.Module._load (node:internal/modules/cjs/loader:822:12)
    at Module.require (node:internal/modules/cjs/loader:1005:19)
2022-11-16 22:23:43 error: uncaughtException: тип Unable to compile TypeScript:
[96mservices/users.service.ts[0m:[93m63[0m:[93m49[0m - [91merror[0m[90m TS2355: [0mA function whose declared type is neither 'void' nor 'any' must return a value.

[7m63[0m     public async getUserByEmail(email: String): Promise<User> {
[7m  [0m [91m                                                ~~~~~~~~~~~~~[0m

TSError: тип Unable to compile TypeScript:
[96mservices/users.service.ts[0m:[93m63[0m:[93m49[0m - [91merror[0m[90m TS2355: [0mA function whose declared type is neither 'void' nor 'any' must return a value.

[7m63[0m     public async getUserByEmail(email: String): Promise<User> {
[7m  [0m [91m                                                ~~~~~~~~~~~~~[0m

    at createTSError (/usr/local/lib/node_modules/ts-node/src/index.ts:859:12)
    at reportTSError (/usr/local/lib/node_modules/ts-node/src/index.ts:863:19)
    at getOutput (/usr/local/lib/node_modules/ts-node/src/index.ts:1077:36)
    at Object.compile (/usr/local/lib/node_modules/ts-node/src/index.ts:1433:41)
    at Module.m._compile (/usr/local/lib/node_modules/ts-node/src/index.ts:1617:30)
    at Module._extensions..js (node:internal/modules/cjs/loader:1153:10)
    at Object.require.extensions.<computed> [as .ts] (/usr/local/lib/node_modules/ts-node/src/index.ts:1621:12)
    at Module.load (node:internal/modules/cjs/loader:981:32)
    at Function.Module._load (node:internal/modules/cjs/loader:822:12)
    at Module.require (node:internal/modules/cjs/loader:1005:19)
2022-11-16 22:23:45 error: uncaughtException: тип Unable to compile TypeScript:
[96mservices/users.service.ts[0m:[93m63[0m:[93m49[0m - [91merror[0m[90m TS2355: [0mA function whose declared type is neither 'void' nor 'any' must return a value.

[7m63[0m     public async getUserByEmail(email: String): Promise<User> {
[7m  [0m [91m                                                ~~~~~~~~~~~~~[0m
[96mservices/users.service.ts[0m:[93m65[0m:[93m12[0m - [91merror[0m[90m TS1109: [0mExpression expected.

[7m65[0m         if()
[7m  [0m [91m           ~[0m
[96mservices/users.service.ts[0m:[93m66[0m:[93m5[0m - [91merror[0m[90m TS1109: [0mExpression expected.

[7m66[0m     }
[7m  [0m [91m    ~[0m

TSError: тип Unable to compile TypeScript:
[96mservices/users.service.ts[0m:[93m63[0m:[93m49[0m - [91merror[0m[90m TS2355: [0mA function whose declared type is neither 'void' nor 'any' must return a value.

[7m63[0m     public async getUserByEmail(email: String): Promise<User> {
[7m  [0m [91m                                                ~~~~~~~~~~~~~[0m
[96mservices/users.service.ts[0m:[93m65[0m:[93m12[0m - [91merror[0m[90m TS1109: [0mExpression expected.

[7m65[0m         if()
[7m  [0m [91m           ~[0m
[96mservices/users.service.ts[0m:[93m66[0m:[93m5[0m - [91merror[0m[90m TS1109: [0mExpression expected.

[7m66[0m     }
[7m  [0m [91m    ~[0m

    at createTSError (/usr/local/lib/node_modules/ts-node/src/index.ts:859:12)
    at reportTSError (/usr/local/lib/node_modules/ts-node/src/index.ts:863:19)
    at getOutput (/usr/local/lib/node_modules/ts-node/src/index.ts:1077:36)
    at Object.compile (/usr/local/lib/node_modules/ts-node/src/index.ts:1433:41)
    at Module.m._compile (/usr/local/lib/node_modules/ts-node/src/index.ts:1617:30)
    at Module._extensions..js (node:internal/modules/cjs/loader:1153:10)
    at Object.require.extensions.<computed> [as .ts] (/usr/local/lib/node_modules/ts-node/src/index.ts:1621:12)
    at Module.load (node:internal/modules/cjs/loader:981:32)
    at Function.Module._load (node:internal/modules/cjs/loader:822:12)
    at Module.require (node:internal/modules/cjs/loader:1005:19)
2022-11-16 22:24:02 error: uncaughtException: тип Unable to compile TypeScript:
[96mservices/users.service.ts[0m:[93m63[0m:[93m49[0m - [91merror[0m[90m TS2355: [0mA function whose declared type is neither 'void' nor 'any' must return a value.

[7m63[0m     public async getUserByEmail(email: String): Promise<User> {
[7m  [0m [91m                                                ~~~~~~~~~~~~~[0m

TSError: тип Unable to compile TypeScript:
[96mservices/users.service.ts[0m:[93m63[0m:[93m49[0m - [91merror[0m[90m TS2355: [0mA function whose declared type is neither 'void' nor 'any' must return a value.

[7m63[0m     public async getUserByEmail(email: String): Promise<User> {
[7m  [0m [91m                                                ~~~~~~~~~~~~~[0m

    at createTSError (/usr/local/lib/node_modules/ts-node/src/index.ts:859:12)
    at reportTSError (/usr/local/lib/node_modules/ts-node/src/index.ts:863:19)
    at getOutput (/usr/local/lib/node_modules/ts-node/src/index.ts:1077:36)
    at Object.compile (/usr/local/lib/node_modules/ts-node/src/index.ts:1433:41)
    at Module.m._compile (/usr/local/lib/node_modules/ts-node/src/index.ts:1617:30)
    at Module._extensions..js (node:internal/modules/cjs/loader:1153:10)
    at Object.require.extensions.<computed> [as .ts] (/usr/local/lib/node_modules/ts-node/src/index.ts:1621:12)
    at Module.load (node:internal/modules/cjs/loader:981:32)
    at Function.Module._load (node:internal/modules/cjs/loader:822:12)
    at Module.require (node:internal/modules/cjs/loader:1005:19)
2022-11-16 22:26:06 error: uncaughtException: тип Unable to compile TypeScript:
[96mcontrollers/users.controller.ts[0m:[93m63[0m:[93m40[0m - [91merror[0m[90m TS2304: [0mCannot find name 'Req'.

[7m63[0m     public getUserByEmail = async(req: Req)
[7m  [0m [91m                                       ~~~[0m
[96mcontrollers/users.controller.ts[0m:[93m64[0m:[93m1[0m - [91merror[0m[90m TS1005: [0m'=>' expected.

[7m64[0m }
[7m  [0m [91m~[0m

TSError: тип Unable to compile TypeScript:
[96mcontrollers/users.controller.ts[0m:[93m63[0m:[93m40[0m - [91merror[0m[90m TS2304: [0mCannot find name 'Req'.

[7m63[0m     public getUserByEmail = async(req: Req)
[7m  [0m [91m                                       ~~~[0m
[96mcontrollers/users.controller.ts[0m:[93m64[0m:[93m1[0m - [91merror[0m[90m TS1005: [0m'=>' expected.

[7m64[0m }
[7m  [0m [91m~[0m

    at createTSError (/usr/local/lib/node_modules/ts-node/src/index.ts:859:12)
    at reportTSError (/usr/local/lib/node_modules/ts-node/src/index.ts:863:19)
    at getOutput (/usr/local/lib/node_modules/ts-node/src/index.ts:1077:36)
    at Object.compile (/usr/local/lib/node_modules/ts-node/src/index.ts:1433:41)
    at Module.m._compile (/usr/local/lib/node_modules/ts-node/src/index.ts:1617:30)
    at Module._extensions..js (node:internal/modules/cjs/loader:1153:10)
    at Object.require.extensions.<computed> [as .ts] (/usr/local/lib/node_modules/ts-node/src/index.ts:1621:12)
    at Module.load (node:internal/modules/cjs/loader:981:32)
    at Function.Module._load (node:internal/modules/cjs/loader:822:12)
    at Module.require (node:internal/modules/cjs/loader:1005:19)
2022-11-16 22:26:08 error: uncaughtException: тип Unable to compile TypeScript:
[96mcontrollers/users.controller.ts[0m:[93m62[0m:[93m12[0m - [91merror[0m[90m TS2300: [0mDuplicate identifier 'deleteUser'.

[7m62[0m     public deleteUser = async(req: Request, res: Response, next: NextFunction) => {
[7m  [0m [91m           ~~~~~~~~~~[0m
[96mcontrollers/users.controller.ts[0m:[93m72[0m:[93m40[0m - [91merror[0m[90m TS2304: [0mCannot find name 'Req'.

[7m72[0m     public getUserByEmail = async(req: Req)
[7m  [0m [91m                                       ~~~[0m
[96mcontrollers/users.controller.ts[0m:[93m73[0m:[93m1[0m - [91merror[0m[90m TS1005: [0m'=>' expected.

[7m73[0m }
[7m  [0m [91m~[0m

TSError: тип Unable to compile TypeScript:
[96mcontrollers/users.controller.ts[0m:[93m62[0m:[93m12[0m - [91merror[0m[90m TS2300: [0mDuplicate identifier 'deleteUser'.

[7m62[0m     public deleteUser = async(req: Request, res: Response, next: NextFunction) => {
[7m  [0m [91m           ~~~~~~~~~~[0m
[96mcontrollers/users.controller.ts[0m:[93m72[0m:[93m40[0m - [91merror[0m[90m TS2304: [0mCannot find name 'Req'.

[7m72[0m     public getUserByEmail = async(req: Req)
[7m  [0m [91m                                       ~~~[0m
[96mcontrollers/users.controller.ts[0m:[93m73[0m:[93m1[0m - [91merror[0m[90m TS1005: [0m'=>' expected.

[7m73[0m }
[7m  [0m [91m~[0m

    at createTSError (/usr/local/lib/node_modules/ts-node/src/index.ts:859:12)
    at reportTSError (/usr/local/lib/node_modules/ts-node/src/index.ts:863:19)
    at getOutput (/usr/local/lib/node_modules/ts-node/src/index.ts:1077:36)
    at Object.compile (/usr/local/lib/node_modules/ts-node/src/index.ts:1433:41)
    at Module.m._compile (/usr/local/lib/node_modules/ts-node/src/index.ts:1617:30)
    at Module._extensions..js (node:internal/modules/cjs/loader:1153:10)
    at Object.require.extensions.<computed> [as .ts] (/usr/local/lib/node_modules/ts-node/src/index.ts:1621:12)
    at Module.load (node:internal/modules/cjs/loader:981:32)
    at Function.Module._load (node:internal/modules/cjs/loader:822:12)
    at Module.require (node:internal/modules/cjs/loader:1005:19)
2022-11-16 22:26:39 error: uncaughtException: тип Unable to compile TypeScript:
[96mcontrollers/users.controller.ts[0m:[93m64[0m:[93m41[0m - [91merror[0m[90m TS2339: [0mProperty 'email' does not exist on type '(name: string, defaultValue?: any) => string'.

[7m64[0m         const userId:string = req.param.email;
[7m  [0m [91m                                        ~~~~~[0m

TSError: тип Unable to compile TypeScript:
[96mcontrollers/users.controller.ts[0m:[93m64[0m:[93m41[0m - [91merror[0m[90m TS2339: [0mProperty 'email' does not exist on type '(name: string, defaultValue?: any) => string'.

[7m64[0m         const userId:string = req.param.email;
[7m  [0m [91m                                        ~~~~~[0m

    at createTSError (/usr/local/lib/node_modules/ts-node/src/index.ts:859:12)
    at reportTSError (/usr/local/lib/node_modules/ts-node/src/index.ts:863:19)
    at getOutput (/usr/local/lib/node_modules/ts-node/src/index.ts:1077:36)
    at Object.compile (/usr/local/lib/node_modules/ts-node/src/index.ts:1433:41)
    at Module.m._compile (/usr/local/lib/node_modules/ts-node/src/index.ts:1617:30)
    at Module._extensions..js (node:internal/modules/cjs/loader:1153:10)
    at Object.require.extensions.<computed> [as .ts] (/usr/local/lib/node_modules/ts-node/src/index.ts:1621:12)
    at Module.load (node:internal/modules/cjs/loader:981:32)
    at Function.Module._load (node:internal/modules/cjs/loader:822:12)
    at Module.require (node:internal/modules/cjs/loader:1005:19)
2022-11-16 22:26:47 error: uncaughtException: тип Unable to compile TypeScript:
[96mcontrollers/users.controller.ts[0m:[93m64[0m:[93m40[0m - [91merror[0m[90m TS2339: [0mProperty 'email' does not exist on type '(name: string, defaultValue?: any) => string'.

[7m64[0m         const email:string = req.param.email;
[7m  [0m [91m                                       ~~~~~[0m
[96mcontrollers/users.controller.ts[0m:[93m65[0m:[93m70[0m - [91merror[0m[90m TS2304: [0mCannot find name 'userId'.

[7m65[0m         const userData: User = await this.userService.getUserByEmail(userId);
[7m  [0m [91m                                                                     ~~~~~~[0m

TSError: тип Unable to compile TypeScript:
[96mcontrollers/users.controller.ts[0m:[93m64[0m:[93m40[0m - [91merror[0m[90m TS2339: [0mProperty 'email' does not exist on type '(name: string, defaultValue?: any) => string'.

[7m64[0m         const email:string = req.param.email;
[7m  [0m [91m                                       ~~~~~[0m
[96mcontrollers/users.controller.ts[0m:[93m65[0m:[93m70[0m - [91merror[0m[90m TS2304: [0mCannot find name 'userId'.

[7m65[0m         const userData: User = await this.userService.getUserByEmail(userId);
[7m  [0m [91m                                                                     ~~~~~~[0m

    at createTSError (/usr/local/lib/node_modules/ts-node/src/index.ts:859:12)
    at reportTSError (/usr/local/lib/node_modules/ts-node/src/index.ts:863:19)
    at getOutput (/usr/local/lib/node_modules/ts-node/src/index.ts:1077:36)
    at Object.compile (/usr/local/lib/node_modules/ts-node/src/index.ts:1433:41)
    at Module.m._compile (/usr/local/lib/node_modules/ts-node/src/index.ts:1617:30)
    at Module._extensions..js (node:internal/modules/cjs/loader:1153:10)
    at Object.require.extensions.<computed> [as .ts] (/usr/local/lib/node_modules/ts-node/src/index.ts:1621:12)
    at Module.load (node:internal/modules/cjs/loader:981:32)
    at Function.Module._load (node:internal/modules/cjs/loader:822:12)
    at Module.require (node:internal/modules/cjs/loader:1005:19)
2022-11-16 22:27:03 error: uncaughtException: тип Unable to compile TypeScript:
[96mcontrollers/users.controller.ts[0m:[93m64[0m:[93m40[0m - [91merror[0m[90m TS2339: [0mProperty 'email' does not exist on type '(name: string, defaultValue?: any) => string'.

[7m64[0m         const email:string = req.param.email;
[7m  [0m [91m                                       ~~~~~[0m
[96mcontrollers/users.controller.ts[0m:[93m65[0m:[93m70[0m - [91merror[0m[90m TS2304: [0mCannot find name 'userId'.

[7m65[0m         const userData: User = await this.userService.getUserByEmail(userId);
[7m  [0m [91m                                                                     ~~~~~~[0m

TSError: тип Unable to compile TypeScript:
[96mcontrollers/users.controller.ts[0m:[93m64[0m:[93m40[0m - [91merror[0m[90m TS2339: [0mProperty 'email' does not exist on type '(name: string, defaultValue?: any) => string'.

[7m64[0m         const email:string = req.param.email;
[7m  [0m [91m                                       ~~~~~[0m
[96mcontrollers/users.controller.ts[0m:[93m65[0m:[93m70[0m - [91merror[0m[90m TS2304: [0mCannot find name 'userId'.

[7m65[0m         const userData: User = await this.userService.getUserByEmail(userId);
[7m  [0m [91m                                                                     ~~~~~~[0m

    at createTSError (/usr/local/lib/node_modules/ts-node/src/index.ts:859:12)
    at reportTSError (/usr/local/lib/node_modules/ts-node/src/index.ts:863:19)
    at getOutput (/usr/local/lib/node_modules/ts-node/src/index.ts:1077:36)
    at Object.compile (/usr/local/lib/node_modules/ts-node/src/index.ts:1433:41)
    at Module.m._compile (/usr/local/lib/node_modules/ts-node/src/index.ts:1617:30)
    at Module._extensions..js (node:internal/modules/cjs/loader:1153:10)
    at Object.require.extensions.<computed> [as .ts] (/usr/local/lib/node_modules/ts-node/src/index.ts:1621:12)
    at Module.load (node:internal/modules/cjs/loader:981:32)
    at Function.Module._load (node:internal/modules/cjs/loader:822:12)
    at Module.require (node:internal/modules/cjs/loader:1005:19)
2022-11-16 22:27:17 error: uncaughtException: тип Unable to compile TypeScript:
[96mcontrollers/users.controller.ts[0m:[93m64[0m:[93m40[0m - [91merror[0m[90m TS2339: [0mProperty 'id' does not exist on type '(name: string, defaultValue?: any) => string'.

[7m64[0m         const email:string = req.param.id;
[7m  [0m [91m                                       ~~[0m
[96mcontrollers/users.controller.ts[0m:[93m65[0m:[93m70[0m - [91merror[0m[90m TS2304: [0mCannot find name 'userId'.

[7m65[0m         const userData: User = await this.userService.getUserByEmail(userId);
[7m  [0m [91m                                                                     ~~~~~~[0m

TSError: тип Unable to compile TypeScript:
[96mcontrollers/users.controller.ts[0m:[93m64[0m:[93m40[0m - [91merror[0m[90m TS2339: [0mProperty 'id' does not exist on type '(name: string, defaultValue?: any) => string'.

[7m64[0m         const email:string = req.param.id;
[7m  [0m [91m                                       ~~[0m
[96mcontrollers/users.controller.ts[0m:[93m65[0m:[93m70[0m - [91merror[0m[90m TS2304: [0mCannot find name 'userId'.

[7m65[0m         const userData: User = await this.userService.getUserByEmail(userId);
[7m  [0m [91m                                                                     ~~~~~~[0m

    at createTSError (/usr/local/lib/node_modules/ts-node/src/index.ts:859:12)
    at reportTSError (/usr/local/lib/node_modules/ts-node/src/index.ts:863:19)
    at getOutput (/usr/local/lib/node_modules/ts-node/src/index.ts:1077:36)
    at Object.compile (/usr/local/lib/node_modules/ts-node/src/index.ts:1433:41)
    at Module.m._compile (/usr/local/lib/node_modules/ts-node/src/index.ts:1617:30)
    at Module._extensions..js (node:internal/modules/cjs/loader:1153:10)
    at Object.require.extensions.<computed> [as .ts] (/usr/local/lib/node_modules/ts-node/src/index.ts:1621:12)
    at Module.load (node:internal/modules/cjs/loader:981:32)
    at Function.Module._load (node:internal/modules/cjs/loader:822:12)
    at Module.require (node:internal/modules/cjs/loader:1005:19)
2022-11-16 22:27:26 error: uncaughtException: тип Unable to compile TypeScript:
[96mcontrollers/users.controller.ts[0m:[93m65[0m:[93m40[0m - [91merror[0m[90m TS2339: [0mProperty 'id' does not exist on type '(name: string, defaultValue?: any) => string'.

[7m65[0m         const email:string = req.param.id;
[7m  [0m [91m                                       ~~[0m
[96mcontrollers/users.controller.ts[0m:[93m66[0m:[93m70[0m - [91merror[0m[90m TS2304: [0mCannot find name 'userId'.

[7m66[0m         const userData: User = await this.userService.getUserByEmail(userId);
[7m  [0m [91m                                                                     ~~~~~~[0m

TSError: тип Unable to compile TypeScript:
[96mcontrollers/users.controller.ts[0m:[93m65[0m:[93m40[0m - [91merror[0m[90m TS2339: [0mProperty 'id' does not exist on type '(name: string, defaultValue?: any) => string'.

[7m65[0m         const email:string = req.param.id;
[7m  [0m [91m                                       ~~[0m
[96mcontrollers/users.controller.ts[0m:[93m66[0m:[93m70[0m - [91merror[0m[90m TS2304: [0mCannot find name 'userId'.

[7m66[0m         const userData: User = await this.userService.getUserByEmail(userId);
[7m  [0m [91m                                                                     ~~~~~~[0m

    at createTSError (/usr/local/lib/node_modules/ts-node/src/index.ts:859:12)
    at reportTSError (/usr/local/lib/node_modules/ts-node/src/index.ts:863:19)
    at getOutput (/usr/local/lib/node_modules/ts-node/src/index.ts:1077:36)
    at Object.compile (/usr/local/lib/node_modules/ts-node/src/index.ts:1433:41)
    at Module.m._compile (/usr/local/lib/node_modules/ts-node/src/index.ts:1617:30)
    at Module._extensions..js (node:internal/modules/cjs/loader:1153:10)
    at Object.require.extensions.<computed> [as .ts] (/usr/local/lib/node_modules/ts-node/src/index.ts:1621:12)
    at Module.load (node:internal/modules/cjs/loader:981:32)
    at Function.Module._load (node:internal/modules/cjs/loader:822:12)
    at Module.require (node:internal/modules/cjs/loader:1005:19)
2022-11-16 22:28:25 error: uncaughtException: тип Unable to compile TypeScript:
[96mcontrollers/users.controller.ts[0m:[93m65[0m:[93m40[0m - [91merror[0m[90m TS2339: [0mProperty 'id' does not exist on type '(name: string, defaultValue?: any) => string'.

[7m65[0m         const email:string = req.param.id;
[7m  [0m [91m                                       ~~[0m

TSError: тип Unable to compile TypeScript:
[96mcontrollers/users.controller.ts[0m:[93m65[0m:[93m40[0m - [91merror[0m[90m TS2339: [0mProperty 'id' does not exist on type '(name: string, defaultValue?: any) => string'.

[7m65[0m         const email:string = req.param.id;
[7m  [0m [91m                                       ~~[0m

    at createTSError (/usr/local/lib/node_modules/ts-node/src/index.ts:859:12)
    at reportTSError (/usr/local/lib/node_modules/ts-node/src/index.ts:863:19)
    at getOutput (/usr/local/lib/node_modules/ts-node/src/index.ts:1077:36)
    at Object.compile (/usr/local/lib/node_modules/ts-node/src/index.ts:1433:41)
    at Module.m._compile (/usr/local/lib/node_modules/ts-node/src/index.ts:1617:30)
    at Module._extensions..js (node:internal/modules/cjs/loader:1153:10)
    at Object.require.extensions.<computed> [as .ts] (/usr/local/lib/node_modules/ts-node/src/index.ts:1621:12)
    at Module.load (node:internal/modules/cjs/loader:981:32)
    at Function.Module._load (node:internal/modules/cjs/loader:822:12)
    at Module.require (node:internal/modules/cjs/loader:1005:19)
2022-11-16 22:28:35 error: uncaughtException: тип Unable to compile TypeScript:
[96mcontrollers/users.controller.ts[0m:[93m62[0m:[93m12[0m - [91merror[0m[90m TS2300: [0mDuplicate identifier 'deleteUser'.

[7m62[0m     public deleteUser = async(req: Request, res: Response, next: NextFunction) => {
[7m  [0m [91m           ~~~~~~~~~~[0m
[96mcontrollers/users.controller.ts[0m:[93m74[0m:[93m40[0m - [91merror[0m[90m TS2339: [0mProperty 'id' does not exist on type '(name: string, defaultValue?: any) => string'.

[7m74[0m         const email:string = req.param.id;
[7m  [0m [91m                                       ~~[0m

TSError: тип Unable to compile TypeScript:
[96mcontrollers/users.controller.ts[0m:[93m62[0m:[93m12[0m - [91merror[0m[90m TS2300: [0mDuplicate identifier 'deleteUser'.

[7m62[0m     public deleteUser = async(req: Request, res: Response, next: NextFunction) => {
[7m  [0m [91m           ~~~~~~~~~~[0m
[96mcontrollers/users.controller.ts[0m:[93m74[0m:[93m40[0m - [91merror[0m[90m TS2339: [0mProperty 'id' does not exist on type '(name: string, defaultValue?: any) => string'.

[7m74[0m         const email:string = req.param.id;
[7m  [0m [91m                                       ~~[0m

    at createTSError (/usr/local/lib/node_modules/ts-node/src/index.ts:859:12)
    at reportTSError (/usr/local/lib/node_modules/ts-node/src/index.ts:863:19)
    at getOutput (/usr/local/lib/node_modules/ts-node/src/index.ts:1077:36)
    at Object.compile (/usr/local/lib/node_modules/ts-node/src/index.ts:1433:41)
    at Module.m._compile (/usr/local/lib/node_modules/ts-node/src/index.ts:1617:30)
    at Module._extensions..js (node:internal/modules/cjs/loader:1153:10)
    at Object.require.extensions.<computed> [as .ts] (/usr/local/lib/node_modules/ts-node/src/index.ts:1621:12)
    at Module.load (node:internal/modules/cjs/loader:981:32)
    at Function.Module._load (node:internal/modules/cjs/loader:822:12)
    at Module.require (node:internal/modules/cjs/loader:1005:19)
2022-11-16 22:28:40 error: uncaughtException: тип Unable to compile TypeScript:
[96mcontrollers/users.controller.ts[0m:[93m73[0m:[93m12[0m - [91merror[0m[90m TS2300: [0mDuplicate identifier 'getUserByEmail'.

[7m73[0m     public getUserByEmail = async(req: Request, res: Response, next: NextFunction) => {
[7m  [0m [91m           ~~~~~~~~~~~~~~[0m
[96mcontrollers/users.controller.ts[0m:[93m75[0m:[93m40[0m - [91merror[0m[90m TS2339: [0mProperty 'id' does not exist on type '(name: string, defaultValue?: any) => string'.

[7m75[0m         const email:string = req.param.id;
[7m  [0m [91m                                       ~~[0m

TSError: тип Unable to compile TypeScript:
[96mcontrollers/users.controller.ts[0m:[93m73[0m:[93m12[0m - [91merror[0m[90m TS2300: [0mDuplicate identifier 'getUserByEmail'.

[7m73[0m     public getUserByEmail = async(req: Request, res: Response, next: NextFunction) => {
[7m  [0m [91m           ~~~~~~~~~~~~~~[0m
[96mcontrollers/users.controller.ts[0m:[93m75[0m:[93m40[0m - [91merror[0m[90m TS2339: [0mProperty 'id' does not exist on type '(name: string, defaultValue?: any) => string'.

[7m75[0m         const email:string = req.param.id;
[7m  [0m [91m                                       ~~[0m

    at createTSError (/usr/local/lib/node_modules/ts-node/src/index.ts:859:12)
    at reportTSError (/usr/local/lib/node_modules/ts-node/src/index.ts:863:19)
    at getOutput (/usr/local/lib/node_modules/ts-node/src/index.ts:1077:36)
    at Object.compile (/usr/local/lib/node_modules/ts-node/src/index.ts:1433:41)
    at Module.m._compile (/usr/local/lib/node_modules/ts-node/src/index.ts:1617:30)
    at Module._extensions..js (node:internal/modules/cjs/loader:1153:10)
    at Object.require.extensions.<computed> [as .ts] (/usr/local/lib/node_modules/ts-node/src/index.ts:1621:12)
    at Module.load (node:internal/modules/cjs/loader:981:32)
    at Function.Module._load (node:internal/modules/cjs/loader:822:12)
    at Module.require (node:internal/modules/cjs/loader:1005:19)
2022-11-16 22:28:43 error: uncaughtException: тип Unable to compile TypeScript:
[96mcontrollers/users.controller.ts[0m:[93m73[0m:[93m12[0m - [91merror[0m[90m TS2300: [0mDuplicate identifier 'getUserByEmail'.

[7m73[0m     public getUserByEmail = async(req: Request, res: Response, next: NextFunction) => {
[7m  [0m [91m           ~~~~~~~~~~~~~~[0m
[96mcontrollers/users.controller.ts[0m:[93m75[0m:[93m40[0m - [91merror[0m[90m TS2339: [0mProperty 'id' does not exist on type '(name: string, defaultValue?: any) => string'.

[7m75[0m         const email:string = req.param.id;
[7m  [0m [91m                                       ~~[0m

TSError: тип Unable to compile TypeScript:
[96mcontrollers/users.controller.ts[0m:[93m73[0m:[93m12[0m - [91merror[0m[90m TS2300: [0mDuplicate identifier 'getUserByEmail'.

[7m73[0m     public getUserByEmail = async(req: Request, res: Response, next: NextFunction) => {
[7m  [0m [91m           ~~~~~~~~~~~~~~[0m
[96mcontrollers/users.controller.ts[0m:[93m75[0m:[93m40[0m - [91merror[0m[90m TS2339: [0mProperty 'id' does not exist on type '(name: string, defaultValue?: any) => string'.

[7m75[0m         const email:string = req.param.id;
[7m  [0m [91m                                       ~~[0m

    at createTSError (/usr/local/lib/node_modules/ts-node/src/index.ts:859:12)
    at reportTSError (/usr/local/lib/node_modules/ts-node/src/index.ts:863:19)
    at getOutput (/usr/local/lib/node_modules/ts-node/src/index.ts:1077:36)
    at Object.compile (/usr/local/lib/node_modules/ts-node/src/index.ts:1433:41)
    at Module.m._compile (/usr/local/lib/node_modules/ts-node/src/index.ts:1617:30)
    at Module._extensions..js (node:internal/modules/cjs/loader:1153:10)
    at Object.require.extensions.<computed> [as .ts] (/usr/local/lib/node_modules/ts-node/src/index.ts:1621:12)
    at Module.load (node:internal/modules/cjs/loader:981:32)
    at Function.Module._load (node:internal/modules/cjs/loader:822:12)
    at Module.require (node:internal/modules/cjs/loader:1005:19)
2022-11-16 22:28:50 error: uncaughtException: тип Unable to compile TypeScript:
[96mcontrollers/users.controller.ts[0m:[93m73[0m:[93m12[0m - [91merror[0m[90m TS2300: [0mDuplicate identifier 'getUserByEmail'.

[7m73[0m     public getUserByEmail = async(req: Request, res: Response, next: NextFunction) => {
[7m  [0m [91m           ~~~~~~~~~~~~~~[0m
[96mcontrollers/users.controller.ts[0m:[93m75[0m:[93m40[0m - [91merror[0m[90m TS2339: [0mProperty 'id' does not exist on type '(name: string, defaultValue?: any) => string'.

[7m75[0m         const email:string = req.param.id;
[7m  [0m [91m                                       ~~[0m

TSError: тип Unable to compile TypeScript:
[96mcontrollers/users.controller.ts[0m:[93m73[0m:[93m12[0m - [91merror[0m[90m TS2300: [0mDuplicate identifier 'getUserByEmail'.

[7m73[0m     public getUserByEmail = async(req: Request, res: Response, next: NextFunction) => {
[7m  [0m [91m           ~~~~~~~~~~~~~~[0m
[96mcontrollers/users.controller.ts[0m:[93m75[0m:[93m40[0m - [91merror[0m[90m TS2339: [0mProperty 'id' does not exist on type '(name: string, defaultValue?: any) => string'.

[7m75[0m         const email:string = req.param.id;
[7m  [0m [91m                                       ~~[0m

    at createTSError (/usr/local/lib/node_modules/ts-node/src/index.ts:859:12)
    at reportTSError (/usr/local/lib/node_modules/ts-node/src/index.ts:863:19)
    at getOutput (/usr/local/lib/node_modules/ts-node/src/index.ts:1077:36)
    at Object.compile (/usr/local/lib/node_modules/ts-node/src/index.ts:1433:41)
    at Module.m._compile (/usr/local/lib/node_modules/ts-node/src/index.ts:1617:30)
    at Module._extensions..js (node:internal/modules/cjs/loader:1153:10)
    at Object.require.extensions.<computed> [as .ts] (/usr/local/lib/node_modules/ts-node/src/index.ts:1621:12)
    at Module.load (node:internal/modules/cjs/loader:981:32)
    at Function.Module._load (node:internal/modules/cjs/loader:822:12)
    at Module.require (node:internal/modules/cjs/loader:1005:19)
