2022-11-06 14:39:56 error: uncaughtException: тип Unable to compile TypeScript:
[96mroutes/users.route.ts[0m:[93m19[0m:[93m62[0m - [91merror[0m[90m TS2339: [0mProperty 'getUserById' does not exist on type 'UsersController'.

[7m19[0m     this.router.get(`${this.path}/:id`, this.usersController.getUserById);
[7m  [0m [91m                                                             ~~~~~~~~~~~[0m

TSError: тип Unable to compile TypeScript:
[96mroutes/users.route.ts[0m:[93m19[0m:[93m62[0m - [91merror[0m[90m TS2339: [0mProperty 'getUserById' does not exist on type 'UsersController'.

[7m19[0m     this.router.get(`${this.path}/:id`, this.usersController.getUserById);
[7m  [0m [91m                                                             ~~~~~~~~~~~[0m

    at createTSError (/usr/local/lib/node_modules/ts-node/src/index.ts:859:12)
    at reportTSError (/usr/local/lib/node_modules/ts-node/src/index.ts:863:19)
    at getOutput (/usr/local/lib/node_modules/ts-node/src/index.ts:1077:36)
    at Object.compile (/usr/local/lib/node_modules/ts-node/src/index.ts:1433:41)
    at Module.m._compile (/usr/local/lib/node_modules/ts-node/src/index.ts:1617:30)
    at Module._extensions..js (node:internal/modules/cjs/loader:1153:10)
    at Object.require.extensions.<computed> [as .ts] (/usr/local/lib/node_modules/ts-node/src/index.ts:1621:12)
    at Module.load (node:internal/modules/cjs/loader:981:32)
    at Function.Module._load (node:internal/modules/cjs/loader:822:12)
    at Module.require (node:internal/modules/cjs/loader:1005:19)
2022-11-06 14:40:08 error: uncaughtException: тип Unable to compile TypeScript:
[96mcontrollers/users.controller.ts[0m:[93m30[0m:[93m14[0m - [91merror[0m[90m TS7008: [0mMember 'getUserById' implicitly has an 'any' type.

[7m30[0m       public getUserById
[7m  [0m [91m             ~~~~~~~~~~~[0m

TSError: тип Unable to compile TypeScript:
[96mcontrollers/users.controller.ts[0m:[93m30[0m:[93m14[0m - [91merror[0m[90m TS7008: [0mMember 'getUserById' implicitly has an 'any' type.

[7m30[0m       public getUserById
[7m  [0m [91m             ~~~~~~~~~~~[0m

    at createTSError (/usr/local/lib/node_modules/ts-node/src/index.ts:859:12)
    at reportTSError (/usr/local/lib/node_modules/ts-node/src/index.ts:863:19)
    at getOutput (/usr/local/lib/node_modules/ts-node/src/index.ts:1077:36)
    at Object.compile (/usr/local/lib/node_modules/ts-node/src/index.ts:1433:41)
    at Module.m._compile (/usr/local/lib/node_modules/ts-node/src/index.ts:1617:30)
    at Module._extensions..js (node:internal/modules/cjs/loader:1153:10)
    at Object.require.extensions.<computed> [as .ts] (/usr/local/lib/node_modules/ts-node/src/index.ts:1621:12)
    at Module.load (node:internal/modules/cjs/loader:981:32)
    at Function.Module._load (node:internal/modules/cjs/loader:822:12)
    at Module.require (node:internal/modules/cjs/loader:1005:19)
2022-11-06 14:40:10 error: uncaughtException: тип Unable to compile TypeScript:
[96mcontrollers/users.controller.ts[0m:[93m30[0m:[93m12[0m - [91merror[0m[90m TS7008: [0mMember 'getUserById' implicitly has an 'any' type.

[7m30[0m     public getUserById
[7m  [0m [91m           ~~~~~~~~~~~[0m

TSError: тип Unable to compile TypeScript:
[96mcontrollers/users.controller.ts[0m:[93m30[0m:[93m12[0m - [91merror[0m[90m TS7008: [0mMember 'getUserById' implicitly has an 'any' type.

[7m30[0m     public getUserById
[7m  [0m [91m           ~~~~~~~~~~~[0m

    at createTSError (/usr/local/lib/node_modules/ts-node/src/index.ts:859:12)
    at reportTSError (/usr/local/lib/node_modules/ts-node/src/index.ts:863:19)
    at getOutput (/usr/local/lib/node_modules/ts-node/src/index.ts:1077:36)
    at Object.compile (/usr/local/lib/node_modules/ts-node/src/index.ts:1433:41)
    at Module.m._compile (/usr/local/lib/node_modules/ts-node/src/index.ts:1617:30)
    at Module._extensions..js (node:internal/modules/cjs/loader:1153:10)
    at Object.require.extensions.<computed> [as .ts] (/usr/local/lib/node_modules/ts-node/src/index.ts:1621:12)
    at Module.load (node:internal/modules/cjs/loader:981:32)
    at Function.Module._load (node:internal/modules/cjs/loader:822:12)
    at Module.require (node:internal/modules/cjs/loader:1005:19)
2022-11-06 14:40:24 error: uncaughtException: тип Unable to compile TypeScript:
[96mcontrollers/users.controller.ts[0m:[93m34[0m:[93m5[0m - [91merror[0m[90m TS1472: [0m'catch' or 'finally' expected.

[7m34[0m     }
[7m  [0m [91m    ~[0m

TSError: тип Unable to compile TypeScript:
[96mcontrollers/users.controller.ts[0m:[93m34[0m:[93m5[0m - [91merror[0m[90m TS1472: [0m'catch' or 'finally' expected.

[7m34[0m     }
[7m  [0m [91m    ~[0m

    at createTSError (/usr/local/lib/node_modules/ts-node/src/index.ts:859:12)
    at reportTSError (/usr/local/lib/node_modules/ts-node/src/index.ts:863:19)
    at getOutput (/usr/local/lib/node_modules/ts-node/src/index.ts:1077:36)
    at Object.compile (/usr/local/lib/node_modules/ts-node/src/index.ts:1433:41)
    at Module.m._compile (/usr/local/lib/node_modules/ts-node/src/index.ts:1617:30)
    at Module._extensions..js (node:internal/modules/cjs/loader:1153:10)
    at Object.require.extensions.<computed> [as .ts] (/usr/local/lib/node_modules/ts-node/src/index.ts:1621:12)
    at Module.load (node:internal/modules/cjs/loader:981:32)
    at Function.Module._load (node:internal/modules/cjs/loader:822:12)
    at Module.require (node:internal/modules/cjs/loader:1005:19)
2022-11-06 14:40:43 error: uncaughtException: тип Unable to compile TypeScript:
[96mcontrollers/users.controller.ts[0m:[93m32[0m:[93m14[0m - [91merror[0m[90m TS1123: [0mVariable declaration list cannot be empty.

[7m32[0m         const
[7m  [0m [91m             [0m

TSError: тип Unable to compile TypeScript:
[96mcontrollers/users.controller.ts[0m:[93m32[0m:[93m14[0m - [91merror[0m[90m TS1123: [0mVariable declaration list cannot be empty.

[7m32[0m         const
[7m  [0m [91m             [0m

    at createTSError (/usr/local/lib/node_modules/ts-node/src/index.ts:859:12)
    at reportTSError (/usr/local/lib/node_modules/ts-node/src/index.ts:863:19)
    at getOutput (/usr/local/lib/node_modules/ts-node/src/index.ts:1077:36)
    at Object.compile (/usr/local/lib/node_modules/ts-node/src/index.ts:1433:41)
    at Module.m._compile (/usr/local/lib/node_modules/ts-node/src/index.ts:1617:30)
    at Module._extensions..js (node:internal/modules/cjs/loader:1153:10)
    at Object.require.extensions.<computed> [as .ts] (/usr/local/lib/node_modules/ts-node/src/index.ts:1621:12)
    at Module.load (node:internal/modules/cjs/loader:981:32)
    at Function.Module._load (node:internal/modules/cjs/loader:822:12)
    at Module.require (node:internal/modules/cjs/loader:1005:19)
2022-11-06 14:40:53 error: uncaughtException: тип Unable to compile TypeScript:
[96mcontrollers/users.controller.ts[0m:[93m33[0m:[93m7[0m - [91merror[0m[90m TS1109: [0mExpression expected.

[7m33[0m       } catch (error) {
[7m  [0m [91m      ~[0m

TSError: тип Unable to compile TypeScript:
[96mcontrollers/users.controller.ts[0m:[93m33[0m:[93m7[0m - [91merror[0m[90m TS1109: [0mExpression expected.

[7m33[0m       } catch (error) {
[7m  [0m [91m      ~[0m

    at createTSError (/usr/local/lib/node_modules/ts-node/src/index.ts:859:12)
    at reportTSError (/usr/local/lib/node_modules/ts-node/src/index.ts:863:19)
    at getOutput (/usr/local/lib/node_modules/ts-node/src/index.ts:1077:36)
    at Object.compile (/usr/local/lib/node_modules/ts-node/src/index.ts:1433:41)
    at Module.m._compile (/usr/local/lib/node_modules/ts-node/src/index.ts:1617:30)
    at Module._extensions..js (node:internal/modules/cjs/loader:1153:10)
    at Object.require.extensions.<computed> [as .ts] (/usr/local/lib/node_modules/ts-node/src/index.ts:1621:12)
    at Module.load (node:internal/modules/cjs/loader:981:32)
    at Function.Module._load (node:internal/modules/cjs/loader:822:12)
    at Module.require (node:internal/modules/cjs/loader:1005:19)
2022-11-06 14:40:57 error: uncaughtException: тип Unable to compile TypeScript:
[96mcontrollers/users.controller.ts[0m:[93m33[0m:[93m7[0m - [91merror[0m[90m TS1109: [0mExpression expected.

[7m33[0m       } catch (error) {
[7m  [0m [91m      ~[0m

TSError: тип Unable to compile TypeScript:
[96mcontrollers/users.controller.ts[0m:[93m33[0m:[93m7[0m - [91merror[0m[90m TS1109: [0mExpression expected.

[7m33[0m       } catch (error) {
[7m  [0m [91m      ~[0m

    at createTSError (/usr/local/lib/node_modules/ts-node/src/index.ts:859:12)
    at reportTSError (/usr/local/lib/node_modules/ts-node/src/index.ts:863:19)
    at getOutput (/usr/local/lib/node_modules/ts-node/src/index.ts:1077:36)
    at Object.compile (/usr/local/lib/node_modules/ts-node/src/index.ts:1433:41)
    at Module.m._compile (/usr/local/lib/node_modules/ts-node/src/index.ts:1617:30)
    at Module._extensions..js (node:internal/modules/cjs/loader:1153:10)
    at Object.require.extensions.<computed> [as .ts] (/usr/local/lib/node_modules/ts-node/src/index.ts:1621:12)
    at Module.load (node:internal/modules/cjs/loader:981:32)
    at Function.Module._load (node:internal/modules/cjs/loader:822:12)
    at Module.require (node:internal/modules/cjs/loader:1005:19)
2022-11-06 14:41:23 error: uncaughtException: тип Unable to compile TypeScript:
[96mcontrollers/users.controller.ts[0m:[93m34[0m:[93m7[0m - [91merror[0m[90m TS1109: [0mExpression expected.

[7m34[0m       } catch (error) {
[7m  [0m [91m      ~[0m

TSError: тип Unable to compile TypeScript:
[96mcontrollers/users.controller.ts[0m:[93m34[0m:[93m7[0m - [91merror[0m[90m TS1109: [0mExpression expected.

[7m34[0m       } catch (error) {
[7m  [0m [91m      ~[0m

    at createTSError (/usr/local/lib/node_modules/ts-node/src/index.ts:859:12)
    at reportTSError (/usr/local/lib/node_modules/ts-node/src/index.ts:863:19)
    at getOutput (/usr/local/lib/node_modules/ts-node/src/index.ts:1077:36)
    at Object.compile (/usr/local/lib/node_modules/ts-node/src/index.ts:1433:41)
    at Module.m._compile (/usr/local/lib/node_modules/ts-node/src/index.ts:1617:30)
    at Module._extensions..js (node:internal/modules/cjs/loader:1153:10)
    at Object.require.extensions.<computed> [as .ts] (/usr/local/lib/node_modules/ts-node/src/index.ts:1621:12)
    at Module.load (node:internal/modules/cjs/loader:981:32)
    at Function.Module._load (node:internal/modules/cjs/loader:822:12)
    at Module.require (node:internal/modules/cjs/loader:1005:19)
2022-11-06 14:41:29 error: uncaughtException: тип Unable to compile TypeScript:
[96mcontrollers/users.controller.ts[0m:[93m34[0m:[93m7[0m - [91merror[0m[90m TS1003: [0mIdentifier expected.

[7m34[0m       } catch (error) {
[7m  [0m [91m      ~[0m

TSError: тип Unable to compile TypeScript:
[96mcontrollers/users.controller.ts[0m:[93m34[0m:[93m7[0m - [91merror[0m[90m TS1003: [0mIdentifier expected.

[7m34[0m       } catch (error) {
[7m  [0m [91m      ~[0m

    at createTSError (/usr/local/lib/node_modules/ts-node/src/index.ts:859:12)
    at reportTSError (/usr/local/lib/node_modules/ts-node/src/index.ts:863:19)
    at getOutput (/usr/local/lib/node_modules/ts-node/src/index.ts:1077:36)
    at Object.compile (/usr/local/lib/node_modules/ts-node/src/index.ts:1433:41)
    at Module.m._compile (/usr/local/lib/node_modules/ts-node/src/index.ts:1617:30)
    at Module._extensions..js (node:internal/modules/cjs/loader:1153:10)
    at Object.require.extensions.<computed> [as .ts] (/usr/local/lib/node_modules/ts-node/src/index.ts:1621:12)
    at Module.load (node:internal/modules/cjs/loader:981:32)
    at Function.Module._load (node:internal/modules/cjs/loader:822:12)
    at Module.require (node:internal/modules/cjs/loader:1005:19)
2022-11-06 14:41:32 error: uncaughtException: тип Unable to compile TypeScript:
[96mcontrollers/users.controller.ts[0m:[93m34[0m:[93m7[0m - [91merror[0m[90m TS1003: [0mIdentifier expected.

[7m34[0m       } catch (error) {
[7m  [0m [91m      ~[0m

TSError: тип Unable to compile TypeScript:
[96mcontrollers/users.controller.ts[0m:[93m34[0m:[93m7[0m - [91merror[0m[90m TS1003: [0mIdentifier expected.

[7m34[0m       } catch (error) {
[7m  [0m [91m      ~[0m

    at createTSError (/usr/local/lib/node_modules/ts-node/src/index.ts:859:12)
    at reportTSError (/usr/local/lib/node_modules/ts-node/src/index.ts:863:19)
    at getOutput (/usr/local/lib/node_modules/ts-node/src/index.ts:1077:36)
    at Object.compile (/usr/local/lib/node_modules/ts-node/src/index.ts:1433:41)
    at Module.m._compile (/usr/local/lib/node_modules/ts-node/src/index.ts:1617:30)
    at Module._extensions..js (node:internal/modules/cjs/loader:1153:10)
    at Object.require.extensions.<computed> [as .ts] (/usr/local/lib/node_modules/ts-node/src/index.ts:1621:12)
    at Module.load (node:internal/modules/cjs/loader:981:32)
    at Function.Module._load (node:internal/modules/cjs/loader:822:12)
    at Module.require (node:internal/modules/cjs/loader:1005:19)
2022-11-06 14:41:41 error: uncaughtException: тип Unable to compile TypeScript:
[96mcontrollers/users.controller.ts[0m:[93m34[0m:[93m7[0m - [91merror[0m[90m TS1003: [0mIdentifier expected.

[7m34[0m       } catch (error) {
[7m  [0m [91m      ~[0m

TSError: тип Unable to compile TypeScript:
[96mcontrollers/users.controller.ts[0m:[93m34[0m:[93m7[0m - [91merror[0m[90m TS1003: [0mIdentifier expected.

[7m34[0m       } catch (error) {
[7m  [0m [91m      ~[0m

    at createTSError (/usr/local/lib/node_modules/ts-node/src/index.ts:859:12)
    at reportTSError (/usr/local/lib/node_modules/ts-node/src/index.ts:863:19)
    at getOutput (/usr/local/lib/node_modules/ts-node/src/index.ts:1077:36)
    at Object.compile (/usr/local/lib/node_modules/ts-node/src/index.ts:1433:41)
    at Module.m._compile (/usr/local/lib/node_modules/ts-node/src/index.ts:1617:30)
    at Module._extensions..js (node:internal/modules/cjs/loader:1153:10)
    at Object.require.extensions.<computed> [as .ts] (/usr/local/lib/node_modules/ts-node/src/index.ts:1621:12)
    at Module.load (node:internal/modules/cjs/loader:981:32)
    at Function.Module._load (node:internal/modules/cjs/loader:822:12)
    at Module.require (node:internal/modules/cjs/loader:1005:19)
2022-11-06 14:41:49 error: uncaughtException: тип Unable to compile TypeScript:
[96mcontrollers/users.controller.ts[0m:[93m34[0m:[93m7[0m - [91merror[0m[90m TS1003: [0mIdentifier expected.

[7m34[0m       } catch (error) {
[7m  [0m [91m      ~[0m

TSError: тип Unable to compile TypeScript:
[96mcontrollers/users.controller.ts[0m:[93m34[0m:[93m7[0m - [91merror[0m[90m TS1003: [0mIdentifier expected.

[7m34[0m       } catch (error) {
[7m  [0m [91m      ~[0m

    at createTSError (/usr/local/lib/node_modules/ts-node/src/index.ts:859:12)
    at reportTSError (/usr/local/lib/node_modules/ts-node/src/index.ts:863:19)
    at getOutput (/usr/local/lib/node_modules/ts-node/src/index.ts:1077:36)
    at Object.compile (/usr/local/lib/node_modules/ts-node/src/index.ts:1433:41)
    at Module.m._compile (/usr/local/lib/node_modules/ts-node/src/index.ts:1617:30)
    at Module._extensions..js (node:internal/modules/cjs/loader:1153:10)
    at Object.require.extensions.<computed> [as .ts] (/usr/local/lib/node_modules/ts-node/src/index.ts:1621:12)
    at Module.load (node:internal/modules/cjs/loader:981:32)
    at Function.Module._load (node:internal/modules/cjs/loader:822:12)
    at Module.require (node:internal/modules/cjs/loader:1005:19)
2022-11-06 14:41:52 error: uncaughtException: тип Unable to compile TypeScript:
[96mcontrollers/users.controller.ts[0m:[93m34[0m:[93m7[0m - [91merror[0m[90m TS1003: [0mIdentifier expected.

[7m34[0m       } catch (error) {
[7m  [0m [91m      ~[0m

TSError: тип Unable to compile TypeScript:
[96mcontrollers/users.controller.ts[0m:[93m34[0m:[93m7[0m - [91merror[0m[90m TS1003: [0mIdentifier expected.

[7m34[0m       } catch (error) {
[7m  [0m [91m      ~[0m

    at createTSError (/usr/local/lib/node_modules/ts-node/src/index.ts:859:12)
    at reportTSError (/usr/local/lib/node_modules/ts-node/src/index.ts:863:19)
    at getOutput (/usr/local/lib/node_modules/ts-node/src/index.ts:1077:36)
    at Object.compile (/usr/local/lib/node_modules/ts-node/src/index.ts:1433:41)
    at Module.m._compile (/usr/local/lib/node_modules/ts-node/src/index.ts:1617:30)
    at Module._extensions..js (node:internal/modules/cjs/loader:1153:10)
    at Object.require.extensions.<computed> [as .ts] (/usr/local/lib/node_modules/ts-node/src/index.ts:1621:12)
    at Module.load (node:internal/modules/cjs/loader:981:32)
    at Function.Module._load (node:internal/modules/cjs/loader:822:12)
    at Module.require (node:internal/modules/cjs/loader:1005:19)
2022-11-06 14:41:57 error: uncaughtException: тип Unable to compile TypeScript:
[96mcontrollers/users.controller.ts[0m:[93m34[0m:[93m7[0m - [91merror[0m[90m TS1003: [0mIdentifier expected.

[7m34[0m       } catch (error) {
[7m  [0m [91m      ~[0m

TSError: тип Unable to compile TypeScript:
[96mcontrollers/users.controller.ts[0m:[93m34[0m:[93m7[0m - [91merror[0m[90m TS1003: [0mIdentifier expected.

[7m34[0m       } catch (error) {
[7m  [0m [91m      ~[0m

    at createTSError (/usr/local/lib/node_modules/ts-node/src/index.ts:859:12)
    at reportTSError (/usr/local/lib/node_modules/ts-node/src/index.ts:863:19)
    at getOutput (/usr/local/lib/node_modules/ts-node/src/index.ts:1077:36)
    at Object.compile (/usr/local/lib/node_modules/ts-node/src/index.ts:1433:41)
    at Module.m._compile (/usr/local/lib/node_modules/ts-node/src/index.ts:1617:30)
    at Module._extensions..js (node:internal/modules/cjs/loader:1153:10)
    at Object.require.extensions.<computed> [as .ts] (/usr/local/lib/node_modules/ts-node/src/index.ts:1621:12)
    at Module.load (node:internal/modules/cjs/loader:981:32)
    at Function.Module._load (node:internal/modules/cjs/loader:822:12)
    at Module.require (node:internal/modules/cjs/loader:1005:19)
2022-11-06 14:42:01 error: uncaughtException: тип Unable to compile TypeScript:
[96mcontrollers/users.controller.ts[0m:[93m34[0m:[93m7[0m - [91merror[0m[90m TS1003: [0mIdentifier expected.

[7m34[0m       } catch (error) {
[7m  [0m [91m      ~[0m

TSError: тип Unable to compile TypeScript:
[96mcontrollers/users.controller.ts[0m:[93m34[0m:[93m7[0m - [91merror[0m[90m TS1003: [0mIdentifier expected.

[7m34[0m       } catch (error) {
[7m  [0m [91m      ~[0m

    at createTSError (/usr/local/lib/node_modules/ts-node/src/index.ts:859:12)
    at reportTSError (/usr/local/lib/node_modules/ts-node/src/index.ts:863:19)
    at getOutput (/usr/local/lib/node_modules/ts-node/src/index.ts:1077:36)
    at Object.compile (/usr/local/lib/node_modules/ts-node/src/index.ts:1433:41)
    at Module.m._compile (/usr/local/lib/node_modules/ts-node/src/index.ts:1617:30)
    at Module._extensions..js (node:internal/modules/cjs/loader:1153:10)
    at Object.require.extensions.<computed> [as .ts] (/usr/local/lib/node_modules/ts-node/src/index.ts:1621:12)
    at Module.load (node:internal/modules/cjs/loader:981:32)
    at Function.Module._load (node:internal/modules/cjs/loader:822:12)
    at Module.require (node:internal/modules/cjs/loader:1005:19)
2022-11-06 14:42:04 error: uncaughtException: тип Unable to compile TypeScript:
[96mcontrollers/users.controller.ts[0m:[93m34[0m:[93m7[0m - [91merror[0m[90m TS1003: [0mIdentifier expected.

[7m34[0m       } catch (error) {
[7m  [0m [91m      ~[0m

TSError: тип Unable to compile TypeScript:
[96mcontrollers/users.controller.ts[0m:[93m34[0m:[93m7[0m - [91merror[0m[90m TS1003: [0mIdentifier expected.

[7m34[0m       } catch (error) {
[7m  [0m [91m      ~[0m

    at createTSError (/usr/local/lib/node_modules/ts-node/src/index.ts:859:12)
    at reportTSError (/usr/local/lib/node_modules/ts-node/src/index.ts:863:19)
    at getOutput (/usr/local/lib/node_modules/ts-node/src/index.ts:1077:36)
    at Object.compile (/usr/local/lib/node_modules/ts-node/src/index.ts:1433:41)
    at Module.m._compile (/usr/local/lib/node_modules/ts-node/src/index.ts:1617:30)
    at Module._extensions..js (node:internal/modules/cjs/loader:1153:10)
    at Object.require.extensions.<computed> [as .ts] (/usr/local/lib/node_modules/ts-node/src/index.ts:1621:12)
    at Module.load (node:internal/modules/cjs/loader:981:32)
    at Function.Module._load (node:internal/modules/cjs/loader:822:12)
    at Module.require (node:internal/modules/cjs/loader:1005:19)
2022-11-06 14:43:08 error: uncaughtException: тип Unable to compile TypeScript:
[96mcontrollers/users.controller.ts[0m:[93m34[0m:[93m7[0m - [91merror[0m[90m TS1003: [0mIdentifier expected.

[7m34[0m       } catch (error) {
[7m  [0m [91m      ~[0m

TSError: тип Unable to compile TypeScript:
[96mcontrollers/users.controller.ts[0m:[93m34[0m:[93m7[0m - [91merror[0m[90m TS1003: [0mIdentifier expected.

[7m34[0m       } catch (error) {
[7m  [0m [91m      ~[0m

    at createTSError (/usr/local/lib/node_modules/ts-node/src/index.ts:859:12)
    at reportTSError (/usr/local/lib/node_modules/ts-node/src/index.ts:863:19)
    at getOutput (/usr/local/lib/node_modules/ts-node/src/index.ts:1077:36)
    at Object.compile (/usr/local/lib/node_modules/ts-node/src/index.ts:1433:41)
    at Module.m._compile (/usr/local/lib/node_modules/ts-node/src/index.ts:1617:30)
    at Module._extensions..js (node:internal/modules/cjs/loader:1153:10)
    at Object.require.extensions.<computed> [as .ts] (/usr/local/lib/node_modules/ts-node/src/index.ts:1621:12)
    at Module.load (node:internal/modules/cjs/loader:981:32)
    at Function.Module._load (node:internal/modules/cjs/loader:822:12)
    at Module.require (node:internal/modules/cjs/loader:1005:19)
2022-11-06 14:43:32 error: uncaughtException: тип Unable to compile TypeScript:
[96mcontrollers/users.controller.ts[0m:[93m34[0m:[93m7[0m - [91merror[0m[90m TS1003: [0mIdentifier expected.

[7m34[0m       } catch (error) {
[7m  [0m [91m      ~[0m

TSError: тип Unable to compile TypeScript:
[96mcontrollers/users.controller.ts[0m:[93m34[0m:[93m7[0m - [91merror[0m[90m TS1003: [0mIdentifier expected.

[7m34[0m       } catch (error) {
[7m  [0m [91m      ~[0m

    at createTSError (/usr/local/lib/node_modules/ts-node/src/index.ts:859:12)
    at reportTSError (/usr/local/lib/node_modules/ts-node/src/index.ts:863:19)
    at getOutput (/usr/local/lib/node_modules/ts-node/src/index.ts:1077:36)
    at Object.compile (/usr/local/lib/node_modules/ts-node/src/index.ts:1433:41)
    at Module.m._compile (/usr/local/lib/node_modules/ts-node/src/index.ts:1617:30)
    at Module._extensions..js (node:internal/modules/cjs/loader:1153:10)
    at Object.require.extensions.<computed> [as .ts] (/usr/local/lib/node_modules/ts-node/src/index.ts:1621:12)
    at Module.load (node:internal/modules/cjs/loader:981:32)
    at Function.Module._load (node:internal/modules/cjs/loader:822:12)
    at Module.require (node:internal/modules/cjs/loader:1005:19)
2022-11-06 14:43:35 error: uncaughtException: тип Unable to compile TypeScript:
[96mcontrollers/users.controller.ts[0m:[93m34[0m:[93m7[0m - [91merror[0m[90m TS1003: [0mIdentifier expected.

[7m34[0m       } catch (error) {
[7m  [0m [91m      ~[0m

TSError: тип Unable to compile TypeScript:
[96mcontrollers/users.controller.ts[0m:[93m34[0m:[93m7[0m - [91merror[0m[90m TS1003: [0mIdentifier expected.

[7m34[0m       } catch (error) {
[7m  [0m [91m      ~[0m

    at createTSError (/usr/local/lib/node_modules/ts-node/src/index.ts:859:12)
    at reportTSError (/usr/local/lib/node_modules/ts-node/src/index.ts:863:19)
    at getOutput (/usr/local/lib/node_modules/ts-node/src/index.ts:1077:36)
    at Object.compile (/usr/local/lib/node_modules/ts-node/src/index.ts:1433:41)
    at Module.m._compile (/usr/local/lib/node_modules/ts-node/src/index.ts:1617:30)
    at Module._extensions..js (node:internal/modules/cjs/loader:1153:10)
    at Object.require.extensions.<computed> [as .ts] (/usr/local/lib/node_modules/ts-node/src/index.ts:1621:12)
    at Module.load (node:internal/modules/cjs/loader:981:32)
    at Function.Module._load (node:internal/modules/cjs/loader:822:12)
    at Module.require (node:internal/modules/cjs/loader:1005:19)
2022-11-06 14:43:41 error: uncaughtException: тип Unable to compile TypeScript:
[96mcontrollers/users.controller.ts[0m:[93m34[0m:[93m7[0m - [91merror[0m[90m TS1003: [0mIdentifier expected.

[7m34[0m       } catch (error) {
[7m  [0m [91m      ~[0m

TSError: тип Unable to compile TypeScript:
[96mcontrollers/users.controller.ts[0m:[93m34[0m:[93m7[0m - [91merror[0m[90m TS1003: [0mIdentifier expected.

[7m34[0m       } catch (error) {
[7m  [0m [91m      ~[0m

    at createTSError (/usr/local/lib/node_modules/ts-node/src/index.ts:859:12)
    at reportTSError (/usr/local/lib/node_modules/ts-node/src/index.ts:863:19)
    at getOutput (/usr/local/lib/node_modules/ts-node/src/index.ts:1077:36)
    at Object.compile (/usr/local/lib/node_modules/ts-node/src/index.ts:1433:41)
    at Module.m._compile (/usr/local/lib/node_modules/ts-node/src/index.ts:1617:30)
    at Module._extensions..js (node:internal/modules/cjs/loader:1153:10)
    at Object.require.extensions.<computed> [as .ts] (/usr/local/lib/node_modules/ts-node/src/index.ts:1621:12)
    at Module.load (node:internal/modules/cjs/loader:981:32)
    at Function.Module._load (node:internal/modules/cjs/loader:822:12)
    at Module.require (node:internal/modules/cjs/loader:1005:19)
2022-11-06 14:43:57 error: uncaughtException: тип Unable to compile TypeScript:
[96mcontrollers/users.controller.ts[0m:[93m34[0m:[93m7[0m - [91merror[0m[90m TS1003: [0mIdentifier expected.

[7m34[0m       } catch (error) {
[7m  [0m [91m      ~[0m

TSError: тип Unable to compile TypeScript:
[96mcontrollers/users.controller.ts[0m:[93m34[0m:[93m7[0m - [91merror[0m[90m TS1003: [0mIdentifier expected.

[7m34[0m       } catch (error) {
[7m  [0m [91m      ~[0m

    at createTSError (/usr/local/lib/node_modules/ts-node/src/index.ts:859:12)
    at reportTSError (/usr/local/lib/node_modules/ts-node/src/index.ts:863:19)
    at getOutput (/usr/local/lib/node_modules/ts-node/src/index.ts:1077:36)
    at Object.compile (/usr/local/lib/node_modules/ts-node/src/index.ts:1433:41)
    at Module.m._compile (/usr/local/lib/node_modules/ts-node/src/index.ts:1617:30)
    at Module._extensions..js (node:internal/modules/cjs/loader:1153:10)
    at Object.require.extensions.<computed> [as .ts] (/usr/local/lib/node_modules/ts-node/src/index.ts:1621:12)
    at Module.load (node:internal/modules/cjs/loader:981:32)
    at Function.Module._load (node:internal/modules/cjs/loader:822:12)
    at Module.require (node:internal/modules/cjs/loader:1005:19)
2022-11-06 14:43:58 error: uncaughtException: тип Unable to compile TypeScript:
[96mcontrollers/users.controller.ts[0m:[93m34[0m:[93m7[0m - [91merror[0m[90m TS1003: [0mIdentifier expected.

[7m34[0m       } catch (error) {
[7m  [0m [91m      ~[0m

TSError: тип Unable to compile TypeScript:
[96mcontrollers/users.controller.ts[0m:[93m34[0m:[93m7[0m - [91merror[0m[90m TS1003: [0mIdentifier expected.

[7m34[0m       } catch (error) {
[7m  [0m [91m      ~[0m

    at createTSError (/usr/local/lib/node_modules/ts-node/src/index.ts:859:12)
    at reportTSError (/usr/local/lib/node_modules/ts-node/src/index.ts:863:19)
    at getOutput (/usr/local/lib/node_modules/ts-node/src/index.ts:1077:36)
    at Object.compile (/usr/local/lib/node_modules/ts-node/src/index.ts:1433:41)
    at Module.m._compile (/usr/local/lib/node_modules/ts-node/src/index.ts:1617:30)
    at Module._extensions..js (node:internal/modules/cjs/loader:1153:10)
    at Object.require.extensions.<computed> [as .ts] (/usr/local/lib/node_modules/ts-node/src/index.ts:1621:12)
    at Module.load (node:internal/modules/cjs/loader:981:32)
    at Function.Module._load (node:internal/modules/cjs/loader:822:12)
    at Module.require (node:internal/modules/cjs/loader:1005:19)
2022-11-06 14:44:17 error: uncaughtException: тип Unable to compile TypeScript:
[96mcontrollers/users.controller.ts[0m:[93m34[0m:[93m7[0m - [91merror[0m[90m TS1003: [0mIdentifier expected.

[7m34[0m       } catch (error) {
[7m  [0m [91m      ~[0m

TSError: тип Unable to compile TypeScript:
[96mcontrollers/users.controller.ts[0m:[93m34[0m:[93m7[0m - [91merror[0m[90m TS1003: [0mIdentifier expected.

[7m34[0m       } catch (error) {
[7m  [0m [91m      ~[0m

    at createTSError (/usr/local/lib/node_modules/ts-node/src/index.ts:859:12)
    at reportTSError (/usr/local/lib/node_modules/ts-node/src/index.ts:863:19)
    at getOutput (/usr/local/lib/node_modules/ts-node/src/index.ts:1077:36)
    at Object.compile (/usr/local/lib/node_modules/ts-node/src/index.ts:1433:41)
    at Module.m._compile (/usr/local/lib/node_modules/ts-node/src/index.ts:1617:30)
    at Module._extensions..js (node:internal/modules/cjs/loader:1153:10)
    at Object.require.extensions.<computed> [as .ts] (/usr/local/lib/node_modules/ts-node/src/index.ts:1621:12)
    at Module.load (node:internal/modules/cjs/loader:981:32)
    at Function.Module._load (node:internal/modules/cjs/loader:822:12)
    at Module.require (node:internal/modules/cjs/loader:1005:19)
2022-11-06 14:44:19 error: uncaughtException: тип Unable to compile TypeScript:
[96mcontrollers/users.controller.ts[0m:[93m34[0m:[93m7[0m - [91merror[0m[90m TS1003: [0mIdentifier expected.

[7m34[0m       } catch (error) {
[7m  [0m [91m      ~[0m

TSError: тип Unable to compile TypeScript:
[96mcontrollers/users.controller.ts[0m:[93m34[0m:[93m7[0m - [91merror[0m[90m TS1003: [0mIdentifier expected.

[7m34[0m       } catch (error) {
[7m  [0m [91m      ~[0m

    at createTSError (/usr/local/lib/node_modules/ts-node/src/index.ts:859:12)
    at reportTSError (/usr/local/lib/node_modules/ts-node/src/index.ts:863:19)
    at getOutput (/usr/local/lib/node_modules/ts-node/src/index.ts:1077:36)
    at Object.compile (/usr/local/lib/node_modules/ts-node/src/index.ts:1433:41)
    at Module.m._compile (/usr/local/lib/node_modules/ts-node/src/index.ts:1617:30)
    at Module._extensions..js (node:internal/modules/cjs/loader:1153:10)
    at Object.require.extensions.<computed> [as .ts] (/usr/local/lib/node_modules/ts-node/src/index.ts:1621:12)
    at Module.load (node:internal/modules/cjs/loader:981:32)
    at Function.Module._load (node:internal/modules/cjs/loader:822:12)
    at Module.require (node:internal/modules/cjs/loader:1005:19)
2022-11-06 14:44:27 error: uncaughtException: тип Unable to compile TypeScript:
[96mcontrollers/users.controller.ts[0m:[93m34[0m:[93m7[0m - [91merror[0m[90m TS1003: [0mIdentifier expected.

[7m34[0m       } catch (error) {
[7m  [0m [91m      ~[0m

TSError: тип Unable to compile TypeScript:
[96mcontrollers/users.controller.ts[0m:[93m34[0m:[93m7[0m - [91merror[0m[90m TS1003: [0mIdentifier expected.

[7m34[0m       } catch (error) {
[7m  [0m [91m      ~[0m

    at createTSError (/usr/local/lib/node_modules/ts-node/src/index.ts:859:12)
    at reportTSError (/usr/local/lib/node_modules/ts-node/src/index.ts:863:19)
    at getOutput (/usr/local/lib/node_modules/ts-node/src/index.ts:1077:36)
    at Object.compile (/usr/local/lib/node_modules/ts-node/src/index.ts:1433:41)
    at Module.m._compile (/usr/local/lib/node_modules/ts-node/src/index.ts:1617:30)
    at Module._extensions..js (node:internal/modules/cjs/loader:1153:10)
    at Object.require.extensions.<computed> [as .ts] (/usr/local/lib/node_modules/ts-node/src/index.ts:1621:12)
    at Module.load (node:internal/modules/cjs/loader:981:32)
    at Function.Module._load (node:internal/modules/cjs/loader:822:12)
    at Module.require (node:internal/modules/cjs/loader:1005:19)
2022-11-06 14:44:38 error: uncaughtException: тип Unable to compile TypeScript:
[96mcontrollers/users.controller.ts[0m:[93m34[0m:[93m7[0m - [91merror[0m[90m TS1003: [0mIdentifier expected.

[7m34[0m       } catch (error) {
[7m  [0m [91m      ~[0m

TSError: тип Unable to compile TypeScript:
[96mcontrollers/users.controller.ts[0m:[93m34[0m:[93m7[0m - [91merror[0m[90m TS1003: [0mIdentifier expected.

[7m34[0m       } catch (error) {
[7m  [0m [91m      ~[0m

    at createTSError (/usr/local/lib/node_modules/ts-node/src/index.ts:859:12)
    at reportTSError (/usr/local/lib/node_modules/ts-node/src/index.ts:863:19)
    at getOutput (/usr/local/lib/node_modules/ts-node/src/index.ts:1077:36)
    at Object.compile (/usr/local/lib/node_modules/ts-node/src/index.ts:1433:41)
    at Module.m._compile (/usr/local/lib/node_modules/ts-node/src/index.ts:1617:30)
    at Module._extensions..js (node:internal/modules/cjs/loader:1153:10)
    at Object.require.extensions.<computed> [as .ts] (/usr/local/lib/node_modules/ts-node/src/index.ts:1621:12)
    at Module.load (node:internal/modules/cjs/loader:981:32)
    at Function.Module._load (node:internal/modules/cjs/loader:822:12)
    at Module.require (node:internal/modules/cjs/loader:1005:19)
2022-11-06 14:44:41 error: uncaughtException: тип Unable to compile TypeScript:
[96mcontrollers/users.controller.ts[0m:[93m34[0m:[93m7[0m - [91merror[0m[90m TS1003: [0mIdentifier expected.

[7m34[0m       } catch (error) {
[7m  [0m [91m      ~[0m

TSError: тип Unable to compile TypeScript:
[96mcontrollers/users.controller.ts[0m:[93m34[0m:[93m7[0m - [91merror[0m[90m TS1003: [0mIdentifier expected.

[7m34[0m       } catch (error) {
[7m  [0m [91m      ~[0m

    at createTSError (/usr/local/lib/node_modules/ts-node/src/index.ts:859:12)
    at reportTSError (/usr/local/lib/node_modules/ts-node/src/index.ts:863:19)
    at getOutput (/usr/local/lib/node_modules/ts-node/src/index.ts:1077:36)
    at Object.compile (/usr/local/lib/node_modules/ts-node/src/index.ts:1433:41)
    at Module.m._compile (/usr/local/lib/node_modules/ts-node/src/index.ts:1617:30)
    at Module._extensions..js (node:internal/modules/cjs/loader:1153:10)
    at Object.require.extensions.<computed> [as .ts] (/usr/local/lib/node_modules/ts-node/src/index.ts:1621:12)
    at Module.load (node:internal/modules/cjs/loader:981:32)
    at Function.Module._load (node:internal/modules/cjs/loader:822:12)
    at Module.require (node:internal/modules/cjs/loader:1005:19)
2022-11-06 14:44:45 error: uncaughtException: тип Unable to compile TypeScript:
[96mcontrollers/users.controller.ts[0m:[93m34[0m:[93m7[0m - [91merror[0m[90m TS1003: [0mIdentifier expected.

[7m34[0m       } catch (error) {
[7m  [0m [91m      ~[0m

TSError: тип Unable to compile TypeScript:
[96mcontrollers/users.controller.ts[0m:[93m34[0m:[93m7[0m - [91merror[0m[90m TS1003: [0mIdentifier expected.

[7m34[0m       } catch (error) {
[7m  [0m [91m      ~[0m

    at createTSError (/usr/local/lib/node_modules/ts-node/src/index.ts:859:12)
    at reportTSError (/usr/local/lib/node_modules/ts-node/src/index.ts:863:19)
    at getOutput (/usr/local/lib/node_modules/ts-node/src/index.ts:1077:36)
    at Object.compile (/usr/local/lib/node_modules/ts-node/src/index.ts:1433:41)
    at Module.m._compile (/usr/local/lib/node_modules/ts-node/src/index.ts:1617:30)
    at Module._extensions..js (node:internal/modules/cjs/loader:1153:10)
    at Object.require.extensions.<computed> [as .ts] (/usr/local/lib/node_modules/ts-node/src/index.ts:1621:12)
    at Module.load (node:internal/modules/cjs/loader:981:32)
    at Function.Module._load (node:internal/modules/cjs/loader:822:12)
    at Module.require (node:internal/modules/cjs/loader:1005:19)
2022-11-06 14:44:51 error: uncaughtException: тип Unable to compile TypeScript:
[96mcontrollers/users.controller.ts[0m:[93m34[0m:[93m7[0m - [91merror[0m[90m TS1003: [0mIdentifier expected.

[7m34[0m       } catch (error) {
[7m  [0m [91m      ~[0m

TSError: тип Unable to compile TypeScript:
[96mcontrollers/users.controller.ts[0m:[93m34[0m:[93m7[0m - [91merror[0m[90m TS1003: [0mIdentifier expected.

[7m34[0m       } catch (error) {
[7m  [0m [91m      ~[0m

    at createTSError (/usr/local/lib/node_modules/ts-node/src/index.ts:859:12)
    at reportTSError (/usr/local/lib/node_modules/ts-node/src/index.ts:863:19)
    at getOutput (/usr/local/lib/node_modules/ts-node/src/index.ts:1077:36)
    at Object.compile (/usr/local/lib/node_modules/ts-node/src/index.ts:1433:41)
    at Module.m._compile (/usr/local/lib/node_modules/ts-node/src/index.ts:1617:30)
    at Module._extensions..js (node:internal/modules/cjs/loader:1153:10)
    at Object.require.extensions.<computed> [as .ts] (/usr/local/lib/node_modules/ts-node/src/index.ts:1621:12)
    at Module.load (node:internal/modules/cjs/loader:981:32)
    at Function.Module._load (node:internal/modules/cjs/loader:822:12)
    at Module.require (node:internal/modules/cjs/loader:1005:19)
2022-11-06 14:44:56 error: uncaughtException: тип Unable to compile TypeScript:
[96mcontrollers/users.controller.ts[0m:[93m34[0m:[93m7[0m - [91merror[0m[90m TS1003: [0mIdentifier expected.

[7m34[0m       } catch (error) {
[7m  [0m [91m      ~[0m

TSError: тип Unable to compile TypeScript:
[96mcontrollers/users.controller.ts[0m:[93m34[0m:[93m7[0m - [91merror[0m[90m TS1003: [0mIdentifier expected.

[7m34[0m       } catch (error) {
[7m  [0m [91m      ~[0m

    at createTSError (/usr/local/lib/node_modules/ts-node/src/index.ts:859:12)
    at reportTSError (/usr/local/lib/node_modules/ts-node/src/index.ts:863:19)
    at getOutput (/usr/local/lib/node_modules/ts-node/src/index.ts:1077:36)
    at Object.compile (/usr/local/lib/node_modules/ts-node/src/index.ts:1433:41)
    at Module.m._compile (/usr/local/lib/node_modules/ts-node/src/index.ts:1617:30)
    at Module._extensions..js (node:internal/modules/cjs/loader:1153:10)
    at Object.require.extensions.<computed> [as .ts] (/usr/local/lib/node_modules/ts-node/src/index.ts:1621:12)
    at Module.load (node:internal/modules/cjs/loader:981:32)
    at Function.Module._load (node:internal/modules/cjs/loader:822:12)
    at Module.require (node:internal/modules/cjs/loader:1005:19)
2022-11-06 14:45:01 error: uncaughtException: тип Unable to compile TypeScript:
[96mcontrollers/users.controller.ts[0m:[93m34[0m:[93m7[0m - [91merror[0m[90m TS1003: [0mIdentifier expected.

[7m34[0m       } catch (error) {
[7m  [0m [91m      ~[0m

TSError: тип Unable to compile TypeScript:
[96mcontrollers/users.controller.ts[0m:[93m34[0m:[93m7[0m - [91merror[0m[90m TS1003: [0mIdentifier expected.

[7m34[0m       } catch (error) {
[7m  [0m [91m      ~[0m

    at createTSError (/usr/local/lib/node_modules/ts-node/src/index.ts:859:12)
    at reportTSError (/usr/local/lib/node_modules/ts-node/src/index.ts:863:19)
    at getOutput (/usr/local/lib/node_modules/ts-node/src/index.ts:1077:36)
    at Object.compile (/usr/local/lib/node_modules/ts-node/src/index.ts:1433:41)
    at Module.m._compile (/usr/local/lib/node_modules/ts-node/src/index.ts:1617:30)
    at Module._extensions..js (node:internal/modules/cjs/loader:1153:10)
    at Object.require.extensions.<computed> [as .ts] (/usr/local/lib/node_modules/ts-node/src/index.ts:1621:12)
    at Module.load (node:internal/modules/cjs/loader:981:32)
    at Function.Module._load (node:internal/modules/cjs/loader:822:12)
    at Module.require (node:internal/modules/cjs/loader:1005:19)
2022-11-06 14:45:16 error: uncaughtException: тип Unable to compile TypeScript:
[96mcontrollers/users.controller.ts[0m:[93m34[0m:[93m7[0m - [91merror[0m[90m TS1003: [0mIdentifier expected.

[7m34[0m       } catch (error) {
[7m  [0m [91m      ~[0m

TSError: тип Unable to compile TypeScript:
[96mcontrollers/users.controller.ts[0m:[93m34[0m:[93m7[0m - [91merror[0m[90m TS1003: [0mIdentifier expected.

[7m34[0m       } catch (error) {
[7m  [0m [91m      ~[0m

    at createTSError (/usr/local/lib/node_modules/ts-node/src/index.ts:859:12)
    at reportTSError (/usr/local/lib/node_modules/ts-node/src/index.ts:863:19)
    at getOutput (/usr/local/lib/node_modules/ts-node/src/index.ts:1077:36)
    at Object.compile (/usr/local/lib/node_modules/ts-node/src/index.ts:1433:41)
    at Module.m._compile (/usr/local/lib/node_modules/ts-node/src/index.ts:1617:30)
    at Module._extensions..js (node:internal/modules/cjs/loader:1153:10)
    at Object.require.extensions.<computed> [as .ts] (/usr/local/lib/node_modules/ts-node/src/index.ts:1621:12)
    at Module.load (node:internal/modules/cjs/loader:981:32)
    at Function.Module._load (node:internal/modules/cjs/loader:822:12)
    at Module.require (node:internal/modules/cjs/loader:1005:19)
2022-11-06 14:45:17 error: uncaughtException: тип Unable to compile TypeScript:
[96mcontrollers/users.controller.ts[0m:[93m34[0m:[93m7[0m - [91merror[0m[90m TS1003: [0mIdentifier expected.

[7m34[0m       } catch (error) {
[7m  [0m [91m      ~[0m

TSError: тип Unable to compile TypeScript:
[96mcontrollers/users.controller.ts[0m:[93m34[0m:[93m7[0m - [91merror[0m[90m TS1003: [0mIdentifier expected.

[7m34[0m       } catch (error) {
[7m  [0m [91m      ~[0m

    at createTSError (/usr/local/lib/node_modules/ts-node/src/index.ts:859:12)
    at reportTSError (/usr/local/lib/node_modules/ts-node/src/index.ts:863:19)
    at getOutput (/usr/local/lib/node_modules/ts-node/src/index.ts:1077:36)
    at Object.compile (/usr/local/lib/node_modules/ts-node/src/index.ts:1433:41)
    at Module.m._compile (/usr/local/lib/node_modules/ts-node/src/index.ts:1617:30)
    at Module._extensions..js (node:internal/modules/cjs/loader:1153:10)
    at Object.require.extensions.<computed> [as .ts] (/usr/local/lib/node_modules/ts-node/src/index.ts:1621:12)
    at Module.load (node:internal/modules/cjs/loader:981:32)
    at Function.Module._load (node:internal/modules/cjs/loader:822:12)
    at Module.require (node:internal/modules/cjs/loader:1005:19)
2022-11-06 14:45:24 error: uncaughtException: тип Unable to compile TypeScript:
[96mcontrollers/users.controller.ts[0m:[93m34[0m:[93m7[0m - [91merror[0m[90m TS1003: [0mIdentifier expected.

[7m34[0m       } catch (error) {
[7m  [0m [91m      ~[0m

TSError: тип Unable to compile TypeScript:
[96mcontrollers/users.controller.ts[0m:[93m34[0m:[93m7[0m - [91merror[0m[90m TS1003: [0mIdentifier expected.

[7m34[0m       } catch (error) {
[7m  [0m [91m      ~[0m

    at createTSError (/usr/local/lib/node_modules/ts-node/src/index.ts:859:12)
    at reportTSError (/usr/local/lib/node_modules/ts-node/src/index.ts:863:19)
    at getOutput (/usr/local/lib/node_modules/ts-node/src/index.ts:1077:36)
    at Object.compile (/usr/local/lib/node_modules/ts-node/src/index.ts:1433:41)
    at Module.m._compile (/usr/local/lib/node_modules/ts-node/src/index.ts:1617:30)
    at Module._extensions..js (node:internal/modules/cjs/loader:1153:10)
    at Object.require.extensions.<computed> [as .ts] (/usr/local/lib/node_modules/ts-node/src/index.ts:1621:12)
    at Module.load (node:internal/modules/cjs/loader:981:32)
    at Function.Module._load (node:internal/modules/cjs/loader:822:12)
    at Module.require (node:internal/modules/cjs/loader:1005:19)
2022-11-06 14:45:28 error: uncaughtException: тип Unable to compile TypeScript:
[96mcontrollers/users.controller.ts[0m:[93m34[0m:[93m7[0m - [91merror[0m[90m TS1003: [0mIdentifier expected.

[7m34[0m       } catch (error) {
[7m  [0m [91m      ~[0m

TSError: тип Unable to compile TypeScript:
[96mcontrollers/users.controller.ts[0m:[93m34[0m:[93m7[0m - [91merror[0m[90m TS1003: [0mIdentifier expected.

[7m34[0m       } catch (error) {
[7m  [0m [91m      ~[0m

    at createTSError (/usr/local/lib/node_modules/ts-node/src/index.ts:859:12)
    at reportTSError (/usr/local/lib/node_modules/ts-node/src/index.ts:863:19)
    at getOutput (/usr/local/lib/node_modules/ts-node/src/index.ts:1077:36)
    at Object.compile (/usr/local/lib/node_modules/ts-node/src/index.ts:1433:41)
    at Module.m._compile (/usr/local/lib/node_modules/ts-node/src/index.ts:1617:30)
    at Module._extensions..js (node:internal/modules/cjs/loader:1153:10)
    at Object.require.extensions.<computed> [as .ts] (/usr/local/lib/node_modules/ts-node/src/index.ts:1621:12)
    at Module.load (node:internal/modules/cjs/loader:981:32)
    at Function.Module._load (node:internal/modules/cjs/loader:822:12)
    at Module.require (node:internal/modules/cjs/loader:1005:19)
2022-11-06 14:45:58 error: uncaughtException: тип Unable to compile TypeScript:
[96mcontrollers/users.controller.ts[0m:[93m34[0m:[93m7[0m - [91merror[0m[90m TS1003: [0mIdentifier expected.

[7m34[0m       } catch (error) {
[7m  [0m [91m      ~[0m

TSError: тип Unable to compile TypeScript:
[96mcontrollers/users.controller.ts[0m:[93m34[0m:[93m7[0m - [91merror[0m[90m TS1003: [0mIdentifier expected.

[7m34[0m       } catch (error) {
[7m  [0m [91m      ~[0m

    at createTSError (/usr/local/lib/node_modules/ts-node/src/index.ts:859:12)
    at reportTSError (/usr/local/lib/node_modules/ts-node/src/index.ts:863:19)
    at getOutput (/usr/local/lib/node_modules/ts-node/src/index.ts:1077:36)
    at Object.compile (/usr/local/lib/node_modules/ts-node/src/index.ts:1433:41)
    at Module.m._compile (/usr/local/lib/node_modules/ts-node/src/index.ts:1617:30)
    at Module._extensions..js (node:internal/modules/cjs/loader:1153:10)
    at Object.require.extensions.<computed> [as .ts] (/usr/local/lib/node_modules/ts-node/src/index.ts:1621:12)
    at Module.load (node:internal/modules/cjs/loader:981:32)
    at Function.Module._load (node:internal/modules/cjs/loader:822:12)
    at Module.require (node:internal/modules/cjs/loader:1005:19)
2022-11-06 14:46:07 error: uncaughtException: тип Unable to compile TypeScript:
[96mcontrollers/users.controller.ts[0m:[93m34[0m:[93m7[0m - [91merror[0m[90m TS1003: [0mIdentifier expected.

[7m34[0m       } catch (error) {
[7m  [0m [91m      ~[0m

TSError: тип Unable to compile TypeScript:
[96mcontrollers/users.controller.ts[0m:[93m34[0m:[93m7[0m - [91merror[0m[90m TS1003: [0mIdentifier expected.

[7m34[0m       } catch (error) {
[7m  [0m [91m      ~[0m

    at createTSError (/usr/local/lib/node_modules/ts-node/src/index.ts:859:12)
    at reportTSError (/usr/local/lib/node_modules/ts-node/src/index.ts:863:19)
    at getOutput (/usr/local/lib/node_modules/ts-node/src/index.ts:1077:36)
    at Object.compile (/usr/local/lib/node_modules/ts-node/src/index.ts:1433:41)
    at Module.m._compile (/usr/local/lib/node_modules/ts-node/src/index.ts:1617:30)
    at Module._extensions..js (node:internal/modules/cjs/loader:1153:10)
    at Object.require.extensions.<computed> [as .ts] (/usr/local/lib/node_modules/ts-node/src/index.ts:1621:12)
    at Module.load (node:internal/modules/cjs/loader:981:32)
    at Function.Module._load (node:internal/modules/cjs/loader:822:12)
    at Module.require (node:internal/modules/cjs/loader:1005:19)
2022-11-06 14:46:10 error: uncaughtException: тип Unable to compile TypeScript:
[96mcontrollers/users.controller.ts[0m:[93m34[0m:[93m7[0m - [91merror[0m[90m TS1003: [0mIdentifier expected.

[7m34[0m       } catch (error) {
[7m  [0m [91m      ~[0m

TSError: тип Unable to compile TypeScript:
[96mcontrollers/users.controller.ts[0m:[93m34[0m:[93m7[0m - [91merror[0m[90m TS1003: [0mIdentifier expected.

[7m34[0m       } catch (error) {
[7m  [0m [91m      ~[0m

    at createTSError (/usr/local/lib/node_modules/ts-node/src/index.ts:859:12)
    at reportTSError (/usr/local/lib/node_modules/ts-node/src/index.ts:863:19)
    at getOutput (/usr/local/lib/node_modules/ts-node/src/index.ts:1077:36)
    at Object.compile (/usr/local/lib/node_modules/ts-node/src/index.ts:1433:41)
    at Module.m._compile (/usr/local/lib/node_modules/ts-node/src/index.ts:1617:30)
    at Module._extensions..js (node:internal/modules/cjs/loader:1153:10)
    at Object.require.extensions.<computed> [as .ts] (/usr/local/lib/node_modules/ts-node/src/index.ts:1621:12)
    at Module.load (node:internal/modules/cjs/loader:981:32)
    at Function.Module._load (node:internal/modules/cjs/loader:822:12)
    at Module.require (node:internal/modules/cjs/loader:1005:19)
2022-11-06 14:46:23 error: uncaughtException: тип Unable to compile TypeScript:
[96mcontrollers/users.controller.ts[0m:[93m34[0m:[93m7[0m - [91merror[0m[90m TS1003: [0mIdentifier expected.

[7m34[0m       } catch (error) {
[7m  [0m [91m      ~[0m

TSError: тип Unable to compile TypeScript:
[96mcontrollers/users.controller.ts[0m:[93m34[0m:[93m7[0m - [91merror[0m[90m TS1003: [0mIdentifier expected.

[7m34[0m       } catch (error) {
[7m  [0m [91m      ~[0m

    at createTSError (/usr/local/lib/node_modules/ts-node/src/index.ts:859:12)
    at reportTSError (/usr/local/lib/node_modules/ts-node/src/index.ts:863:19)
    at getOutput (/usr/local/lib/node_modules/ts-node/src/index.ts:1077:36)
    at Object.compile (/usr/local/lib/node_modules/ts-node/src/index.ts:1433:41)
    at Module.m._compile (/usr/local/lib/node_modules/ts-node/src/index.ts:1617:30)
    at Module._extensions..js (node:internal/modules/cjs/loader:1153:10)
    at Object.require.extensions.<computed> [as .ts] (/usr/local/lib/node_modules/ts-node/src/index.ts:1621:12)
    at Module.load (node:internal/modules/cjs/loader:981:32)
    at Function.Module._load (node:internal/modules/cjs/loader:822:12)
    at Module.require (node:internal/modules/cjs/loader:1005:19)
2022-11-06 14:46:49 error: uncaughtException: тип Unable to compile TypeScript:
[96mcontrollers/users.controller.ts[0m:[93m34[0m:[93m7[0m - [91merror[0m[90m TS1003: [0mIdentifier expected.

[7m34[0m       } catch (error) {
[7m  [0m [91m      ~[0m

TSError: тип Unable to compile TypeScript:
[96mcontrollers/users.controller.ts[0m:[93m34[0m:[93m7[0m - [91merror[0m[90m TS1003: [0mIdentifier expected.

[7m34[0m       } catch (error) {
[7m  [0m [91m      ~[0m

    at createTSError (/usr/local/lib/node_modules/ts-node/src/index.ts:859:12)
    at reportTSError (/usr/local/lib/node_modules/ts-node/src/index.ts:863:19)
    at getOutput (/usr/local/lib/node_modules/ts-node/src/index.ts:1077:36)
    at Object.compile (/usr/local/lib/node_modules/ts-node/src/index.ts:1433:41)
    at Module.m._compile (/usr/local/lib/node_modules/ts-node/src/index.ts:1617:30)
    at Module._extensions..js (node:internal/modules/cjs/loader:1153:10)
    at Object.require.extensions.<computed> [as .ts] (/usr/local/lib/node_modules/ts-node/src/index.ts:1621:12)
    at Module.load (node:internal/modules/cjs/loader:981:32)
    at Function.Module._load (node:internal/modules/cjs/loader:822:12)
    at Module.require (node:internal/modules/cjs/loader:1005:19)
2022-11-06 14:47:09 error: uncaughtException: тип Unable to compile TypeScript:
[96mcontrollers/users.controller.ts[0m:[93m34[0m:[93m7[0m - [91merror[0m[90m TS1003: [0mIdentifier expected.

[7m34[0m       } catch (error) {
[7m  [0m [91m      ~[0m

TSError: тип Unable to compile TypeScript:
[96mcontrollers/users.controller.ts[0m:[93m34[0m:[93m7[0m - [91merror[0m[90m TS1003: [0mIdentifier expected.

[7m34[0m       } catch (error) {
[7m  [0m [91m      ~[0m

    at createTSError (/usr/local/lib/node_modules/ts-node/src/index.ts:859:12)
    at reportTSError (/usr/local/lib/node_modules/ts-node/src/index.ts:863:19)
    at getOutput (/usr/local/lib/node_modules/ts-node/src/index.ts:1077:36)
    at Object.compile (/usr/local/lib/node_modules/ts-node/src/index.ts:1433:41)
    at Module.m._compile (/usr/local/lib/node_modules/ts-node/src/index.ts:1617:30)
    at Module._extensions..js (node:internal/modules/cjs/loader:1153:10)
    at Object.require.extensions.<computed> [as .ts] (/usr/local/lib/node_modules/ts-node/src/index.ts:1621:12)
    at Module.load (node:internal/modules/cjs/loader:981:32)
    at Function.Module._load (node:internal/modules/cjs/loader:822:12)
    at Module.require (node:internal/modules/cjs/loader:1005:19)
2022-11-06 14:47:17 error: uncaughtException: тип Unable to compile TypeScript:
[96mcontrollers/users.controller.ts[0m:[93m34[0m:[93m7[0m - [91merror[0m[90m TS1003: [0mIdentifier expected.

[7m34[0m       } catch (error) {
[7m  [0m [91m      ~[0m

TSError: тип Unable to compile TypeScript:
[96mcontrollers/users.controller.ts[0m:[93m34[0m:[93m7[0m - [91merror[0m[90m TS1003: [0mIdentifier expected.

[7m34[0m       } catch (error) {
[7m  [0m [91m      ~[0m

    at createTSError (/usr/local/lib/node_modules/ts-node/src/index.ts:859:12)
    at reportTSError (/usr/local/lib/node_modules/ts-node/src/index.ts:863:19)
    at getOutput (/usr/local/lib/node_modules/ts-node/src/index.ts:1077:36)
    at Object.compile (/usr/local/lib/node_modules/ts-node/src/index.ts:1433:41)
    at Module.m._compile (/usr/local/lib/node_modules/ts-node/src/index.ts:1617:30)
    at Module._extensions..js (node:internal/modules/cjs/loader:1153:10)
    at Object.require.extensions.<computed> [as .ts] (/usr/local/lib/node_modules/ts-node/src/index.ts:1621:12)
    at Module.load (node:internal/modules/cjs/loader:981:32)
    at Function.Module._load (node:internal/modules/cjs/loader:822:12)
    at Module.require (node:internal/modules/cjs/loader:1005:19)
2022-11-06 14:47:54 error: uncaughtException: тип Unable to compile TypeScript:
[96mcontrollers/users.controller.ts[0m:[93m34[0m:[93m7[0m - [91merror[0m[90m TS1003: [0mIdentifier expected.

[7m34[0m       } catch (error) {
[7m  [0m [91m      ~[0m

TSError: тип Unable to compile TypeScript:
[96mcontrollers/users.controller.ts[0m:[93m34[0m:[93m7[0m - [91merror[0m[90m TS1003: [0mIdentifier expected.

[7m34[0m       } catch (error) {
[7m  [0m [91m      ~[0m

    at createTSError (/usr/local/lib/node_modules/ts-node/src/index.ts:859:12)
    at reportTSError (/usr/local/lib/node_modules/ts-node/src/index.ts:863:19)
    at getOutput (/usr/local/lib/node_modules/ts-node/src/index.ts:1077:36)
    at Object.compile (/usr/local/lib/node_modules/ts-node/src/index.ts:1433:41)
    at Module.m._compile (/usr/local/lib/node_modules/ts-node/src/index.ts:1617:30)
    at Module._extensions..js (node:internal/modules/cjs/loader:1153:10)
    at Object.require.extensions.<computed> [as .ts] (/usr/local/lib/node_modules/ts-node/src/index.ts:1621:12)
    at Module.load (node:internal/modules/cjs/loader:981:32)
    at Function.Module._load (node:internal/modules/cjs/loader:822:12)
    at Module.require (node:internal/modules/cjs/loader:1005:19)
2022-11-06 14:48:05 error: uncaughtException: тип Unable to compile TypeScript:
[96mcontrollers/users.controller.ts[0m:[93m34[0m:[93m7[0m - [91merror[0m[90m TS1003: [0mIdentifier expected.

[7m34[0m       } catch (error) {
[7m  [0m [91m      ~[0m

TSError: тип Unable to compile TypeScript:
[96mcontrollers/users.controller.ts[0m:[93m34[0m:[93m7[0m - [91merror[0m[90m TS1003: [0mIdentifier expected.

[7m34[0m       } catch (error) {
[7m  [0m [91m      ~[0m

    at createTSError (/usr/local/lib/node_modules/ts-node/src/index.ts:859:12)
    at reportTSError (/usr/local/lib/node_modules/ts-node/src/index.ts:863:19)
    at getOutput (/usr/local/lib/node_modules/ts-node/src/index.ts:1077:36)
    at Object.compile (/usr/local/lib/node_modules/ts-node/src/index.ts:1433:41)
    at Module.m._compile (/usr/local/lib/node_modules/ts-node/src/index.ts:1617:30)
    at Module._extensions..js (node:internal/modules/cjs/loader:1153:10)
    at Object.require.extensions.<computed> [as .ts] (/usr/local/lib/node_modules/ts-node/src/index.ts:1621:12)
    at Module.load (node:internal/modules/cjs/loader:981:32)
    at Function.Module._load (node:internal/modules/cjs/loader:822:12)
    at Module.require (node:internal/modules/cjs/loader:1005:19)
2022-11-06 14:48:09 error: uncaughtException: тип Unable to compile TypeScript:
[96mcontrollers/users.controller.ts[0m:[93m34[0m:[93m7[0m - [91merror[0m[90m TS1003: [0mIdentifier expected.

[7m34[0m       } catch (error) {
[7m  [0m [91m      ~[0m

TSError: тип Unable to compile TypeScript:
[96mcontrollers/users.controller.ts[0m:[93m34[0m:[93m7[0m - [91merror[0m[90m TS1003: [0mIdentifier expected.

[7m34[0m       } catch (error) {
[7m  [0m [91m      ~[0m

    at createTSError (/usr/local/lib/node_modules/ts-node/src/index.ts:859:12)
    at reportTSError (/usr/local/lib/node_modules/ts-node/src/index.ts:863:19)
    at getOutput (/usr/local/lib/node_modules/ts-node/src/index.ts:1077:36)
    at Object.compile (/usr/local/lib/node_modules/ts-node/src/index.ts:1433:41)
    at Module.m._compile (/usr/local/lib/node_modules/ts-node/src/index.ts:1617:30)
    at Module._extensions..js (node:internal/modules/cjs/loader:1153:10)
    at Object.require.extensions.<computed> [as .ts] (/usr/local/lib/node_modules/ts-node/src/index.ts:1621:12)
    at Module.load (node:internal/modules/cjs/loader:981:32)
    at Function.Module._load (node:internal/modules/cjs/loader:822:12)
    at Module.require (node:internal/modules/cjs/loader:1005:19)
2022-11-06 14:48:11 error: uncaughtException: тип Unable to compile TypeScript:
[96mcontrollers/users.controller.ts[0m:[93m34[0m:[93m7[0m - [91merror[0m[90m TS1003: [0mIdentifier expected.

[7m34[0m       } catch (error) {
[7m  [0m [91m      ~[0m

TSError: тип Unable to compile TypeScript:
[96mcontrollers/users.controller.ts[0m:[93m34[0m:[93m7[0m - [91merror[0m[90m TS1003: [0mIdentifier expected.

[7m34[0m       } catch (error) {
[7m  [0m [91m      ~[0m

    at createTSError (/usr/local/lib/node_modules/ts-node/src/index.ts:859:12)
    at reportTSError (/usr/local/lib/node_modules/ts-node/src/index.ts:863:19)
    at getOutput (/usr/local/lib/node_modules/ts-node/src/index.ts:1077:36)
    at Object.compile (/usr/local/lib/node_modules/ts-node/src/index.ts:1433:41)
    at Module.m._compile (/usr/local/lib/node_modules/ts-node/src/index.ts:1617:30)
    at Module._extensions..js (node:internal/modules/cjs/loader:1153:10)
    at Object.require.extensions.<computed> [as .ts] (/usr/local/lib/node_modules/ts-node/src/index.ts:1621:12)
    at Module.load (node:internal/modules/cjs/loader:981:32)
    at Function.Module._load (node:internal/modules/cjs/loader:822:12)
    at Module.require (node:internal/modules/cjs/loader:1005:19)
2022-11-06 14:48:13 error: uncaughtException: тип Unable to compile TypeScript:
[96mcontrollers/users.controller.ts[0m:[93m34[0m:[93m7[0m - [91merror[0m[90m TS1003: [0mIdentifier expected.

[7m34[0m       } catch (error) {
[7m  [0m [91m      ~[0m

TSError: тип Unable to compile TypeScript:
[96mcontrollers/users.controller.ts[0m:[93m34[0m:[93m7[0m - [91merror[0m[90m TS1003: [0mIdentifier expected.

[7m34[0m       } catch (error) {
[7m  [0m [91m      ~[0m

    at createTSError (/usr/local/lib/node_modules/ts-node/src/index.ts:859:12)
    at reportTSError (/usr/local/lib/node_modules/ts-node/src/index.ts:863:19)
    at getOutput (/usr/local/lib/node_modules/ts-node/src/index.ts:1077:36)
    at Object.compile (/usr/local/lib/node_modules/ts-node/src/index.ts:1433:41)
    at Module.m._compile (/usr/local/lib/node_modules/ts-node/src/index.ts:1617:30)
    at Module._extensions..js (node:internal/modules/cjs/loader:1153:10)
    at Object.require.extensions.<computed> [as .ts] (/usr/local/lib/node_modules/ts-node/src/index.ts:1621:12)
    at Module.load (node:internal/modules/cjs/loader:981:32)
    at Function.Module._load (node:internal/modules/cjs/loader:822:12)
    at Module.require (node:internal/modules/cjs/loader:1005:19)
2022-11-06 14:50:19 error: uncaughtException: тип Unable to compile TypeScript:
[96mcontrollers/users.controller.ts[0m:[93m34[0m:[93m7[0m - [91merror[0m[90m TS1003: [0mIdentifier expected.

[7m34[0m       } catch (error) {
[7m  [0m [91m      ~[0m

TSError: тип Unable to compile TypeScript:
[96mcontrollers/users.controller.ts[0m:[93m34[0m:[93m7[0m - [91merror[0m[90m TS1003: [0mIdentifier expected.

[7m34[0m       } catch (error) {
[7m  [0m [91m      ~[0m

    at createTSError (/usr/local/lib/node_modules/ts-node/src/index.ts:859:12)
    at reportTSError (/usr/local/lib/node_modules/ts-node/src/index.ts:863:19)
    at getOutput (/usr/local/lib/node_modules/ts-node/src/index.ts:1077:36)
    at Object.compile (/usr/local/lib/node_modules/ts-node/src/index.ts:1433:41)
    at Module.m._compile (/usr/local/lib/node_modules/ts-node/src/index.ts:1617:30)
    at Module._extensions..js (node:internal/modules/cjs/loader:1153:10)
    at Object.require.extensions.<computed> [as .ts] (/usr/local/lib/node_modules/ts-node/src/index.ts:1621:12)
    at Module.load (node:internal/modules/cjs/loader:981:32)
    at Function.Module._load (node:internal/modules/cjs/loader:822:12)
    at Module.require (node:internal/modules/cjs/loader:1005:19)
2022-11-06 14:50:21 error: uncaughtException: тип Unable to compile TypeScript:
[96mcontrollers/users.controller.ts[0m:[93m34[0m:[93m7[0m - [91merror[0m[90m TS1003: [0mIdentifier expected.

[7m34[0m       } catch (error) {
[7m  [0m [91m      ~[0m

TSError: тип Unable to compile TypeScript:
[96mcontrollers/users.controller.ts[0m:[93m34[0m:[93m7[0m - [91merror[0m[90m TS1003: [0mIdentifier expected.

[7m34[0m       } catch (error) {
[7m  [0m [91m      ~[0m

    at createTSError (/usr/local/lib/node_modules/ts-node/src/index.ts:859:12)
    at reportTSError (/usr/local/lib/node_modules/ts-node/src/index.ts:863:19)
    at getOutput (/usr/local/lib/node_modules/ts-node/src/index.ts:1077:36)
    at Object.compile (/usr/local/lib/node_modules/ts-node/src/index.ts:1433:41)
    at Module.m._compile (/usr/local/lib/node_modules/ts-node/src/index.ts:1617:30)
    at Module._extensions..js (node:internal/modules/cjs/loader:1153:10)
    at Object.require.extensions.<computed> [as .ts] (/usr/local/lib/node_modules/ts-node/src/index.ts:1621:12)
    at Module.load (node:internal/modules/cjs/loader:981:32)
    at Function.Module._load (node:internal/modules/cjs/loader:822:12)
    at Module.require (node:internal/modules/cjs/loader:1005:19)
2022-11-06 14:54:26 error: uncaughtException: тип Unable to compile TypeScript:
[96mcontrollers/users.controller.ts[0m:[93m33[0m:[93m62[0m - [91merror[0m[90m TS2554: [0mExpected 1 arguments, but got 0.

[7m33[0m         const findOneUserData: User = await this.userService.findUserById()
[7m  [0m [91m                                                             ~~~~~~~~~~~~~~[0m

  [96mservices/users.service.ts[0m:[93m27[0m:[93m31[0m
    [7m27[0m     public async findUserById(userId: string): Promise<User> {
    [7m  [0m [96m                              ~~~~~~~~~~~~~~[0m
    An argument for 'userId' was not provided.

TSError: тип Unable to compile TypeScript:
[96mcontrollers/users.controller.ts[0m:[93m33[0m:[93m62[0m - [91merror[0m[90m TS2554: [0mExpected 1 arguments, but got 0.

[7m33[0m         const findOneUserData: User = await this.userService.findUserById()
[7m  [0m [91m                                                             ~~~~~~~~~~~~~~[0m

  [96mservices/users.service.ts[0m:[93m27[0m:[93m31[0m
    [7m27[0m     public async findUserById(userId: string): Promise<User> {
    [7m  [0m [96m                              ~~~~~~~~~~~~~~[0m
    An argument for 'userId' was not provided.

    at createTSError (/usr/local/lib/node_modules/ts-node/src/index.ts:859:12)
    at reportTSError (/usr/local/lib/node_modules/ts-node/src/index.ts:863:19)
    at getOutput (/usr/local/lib/node_modules/ts-node/src/index.ts:1077:36)
    at Object.compile (/usr/local/lib/node_modules/ts-node/src/index.ts:1433:41)
    at Module.m._compile (/usr/local/lib/node_modules/ts-node/src/index.ts:1617:30)
    at Module._extensions..js (node:internal/modules/cjs/loader:1153:10)
    at Object.require.extensions.<computed> [as .ts] (/usr/local/lib/node_modules/ts-node/src/index.ts:1621:12)
    at Module.load (node:internal/modules/cjs/loader:981:32)
    at Function.Module._load (node:internal/modules/cjs/loader:822:12)
    at Module.require (node:internal/modules/cjs/loader:1005:19)
2022-11-06 14:58:38 error: uncaughtException: тип Unable to compile TypeScript:
[96mroutes/users.route.ts[0m:[93m20[0m:[93m38[0m - [91merror[0m[90m TS2304: [0mCannot find name 'validationMiddleware'.

[7m20[0m     this.router.post(`${this.path}`, validationMiddleware(CreateUserDto, 'body'), this.usersController.createUser);
[7m  [0m [91m                                     ~~~~~~~~~~~~~~~~~~~~[0m

TSError: тип Unable to compile TypeScript:
[96mroutes/users.route.ts[0m:[93m20[0m:[93m38[0m - [91merror[0m[90m TS2304: [0mCannot find name 'validationMiddleware'.

[7m20[0m     this.router.post(`${this.path}`, validationMiddleware(CreateUserDto, 'body'), this.usersController.createUser);
[7m  [0m [91m                                     ~~~~~~~~~~~~~~~~~~~~[0m

    at createTSError (/usr/local/lib/node_modules/ts-node/src/index.ts:859:12)
    at reportTSError (/usr/local/lib/node_modules/ts-node/src/index.ts:863:19)
    at getOutput (/usr/local/lib/node_modules/ts-node/src/index.ts:1077:36)
    at Object.compile (/usr/local/lib/node_modules/ts-node/src/index.ts:1433:41)
    at Module.m._compile (/usr/local/lib/node_modules/ts-node/src/index.ts:1617:30)
    at Module._extensions..js (node:internal/modules/cjs/loader:1153:10)
    at Object.require.extensions.<computed> [as .ts] (/usr/local/lib/node_modules/ts-node/src/index.ts:1621:12)
    at Module.load (node:internal/modules/cjs/loader:981:32)
    at Function.Module._load (node:internal/modules/cjs/loader:822:12)
    at Module.require (node:internal/modules/cjs/loader:1005:19)
2022-11-06 14:58:43 error: uncaughtException: тип Unable to compile TypeScript:
[96mroutes/users.route.ts[0m:[93m5[0m:[93m34[0m - [91merror[0m[90m TS2307: [0mCannot find module '../middlewares/validation.middleware' or its corresponding type declarations.

[7m5[0m import validationMiddleware from '../middlewares/validation.middleware';
[7m [0m [91m                                 ~~~~~~~~~~~~~~~~~~~~~~~~~~~~~~~~~~~~~~[0m

TSError: тип Unable to compile TypeScript:
[96mroutes/users.route.ts[0m:[93m5[0m:[93m34[0m - [91merror[0m[90m TS2307: [0mCannot find module '../middlewares/validation.middleware' or its corresponding type declarations.

[7m5[0m import validationMiddleware from '../middlewares/validation.middleware';
[7m [0m [91m                                 ~~~~~~~~~~~~~~~~~~~~~~~~~~~~~~~~~~~~~~[0m

    at createTSError (/usr/local/lib/node_modules/ts-node/src/index.ts:859:12)
    at reportTSError (/usr/local/lib/node_modules/ts-node/src/index.ts:863:19)
    at getOutput (/usr/local/lib/node_modules/ts-node/src/index.ts:1077:36)
    at Object.compile (/usr/local/lib/node_modules/ts-node/src/index.ts:1433:41)
    at Module.m._compile (/usr/local/lib/node_modules/ts-node/src/index.ts:1617:30)
    at Module._extensions..js (node:internal/modules/cjs/loader:1153:10)
    at Object.require.extensions.<computed> [as .ts] (/usr/local/lib/node_modules/ts-node/src/index.ts:1621:12)
    at Module.load (node:internal/modules/cjs/loader:981:32)
    at Function.Module._load (node:internal/modules/cjs/loader:822:12)
    at Module.require (node:internal/modules/cjs/loader:1005:19)
2022-11-06 14:59:37 error: uncaughtException: тип Unable to compile TypeScript:
[96mroutes/users.route.ts[0m:[93m5[0m:[93m34[0m - [91merror[0m[90m TS2306: [0mFile '/Users/fengyuwangbv/Desktop/studyAppWeb/backend/src/middlewares/validation.middleware.ts' is not a module.

[7m5[0m import validationMiddleware from '../middlewares/validation.middleware';
[7m [0m [91m                                 ~~~~~~~~~~~~~~~~~~~~~~~~~~~~~~~~~~~~~~[0m

TSError: тип Unable to compile TypeScript:
[96mroutes/users.route.ts[0m:[93m5[0m:[93m34[0m - [91merror[0m[90m TS2306: [0mFile '/Users/fengyuwangbv/Desktop/studyAppWeb/backend/src/middlewares/validation.middleware.ts' is not a module.

[7m5[0m import validationMiddleware from '../middlewares/validation.middleware';
[7m [0m [91m                                 ~~~~~~~~~~~~~~~~~~~~~~~~~~~~~~~~~~~~~~[0m

    at createTSError (/usr/local/lib/node_modules/ts-node/src/index.ts:859:12)
    at reportTSError (/usr/local/lib/node_modules/ts-node/src/index.ts:863:19)
    at getOutput (/usr/local/lib/node_modules/ts-node/src/index.ts:1077:36)
    at Object.compile (/usr/local/lib/node_modules/ts-node/src/index.ts:1433:41)
    at Module.m._compile (/usr/local/lib/node_modules/ts-node/src/index.ts:1617:30)
    at Module._extensions..js (node:internal/modules/cjs/loader:1153:10)
    at Object.require.extensions.<computed> [as .ts] (/usr/local/lib/node_modules/ts-node/src/index.ts:1621:12)
    at Module.load (node:internal/modules/cjs/loader:981:32)
    at Function.Module._load (node:internal/modules/cjs/loader:822:12)
    at Module.require (node:internal/modules/cjs/loader:1005:19)
2022-11-06 15:23:22 error: uncaughtException: тип Unable to compile TypeScript:
[96mroutes/users.route.ts[0m:[93m5[0m:[93m34[0m - [91merror[0m[90m TS2306: [0mFile '/Users/fengyuwangbv/Desktop/studyAppWeb/backend/src/middlewares/validation.middleware.ts' is not a module.

[7m5[0m import validationMiddleware from '../middlewares/validation.middleware';
[7m [0m [91m                                 ~~~~~~~~~~~~~~~~~~~~~~~~~~~~~~~~~~~~~~[0m

TSError: тип Unable to compile TypeScript:
[96mroutes/users.route.ts[0m:[93m5[0m:[93m34[0m - [91merror[0m[90m TS2306: [0mFile '/Users/fengyuwangbv/Desktop/studyAppWeb/backend/src/middlewares/validation.middleware.ts' is not a module.

[7m5[0m import validationMiddleware from '../middlewares/validation.middleware';
[7m [0m [91m                                 ~~~~~~~~~~~~~~~~~~~~~~~~~~~~~~~~~~~~~~[0m

    at createTSError (/usr/local/lib/node_modules/ts-node/src/index.ts:859:12)
    at reportTSError (/usr/local/lib/node_modules/ts-node/src/index.ts:863:19)
    at getOutput (/usr/local/lib/node_modules/ts-node/src/index.ts:1077:36)
    at Object.compile (/usr/local/lib/node_modules/ts-node/src/index.ts:1433:41)
    at Module.m._compile (/usr/local/lib/node_modules/ts-node/src/index.ts:1617:30)
    at Module._extensions..js (node:internal/modules/cjs/loader:1153:10)
    at Object.require.extensions.<computed> [as .ts] (/usr/local/lib/node_modules/ts-node/src/index.ts:1621:12)
    at Module.load (node:internal/modules/cjs/loader:981:32)
    at Function.Module._load (node:internal/modules/cjs/loader:822:12)
    at Module.require (node:internal/modules/cjs/loader:1005:19)
2022-11-06 15:23:25 error: uncaughtException: тип Unable to compile TypeScript:
[96mroutes/users.route.ts[0m:[93m5[0m:[93m8[0m - [91merror[0m[90m TS1192: [0mModule '"/Users/fengyuwangbv/Desktop/studyAppWeb/backend/src/middlewares/validation.middleware"' has no default export.

[7m5[0m import validationMiddleware from '../middlewares/validation.middleware';
[7m [0m [91m       ~~~~~~~~~~~~~~~~~~~~[0m

TSError: тип Unable to compile TypeScript:
[96mroutes/users.route.ts[0m:[93m5[0m:[93m8[0m - [91merror[0m[90m TS1192: [0mModule '"/Users/fengyuwangbv/Desktop/studyAppWeb/backend/src/middlewares/validation.middleware"' has no default export.

[7m5[0m import validationMiddleware from '../middlewares/validation.middleware';
[7m [0m [91m       ~~~~~~~~~~~~~~~~~~~~[0m

    at createTSError (/usr/local/lib/node_modules/ts-node/src/index.ts:859:12)
    at reportTSError (/usr/local/lib/node_modules/ts-node/src/index.ts:863:19)
    at getOutput (/usr/local/lib/node_modules/ts-node/src/index.ts:1077:36)
    at Object.compile (/usr/local/lib/node_modules/ts-node/src/index.ts:1433:41)
    at Module.m._compile (/usr/local/lib/node_modules/ts-node/src/index.ts:1617:30)
    at Module._extensions..js (node:internal/modules/cjs/loader:1153:10)
    at Object.require.extensions.<computed> [as .ts] (/usr/local/lib/node_modules/ts-node/src/index.ts:1621:12)
    at Module.load (node:internal/modules/cjs/loader:981:32)
    at Function.Module._load (node:internal/modules/cjs/loader:822:12)
    at Module.require (node:internal/modules/cjs/loader:1005:19)
2022-11-06 21:16:33 error: uncaughtException: тип Unable to compile TypeScript:
[96mdtos/users.dto.ts[0m:[93m10[0m:[93m4[0m - [91merror[0m[90m TS7008: [0mMember '(Missing)' implicitly has an 'any' type.

[7m10[0m   @
[7m  [0m [91m   [0m
[96mdtos/users.dto.ts[0m:[93m11[0m:[93m1[0m - [91merror[0m[90m TS1109: [0mExpression expected.

[7m11[0m }
[7m  [0m [91m~[0m
[96mdtos/users.dto.ts[0m:[93m10[0m:[93m4[0m - [91merror[0m[90m TS1146: [0mDeclaration expected.

[7m10[0m   @
[7m  [0m [91m   [0m

TSError: тип Unable to compile TypeScript:
[96mdtos/users.dto.ts[0m:[93m10[0m:[93m4[0m - [91merror[0m[90m TS7008: [0mMember '(Missing)' implicitly has an 'any' type.

[7m10[0m   @
[7m  [0m [91m   [0m
[96mdtos/users.dto.ts[0m:[93m11[0m:[93m1[0m - [91merror[0m[90m TS1109: [0mExpression expected.

[7m11[0m }
[7m  [0m [91m~[0m
[96mdtos/users.dto.ts[0m:[93m10[0m:[93m4[0m - [91merror[0m[90m TS1146: [0mDeclaration expected.

[7m10[0m   @
[7m  [0m [91m   [0m

    at createTSError (/usr/local/lib/node_modules/ts-node/src/index.ts:859:12)
    at reportTSError (/usr/local/lib/node_modules/ts-node/src/index.ts:863:19)
    at getOutput (/usr/local/lib/node_modules/ts-node/src/index.ts:1077:36)
    at Object.compile (/usr/local/lib/node_modules/ts-node/src/index.ts:1433:41)
    at Module.m._compile (/usr/local/lib/node_modules/ts-node/src/index.ts:1617:30)
    at Module._extensions..js (node:internal/modules/cjs/loader:1153:10)
    at Object.require.extensions.<computed> [as .ts] (/usr/local/lib/node_modules/ts-node/src/index.ts:1621:12)
    at Module.load (node:internal/modules/cjs/loader:981:32)
    at Function.Module._load (node:internal/modules/cjs/loader:822:12)
    at Module.require (node:internal/modules/cjs/loader:1005:19)
2022-11-06 21:16:47 error: uncaughtException: тип Unable to compile TypeScript:
[96mdtos/users.dto.ts[0m:[93m11[0m:[93m10[0m - [91merror[0m[90m TS2564: [0mProperty 'image' has no initializer and is not definitely assigned in the constructor.

[7m11[0m   public image: string;
[7m  [0m [91m         ~~~~~[0m

TSError: тип Unable to compile TypeScript:
[96mdtos/users.dto.ts[0m:[93m11[0m:[93m10[0m - [91merror[0m[90m TS2564: [0mProperty 'image' has no initializer and is not definitely assigned in the constructor.

[7m11[0m   public image: string;
[7m  [0m [91m         ~~~~~[0m

    at createTSError (/usr/local/lib/node_modules/ts-node/src/index.ts:859:12)
    at reportTSError (/usr/local/lib/node_modules/ts-node/src/index.ts:863:19)
    at getOutput (/usr/local/lib/node_modules/ts-node/src/index.ts:1077:36)
    at Object.compile (/usr/local/lib/node_modules/ts-node/src/index.ts:1433:41)
    at Module.m._compile (/usr/local/lib/node_modules/ts-node/src/index.ts:1617:30)
    at Module._extensions..js (node:internal/modules/cjs/loader:1153:10)
    at Object.require.extensions.<computed> [as .ts] (/usr/local/lib/node_modules/ts-node/src/index.ts:1621:12)
    at Module.load (node:internal/modules/cjs/loader:981:32)
    at Function.Module._load (node:internal/modules/cjs/loader:822:12)
    at Module.require (node:internal/modules/cjs/loader:1005:19)
2022-11-06 21:16:58 error: uncaughtException: тип Unable to compile TypeScript:
[96mdtos/users.dto.ts[0m:[93m11[0m:[93m10[0m - [91merror[0m[90m TS2564: [0mProperty 'image' has no initializer and is not definitely assigned in the constructor.

[7m11[0m   public image: string;
[7m  [0m [91m         ~~~~~[0m

TSError: тип Unable to compile TypeScript:
[96mdtos/users.dto.ts[0m:[93m11[0m:[93m10[0m - [91merror[0m[90m TS2564: [0mProperty 'image' has no initializer and is not definitely assigned in the constructor.

[7m11[0m   public image: string;
[7m  [0m [91m         ~~~~~[0m

    at createTSError (/usr/local/lib/node_modules/ts-node/src/index.ts:859:12)
    at reportTSError (/usr/local/lib/node_modules/ts-node/src/index.ts:863:19)
    at getOutput (/usr/local/lib/node_modules/ts-node/src/index.ts:1077:36)
    at Object.compile (/usr/local/lib/node_modules/ts-node/src/index.ts:1433:41)
    at Module.m._compile (/usr/local/lib/node_modules/ts-node/src/index.ts:1617:30)
    at Module._extensions..js (node:internal/modules/cjs/loader:1153:10)
    at Object.require.extensions.<computed> [as .ts] (/usr/local/lib/node_modules/ts-node/src/index.ts:1621:12)
    at Module.load (node:internal/modules/cjs/loader:981:32)
    at Function.Module._load (node:internal/modules/cjs/loader:822:12)
    at Module.require (node:internal/modules/cjs/loader:1005:19)
2022-11-06 21:17:04 error: uncaughtException: тип Unable to compile TypeScript:
[96mdtos/users.dto.ts[0m:[93m14[0m:[93m4[0m - [91merror[0m[90m TS7008: [0mMember '(Missing)' implicitly has an 'any' type.

[7m14[0m   @
[7m  [0m [91m   [0m
[96mdtos/users.dto.ts[0m:[93m16[0m:[93m1[0m - [91merror[0m[90m TS1109: [0mExpression expected.

[7m16[0m }
[7m  [0m [91m~[0m
[96mdtos/users.dto.ts[0m:[93m14[0m:[93m4[0m - [91merror[0m[90m TS1146: [0mDeclaration expected.

[7m14[0m   @
[7m  [0m [91m   [0m

TSError: тип Unable to compile TypeScript:
[96mdtos/users.dto.ts[0m:[93m14[0m:[93m4[0m - [91merror[0m[90m TS7008: [0mMember '(Missing)' implicitly has an 'any' type.

[7m14[0m   @
[7m  [0m [91m   [0m
[96mdtos/users.dto.ts[0m:[93m16[0m:[93m1[0m - [91merror[0m[90m TS1109: [0mExpression expected.

[7m16[0m }
[7m  [0m [91m~[0m
[96mdtos/users.dto.ts[0m:[93m14[0m:[93m4[0m - [91merror[0m[90m TS1146: [0mDeclaration expected.

[7m14[0m   @
[7m  [0m [91m   [0m

    at createTSError (/usr/local/lib/node_modules/ts-node/src/index.ts:859:12)
    at reportTSError (/usr/local/lib/node_modules/ts-node/src/index.ts:863:19)
    at getOutput (/usr/local/lib/node_modules/ts-node/src/index.ts:1077:36)
    at Object.compile (/usr/local/lib/node_modules/ts-node/src/index.ts:1433:41)
    at Module.m._compile (/usr/local/lib/node_modules/ts-node/src/index.ts:1617:30)
    at Module._extensions..js (node:internal/modules/cjs/loader:1153:10)
    at Object.require.extensions.<computed> [as .ts] (/usr/local/lib/node_modules/ts-node/src/index.ts:1621:12)
    at Module.load (node:internal/modules/cjs/loader:981:32)
    at Function.Module._load (node:internal/modules/cjs/loader:822:12)
    at Module.require (node:internal/modules/cjs/loader:1005:19)
2022-11-06 21:17:10 error: uncaughtException: тип Unable to compile TypeScript:
[96mdtos/users.dto.ts[0m:[93m14[0m:[93m4[0m - [91merror[0m[90m TS2304: [0mCannot find name 'accountTimeCreated'.

[7m14[0m   @accountTimeCreated()
[7m  [0m [91m   ~~~~~~~~~~~~~~~~~~[0m
[96mdtos/users.dto.ts[0m:[93m14[0m:[93m24[0m - [91merror[0m[90m TS7008: [0mMember '(Missing)' implicitly has an 'any' type.

[7m14[0m   @accountTimeCreated()
[7m  [0m [91m                       [0m
[96mdtos/users.dto.ts[0m:[93m14[0m:[93m24[0m - [91merror[0m[90m TS1146: [0mDeclaration expected.

[7m14[0m   @accountTimeCreated()
[7m  [0m [91m                       [0m

TSError: тип Unable to compile TypeScript:
[96mdtos/users.dto.ts[0m:[93m14[0m:[93m4[0m - [91merror[0m[90m TS2304: [0mCannot find name 'accountTimeCreated'.

[7m14[0m   @accountTimeCreated()
[7m  [0m [91m   ~~~~~~~~~~~~~~~~~~[0m
[96mdtos/users.dto.ts[0m:[93m14[0m:[93m24[0m - [91merror[0m[90m TS7008: [0mMember '(Missing)' implicitly has an 'any' type.

[7m14[0m   @accountTimeCreated()
[7m  [0m [91m                       [0m
[96mdtos/users.dto.ts[0m:[93m14[0m:[93m24[0m - [91merror[0m[90m TS1146: [0mDeclaration expected.

[7m14[0m   @accountTimeCreated()
[7m  [0m [91m                       [0m

    at createTSError (/usr/local/lib/node_modules/ts-node/src/index.ts:859:12)
    at reportTSError (/usr/local/lib/node_modules/ts-node/src/index.ts:863:19)
    at getOutput (/usr/local/lib/node_modules/ts-node/src/index.ts:1077:36)
    at Object.compile (/usr/local/lib/node_modules/ts-node/src/index.ts:1433:41)
    at Module.m._compile (/usr/local/lib/node_modules/ts-node/src/index.ts:1617:30)
    at Module._extensions..js (node:internal/modules/cjs/loader:1153:10)
    at Object.require.extensions.<computed> [as .ts] (/usr/local/lib/node_modules/ts-node/src/index.ts:1621:12)
    at Module.load (node:internal/modules/cjs/loader:981:32)
    at Function.Module._load (node:internal/modules/cjs/loader:822:12)
    at Module.require (node:internal/modules/cjs/loader:1005:19)
2022-11-06 21:17:46 error: uncaughtException: тип Unable to compile TypeScript:
[96mdtos/users.dto.ts[0m:[93m14[0m:[93m14[0m - [91merror[0m[90m TS7008: [0mMember '(Missing)' implicitly has an 'any' type.

[7m14[0m   @IsString()
[7m  [0m [91m             [0m
[96mdtos/users.dto.ts[0m:[93m14[0m:[93m14[0m - [91merror[0m[90m TS1146: [0mDeclaration expected.

[7m14[0m   @IsString()
[7m  [0m [91m             [0m

TSError: тип Unable to compile TypeScript:
[96mdtos/users.dto.ts[0m:[93m14[0m:[93m14[0m - [91merror[0m[90m TS7008: [0mMember '(Missing)' implicitly has an 'any' type.

[7m14[0m   @IsString()
[7m  [0m [91m             [0m
[96mdtos/users.dto.ts[0m:[93m14[0m:[93m14[0m - [91merror[0m[90m TS1146: [0mDeclaration expected.

[7m14[0m   @IsString()
[7m  [0m [91m             [0m

    at createTSError (/usr/local/lib/node_modules/ts-node/src/index.ts:859:12)
    at reportTSError (/usr/local/lib/node_modules/ts-node/src/index.ts:863:19)
    at getOutput (/usr/local/lib/node_modules/ts-node/src/index.ts:1077:36)
    at Object.compile (/usr/local/lib/node_modules/ts-node/src/index.ts:1433:41)
    at Module.m._compile (/usr/local/lib/node_modules/ts-node/src/index.ts:1617:30)
    at Module._extensions..js (node:internal/modules/cjs/loader:1153:10)
    at Object.require.extensions.<computed> [as .ts] (/usr/local/lib/node_modules/ts-node/src/index.ts:1621:12)
    at Module.load (node:internal/modules/cjs/loader:981:32)
    at Function.Module._load (node:internal/modules/cjs/loader:822:12)
    at Module.require (node:internal/modules/cjs/loader:1005:19)
2022-11-06 21:17:53 error: uncaughtException: тип Unable to compile TypeScript:
[96mdtos/users.dto.ts[0m:[93m15[0m:[93m3[0m - [91merror[0m[90m TS7008: [0mMember 'public' implicitly has an 'any' type.

[7m15[0m   public
[7m  [0m [91m  ~~~~~~[0m

TSError: тип Unable to compile TypeScript:
[96mdtos/users.dto.ts[0m:[93m15[0m:[93m3[0m - [91merror[0m[90m TS7008: [0mMember 'public' implicitly has an 'any' type.

[7m15[0m   public
[7m  [0m [91m  ~~~~~~[0m

    at createTSError (/usr/local/lib/node_modules/ts-node/src/index.ts:859:12)
    at reportTSError (/usr/local/lib/node_modules/ts-node/src/index.ts:863:19)
    at getOutput (/usr/local/lib/node_modules/ts-node/src/index.ts:1077:36)
    at Object.compile (/usr/local/lib/node_modules/ts-node/src/index.ts:1433:41)
    at Module.m._compile (/usr/local/lib/node_modules/ts-node/src/index.ts:1617:30)
    at Module._extensions..js (node:internal/modules/cjs/loader:1153:10)
    at Object.require.extensions.<computed> [as .ts] (/usr/local/lib/node_modules/ts-node/src/index.ts:1621:12)
    at Module.load (node:internal/modules/cjs/loader:981:32)
    at Function.Module._load (node:internal/modules/cjs/loader:822:12)
    at Module.require (node:internal/modules/cjs/loader:1005:19)
2022-11-06 21:18:06 error: uncaughtException: тип Unable to compile TypeScript:
[96mdtos/users.dto.ts[0m:[93m15[0m:[93m10[0m - [91merror[0m[90m TS7008: [0mMember 'accountTimeCreated' implicitly has an 'any' type.

[7m15[0m   public accountTimeCreated?
[7m  [0m [91m         ~~~~~~~~~~~~~~~~~~[0m

TSError: тип Unable to compile TypeScript:
[96mdtos/users.dto.ts[0m:[93m15[0m:[93m10[0m - [91merror[0m[90m TS7008: [0mMember 'accountTimeCreated' implicitly has an 'any' type.

[7m15[0m   public accountTimeCreated?
[7m  [0m [91m         ~~~~~~~~~~~~~~~~~~[0m

    at createTSError (/usr/local/lib/node_modules/ts-node/src/index.ts:859:12)
    at reportTSError (/usr/local/lib/node_modules/ts-node/src/index.ts:863:19)
    at getOutput (/usr/local/lib/node_modules/ts-node/src/index.ts:1077:36)
    at Object.compile (/usr/local/lib/node_modules/ts-node/src/index.ts:1433:41)
    at Module.m._compile (/usr/local/lib/node_modules/ts-node/src/index.ts:1617:30)
    at Module._extensions..js (node:internal/modules/cjs/loader:1153:10)
    at Object.require.extensions.<computed> [as .ts] (/usr/local/lib/node_modules/ts-node/src/index.ts:1621:12)
    at Module.load (node:internal/modules/cjs/loader:981:32)
    at Function.Module._load (node:internal/modules/cjs/loader:822:12)
    at Module.require (node:internal/modules/cjs/loader:1005:19)
2022-11-06 21:21:01 error: uncaughtException: тип Unable to compile TypeScript:
[96mroutes/users.route.ts[0m:[93m20[0m:[93m113[0m - [91merror[0m[90m TS2339: [0mProperty 'updateUser' does not exist on type 'UsersController'.

[7m20[0m     this.router.put(`${this.path}/:id`, validationMiddleware(CreateUserDto, 'body', true), this.usersController.updateUser);
[7m  [0m [91m                                                                                                                ~~~~~~~~~~[0m

TSError: тип Unable to compile TypeScript:
[96mroutes/users.route.ts[0m:[93m20[0m:[93m113[0m - [91merror[0m[90m TS2339: [0mProperty 'updateUser' does not exist on type 'UsersController'.

[7m20[0m     this.router.put(`${this.path}/:id`, validationMiddleware(CreateUserDto, 'body', true), this.usersController.updateUser);
[7m  [0m [91m                                                                                                                ~~~~~~~~~~[0m

    at createTSError (/usr/local/lib/node_modules/ts-node/src/index.ts:859:12)
    at reportTSError (/usr/local/lib/node_modules/ts-node/src/index.ts:863:19)
    at getOutput (/usr/local/lib/node_modules/ts-node/src/index.ts:1077:36)
    at Object.compile (/usr/local/lib/node_modules/ts-node/src/index.ts:1433:41)
    at Module.m._compile (/usr/local/lib/node_modules/ts-node/src/index.ts:1617:30)
    at Module._extensions..js (node:internal/modules/cjs/loader:1153:10)
    at Object.require.extensions.<computed> [as .ts] (/usr/local/lib/node_modules/ts-node/src/index.ts:1621:12)
    at Module.load (node:internal/modules/cjs/loader:981:32)
    at Function.Module._load (node:internal/modules/cjs/loader:822:12)
    at Module.require (node:internal/modules/cjs/loader:1005:19)
2022-11-06 21:21:48 error: uncaughtException: тип Unable to compile TypeScript:
[96mcontrollers/users.controller.ts[0m:[93m44[0m:[93m5[0m - [91merror[0m[90m TS1472: [0m'catch' or 'finally' expected.

[7m44[0m     }
[7m  [0m [91m    ~[0m

TSError: тип Unable to compile TypeScript:
[96mcontrollers/users.controller.ts[0m:[93m44[0m:[93m5[0m - [91merror[0m[90m TS1472: [0m'catch' or 'finally' expected.

[7m44[0m     }
[7m  [0m [91m    ~[0m

    at createTSError (/usr/local/lib/node_modules/ts-node/src/index.ts:859:12)
    at reportTSError (/usr/local/lib/node_modules/ts-node/src/index.ts:863:19)
    at getOutput (/usr/local/lib/node_modules/ts-node/src/index.ts:1077:36)
    at Object.compile (/usr/local/lib/node_modules/ts-node/src/index.ts:1433:41)
    at Module.m._compile (/usr/local/lib/node_modules/ts-node/src/index.ts:1617:30)
    at Module._extensions..js (node:internal/modules/cjs/loader:1153:10)
    at Object.require.extensions.<computed> [as .ts] (/usr/local/lib/node_modules/ts-node/src/index.ts:1621:12)
    at Module.load (node:internal/modules/cjs/loader:981:32)
    at Function.Module._load (node:internal/modules/cjs/loader:822:12)
    at Module.require (node:internal/modules/cjs/loader:1005:19)
2022-11-06 21:22:00 error: uncaughtException: тип Unable to compile TypeScript:
[96mcontrollers/users.controller.ts[0m:[93m44[0m:[93m5[0m - [91merror[0m[90m TS1472: [0m'catch' or 'finally' expected.

[7m44[0m     };
[7m  [0m [91m    ~[0m

TSError: тип Unable to compile TypeScript:
[96mcontrollers/users.controller.ts[0m:[93m44[0m:[93m5[0m - [91merror[0m[90m TS1472: [0m'catch' or 'finally' expected.

[7m44[0m     };
[7m  [0m [91m    ~[0m

    at createTSError (/usr/local/lib/node_modules/ts-node/src/index.ts:859:12)
    at reportTSError (/usr/local/lib/node_modules/ts-node/src/index.ts:863:19)
    at getOutput (/usr/local/lib/node_modules/ts-node/src/index.ts:1077:36)
    at Object.compile (/usr/local/lib/node_modules/ts-node/src/index.ts:1433:41)
    at Module.m._compile (/usr/local/lib/node_modules/ts-node/src/index.ts:1617:30)
    at Module._extensions..js (node:internal/modules/cjs/loader:1153:10)
    at Object.require.extensions.<computed> [as .ts] (/usr/local/lib/node_modules/ts-node/src/index.ts:1621:12)
    at Module.load (node:internal/modules/cjs/loader:981:32)
    at Function.Module._load (node:internal/modules/cjs/loader:822:12)
    at Module.require (node:internal/modules/cjs/loader:1005:19)
2022-11-06 21:22:06 error: uncaughtException: тип Unable to compile TypeScript:
[96mcontrollers/users.controller.ts[0m:[93m44[0m:[93m5[0m - [91merror[0m[90m TS1472: [0m'catch' or 'finally' expected.

[7m44[0m     };
[7m  [0m [91m    ~[0m

TSError: тип Unable to compile TypeScript:
[96mcontrollers/users.controller.ts[0m:[93m44[0m:[93m5[0m - [91merror[0m[90m TS1472: [0m'catch' or 'finally' expected.

[7m44[0m     };
[7m  [0m [91m    ~[0m

    at createTSError (/usr/local/lib/node_modules/ts-node/src/index.ts:859:12)
    at reportTSError (/usr/local/lib/node_modules/ts-node/src/index.ts:863:19)
    at getOutput (/usr/local/lib/node_modules/ts-node/src/index.ts:1077:36)
    at Object.compile (/usr/local/lib/node_modules/ts-node/src/index.ts:1433:41)
    at Module.m._compile (/usr/local/lib/node_modules/ts-node/src/index.ts:1617:30)
    at Module._extensions..js (node:internal/modules/cjs/loader:1153:10)
    at Object.require.extensions.<computed> [as .ts] (/usr/local/lib/node_modules/ts-node/src/index.ts:1621:12)
    at Module.load (node:internal/modules/cjs/loader:981:32)
    at Function.Module._load (node:internal/modules/cjs/loader:822:12)
    at Module.require (node:internal/modules/cjs/loader:1005:19)
2022-11-06 21:24:04 error: uncaughtException: тип Unable to compile TypeScript:
[96mcontrollers/users.controller.ts[0m:[93m43[0m:[93m7[0m - [91merror[0m[90m TS1110: [0mType expected.

[7m43[0m       } catch(error) {
[7m  [0m [91m      ~[0m

TSError: тип Unable to compile TypeScript:
[96mcontrollers/users.controller.ts[0m:[93m43[0m:[93m7[0m - [91merror[0m[90m TS1110: [0mType expected.

[7m43[0m       } catch(error) {
[7m  [0m [91m      ~[0m

    at createTSError (/usr/local/lib/node_modules/ts-node/src/index.ts:859:12)
    at reportTSError (/usr/local/lib/node_modules/ts-node/src/index.ts:863:19)
    at getOutput (/usr/local/lib/node_modules/ts-node/src/index.ts:1077:36)
    at Object.compile (/usr/local/lib/node_modules/ts-node/src/index.ts:1433:41)
    at Module.m._compile (/usr/local/lib/node_modules/ts-node/src/index.ts:1617:30)
    at Module._extensions..js (node:internal/modules/cjs/loader:1153:10)
    at Object.require.extensions.<computed> [as .ts] (/usr/local/lib/node_modules/ts-node/src/index.ts:1621:12)
    at Module.load (node:internal/modules/cjs/loader:981:32)
    at Function.Module._load (node:internal/modules/cjs/loader:822:12)
    at Module.require (node:internal/modules/cjs/loader:1005:19)
2022-11-06 21:24:06 error: uncaughtException: тип Unable to compile TypeScript:
[96mcontrollers/users.controller.ts[0m:[93m43[0m:[93m7[0m - [91merror[0m[90m TS1109: [0mExpression expected.

[7m43[0m       } catch(error) {
[7m  [0m [91m      ~[0m

TSError: тип Unable to compile TypeScript:
[96mcontrollers/users.controller.ts[0m:[93m43[0m:[93m7[0m - [91merror[0m[90m TS1109: [0mExpression expected.

[7m43[0m       } catch(error) {
[7m  [0m [91m      ~[0m

    at createTSError (/usr/local/lib/node_modules/ts-node/src/index.ts:859:12)
    at reportTSError (/usr/local/lib/node_modules/ts-node/src/index.ts:863:19)
    at getOutput (/usr/local/lib/node_modules/ts-node/src/index.ts:1077:36)
    at Object.compile (/usr/local/lib/node_modules/ts-node/src/index.ts:1433:41)
    at Module.m._compile (/usr/local/lib/node_modules/ts-node/src/index.ts:1617:30)
    at Module._extensions..js (node:internal/modules/cjs/loader:1153:10)
    at Object.require.extensions.<computed> [as .ts] (/usr/local/lib/node_modules/ts-node/src/index.ts:1621:12)
    at Module.load (node:internal/modules/cjs/loader:981:32)
    at Function.Module._load (node:internal/modules/cjs/loader:822:12)
    at Module.require (node:internal/modules/cjs/loader:1005:19)
2022-11-06 21:24:10 error: uncaughtException: тип Unable to compile TypeScript:
[96mcontrollers/users.controller.ts[0m:[93m43[0m:[93m7[0m - [91merror[0m[90m TS1003: [0mIdentifier expected.

[7m43[0m       } catch(error) {
[7m  [0m [91m      ~[0m

TSError: тип Unable to compile TypeScript:
[96mcontrollers/users.controller.ts[0m:[93m43[0m:[93m7[0m - [91merror[0m[90m TS1003: [0mIdentifier expected.

[7m43[0m       } catch(error) {
[7m  [0m [91m      ~[0m

    at createTSError (/usr/local/lib/node_modules/ts-node/src/index.ts:859:12)
    at reportTSError (/usr/local/lib/node_modules/ts-node/src/index.ts:863:19)
    at getOutput (/usr/local/lib/node_modules/ts-node/src/index.ts:1077:36)
    at Object.compile (/usr/local/lib/node_modules/ts-node/src/index.ts:1433:41)
    at Module.m._compile (/usr/local/lib/node_modules/ts-node/src/index.ts:1617:30)
    at Module._extensions..js (node:internal/modules/cjs/loader:1153:10)
    at Object.require.extensions.<computed> [as .ts] (/usr/local/lib/node_modules/ts-node/src/index.ts:1621:12)
    at Module.load (node:internal/modules/cjs/loader:981:32)
    at Function.Module._load (node:internal/modules/cjs/loader:822:12)
    at Module.require (node:internal/modules/cjs/loader:1005:19)
2022-11-06 21:24:14 error: uncaughtException: тип Unable to compile TypeScript:
[96mcontrollers/users.controller.ts[0m:[93m43[0m:[93m14[0m - [91merror[0m[90m TS1123: [0mVariable declaration list cannot be empty.

[7m43[0m         const
[7m  [0m [91m             [0m

TSError: тип Unable to compile TypeScript:
[96mcontrollers/users.controller.ts[0m:[93m43[0m:[93m14[0m - [91merror[0m[90m TS1123: [0mVariable declaration list cannot be empty.

[7m43[0m         const
[7m  [0m [91m             [0m

    at createTSError (/usr/local/lib/node_modules/ts-node/src/index.ts:859:12)
    at reportTSError (/usr/local/lib/node_modules/ts-node/src/index.ts:863:19)
    at getOutput (/usr/local/lib/node_modules/ts-node/src/index.ts:1077:36)
    at Object.compile (/usr/local/lib/node_modules/ts-node/src/index.ts:1433:41)
    at Module.m._compile (/usr/local/lib/node_modules/ts-node/src/index.ts:1617:30)
    at Module._extensions..js (node:internal/modules/cjs/loader:1153:10)
    at Object.require.extensions.<computed> [as .ts] (/usr/local/lib/node_modules/ts-node/src/index.ts:1621:12)
    at Module.load (node:internal/modules/cjs/loader:981:32)
    at Function.Module._load (node:internal/modules/cjs/loader:822:12)
    at Module.require (node:internal/modules/cjs/loader:1005:19)
2022-11-06 21:24:16 error: uncaughtException: тип Unable to compile TypeScript:
[96mcontrollers/users.controller.ts[0m:[93m44[0m:[93m7[0m - [91merror[0m[90m TS1110: [0mType expected.

[7m44[0m       } catch(error) {
[7m  [0m [91m      ~[0m

TSError: тип Unable to compile TypeScript:
[96mcontrollers/users.controller.ts[0m:[93m44[0m:[93m7[0m - [91merror[0m[90m TS1110: [0mType expected.

[7m44[0m       } catch(error) {
[7m  [0m [91m      ~[0m

    at createTSError (/usr/local/lib/node_modules/ts-node/src/index.ts:859:12)
    at reportTSError (/usr/local/lib/node_modules/ts-node/src/index.ts:863:19)
    at getOutput (/usr/local/lib/node_modules/ts-node/src/index.ts:1077:36)
    at Object.compile (/usr/local/lib/node_modules/ts-node/src/index.ts:1433:41)
    at Module.m._compile (/usr/local/lib/node_modules/ts-node/src/index.ts:1617:30)
    at Module._extensions..js (node:internal/modules/cjs/loader:1153:10)
    at Object.require.extensions.<computed> [as .ts] (/usr/local/lib/node_modules/ts-node/src/index.ts:1621:12)
    at Module.load (node:internal/modules/cjs/loader:981:32)
    at Function.Module._load (node:internal/modules/cjs/loader:822:12)
    at Module.require (node:internal/modules/cjs/loader:1005:19)
2022-11-06 21:24:18 error: uncaughtException: тип Unable to compile TypeScript:
[96mcontrollers/users.controller.ts[0m:[93m43[0m:[93m15[0m - [91merror[0m[90m TS1155: [0m'const' declarations must be initialized.

[7m43[0m         const userData: U
[7m  [0m [91m              ~~~~~~~~[0m
[96mcontrollers/users.controller.ts[0m:[93m43[0m:[93m25[0m - [91merror[0m[90m TS2304: [0mCannot find name 'U'.

[7m43[0m         const userData: U
[7m  [0m [91m                        ~[0m

TSError: тип Unable to compile TypeScript:
[96mcontrollers/users.controller.ts[0m:[93m43[0m:[93m15[0m - [91merror[0m[90m TS1155: [0m'const' declarations must be initialized.

[7m43[0m         const userData: U
[7m  [0m [91m              ~~~~~~~~[0m
[96mcontrollers/users.controller.ts[0m:[93m43[0m:[93m25[0m - [91merror[0m[90m TS2304: [0mCannot find name 'U'.

[7m43[0m         const userData: U
[7m  [0m [91m                        ~[0m

    at createTSError (/usr/local/lib/node_modules/ts-node/src/index.ts:859:12)
    at reportTSError (/usr/local/lib/node_modules/ts-node/src/index.ts:863:19)
    at getOutput (/usr/local/lib/node_modules/ts-node/src/index.ts:1077:36)
    at Object.compile (/usr/local/lib/node_modules/ts-node/src/index.ts:1433:41)
    at Module.m._compile (/usr/local/lib/node_modules/ts-node/src/index.ts:1617:30)
    at Module._extensions..js (node:internal/modules/cjs/loader:1153:10)
    at Object.require.extensions.<computed> [as .ts] (/usr/local/lib/node_modules/ts-node/src/index.ts:1621:12)
    at Module.load (node:internal/modules/cjs/loader:981:32)
    at Function.Module._load (node:internal/modules/cjs/loader:822:12)
    at Module.require (node:internal/modules/cjs/loader:1005:19)
2022-11-06 21:24:20 error: uncaughtException: тип Unable to compile TypeScript:
[96mcontrollers/users.controller.ts[0m:[93m43[0m:[93m15[0m - [91merror[0m[90m TS1155: [0m'const' declarations must be initialized.

[7m43[0m         const userData: Crea
[7m  [0m [91m              ~~~~~~~~[0m
[96mcontrollers/users.controller.ts[0m:[93m43[0m:[93m25[0m - [91merror[0m[90m TS2304: [0mCannot find name 'Crea'.

[7m43[0m         const userData: Crea
[7m  [0m [91m                        ~~~~[0m

TSError: тип Unable to compile TypeScript:
[96mcontrollers/users.controller.ts[0m:[93m43[0m:[93m15[0m - [91merror[0m[90m TS1155: [0m'const' declarations must be initialized.

[7m43[0m         const userData: Crea
[7m  [0m [91m              ~~~~~~~~[0m
[96mcontrollers/users.controller.ts[0m:[93m43[0m:[93m25[0m - [91merror[0m[90m TS2304: [0mCannot find name 'Crea'.

[7m43[0m         const userData: Crea
[7m  [0m [91m                        ~~~~[0m

    at createTSError (/usr/local/lib/node_modules/ts-node/src/index.ts:859:12)
    at reportTSError (/usr/local/lib/node_modules/ts-node/src/index.ts:863:19)
    at getOutput (/usr/local/lib/node_modules/ts-node/src/index.ts:1077:36)
    at Object.compile (/usr/local/lib/node_modules/ts-node/src/index.ts:1433:41)
    at Module.m._compile (/usr/local/lib/node_modules/ts-node/src/index.ts:1617:30)
    at Module._extensions..js (node:internal/modules/cjs/loader:1153:10)
    at Object.require.extensions.<computed> [as .ts] (/usr/local/lib/node_modules/ts-node/src/index.ts:1621:12)
    at Module.load (node:internal/modules/cjs/loader:981:32)
    at Function.Module._load (node:internal/modules/cjs/loader:822:12)
    at Module.require (node:internal/modules/cjs/loader:1005:19)
2022-11-06 21:24:24 error: uncaughtException: тип Unable to compile TypeScript:
[96mcontrollers/users.controller.ts[0m:[93m43[0m:[93m15[0m - [91merror[0m[90m TS1155: [0m'const' declarations must be initialized.

[7m43[0m         const userData: CreateUserDto
[7m  [0m [91m              ~~~~~~~~[0m

TSError: тип Unable to compile TypeScript:
[96mcontrollers/users.controller.ts[0m:[93m43[0m:[93m15[0m - [91merror[0m[90m TS1155: [0m'const' declarations must be initialized.

[7m43[0m         const userData: CreateUserDto
[7m  [0m [91m              ~~~~~~~~[0m

    at createTSError (/usr/local/lib/node_modules/ts-node/src/index.ts:859:12)
    at reportTSError (/usr/local/lib/node_modules/ts-node/src/index.ts:863:19)
    at getOutput (/usr/local/lib/node_modules/ts-node/src/index.ts:1077:36)
    at Object.compile (/usr/local/lib/node_modules/ts-node/src/index.ts:1433:41)
    at Module.m._compile (/usr/local/lib/node_modules/ts-node/src/index.ts:1617:30)
    at Module._extensions..js (node:internal/modules/cjs/loader:1153:10)
    at Object.require.extensions.<computed> [as .ts] (/usr/local/lib/node_modules/ts-node/src/index.ts:1621:12)
    at Module.load (node:internal/modules/cjs/loader:981:32)
    at Function.Module._load (node:internal/modules/cjs/loader:822:12)
    at Module.require (node:internal/modules/cjs/loader:1005:19)
2022-11-06 21:25:45 error: uncaughtException: тип Unable to compile TypeScript:
[96mcontrollers/users.controller.ts[0m:[93m44[0m:[93m7[0m - [91merror[0m[90m TS1109: [0mExpression expected.

[7m44[0m       } catch(error) {
[7m  [0m [91m      ~[0m

TSError: тип Unable to compile TypeScript:
[96mcontrollers/users.controller.ts[0m:[93m44[0m:[93m7[0m - [91merror[0m[90m TS1109: [0mExpression expected.

[7m44[0m       } catch(error) {
[7m  [0m [91m      ~[0m

    at createTSError (/usr/local/lib/node_modules/ts-node/src/index.ts:859:12)
    at reportTSError (/usr/local/lib/node_modules/ts-node/src/index.ts:863:19)
    at getOutput (/usr/local/lib/node_modules/ts-node/src/index.ts:1077:36)
    at Object.compile (/usr/local/lib/node_modules/ts-node/src/index.ts:1433:41)
    at Module.m._compile (/usr/local/lib/node_modules/ts-node/src/index.ts:1617:30)
    at Module._extensions..js (node:internal/modules/cjs/loader:1153:10)
    at Object.require.extensions.<computed> [as .ts] (/usr/local/lib/node_modules/ts-node/src/index.ts:1621:12)
    at Module.load (node:internal/modules/cjs/loader:981:32)
    at Function.Module._load (node:internal/modules/cjs/loader:822:12)
    at Module.require (node:internal/modules/cjs/loader:1005:19)
2022-11-06 21:25:58 error: uncaughtException: тип Unable to compile TypeScript:
[96mcontrollers/users.controller.ts[0m:[93m44[0m:[93m14[0m - [91merror[0m[90m TS1123: [0mVariable declaration list cannot be empty.

[7m44[0m         const
[7m  [0m [91m             [0m

TSError: тип Unable to compile TypeScript:
[96mcontrollers/users.controller.ts[0m:[93m44[0m:[93m14[0m - [91merror[0m[90m TS1123: [0mVariable declaration list cannot be empty.

[7m44[0m         const
[7m  [0m [91m             [0m

    at createTSError (/usr/local/lib/node_modules/ts-node/src/index.ts:859:12)
    at reportTSError (/usr/local/lib/node_modules/ts-node/src/index.ts:863:19)
    at getOutput (/usr/local/lib/node_modules/ts-node/src/index.ts:1077:36)
    at Object.compile (/usr/local/lib/node_modules/ts-node/src/index.ts:1433:41)
    at Module.m._compile (/usr/local/lib/node_modules/ts-node/src/index.ts:1617:30)
    at Module._extensions..js (node:internal/modules/cjs/loader:1153:10)
    at Object.require.extensions.<computed> [as .ts] (/usr/local/lib/node_modules/ts-node/src/index.ts:1621:12)
    at Module.load (node:internal/modules/cjs/loader:981:32)
    at Function.Module._load (node:internal/modules/cjs/loader:822:12)
    at Module.require (node:internal/modules/cjs/loader:1005:19)
2022-11-06 21:26:03 error: uncaughtException: тип Unable to compile TypeScript:
[96mcontrollers/users.controller.ts[0m:[93m45[0m:[93m7[0m - [91merror[0m[90m TS1109: [0mExpression expected.

[7m45[0m       } catch(error) {
[7m  [0m [91m      ~[0m

TSError: тип Unable to compile TypeScript:
[96mcontrollers/users.controller.ts[0m:[93m45[0m:[93m7[0m - [91merror[0m[90m TS1109: [0mExpression expected.

[7m45[0m       } catch(error) {
[7m  [0m [91m      ~[0m

    at createTSError (/usr/local/lib/node_modules/ts-node/src/index.ts:859:12)
    at reportTSError (/usr/local/lib/node_modules/ts-node/src/index.ts:863:19)
    at getOutput (/usr/local/lib/node_modules/ts-node/src/index.ts:1077:36)
    at Object.compile (/usr/local/lib/node_modules/ts-node/src/index.ts:1433:41)
    at Module.m._compile (/usr/local/lib/node_modules/ts-node/src/index.ts:1617:30)
    at Module._extensions..js (node:internal/modules/cjs/loader:1153:10)
    at Object.require.extensions.<computed> [as .ts] (/usr/local/lib/node_modules/ts-node/src/index.ts:1621:12)
    at Module.load (node:internal/modules/cjs/loader:981:32)
    at Function.Module._load (node:internal/modules/cjs/loader:822:12)
    at Module.require (node:internal/modules/cjs/loader:1005:19)
2022-11-06 21:26:06 error: uncaughtException: тип Unable to compile TypeScript:
[96mcontrollers/users.controller.ts[0m:[93m45[0m:[93m7[0m - [91merror[0m[90m TS1003: [0mIdentifier expected.

[7m45[0m       } catch(error) {
[7m  [0m [91m      ~[0m

TSError: тип Unable to compile TypeScript:
[96mcontrollers/users.controller.ts[0m:[93m45[0m:[93m7[0m - [91merror[0m[90m TS1003: [0mIdentifier expected.

[7m45[0m       } catch(error) {
[7m  [0m [91m      ~[0m

    at createTSError (/usr/local/lib/node_modules/ts-node/src/index.ts:859:12)
    at reportTSError (/usr/local/lib/node_modules/ts-node/src/index.ts:863:19)
    at getOutput (/usr/local/lib/node_modules/ts-node/src/index.ts:1077:36)
    at Object.compile (/usr/local/lib/node_modules/ts-node/src/index.ts:1433:41)
    at Module.m._compile (/usr/local/lib/node_modules/ts-node/src/index.ts:1617:30)
    at Module._extensions..js (node:internal/modules/cjs/loader:1153:10)
    at Object.require.extensions.<computed> [as .ts] (/usr/local/lib/node_modules/ts-node/src/index.ts:1621:12)
    at Module.load (node:internal/modules/cjs/loader:981:32)
    at Function.Module._load (node:internal/modules/cjs/loader:822:12)
    at Module.require (node:internal/modules/cjs/loader:1005:19)
2022-11-06 21:26:09 error: uncaughtException: тип Unable to compile TypeScript:
[96mcontrollers/users.controller.ts[0m:[93m44[0m:[93m15[0m - [91merror[0m[90m TS2740: [0mType 'UserService' is missing the following properties from type 'User': _id, email, password, image, and 2 more.

[7m44[0m         const updateUserData: User = await this.userService
[7m  [0m [91m              ~~~~~~~~~~~~~~[0m

TSError: тип Unable to compile TypeScript:
[96mcontrollers/users.controller.ts[0m:[93m44[0m:[93m15[0m - [91merror[0m[90m TS2740: [0mType 'UserService' is missing the following properties from type 'User': _id, email, password, image, and 2 more.

[7m44[0m         const updateUserData: User = await this.userService
[7m  [0m [91m              ~~~~~~~~~~~~~~[0m

    at createTSError (/usr/local/lib/node_modules/ts-node/src/index.ts:859:12)
    at reportTSError (/usr/local/lib/node_modules/ts-node/src/index.ts:863:19)
    at getOutput (/usr/local/lib/node_modules/ts-node/src/index.ts:1077:36)
    at Object.compile (/usr/local/lib/node_modules/ts-node/src/index.ts:1433:41)
    at Module.m._compile (/usr/local/lib/node_modules/ts-node/src/index.ts:1617:30)
    at Module._extensions..js (node:internal/modules/cjs/loader:1153:10)
    at Object.require.extensions.<computed> [as .ts] (/usr/local/lib/node_modules/ts-node/src/index.ts:1621:12)
    at Module.load (node:internal/modules/cjs/loader:981:32)
    at Function.Module._load (node:internal/modules/cjs/loader:822:12)
    at Module.require (node:internal/modules/cjs/loader:1005:19)
2022-11-06 21:26:14 error: uncaughtException: тип Unable to compile TypeScript:
[96mcontrollers/users.controller.ts[0m:[93m44[0m:[93m61[0m - [91merror[0m[90m TS2339: [0mProperty 'find' does not exist on type 'UserService'.

[7m44[0m         const updateUserData: User = await this.userService.find
[7m  [0m [91m                                                            ~~~~[0m

TSError: тип Unable to compile TypeScript:
[96mcontrollers/users.controller.ts[0m:[93m44[0m:[93m61[0m - [91merror[0m[90m TS2339: [0mProperty 'find' does not exist on type 'UserService'.

[7m44[0m         const updateUserData: User = await this.userService.find
[7m  [0m [91m                                                            ~~~~[0m

    at createTSError (/usr/local/lib/node_modules/ts-node/src/index.ts:859:12)
    at reportTSError (/usr/local/lib/node_modules/ts-node/src/index.ts:863:19)
    at getOutput (/usr/local/lib/node_modules/ts-node/src/index.ts:1077:36)
    at Object.compile (/usr/local/lib/node_modules/ts-node/src/index.ts:1433:41)
    at Module.m._compile (/usr/local/lib/node_modules/ts-node/src/index.ts:1617:30)
    at Module._extensions..js (node:internal/modules/cjs/loader:1153:10)
    at Object.require.extensions.<computed> [as .ts] (/usr/local/lib/node_modules/ts-node/src/index.ts:1621:12)
    at Module.load (node:internal/modules/cjs/loader:981:32)
    at Function.Module._load (node:internal/modules/cjs/loader:822:12)
    at Module.require (node:internal/modules/cjs/loader:1005:19)
2022-11-06 21:26:16 error: uncaughtException: тип Unable to compile TypeScript:
[96mcontrollers/users.controller.ts[0m:[93m44[0m:[93m61[0m - [91merror[0m[90m TS2551: [0mProperty 'finduserb' does not exist on type 'UserService'. Did you mean 'findUserById'?

[7m44[0m         const updateUserData: User = await this.userService.finduserb
[7m  [0m [91m                                                            ~~~~~~~~~[0m

  [96mservices/users.service.ts[0m:[93m27[0m:[93m18[0m
    [7m27[0m     public async findUserById(userId: string): Promise<User> {
    [7m  [0m [96m                 ~~~~~~~~~~~~[0m
    'findUserById' is declared here.

TSError: тип Unable to compile TypeScript:
[96mcontrollers/users.controller.ts[0m:[93m44[0m:[93m61[0m - [91merror[0m[90m TS2551: [0mProperty 'finduserb' does not exist on type 'UserService'. Did you mean 'findUserById'?

[7m44[0m         const updateUserData: User = await this.userService.finduserb
[7m  [0m [91m                                                            ~~~~~~~~~[0m

  [96mservices/users.service.ts[0m:[93m27[0m:[93m18[0m
    [7m27[0m     public async findUserById(userId: string): Promise<User> {
    [7m  [0m [96m                 ~~~~~~~~~~~~[0m
    'findUserById' is declared here.

    at createTSError (/usr/local/lib/node_modules/ts-node/src/index.ts:859:12)
    at reportTSError (/usr/local/lib/node_modules/ts-node/src/index.ts:863:19)
    at getOutput (/usr/local/lib/node_modules/ts-node/src/index.ts:1077:36)
    at Object.compile (/usr/local/lib/node_modules/ts-node/src/index.ts:1433:41)
    at Module.m._compile (/usr/local/lib/node_modules/ts-node/src/index.ts:1617:30)
    at Module._extensions..js (node:internal/modules/cjs/loader:1153:10)
    at Object.require.extensions.<computed> [as .ts] (/usr/local/lib/node_modules/ts-node/src/index.ts:1621:12)
    at Module.load (node:internal/modules/cjs/loader:981:32)
    at Function.Module._load (node:internal/modules/cjs/loader:822:12)
    at Module.require (node:internal/modules/cjs/loader:1005:19)
2022-11-06 21:26:18 error: uncaughtException: тип Unable to compile TypeScript:
[96mcontrollers/users.controller.ts[0m:[93m44[0m:[93m15[0m - [91merror[0m[90m TS2322: [0mType '(userId: string) => Promise<User>' is not assignable to type 'User'.

[7m44[0m         const updateUserData: User = await this.userService.findUserById
[7m  [0m [91m              ~~~~~~~~~~~~~~[0m

TSError: тип Unable to compile TypeScript:
[96mcontrollers/users.controller.ts[0m:[93m44[0m:[93m15[0m - [91merror[0m[90m TS2322: [0mType '(userId: string) => Promise<User>' is not assignable to type 'User'.

[7m44[0m         const updateUserData: User = await this.userService.findUserById
[7m  [0m [91m              ~~~~~~~~~~~~~~[0m

    at createTSError (/usr/local/lib/node_modules/ts-node/src/index.ts:859:12)
    at reportTSError (/usr/local/lib/node_modules/ts-node/src/index.ts:863:19)
    at getOutput (/usr/local/lib/node_modules/ts-node/src/index.ts:1077:36)
    at Object.compile (/usr/local/lib/node_modules/ts-node/src/index.ts:1433:41)
    at Module.m._compile (/usr/local/lib/node_modules/ts-node/src/index.ts:1617:30)
    at Module._extensions..js (node:internal/modules/cjs/loader:1153:10)
    at Object.require.extensions.<computed> [as .ts] (/usr/local/lib/node_modules/ts-node/src/index.ts:1621:12)
    at Module.load (node:internal/modules/cjs/loader:981:32)
    at Function.Module._load (node:internal/modules/cjs/loader:822:12)
    at Module.require (node:internal/modules/cjs/loader:1005:19)
2022-11-06 21:26:24 error: uncaughtException: тип Unable to compile TypeScript:
[96mcontrollers/users.controller.ts[0m:[93m44[0m:[93m61[0m - [91merror[0m[90m TS2339: [0mProperty 'updateUser' does not exist on type 'UserService'.

[7m44[0m         const updateUserData: User = await this.userService.updateUser(userId, u)
[7m  [0m [91m                                                            ~~~~~~~~~~[0m
[96mcontrollers/users.controller.ts[0m:[93m44[0m:[93m80[0m - [91merror[0m[90m TS2304: [0mCannot find name 'u'.

[7m44[0m         const updateUserData: User = await this.userService.updateUser(userId, u)
[7m  [0m [91m                                                                               ~[0m

TSError: тип Unable to compile TypeScript:
[96mcontrollers/users.controller.ts[0m:[93m44[0m:[93m61[0m - [91merror[0m[90m TS2339: [0mProperty 'updateUser' does not exist on type 'UserService'.

[7m44[0m         const updateUserData: User = await this.userService.updateUser(userId, u)
[7m  [0m [91m                                                            ~~~~~~~~~~[0m
[96mcontrollers/users.controller.ts[0m:[93m44[0m:[93m80[0m - [91merror[0m[90m TS2304: [0mCannot find name 'u'.

[7m44[0m         const updateUserData: User = await this.userService.updateUser(userId, u)
[7m  [0m [91m                                                                               ~[0m

    at createTSError (/usr/local/lib/node_modules/ts-node/src/index.ts:859:12)
    at reportTSError (/usr/local/lib/node_modules/ts-node/src/index.ts:863:19)
    at getOutput (/usr/local/lib/node_modules/ts-node/src/index.ts:1077:36)
    at Object.compile (/usr/local/lib/node_modules/ts-node/src/index.ts:1433:41)
    at Module.m._compile (/usr/local/lib/node_modules/ts-node/src/index.ts:1617:30)
    at Module._extensions..js (node:internal/modules/cjs/loader:1153:10)
    at Object.require.extensions.<computed> [as .ts] (/usr/local/lib/node_modules/ts-node/src/index.ts:1621:12)
    at Module.load (node:internal/modules/cjs/loader:981:32)
    at Function.Module._load (node:internal/modules/cjs/loader:822:12)
    at Module.require (node:internal/modules/cjs/loader:1005:19)
2022-11-06 21:26:27 error: uncaughtException: тип Unable to compile TypeScript:
[96mcontrollers/users.controller.ts[0m:[93m44[0m:[93m61[0m - [91merror[0m[90m TS2339: [0mProperty 'updateUser' does not exist on type 'UserService'.

[7m44[0m         const updateUserData: User = await this.userService.updateUser(userId, userData);
[7m  [0m [91m                                                            ~~~~~~~~~~[0m

TSError: тип Unable to compile TypeScript:
[96mcontrollers/users.controller.ts[0m:[93m44[0m:[93m61[0m - [91merror[0m[90m TS2339: [0mProperty 'updateUser' does not exist on type 'UserService'.

[7m44[0m         const updateUserData: User = await this.userService.updateUser(userId, userData);
[7m  [0m [91m                                                            ~~~~~~~~~~[0m

    at createTSError (/usr/local/lib/node_modules/ts-node/src/index.ts:859:12)
    at reportTSError (/usr/local/lib/node_modules/ts-node/src/index.ts:863:19)
    at getOutput (/usr/local/lib/node_modules/ts-node/src/index.ts:1077:36)
    at Object.compile (/usr/local/lib/node_modules/ts-node/src/index.ts:1433:41)
    at Module.m._compile (/usr/local/lib/node_modules/ts-node/src/index.ts:1617:30)
    at Module._extensions..js (node:internal/modules/cjs/loader:1153:10)
    at Object.require.extensions.<computed> [as .ts] (/usr/local/lib/node_modules/ts-node/src/index.ts:1621:12)
    at Module.load (node:internal/modules/cjs/loader:981:32)
    at Function.Module._load (node:internal/modules/cjs/loader:822:12)
    at Module.require (node:internal/modules/cjs/loader:1005:19)
2022-11-06 21:26:42 error: uncaughtException: тип Unable to compile TypeScript:
[96mcontrollers/users.controller.ts[0m:[93m44[0m:[93m80[0m - [91merror[0m[90m TS2554: [0mExpected 1 arguments, but got 2.

[7m44[0m         const updateUserData: User = await this.userService.updateUser(userId, userData);
[7m  [0m [91m                                                                               ~~~~~~~~[0m

TSError: тип Unable to compile TypeScript:
[96mcontrollers/users.controller.ts[0m:[93m44[0m:[93m80[0m - [91merror[0m[90m TS2554: [0mExpected 1 arguments, but got 2.

[7m44[0m         const updateUserData: User = await this.userService.updateUser(userId, userData);
[7m  [0m [91m                                                                               ~~~~~~~~[0m

    at createTSError (/usr/local/lib/node_modules/ts-node/src/index.ts:859:12)
    at reportTSError (/usr/local/lib/node_modules/ts-node/src/index.ts:863:19)
    at getOutput (/usr/local/lib/node_modules/ts-node/src/index.ts:1077:36)
    at Object.compile (/usr/local/lib/node_modules/ts-node/src/index.ts:1433:41)
    at Module.m._compile (/usr/local/lib/node_modules/ts-node/src/index.ts:1617:30)
    at Module._extensions..js (node:internal/modules/cjs/loader:1153:10)
    at Object.require.extensions.<computed> [as .ts] (/usr/local/lib/node_modules/ts-node/src/index.ts:1621:12)
    at Module.load (node:internal/modules/cjs/loader:981:32)
    at Function.Module._load (node:internal/modules/cjs/loader:822:12)
    at Module.require (node:internal/modules/cjs/loader:1005:19)
2022-11-06 21:26:50 error: uncaughtException: тип Unable to compile TypeScript:
[96mcontrollers/users.controller.ts[0m:[93m44[0m:[93m80[0m - [91merror[0m[90m TS2345: [0mArgument of type 'CreateUserDto' is not assignable to parameter of type 'User'.
  Type 'CreateUserDto' is missing the following properties from type 'User': _id, tasks

[7m44[0m         const updateUserData: User = await this.userService.updateUser(userId, userData);
[7m  [0m [91m                                                                               ~~~~~~~~[0m

TSError: тип Unable to compile TypeScript:
[96mcontrollers/users.controller.ts[0m:[93m44[0m:[93m80[0m - [91merror[0m[90m TS2345: [0mArgument of type 'CreateUserDto' is not assignable to parameter of type 'User'.
  Type 'CreateUserDto' is missing the following properties from type 'User': _id, tasks

[7m44[0m         const updateUserData: User = await this.userService.updateUser(userId, userData);
[7m  [0m [91m                                                                               ~~~~~~~~[0m

    at createTSError (/usr/local/lib/node_modules/ts-node/src/index.ts:859:12)
    at reportTSError (/usr/local/lib/node_modules/ts-node/src/index.ts:863:19)
    at getOutput (/usr/local/lib/node_modules/ts-node/src/index.ts:1077:36)
    at Object.compile (/usr/local/lib/node_modules/ts-node/src/index.ts:1433:41)
    at Module.m._compile (/usr/local/lib/node_modules/ts-node/src/index.ts:1617:30)
    at Module._extensions..js (node:internal/modules/cjs/loader:1153:10)
    at Object.require.extensions.<computed> [as .ts] (/usr/local/lib/node_modules/ts-node/src/index.ts:1621:12)
    at Module.load (node:internal/modules/cjs/loader:981:32)
    at Function.Module._load (node:internal/modules/cjs/loader:822:12)
    at Module.require (node:internal/modules/cjs/loader:1005:19)
2022-11-06 21:27:06 error: uncaughtException: тип Unable to compile TypeScript:
[96mcontrollers/users.controller.ts[0m:[93m44[0m:[93m80[0m - [91merror[0m[90m TS2345: [0mArgument of type 'CreateUserDto' is not assignable to parameter of type 'User'.
  Type 'CreateUserDto' is missing the following properties from type 'User': _id, tasks

[7m44[0m         const updateUserData: User = await this.userService.updateUser(userId, userData);
[7m  [0m [91m                                                                               ~~~~~~~~[0m

TSError: тип Unable to compile TypeScript:
[96mcontrollers/users.controller.ts[0m:[93m44[0m:[93m80[0m - [91merror[0m[90m TS2345: [0mArgument of type 'CreateUserDto' is not assignable to parameter of type 'User'.
  Type 'CreateUserDto' is missing the following properties from type 'User': _id, tasks

[7m44[0m         const updateUserData: User = await this.userService.updateUser(userId, userData);
[7m  [0m [91m                                                                               ~~~~~~~~[0m

    at createTSError (/usr/local/lib/node_modules/ts-node/src/index.ts:859:12)
    at reportTSError (/usr/local/lib/node_modules/ts-node/src/index.ts:863:19)
    at getOutput (/usr/local/lib/node_modules/ts-node/src/index.ts:1077:36)
    at Object.compile (/usr/local/lib/node_modules/ts-node/src/index.ts:1433:41)
    at Module.m._compile (/usr/local/lib/node_modules/ts-node/src/index.ts:1617:30)
    at Module._extensions..js (node:internal/modules/cjs/loader:1153:10)
    at Object.require.extensions.<computed> [as .ts] (/usr/local/lib/node_modules/ts-node/src/index.ts:1621:12)
    at Module.load (node:internal/modules/cjs/loader:981:32)
    at Function.Module._load (node:internal/modules/cjs/loader:822:12)
    at Module.require (node:internal/modules/cjs/loader:1005:19)
2022-11-06 21:27:09 error: uncaughtException: тип Unable to compile TypeScript:
[96mcontrollers/users.controller.ts[0m:[93m44[0m:[93m80[0m - [91merror[0m[90m TS2345: [0mArgument of type 'CreateUserDto' is not assignable to parameter of type 'User'.
  Type 'CreateUserDto' is missing the following properties from type 'User': _id, tasks

[7m44[0m         const updateUserData: User = await this.userService.updateUser(userId, userData);
[7m  [0m [91m                                                                               ~~~~~~~~[0m

TSError: тип Unable to compile TypeScript:
[96mcontrollers/users.controller.ts[0m:[93m44[0m:[93m80[0m - [91merror[0m[90m TS2345: [0mArgument of type 'CreateUserDto' is not assignable to parameter of type 'User'.
  Type 'CreateUserDto' is missing the following properties from type 'User': _id, tasks

[7m44[0m         const updateUserData: User = await this.userService.updateUser(userId, userData);
[7m  [0m [91m                                                                               ~~~~~~~~[0m

    at createTSError (/usr/local/lib/node_modules/ts-node/src/index.ts:859:12)
    at reportTSError (/usr/local/lib/node_modules/ts-node/src/index.ts:863:19)
    at getOutput (/usr/local/lib/node_modules/ts-node/src/index.ts:1077:36)
    at Object.compile (/usr/local/lib/node_modules/ts-node/src/index.ts:1433:41)
    at Module.m._compile (/usr/local/lib/node_modules/ts-node/src/index.ts:1617:30)
    at Module._extensions..js (node:internal/modules/cjs/loader:1153:10)
    at Object.require.extensions.<computed> [as .ts] (/usr/local/lib/node_modules/ts-node/src/index.ts:1621:12)
    at Module.load (node:internal/modules/cjs/loader:981:32)
    at Function.Module._load (node:internal/modules/cjs/loader:822:12)
    at Module.require (node:internal/modules/cjs/loader:1005:19)
2022-11-06 21:27:14 error: uncaughtException: тип Unable to compile TypeScript:
[96mcontrollers/users.controller.ts[0m:[93m44[0m:[93m80[0m - [91merror[0m[90m TS2345: [0mArgument of type 'CreateUserDto' is not assignable to parameter of type 'User'.
  Type 'CreateUserDto' is missing the following properties from type 'User': _id, tasks

[7m44[0m         const updateUserData: User = await this.userService.updateUser(userId, userData);
[7m  [0m [91m                                                                               ~~~~~~~~[0m

TSError: тип Unable to compile TypeScript:
[96mcontrollers/users.controller.ts[0m:[93m44[0m:[93m80[0m - [91merror[0m[90m TS2345: [0mArgument of type 'CreateUserDto' is not assignable to parameter of type 'User'.
  Type 'CreateUserDto' is missing the following properties from type 'User': _id, tasks

[7m44[0m         const updateUserData: User = await this.userService.updateUser(userId, userData);
[7m  [0m [91m                                                                               ~~~~~~~~[0m

    at createTSError (/usr/local/lib/node_modules/ts-node/src/index.ts:859:12)
    at reportTSError (/usr/local/lib/node_modules/ts-node/src/index.ts:863:19)
    at getOutput (/usr/local/lib/node_modules/ts-node/src/index.ts:1077:36)
    at Object.compile (/usr/local/lib/node_modules/ts-node/src/index.ts:1433:41)
    at Module.m._compile (/usr/local/lib/node_modules/ts-node/src/index.ts:1617:30)
    at Module._extensions..js (node:internal/modules/cjs/loader:1153:10)
    at Object.require.extensions.<computed> [as .ts] (/usr/local/lib/node_modules/ts-node/src/index.ts:1621:12)
    at Module.load (node:internal/modules/cjs/loader:981:32)
    at Function.Module._load (node:internal/modules/cjs/loader:822:12)
    at Module.require (node:internal/modules/cjs/loader:1005:19)
2022-11-06 21:27:50 error: uncaughtException: тип Unable to compile TypeScript:
[96mcontrollers/users.controller.ts[0m:[93m44[0m:[93m80[0m - [91merror[0m[90m TS2345: [0mArgument of type 'CreateUserDto' is not assignable to parameter of type 'User'.
  Type 'CreateUserDto' is missing the following properties from type 'User': _id, tasks

[7m44[0m         const updateUserData: User = await this.userService.updateUser(userId, userData);
[7m  [0m [91m                                                                               ~~~~~~~~[0m

TSError: тип Unable to compile TypeScript:
[96mcontrollers/users.controller.ts[0m:[93m44[0m:[93m80[0m - [91merror[0m[90m TS2345: [0mArgument of type 'CreateUserDto' is not assignable to parameter of type 'User'.
  Type 'CreateUserDto' is missing the following properties from type 'User': _id, tasks

[7m44[0m         const updateUserData: User = await this.userService.updateUser(userId, userData);
[7m  [0m [91m                                                                               ~~~~~~~~[0m

    at createTSError (/usr/local/lib/node_modules/ts-node/src/index.ts:859:12)
    at reportTSError (/usr/local/lib/node_modules/ts-node/src/index.ts:863:19)
    at getOutput (/usr/local/lib/node_modules/ts-node/src/index.ts:1077:36)
    at Object.compile (/usr/local/lib/node_modules/ts-node/src/index.ts:1433:41)
    at Module.m._compile (/usr/local/lib/node_modules/ts-node/src/index.ts:1617:30)
    at Module._extensions..js (node:internal/modules/cjs/loader:1153:10)
    at Object.require.extensions.<computed> [as .ts] (/usr/local/lib/node_modules/ts-node/src/index.ts:1621:12)
    at Module.load (node:internal/modules/cjs/loader:981:32)
    at Function.Module._load (node:internal/modules/cjs/loader:822:12)
    at Module.require (node:internal/modules/cjs/loader:1005:19)
2022-11-06 21:27:57 error: uncaughtException: тип Unable to compile TypeScript:
[96mcontrollers/users.controller.ts[0m:[93m44[0m:[93m80[0m - [91merror[0m[90m TS2345: [0mArgument of type 'CreateUserDto' is not assignable to parameter of type 'User'.
  Type 'CreateUserDto' is missing the following properties from type 'User': _id, tasks

[7m44[0m         const updateUserData: User = await this.userService.updateUser(userId, userData);
[7m  [0m [91m                                                                               ~~~~~~~~[0m

TSError: тип Unable to compile TypeScript:
[96mcontrollers/users.controller.ts[0m:[93m44[0m:[93m80[0m - [91merror[0m[90m TS2345: [0mArgument of type 'CreateUserDto' is not assignable to parameter of type 'User'.
  Type 'CreateUserDto' is missing the following properties from type 'User': _id, tasks

[7m44[0m         const updateUserData: User = await this.userService.updateUser(userId, userData);
[7m  [0m [91m                                                                               ~~~~~~~~[0m

    at createTSError (/usr/local/lib/node_modules/ts-node/src/index.ts:859:12)
    at reportTSError (/usr/local/lib/node_modules/ts-node/src/index.ts:863:19)
    at getOutput (/usr/local/lib/node_modules/ts-node/src/index.ts:1077:36)
    at Object.compile (/usr/local/lib/node_modules/ts-node/src/index.ts:1433:41)
    at Module.m._compile (/usr/local/lib/node_modules/ts-node/src/index.ts:1617:30)
    at Module._extensions..js (node:internal/modules/cjs/loader:1153:10)
    at Object.require.extensions.<computed> [as .ts] (/usr/local/lib/node_modules/ts-node/src/index.ts:1621:12)
    at Module.load (node:internal/modules/cjs/loader:981:32)
    at Function.Module._load (node:internal/modules/cjs/loader:822:12)
    at Module.require (node:internal/modules/cjs/loader:1005:19)
2022-11-06 21:28:05 error: uncaughtException: тип Unable to compile TypeScript:
[96mcontrollers/users.controller.ts[0m:[93m44[0m:[93m80[0m - [91merror[0m[90m TS2345: [0mArgument of type 'CreateUserDto' is not assignable to parameter of type 'User'.
  Type 'CreateUserDto' is missing the following properties from type 'User': _id, tasks

[7m44[0m         const updateUserData: User = await this.userService.updateUser(userId, userData);
[7m  [0m [91m                                                                               ~~~~~~~~[0m

TSError: тип Unable to compile TypeScript:
[96mcontrollers/users.controller.ts[0m:[93m44[0m:[93m80[0m - [91merror[0m[90m TS2345: [0mArgument of type 'CreateUserDto' is not assignable to parameter of type 'User'.
  Type 'CreateUserDto' is missing the following properties from type 'User': _id, tasks

[7m44[0m         const updateUserData: User = await this.userService.updateUser(userId, userData);
[7m  [0m [91m                                                                               ~~~~~~~~[0m

    at createTSError (/usr/local/lib/node_modules/ts-node/src/index.ts:859:12)
    at reportTSError (/usr/local/lib/node_modules/ts-node/src/index.ts:863:19)
    at getOutput (/usr/local/lib/node_modules/ts-node/src/index.ts:1077:36)
    at Object.compile (/usr/local/lib/node_modules/ts-node/src/index.ts:1433:41)
    at Module.m._compile (/usr/local/lib/node_modules/ts-node/src/index.ts:1617:30)
    at Module._extensions..js (node:internal/modules/cjs/loader:1153:10)
    at Object.require.extensions.<computed> [as .ts] (/usr/local/lib/node_modules/ts-node/src/index.ts:1621:12)
    at Module.load (node:internal/modules/cjs/loader:981:32)
    at Function.Module._load (node:internal/modules/cjs/loader:822:12)
    at Module.require (node:internal/modules/cjs/loader:1005:19)
2022-11-06 21:28:11 error: uncaughtException: тип Unable to compile TypeScript:
[96mcontrollers/users.controller.ts[0m:[93m44[0m:[93m80[0m - [91merror[0m[90m TS2345: [0mArgument of type 'CreateUserDto' is not assignable to parameter of type 'User'.
  Type 'CreateUserDto' is missing the following properties from type 'User': _id, tasks

[7m44[0m         const updateUserData: User = await this.userService.updateUser(userId, userData);
[7m  [0m [91m                                                                               ~~~~~~~~[0m

TSError: тип Unable to compile TypeScript:
[96mcontrollers/users.controller.ts[0m:[93m44[0m:[93m80[0m - [91merror[0m[90m TS2345: [0mArgument of type 'CreateUserDto' is not assignable to parameter of type 'User'.
  Type 'CreateUserDto' is missing the following properties from type 'User': _id, tasks

[7m44[0m         const updateUserData: User = await this.userService.updateUser(userId, userData);
[7m  [0m [91m                                                                               ~~~~~~~~[0m

    at createTSError (/usr/local/lib/node_modules/ts-node/src/index.ts:859:12)
    at reportTSError (/usr/local/lib/node_modules/ts-node/src/index.ts:863:19)
    at getOutput (/usr/local/lib/node_modules/ts-node/src/index.ts:1077:36)
    at Object.compile (/usr/local/lib/node_modules/ts-node/src/index.ts:1433:41)
    at Module.m._compile (/usr/local/lib/node_modules/ts-node/src/index.ts:1617:30)
    at Module._extensions..js (node:internal/modules/cjs/loader:1153:10)
    at Object.require.extensions.<computed> [as .ts] (/usr/local/lib/node_modules/ts-node/src/index.ts:1621:12)
    at Module.load (node:internal/modules/cjs/loader:981:32)
    at Function.Module._load (node:internal/modules/cjs/loader:822:12)
    at Module.require (node:internal/modules/cjs/loader:1005:19)
2022-11-06 21:28:14 error: uncaughtException: тип Unable to compile TypeScript:
[96mcontrollers/users.controller.ts[0m:[93m44[0m:[93m80[0m - [91merror[0m[90m TS2345: [0mArgument of type 'CreateUserDto' is not assignable to parameter of type 'User'.
  Type 'CreateUserDto' is missing the following properties from type 'User': _id, tasks

[7m44[0m         const updateUserData: User = await this.userService.updateUser(userId, userData);
[7m  [0m [91m                                                                               ~~~~~~~~[0m

TSError: тип Unable to compile TypeScript:
[96mcontrollers/users.controller.ts[0m:[93m44[0m:[93m80[0m - [91merror[0m[90m TS2345: [0mArgument of type 'CreateUserDto' is not assignable to parameter of type 'User'.
  Type 'CreateUserDto' is missing the following properties from type 'User': _id, tasks

[7m44[0m         const updateUserData: User = await this.userService.updateUser(userId, userData);
[7m  [0m [91m                                                                               ~~~~~~~~[0m

    at createTSError (/usr/local/lib/node_modules/ts-node/src/index.ts:859:12)
    at reportTSError (/usr/local/lib/node_modules/ts-node/src/index.ts:863:19)
    at getOutput (/usr/local/lib/node_modules/ts-node/src/index.ts:1077:36)
    at Object.compile (/usr/local/lib/node_modules/ts-node/src/index.ts:1433:41)
    at Module.m._compile (/usr/local/lib/node_modules/ts-node/src/index.ts:1617:30)
    at Module._extensions..js (node:internal/modules/cjs/loader:1153:10)
    at Object.require.extensions.<computed> [as .ts] (/usr/local/lib/node_modules/ts-node/src/index.ts:1621:12)
    at Module.load (node:internal/modules/cjs/loader:981:32)
    at Function.Module._load (node:internal/modules/cjs/loader:822:12)
    at Module.require (node:internal/modules/cjs/loader:1005:19)
2022-11-06 21:28:16 error: uncaughtException: тип Unable to compile TypeScript:
[96mcontrollers/users.controller.ts[0m:[93m44[0m:[93m80[0m - [91merror[0m[90m TS2345: [0mArgument of type 'CreateUserDto' is not assignable to parameter of type 'User'.
  Type 'CreateUserDto' is missing the following properties from type 'User': _id, tasks

[7m44[0m         const updateUserData: User = await this.userService.updateUser(userId, userData);
[7m  [0m [91m                                                                               ~~~~~~~~[0m

TSError: тип Unable to compile TypeScript:
[96mcontrollers/users.controller.ts[0m:[93m44[0m:[93m80[0m - [91merror[0m[90m TS2345: [0mArgument of type 'CreateUserDto' is not assignable to parameter of type 'User'.
  Type 'CreateUserDto' is missing the following properties from type 'User': _id, tasks

[7m44[0m         const updateUserData: User = await this.userService.updateUser(userId, userData);
[7m  [0m [91m                                                                               ~~~~~~~~[0m

    at createTSError (/usr/local/lib/node_modules/ts-node/src/index.ts:859:12)
    at reportTSError (/usr/local/lib/node_modules/ts-node/src/index.ts:863:19)
    at getOutput (/usr/local/lib/node_modules/ts-node/src/index.ts:1077:36)
    at Object.compile (/usr/local/lib/node_modules/ts-node/src/index.ts:1433:41)
    at Module.m._compile (/usr/local/lib/node_modules/ts-node/src/index.ts:1617:30)
    at Module._extensions..js (node:internal/modules/cjs/loader:1153:10)
    at Object.require.extensions.<computed> [as .ts] (/usr/local/lib/node_modules/ts-node/src/index.ts:1621:12)
    at Module.load (node:internal/modules/cjs/loader:981:32)
    at Function.Module._load (node:internal/modules/cjs/loader:822:12)
    at Module.require (node:internal/modules/cjs/loader:1005:19)
2022-11-06 21:29:47 error: uncaughtException: тип Unable to compile TypeScript:
[96mcontrollers/users.controller.ts[0m:[93m44[0m:[93m80[0m - [91merror[0m[90m TS2345: [0mArgument of type 'CreateUserDto' is not assignable to parameter of type 'User'.
  Type 'CreateUserDto' is missing the following properties from type 'User': _id, tasks

[7m44[0m         const updateUserData: User = await this.userService.updateUser(userId, userData);
[7m  [0m [91m                                                                               ~~~~~~~~[0m

TSError: тип Unable to compile TypeScript:
[96mcontrollers/users.controller.ts[0m:[93m44[0m:[93m80[0m - [91merror[0m[90m TS2345: [0mArgument of type 'CreateUserDto' is not assignable to parameter of type 'User'.
  Type 'CreateUserDto' is missing the following properties from type 'User': _id, tasks

[7m44[0m         const updateUserData: User = await this.userService.updateUser(userId, userData);
[7m  [0m [91m                                                                               ~~~~~~~~[0m

    at createTSError (/usr/local/lib/node_modules/ts-node/src/index.ts:859:12)
    at reportTSError (/usr/local/lib/node_modules/ts-node/src/index.ts:863:19)
    at getOutput (/usr/local/lib/node_modules/ts-node/src/index.ts:1077:36)
    at Object.compile (/usr/local/lib/node_modules/ts-node/src/index.ts:1433:41)
    at Module.m._compile (/usr/local/lib/node_modules/ts-node/src/index.ts:1617:30)
    at Module._extensions..js (node:internal/modules/cjs/loader:1153:10)
    at Object.require.extensions.<computed> [as .ts] (/usr/local/lib/node_modules/ts-node/src/index.ts:1621:12)
    at Module.load (node:internal/modules/cjs/loader:981:32)
    at Function.Module._load (node:internal/modules/cjs/loader:822:12)
    at Module.require (node:internal/modules/cjs/loader:1005:19)
2022-11-06 21:29:52 error: uncaughtException: тип Unable to compile TypeScript:
[96mcontrollers/users.controller.ts[0m:[93m44[0m:[93m80[0m - [91merror[0m[90m TS2345: [0mArgument of type 'CreateUserDto' is not assignable to parameter of type 'User'.
  Type 'CreateUserDto' is missing the following properties from type 'User': _id, tasks

[7m44[0m         const updateUserData: User = await this.userService.updateUser(userId, userData);
[7m  [0m [91m                                                                               ~~~~~~~~[0m

TSError: тип Unable to compile TypeScript:
[96mcontrollers/users.controller.ts[0m:[93m44[0m:[93m80[0m - [91merror[0m[90m TS2345: [0mArgument of type 'CreateUserDto' is not assignable to parameter of type 'User'.
  Type 'CreateUserDto' is missing the following properties from type 'User': _id, tasks

[7m44[0m         const updateUserData: User = await this.userService.updateUser(userId, userData);
[7m  [0m [91m                                                                               ~~~~~~~~[0m

    at createTSError (/usr/local/lib/node_modules/ts-node/src/index.ts:859:12)
    at reportTSError (/usr/local/lib/node_modules/ts-node/src/index.ts:863:19)
    at getOutput (/usr/local/lib/node_modules/ts-node/src/index.ts:1077:36)
    at Object.compile (/usr/local/lib/node_modules/ts-node/src/index.ts:1433:41)
    at Module.m._compile (/usr/local/lib/node_modules/ts-node/src/index.ts:1617:30)
    at Module._extensions..js (node:internal/modules/cjs/loader:1153:10)
    at Object.require.extensions.<computed> [as .ts] (/usr/local/lib/node_modules/ts-node/src/index.ts:1621:12)
    at Module.load (node:internal/modules/cjs/loader:981:32)
    at Function.Module._load (node:internal/modules/cjs/loader:822:12)
    at Module.require (node:internal/modules/cjs/loader:1005:19)
2022-11-06 21:29:55 error: uncaughtException: тип Unable to compile TypeScript:
[96mcontrollers/users.controller.ts[0m:[93m44[0m:[93m80[0m - [91merror[0m[90m TS2345: [0mArgument of type 'CreateUserDto' is not assignable to parameter of type 'User'.
  Type 'CreateUserDto' is missing the following properties from type 'User': _id, tasks

[7m44[0m         const updateUserData: User = await this.userService.updateUser(userId, userData);
[7m  [0m [91m                                                                               ~~~~~~~~[0m

TSError: тип Unable to compile TypeScript:
[96mcontrollers/users.controller.ts[0m:[93m44[0m:[93m80[0m - [91merror[0m[90m TS2345: [0mArgument of type 'CreateUserDto' is not assignable to parameter of type 'User'.
  Type 'CreateUserDto' is missing the following properties from type 'User': _id, tasks

[7m44[0m         const updateUserData: User = await this.userService.updateUser(userId, userData);
[7m  [0m [91m                                                                               ~~~~~~~~[0m

    at createTSError (/usr/local/lib/node_modules/ts-node/src/index.ts:859:12)
    at reportTSError (/usr/local/lib/node_modules/ts-node/src/index.ts:863:19)
    at getOutput (/usr/local/lib/node_modules/ts-node/src/index.ts:1077:36)
    at Object.compile (/usr/local/lib/node_modules/ts-node/src/index.ts:1433:41)
    at Module.m._compile (/usr/local/lib/node_modules/ts-node/src/index.ts:1617:30)
    at Module._extensions..js (node:internal/modules/cjs/loader:1153:10)
    at Object.require.extensions.<computed> [as .ts] (/usr/local/lib/node_modules/ts-node/src/index.ts:1621:12)
    at Module.load (node:internal/modules/cjs/loader:981:32)
    at Function.Module._load (node:internal/modules/cjs/loader:822:12)
    at Module.require (node:internal/modules/cjs/loader:1005:19)
2022-11-06 21:29:56 error: uncaughtException: тип Unable to compile TypeScript:
[96mcontrollers/users.controller.ts[0m:[93m44[0m:[93m80[0m - [91merror[0m[90m TS2345: [0mArgument of type 'CreateUserDto' is not assignable to parameter of type 'User'.
  Type 'CreateUserDto' is missing the following properties from type 'User': _id, tasks

[7m44[0m         const updateUserData: User = await this.userService.updateUser(userId, userData);
[7m  [0m [91m                                                                               ~~~~~~~~[0m

TSError: тип Unable to compile TypeScript:
[96mcontrollers/users.controller.ts[0m:[93m44[0m:[93m80[0m - [91merror[0m[90m TS2345: [0mArgument of type 'CreateUserDto' is not assignable to parameter of type 'User'.
  Type 'CreateUserDto' is missing the following properties from type 'User': _id, tasks

[7m44[0m         const updateUserData: User = await this.userService.updateUser(userId, userData);
[7m  [0m [91m                                                                               ~~~~~~~~[0m

    at createTSError (/usr/local/lib/node_modules/ts-node/src/index.ts:859:12)
    at reportTSError (/usr/local/lib/node_modules/ts-node/src/index.ts:863:19)
    at getOutput (/usr/local/lib/node_modules/ts-node/src/index.ts:1077:36)
    at Object.compile (/usr/local/lib/node_modules/ts-node/src/index.ts:1433:41)
    at Module.m._compile (/usr/local/lib/node_modules/ts-node/src/index.ts:1617:30)
    at Module._extensions..js (node:internal/modules/cjs/loader:1153:10)
    at Object.require.extensions.<computed> [as .ts] (/usr/local/lib/node_modules/ts-node/src/index.ts:1621:12)
    at Module.load (node:internal/modules/cjs/loader:981:32)
    at Function.Module._load (node:internal/modules/cjs/loader:822:12)
    at Module.require (node:internal/modules/cjs/loader:1005:19)
2022-11-06 21:30:05 error: uncaughtException: тип Unable to compile TypeScript:
[96mcontrollers/users.controller.ts[0m:[93m44[0m:[93m80[0m - [91merror[0m[90m TS2345: [0mArgument of type 'CreateUserDto' is not assignable to parameter of type 'User'.
  Type 'CreateUserDto' is missing the following properties from type 'User': _id, tasks

[7m44[0m         const updateUserData: User = await this.userService.updateUser(userId, userData);
[7m  [0m [91m                                                                               ~~~~~~~~[0m

TSError: тип Unable to compile TypeScript:
[96mcontrollers/users.controller.ts[0m:[93m44[0m:[93m80[0m - [91merror[0m[90m TS2345: [0mArgument of type 'CreateUserDto' is not assignable to parameter of type 'User'.
  Type 'CreateUserDto' is missing the following properties from type 'User': _id, tasks

[7m44[0m         const updateUserData: User = await this.userService.updateUser(userId, userData);
[7m  [0m [91m                                                                               ~~~~~~~~[0m

    at createTSError (/usr/local/lib/node_modules/ts-node/src/index.ts:859:12)
    at reportTSError (/usr/local/lib/node_modules/ts-node/src/index.ts:863:19)
    at getOutput (/usr/local/lib/node_modules/ts-node/src/index.ts:1077:36)
    at Object.compile (/usr/local/lib/node_modules/ts-node/src/index.ts:1433:41)
    at Module.m._compile (/usr/local/lib/node_modules/ts-node/src/index.ts:1617:30)
    at Module._extensions..js (node:internal/modules/cjs/loader:1153:10)
    at Object.require.extensions.<computed> [as .ts] (/usr/local/lib/node_modules/ts-node/src/index.ts:1621:12)
    at Module.load (node:internal/modules/cjs/loader:981:32)
    at Function.Module._load (node:internal/modules/cjs/loader:822:12)
    at Module.require (node:internal/modules/cjs/loader:1005:19)
2022-11-06 21:30:09 error: uncaughtException: тип Unable to compile TypeScript:
[96mcontrollers/users.controller.ts[0m:[93m44[0m:[93m80[0m - [91merror[0m[90m TS2345: [0mArgument of type 'CreateUserDto' is not assignable to parameter of type 'User'.
  Type 'CreateUserDto' is missing the following properties from type 'User': _id, tasks

[7m44[0m         const updateUserData: User = await this.userService.updateUser(userId, userData);
[7m  [0m [91m                                                                               ~~~~~~~~[0m

TSError: тип Unable to compile TypeScript:
[96mcontrollers/users.controller.ts[0m:[93m44[0m:[93m80[0m - [91merror[0m[90m TS2345: [0mArgument of type 'CreateUserDto' is not assignable to parameter of type 'User'.
  Type 'CreateUserDto' is missing the following properties from type 'User': _id, tasks

[7m44[0m         const updateUserData: User = await this.userService.updateUser(userId, userData);
[7m  [0m [91m                                                                               ~~~~~~~~[0m

    at createTSError (/usr/local/lib/node_modules/ts-node/src/index.ts:859:12)
    at reportTSError (/usr/local/lib/node_modules/ts-node/src/index.ts:863:19)
    at getOutput (/usr/local/lib/node_modules/ts-node/src/index.ts:1077:36)
    at Object.compile (/usr/local/lib/node_modules/ts-node/src/index.ts:1433:41)
    at Module.m._compile (/usr/local/lib/node_modules/ts-node/src/index.ts:1617:30)
    at Module._extensions..js (node:internal/modules/cjs/loader:1153:10)
    at Object.require.extensions.<computed> [as .ts] (/usr/local/lib/node_modules/ts-node/src/index.ts:1621:12)
    at Module.load (node:internal/modules/cjs/loader:981:32)
    at Function.Module._load (node:internal/modules/cjs/loader:822:12)
    at Module.require (node:internal/modules/cjs/loader:1005:19)
2022-11-06 21:30:12 error: uncaughtException: тип Unable to compile TypeScript:
[96mcontrollers/users.controller.ts[0m:[93m44[0m:[93m80[0m - [91merror[0m[90m TS2345: [0mArgument of type 'CreateUserDto' is not assignable to parameter of type 'User'.
  Type 'CreateUserDto' is missing the following properties from type 'User': _id, tasks

[7m44[0m         const updateUserData: User = await this.userService.updateUser(userId, userData);
[7m  [0m [91m                                                                               ~~~~~~~~[0m

TSError: тип Unable to compile TypeScript:
[96mcontrollers/users.controller.ts[0m:[93m44[0m:[93m80[0m - [91merror[0m[90m TS2345: [0mArgument of type 'CreateUserDto' is not assignable to parameter of type 'User'.
  Type 'CreateUserDto' is missing the following properties from type 'User': _id, tasks

[7m44[0m         const updateUserData: User = await this.userService.updateUser(userId, userData);
[7m  [0m [91m                                                                               ~~~~~~~~[0m

    at createTSError (/usr/local/lib/node_modules/ts-node/src/index.ts:859:12)
    at reportTSError (/usr/local/lib/node_modules/ts-node/src/index.ts:863:19)
    at getOutput (/usr/local/lib/node_modules/ts-node/src/index.ts:1077:36)
    at Object.compile (/usr/local/lib/node_modules/ts-node/src/index.ts:1433:41)
    at Module.m._compile (/usr/local/lib/node_modules/ts-node/src/index.ts:1617:30)
    at Module._extensions..js (node:internal/modules/cjs/loader:1153:10)
    at Object.require.extensions.<computed> [as .ts] (/usr/local/lib/node_modules/ts-node/src/index.ts:1621:12)
    at Module.load (node:internal/modules/cjs/loader:981:32)
    at Function.Module._load (node:internal/modules/cjs/loader:822:12)
    at Module.require (node:internal/modules/cjs/loader:1005:19)
2022-11-06 21:30:19 error: uncaughtException: тип Unable to compile TypeScript:
[96mcontrollers/users.controller.ts[0m:[93m44[0m:[93m80[0m - [91merror[0m[90m TS2345: [0mArgument of type 'CreateUserDto' is not assignable to parameter of type 'User'.
  Type 'CreateUserDto' is missing the following properties from type 'User': _id, tasks

[7m44[0m         const updateUserData: User = await this.userService.updateUser(userId, userData);
[7m  [0m [91m                                                                               ~~~~~~~~[0m

TSError: тип Unable to compile TypeScript:
[96mcontrollers/users.controller.ts[0m:[93m44[0m:[93m80[0m - [91merror[0m[90m TS2345: [0mArgument of type 'CreateUserDto' is not assignable to parameter of type 'User'.
  Type 'CreateUserDto' is missing the following properties from type 'User': _id, tasks

[7m44[0m         const updateUserData: User = await this.userService.updateUser(userId, userData);
[7m  [0m [91m                                                                               ~~~~~~~~[0m

    at createTSError (/usr/local/lib/node_modules/ts-node/src/index.ts:859:12)
    at reportTSError (/usr/local/lib/node_modules/ts-node/src/index.ts:863:19)
    at getOutput (/usr/local/lib/node_modules/ts-node/src/index.ts:1077:36)
    at Object.compile (/usr/local/lib/node_modules/ts-node/src/index.ts:1433:41)
    at Module.m._compile (/usr/local/lib/node_modules/ts-node/src/index.ts:1617:30)
    at Module._extensions..js (node:internal/modules/cjs/loader:1153:10)
    at Object.require.extensions.<computed> [as .ts] (/usr/local/lib/node_modules/ts-node/src/index.ts:1621:12)
    at Module.load (node:internal/modules/cjs/loader:981:32)
    at Function.Module._load (node:internal/modules/cjs/loader:822:12)
    at Module.require (node:internal/modules/cjs/loader:1005:19)
2022-11-06 21:30:22 error: uncaughtException: тип Unable to compile TypeScript:
[96mcontrollers/users.controller.ts[0m:[93m44[0m:[93m80[0m - [91merror[0m[90m TS2345: [0mArgument of type 'CreateUserDto' is not assignable to parameter of type 'User'.
  Type 'CreateUserDto' is missing the following properties from type 'User': _id, tasks

[7m44[0m         const updateUserData: User = await this.userService.updateUser(userId, userData);
[7m  [0m [91m                                                                               ~~~~~~~~[0m

TSError: тип Unable to compile TypeScript:
[96mcontrollers/users.controller.ts[0m:[93m44[0m:[93m80[0m - [91merror[0m[90m TS2345: [0mArgument of type 'CreateUserDto' is not assignable to parameter of type 'User'.
  Type 'CreateUserDto' is missing the following properties from type 'User': _id, tasks

[7m44[0m         const updateUserData: User = await this.userService.updateUser(userId, userData);
[7m  [0m [91m                                                                               ~~~~~~~~[0m

    at createTSError (/usr/local/lib/node_modules/ts-node/src/index.ts:859:12)
    at reportTSError (/usr/local/lib/node_modules/ts-node/src/index.ts:863:19)
    at getOutput (/usr/local/lib/node_modules/ts-node/src/index.ts:1077:36)
    at Object.compile (/usr/local/lib/node_modules/ts-node/src/index.ts:1433:41)
    at Module.m._compile (/usr/local/lib/node_modules/ts-node/src/index.ts:1617:30)
    at Module._extensions..js (node:internal/modules/cjs/loader:1153:10)
    at Object.require.extensions.<computed> [as .ts] (/usr/local/lib/node_modules/ts-node/src/index.ts:1621:12)
    at Module.load (node:internal/modules/cjs/loader:981:32)
    at Function.Module._load (node:internal/modules/cjs/loader:822:12)
    at Module.require (node:internal/modules/cjs/loader:1005:19)
2022-11-06 21:30:30 error: uncaughtException: тип Unable to compile TypeScript:
[96mcontrollers/users.controller.ts[0m:[93m44[0m:[93m80[0m - [91merror[0m[90m TS2345: [0mArgument of type 'CreateUserDto' is not assignable to parameter of type 'User'.
  Type 'CreateUserDto' is missing the following properties from type 'User': _id, tasks

[7m44[0m         const updateUserData: User = await this.userService.updateUser(userId, userData);
[7m  [0m [91m                                                                               ~~~~~~~~[0m

TSError: тип Unable to compile TypeScript:
[96mcontrollers/users.controller.ts[0m:[93m44[0m:[93m80[0m - [91merror[0m[90m TS2345: [0mArgument of type 'CreateUserDto' is not assignable to parameter of type 'User'.
  Type 'CreateUserDto' is missing the following properties from type 'User': _id, tasks

[7m44[0m         const updateUserData: User = await this.userService.updateUser(userId, userData);
[7m  [0m [91m                                                                               ~~~~~~~~[0m

    at createTSError (/usr/local/lib/node_modules/ts-node/src/index.ts:859:12)
    at reportTSError (/usr/local/lib/node_modules/ts-node/src/index.ts:863:19)
    at getOutput (/usr/local/lib/node_modules/ts-node/src/index.ts:1077:36)
    at Object.compile (/usr/local/lib/node_modules/ts-node/src/index.ts:1433:41)
    at Module.m._compile (/usr/local/lib/node_modules/ts-node/src/index.ts:1617:30)
    at Module._extensions..js (node:internal/modules/cjs/loader:1153:10)
    at Object.require.extensions.<computed> [as .ts] (/usr/local/lib/node_modules/ts-node/src/index.ts:1621:12)
    at Module.load (node:internal/modules/cjs/loader:981:32)
    at Function.Module._load (node:internal/modules/cjs/loader:822:12)
    at Module.require (node:internal/modules/cjs/loader:1005:19)
2022-11-06 21:30:34 error: uncaughtException: тип Unable to compile TypeScript:
[96mcontrollers/users.controller.ts[0m:[93m44[0m:[93m80[0m - [91merror[0m[90m TS2345: [0mArgument of type 'CreateUserDto' is not assignable to parameter of type 'User'.
  Type 'CreateUserDto' is missing the following properties from type 'User': _id, tasks

[7m44[0m         const updateUserData: User = await this.userService.updateUser(userId, userData);
[7m  [0m [91m                                                                               ~~~~~~~~[0m

TSError: тип Unable to compile TypeScript:
[96mcontrollers/users.controller.ts[0m:[93m44[0m:[93m80[0m - [91merror[0m[90m TS2345: [0mArgument of type 'CreateUserDto' is not assignable to parameter of type 'User'.
  Type 'CreateUserDto' is missing the following properties from type 'User': _id, tasks

[7m44[0m         const updateUserData: User = await this.userService.updateUser(userId, userData);
[7m  [0m [91m                                                                               ~~~~~~~~[0m

    at createTSError (/usr/local/lib/node_modules/ts-node/src/index.ts:859:12)
    at reportTSError (/usr/local/lib/node_modules/ts-node/src/index.ts:863:19)
    at getOutput (/usr/local/lib/node_modules/ts-node/src/index.ts:1077:36)
    at Object.compile (/usr/local/lib/node_modules/ts-node/src/index.ts:1433:41)
    at Module.m._compile (/usr/local/lib/node_modules/ts-node/src/index.ts:1617:30)
    at Module._extensions..js (node:internal/modules/cjs/loader:1153:10)
    at Object.require.extensions.<computed> [as .ts] (/usr/local/lib/node_modules/ts-node/src/index.ts:1621:12)
    at Module.load (node:internal/modules/cjs/loader:981:32)
    at Function.Module._load (node:internal/modules/cjs/loader:822:12)
    at Module.require (node:internal/modules/cjs/loader:1005:19)
2022-11-06 21:30:45 error: uncaughtException: тип Unable to compile TypeScript:
[96mcontrollers/users.controller.ts[0m:[93m44[0m:[93m80[0m - [91merror[0m[90m TS2345: [0mArgument of type 'CreateUserDto' is not assignable to parameter of type 'User'.
  Type 'CreateUserDto' is missing the following properties from type 'User': _id, tasks

[7m44[0m         const updateUserData: User = await this.userService.updateUser(userId, userData);
[7m  [0m [91m                                                                               ~~~~~~~~[0m

TSError: тип Unable to compile TypeScript:
[96mcontrollers/users.controller.ts[0m:[93m44[0m:[93m80[0m - [91merror[0m[90m TS2345: [0mArgument of type 'CreateUserDto' is not assignable to parameter of type 'User'.
  Type 'CreateUserDto' is missing the following properties from type 'User': _id, tasks

[7m44[0m         const updateUserData: User = await this.userService.updateUser(userId, userData);
[7m  [0m [91m                                                                               ~~~~~~~~[0m

    at createTSError (/usr/local/lib/node_modules/ts-node/src/index.ts:859:12)
    at reportTSError (/usr/local/lib/node_modules/ts-node/src/index.ts:863:19)
    at getOutput (/usr/local/lib/node_modules/ts-node/src/index.ts:1077:36)
    at Object.compile (/usr/local/lib/node_modules/ts-node/src/index.ts:1433:41)
    at Module.m._compile (/usr/local/lib/node_modules/ts-node/src/index.ts:1617:30)
    at Module._extensions..js (node:internal/modules/cjs/loader:1153:10)
    at Object.require.extensions.<computed> [as .ts] (/usr/local/lib/node_modules/ts-node/src/index.ts:1621:12)
    at Module.load (node:internal/modules/cjs/loader:981:32)
    at Function.Module._load (node:internal/modules/cjs/loader:822:12)
    at Module.require (node:internal/modules/cjs/loader:1005:19)
2022-11-06 21:30:46 error: uncaughtException: тип Unable to compile TypeScript:
[96mcontrollers/users.controller.ts[0m:[93m44[0m:[93m80[0m - [91merror[0m[90m TS2345: [0mArgument of type 'CreateUserDto' is not assignable to parameter of type 'User'.
  Type 'CreateUserDto' is missing the following properties from type 'User': _id, tasks

[7m44[0m         const updateUserData: User = await this.userService.updateUser(userId, userData);
[7m  [0m [91m                                                                               ~~~~~~~~[0m

TSError: тип Unable to compile TypeScript:
[96mcontrollers/users.controller.ts[0m:[93m44[0m:[93m80[0m - [91merror[0m[90m TS2345: [0mArgument of type 'CreateUserDto' is not assignable to parameter of type 'User'.
  Type 'CreateUserDto' is missing the following properties from type 'User': _id, tasks

[7m44[0m         const updateUserData: User = await this.userService.updateUser(userId, userData);
[7m  [0m [91m                                                                               ~~~~~~~~[0m

    at createTSError (/usr/local/lib/node_modules/ts-node/src/index.ts:859:12)
    at reportTSError (/usr/local/lib/node_modules/ts-node/src/index.ts:863:19)
    at getOutput (/usr/local/lib/node_modules/ts-node/src/index.ts:1077:36)
    at Object.compile (/usr/local/lib/node_modules/ts-node/src/index.ts:1433:41)
    at Module.m._compile (/usr/local/lib/node_modules/ts-node/src/index.ts:1617:30)
    at Module._extensions..js (node:internal/modules/cjs/loader:1153:10)
    at Object.require.extensions.<computed> [as .ts] (/usr/local/lib/node_modules/ts-node/src/index.ts:1621:12)
    at Module.load (node:internal/modules/cjs/loader:981:32)
    at Function.Module._load (node:internal/modules/cjs/loader:822:12)
    at Module.require (node:internal/modules/cjs/loader:1005:19)
2022-11-06 21:30:52 error: uncaughtException: тип Unable to compile TypeScript:
[96mcontrollers/users.controller.ts[0m:[93m44[0m:[93m80[0m - [91merror[0m[90m TS2345: [0mArgument of type 'CreateUserDto' is not assignable to parameter of type 'User'.
  Type 'CreateUserDto' is missing the following properties from type 'User': _id, tasks

[7m44[0m         const updateUserData: User = await this.userService.updateUser(userId, userData);
[7m  [0m [91m                                                                               ~~~~~~~~[0m

TSError: тип Unable to compile TypeScript:
[96mcontrollers/users.controller.ts[0m:[93m44[0m:[93m80[0m - [91merror[0m[90m TS2345: [0mArgument of type 'CreateUserDto' is not assignable to parameter of type 'User'.
  Type 'CreateUserDto' is missing the following properties from type 'User': _id, tasks

[7m44[0m         const updateUserData: User = await this.userService.updateUser(userId, userData);
[7m  [0m [91m                                                                               ~~~~~~~~[0m

    at createTSError (/usr/local/lib/node_modules/ts-node/src/index.ts:859:12)
    at reportTSError (/usr/local/lib/node_modules/ts-node/src/index.ts:863:19)
    at getOutput (/usr/local/lib/node_modules/ts-node/src/index.ts:1077:36)
    at Object.compile (/usr/local/lib/node_modules/ts-node/src/index.ts:1433:41)
    at Module.m._compile (/usr/local/lib/node_modules/ts-node/src/index.ts:1617:30)
    at Module._extensions..js (node:internal/modules/cjs/loader:1153:10)
    at Object.require.extensions.<computed> [as .ts] (/usr/local/lib/node_modules/ts-node/src/index.ts:1621:12)
    at Module.load (node:internal/modules/cjs/loader:981:32)
    at Function.Module._load (node:internal/modules/cjs/loader:822:12)
    at Module.require (node:internal/modules/cjs/loader:1005:19)
2022-11-06 21:31:14 error: uncaughtException: тип Unable to compile TypeScript:
[96mcontrollers/users.controller.ts[0m:[93m44[0m:[93m80[0m - [91merror[0m[90m TS2345: [0mArgument of type 'CreateUserDto' is not assignable to parameter of type 'User'.
  Type 'CreateUserDto' is missing the following properties from type 'User': _id, tasks

[7m44[0m         const updateUserData: User = await this.userService.updateUser(userId, userData);
[7m  [0m [91m                                                                               ~~~~~~~~[0m

TSError: тип Unable to compile TypeScript:
[96mcontrollers/users.controller.ts[0m:[93m44[0m:[93m80[0m - [91merror[0m[90m TS2345: [0mArgument of type 'CreateUserDto' is not assignable to parameter of type 'User'.
  Type 'CreateUserDto' is missing the following properties from type 'User': _id, tasks

[7m44[0m         const updateUserData: User = await this.userService.updateUser(userId, userData);
[7m  [0m [91m                                                                               ~~~~~~~~[0m

    at createTSError (/usr/local/lib/node_modules/ts-node/src/index.ts:859:12)
    at reportTSError (/usr/local/lib/node_modules/ts-node/src/index.ts:863:19)
    at getOutput (/usr/local/lib/node_modules/ts-node/src/index.ts:1077:36)
    at Object.compile (/usr/local/lib/node_modules/ts-node/src/index.ts:1433:41)
    at Module.m._compile (/usr/local/lib/node_modules/ts-node/src/index.ts:1617:30)
    at Module._extensions..js (node:internal/modules/cjs/loader:1153:10)
    at Object.require.extensions.<computed> [as .ts] (/usr/local/lib/node_modules/ts-node/src/index.ts:1621:12)
    at Module.load (node:internal/modules/cjs/loader:981:32)
    at Function.Module._load (node:internal/modules/cjs/loader:822:12)
    at Module.require (node:internal/modules/cjs/loader:1005:19)
2022-11-06 21:31:15 error: uncaughtException: тип Unable to compile TypeScript:
[96mcontrollers/users.controller.ts[0m:[93m44[0m:[93m80[0m - [91merror[0m[90m TS2345: [0mArgument of type 'CreateUserDto' is not assignable to parameter of type 'User'.
  Type 'CreateUserDto' is missing the following properties from type 'User': _id, tasks

[7m44[0m         const updateUserData: User = await this.userService.updateUser(userId, userData);
[7m  [0m [91m                                                                               ~~~~~~~~[0m

TSError: тип Unable to compile TypeScript:
[96mcontrollers/users.controller.ts[0m:[93m44[0m:[93m80[0m - [91merror[0m[90m TS2345: [0mArgument of type 'CreateUserDto' is not assignable to parameter of type 'User'.
  Type 'CreateUserDto' is missing the following properties from type 'User': _id, tasks

[7m44[0m         const updateUserData: User = await this.userService.updateUser(userId, userData);
[7m  [0m [91m                                                                               ~~~~~~~~[0m

    at createTSError (/usr/local/lib/node_modules/ts-node/src/index.ts:859:12)
    at reportTSError (/usr/local/lib/node_modules/ts-node/src/index.ts:863:19)
    at getOutput (/usr/local/lib/node_modules/ts-node/src/index.ts:1077:36)
    at Object.compile (/usr/local/lib/node_modules/ts-node/src/index.ts:1433:41)
    at Module.m._compile (/usr/local/lib/node_modules/ts-node/src/index.ts:1617:30)
    at Module._extensions..js (node:internal/modules/cjs/loader:1153:10)
    at Object.require.extensions.<computed> [as .ts] (/usr/local/lib/node_modules/ts-node/src/index.ts:1621:12)
    at Module.load (node:internal/modules/cjs/loader:981:32)
    at Function.Module._load (node:internal/modules/cjs/loader:822:12)
    at Module.require (node:internal/modules/cjs/loader:1005:19)
2022-11-06 21:31:16 error: uncaughtException: тип Unable to compile TypeScript:
[96mcontrollers/users.controller.ts[0m:[93m44[0m:[93m80[0m - [91merror[0m[90m TS2345: [0mArgument of type 'CreateUserDto' is not assignable to parameter of type 'User'.
  Type 'CreateUserDto' is missing the following properties from type 'User': _id, tasks

[7m44[0m         const updateUserData: User = await this.userService.updateUser(userId, userData);
[7m  [0m [91m                                                                               ~~~~~~~~[0m

TSError: тип Unable to compile TypeScript:
[96mcontrollers/users.controller.ts[0m:[93m44[0m:[93m80[0m - [91merror[0m[90m TS2345: [0mArgument of type 'CreateUserDto' is not assignable to parameter of type 'User'.
  Type 'CreateUserDto' is missing the following properties from type 'User': _id, tasks

[7m44[0m         const updateUserData: User = await this.userService.updateUser(userId, userData);
[7m  [0m [91m                                                                               ~~~~~~~~[0m

    at createTSError (/usr/local/lib/node_modules/ts-node/src/index.ts:859:12)
    at reportTSError (/usr/local/lib/node_modules/ts-node/src/index.ts:863:19)
    at getOutput (/usr/local/lib/node_modules/ts-node/src/index.ts:1077:36)
    at Object.compile (/usr/local/lib/node_modules/ts-node/src/index.ts:1433:41)
    at Module.m._compile (/usr/local/lib/node_modules/ts-node/src/index.ts:1617:30)
    at Module._extensions..js (node:internal/modules/cjs/loader:1153:10)
    at Object.require.extensions.<computed> [as .ts] (/usr/local/lib/node_modules/ts-node/src/index.ts:1621:12)
    at Module.load (node:internal/modules/cjs/loader:981:32)
    at Function.Module._load (node:internal/modules/cjs/loader:822:12)
    at Module.require (node:internal/modules/cjs/loader:1005:19)
2022-11-06 21:31:38 error: uncaughtException: тип Unable to compile TypeScript:
[96mcontrollers/users.controller.ts[0m:[93m44[0m:[93m80[0m - [91merror[0m[90m TS2345: [0mArgument of type 'CreateUserDto' is not assignable to parameter of type 'User'.
  Type 'CreateUserDto' is missing the following properties from type 'User': _id, tasks

[7m44[0m         const updateUserData: User = await this.userService.updateUser(userId, userData);
[7m  [0m [91m                                                                               ~~~~~~~~[0m

TSError: тип Unable to compile TypeScript:
[96mcontrollers/users.controller.ts[0m:[93m44[0m:[93m80[0m - [91merror[0m[90m TS2345: [0mArgument of type 'CreateUserDto' is not assignable to parameter of type 'User'.
  Type 'CreateUserDto' is missing the following properties from type 'User': _id, tasks

[7m44[0m         const updateUserData: User = await this.userService.updateUser(userId, userData);
[7m  [0m [91m                                                                               ~~~~~~~~[0m

    at createTSError (/usr/local/lib/node_modules/ts-node/src/index.ts:859:12)
    at reportTSError (/usr/local/lib/node_modules/ts-node/src/index.ts:863:19)
    at getOutput (/usr/local/lib/node_modules/ts-node/src/index.ts:1077:36)
    at Object.compile (/usr/local/lib/node_modules/ts-node/src/index.ts:1433:41)
    at Module.m._compile (/usr/local/lib/node_modules/ts-node/src/index.ts:1617:30)
    at Module._extensions..js (node:internal/modules/cjs/loader:1153:10)
    at Object.require.extensions.<computed> [as .ts] (/usr/local/lib/node_modules/ts-node/src/index.ts:1621:12)
    at Module.load (node:internal/modules/cjs/loader:981:32)
    at Function.Module._load (node:internal/modules/cjs/loader:822:12)
    at Module.require (node:internal/modules/cjs/loader:1005:19)
2022-11-06 21:31:45 error: uncaughtException: тип Unable to compile TypeScript:
[96mcontrollers/users.controller.ts[0m:[93m44[0m:[93m80[0m - [91merror[0m[90m TS2345: [0mArgument of type 'CreateUserDto' is not assignable to parameter of type 'User'.
  Type 'CreateUserDto' is missing the following properties from type 'User': _id, tasks

[7m44[0m         const updateUserData: User = await this.userService.updateUser(userId, userData);
[7m  [0m [91m                                                                               ~~~~~~~~[0m

TSError: тип Unable to compile TypeScript:
[96mcontrollers/users.controller.ts[0m:[93m44[0m:[93m80[0m - [91merror[0m[90m TS2345: [0mArgument of type 'CreateUserDto' is not assignable to parameter of type 'User'.
  Type 'CreateUserDto' is missing the following properties from type 'User': _id, tasks

[7m44[0m         const updateUserData: User = await this.userService.updateUser(userId, userData);
[7m  [0m [91m                                                                               ~~~~~~~~[0m

    at createTSError (/usr/local/lib/node_modules/ts-node/src/index.ts:859:12)
    at reportTSError (/usr/local/lib/node_modules/ts-node/src/index.ts:863:19)
    at getOutput (/usr/local/lib/node_modules/ts-node/src/index.ts:1077:36)
    at Object.compile (/usr/local/lib/node_modules/ts-node/src/index.ts:1433:41)
    at Module.m._compile (/usr/local/lib/node_modules/ts-node/src/index.ts:1617:30)
    at Module._extensions..js (node:internal/modules/cjs/loader:1153:10)
    at Object.require.extensions.<computed> [as .ts] (/usr/local/lib/node_modules/ts-node/src/index.ts:1621:12)
    at Module.load (node:internal/modules/cjs/loader:981:32)
    at Function.Module._load (node:internal/modules/cjs/loader:822:12)
    at Module.require (node:internal/modules/cjs/loader:1005:19)
2022-11-06 21:31:56 error: uncaughtException: тип Unable to compile TypeScript:
[96mcontrollers/users.controller.ts[0m:[93m44[0m:[93m80[0m - [91merror[0m[90m TS2345: [0mArgument of type 'CreateUserDto' is not assignable to parameter of type 'User'.
  Type 'CreateUserDto' is missing the following properties from type 'User': _id, tasks

[7m44[0m         const updateUserData: User = await this.userService.updateUser(userId, userData);
[7m  [0m [91m                                                                               ~~~~~~~~[0m

TSError: тип Unable to compile TypeScript:
[96mcontrollers/users.controller.ts[0m:[93m44[0m:[93m80[0m - [91merror[0m[90m TS2345: [0mArgument of type 'CreateUserDto' is not assignable to parameter of type 'User'.
  Type 'CreateUserDto' is missing the following properties from type 'User': _id, tasks

[7m44[0m         const updateUserData: User = await this.userService.updateUser(userId, userData);
[7m  [0m [91m                                                                               ~~~~~~~~[0m

    at createTSError (/usr/local/lib/node_modules/ts-node/src/index.ts:859:12)
    at reportTSError (/usr/local/lib/node_modules/ts-node/src/index.ts:863:19)
    at getOutput (/usr/local/lib/node_modules/ts-node/src/index.ts:1077:36)
    at Object.compile (/usr/local/lib/node_modules/ts-node/src/index.ts:1433:41)
    at Module.m._compile (/usr/local/lib/node_modules/ts-node/src/index.ts:1617:30)
    at Module._extensions..js (node:internal/modules/cjs/loader:1153:10)
    at Object.require.extensions.<computed> [as .ts] (/usr/local/lib/node_modules/ts-node/src/index.ts:1621:12)
    at Module.load (node:internal/modules/cjs/loader:981:32)
    at Function.Module._load (node:internal/modules/cjs/loader:822:12)
    at Module.require (node:internal/modules/cjs/loader:1005:19)
2022-11-06 21:31:59 error: uncaughtException: тип Unable to compile TypeScript:
[96mcontrollers/users.controller.ts[0m:[93m44[0m:[93m80[0m - [91merror[0m[90m TS2345: [0mArgument of type 'CreateUserDto' is not assignable to parameter of type 'User'.
  Type 'CreateUserDto' is missing the following properties from type 'User': _id, tasks

[7m44[0m         const updateUserData: User = await this.userService.updateUser(userId, userData);
[7m  [0m [91m                                                                               ~~~~~~~~[0m

TSError: тип Unable to compile TypeScript:
[96mcontrollers/users.controller.ts[0m:[93m44[0m:[93m80[0m - [91merror[0m[90m TS2345: [0mArgument of type 'CreateUserDto' is not assignable to parameter of type 'User'.
  Type 'CreateUserDto' is missing the following properties from type 'User': _id, tasks

[7m44[0m         const updateUserData: User = await this.userService.updateUser(userId, userData);
[7m  [0m [91m                                                                               ~~~~~~~~[0m

    at createTSError (/usr/local/lib/node_modules/ts-node/src/index.ts:859:12)
    at reportTSError (/usr/local/lib/node_modules/ts-node/src/index.ts:863:19)
    at getOutput (/usr/local/lib/node_modules/ts-node/src/index.ts:1077:36)
    at Object.compile (/usr/local/lib/node_modules/ts-node/src/index.ts:1433:41)
    at Module.m._compile (/usr/local/lib/node_modules/ts-node/src/index.ts:1617:30)
    at Module._extensions..js (node:internal/modules/cjs/loader:1153:10)
    at Object.require.extensions.<computed> [as .ts] (/usr/local/lib/node_modules/ts-node/src/index.ts:1621:12)
    at Module.load (node:internal/modules/cjs/loader:981:32)
    at Function.Module._load (node:internal/modules/cjs/loader:822:12)
    at Module.require (node:internal/modules/cjs/loader:1005:19)
2022-11-06 21:32:09 error: uncaughtException: тип Unable to compile TypeScript:
[96mcontrollers/users.controller.ts[0m:[93m44[0m:[93m80[0m - [91merror[0m[90m TS2345: [0mArgument of type 'CreateUserDto' is not assignable to parameter of type 'User'.
  Type 'CreateUserDto' is missing the following properties from type 'User': _id, tasks

[7m44[0m         const updateUserData: User = await this.userService.updateUser(userId, userData);
[7m  [0m [91m                                                                               ~~~~~~~~[0m

TSError: тип Unable to compile TypeScript:
[96mcontrollers/users.controller.ts[0m:[93m44[0m:[93m80[0m - [91merror[0m[90m TS2345: [0mArgument of type 'CreateUserDto' is not assignable to parameter of type 'User'.
  Type 'CreateUserDto' is missing the following properties from type 'User': _id, tasks

[7m44[0m         const updateUserData: User = await this.userService.updateUser(userId, userData);
[7m  [0m [91m                                                                               ~~~~~~~~[0m

    at createTSError (/usr/local/lib/node_modules/ts-node/src/index.ts:859:12)
    at reportTSError (/usr/local/lib/node_modules/ts-node/src/index.ts:863:19)
    at getOutput (/usr/local/lib/node_modules/ts-node/src/index.ts:1077:36)
    at Object.compile (/usr/local/lib/node_modules/ts-node/src/index.ts:1433:41)
    at Module.m._compile (/usr/local/lib/node_modules/ts-node/src/index.ts:1617:30)
    at Module._extensions..js (node:internal/modules/cjs/loader:1153:10)
    at Object.require.extensions.<computed> [as .ts] (/usr/local/lib/node_modules/ts-node/src/index.ts:1621:12)
    at Module.load (node:internal/modules/cjs/loader:981:32)
    at Function.Module._load (node:internal/modules/cjs/loader:822:12)
    at Module.require (node:internal/modules/cjs/loader:1005:19)
2022-11-06 21:32:11 error: uncaughtException: тип Unable to compile TypeScript:
[96mcontrollers/users.controller.ts[0m:[93m44[0m:[93m80[0m - [91merror[0m[90m TS2345: [0mArgument of type 'CreateUserDto' is not assignable to parameter of type 'User'.
  Type 'CreateUserDto' is missing the following properties from type 'User': _id, tasks

[7m44[0m         const updateUserData: User = await this.userService.updateUser(userId, userData);
[7m  [0m [91m                                                                               ~~~~~~~~[0m

TSError: тип Unable to compile TypeScript:
[96mcontrollers/users.controller.ts[0m:[93m44[0m:[93m80[0m - [91merror[0m[90m TS2345: [0mArgument of type 'CreateUserDto' is not assignable to parameter of type 'User'.
  Type 'CreateUserDto' is missing the following properties from type 'User': _id, tasks

[7m44[0m         const updateUserData: User = await this.userService.updateUser(userId, userData);
[7m  [0m [91m                                                                               ~~~~~~~~[0m

    at createTSError (/usr/local/lib/node_modules/ts-node/src/index.ts:859:12)
    at reportTSError (/usr/local/lib/node_modules/ts-node/src/index.ts:863:19)
    at getOutput (/usr/local/lib/node_modules/ts-node/src/index.ts:1077:36)
    at Object.compile (/usr/local/lib/node_modules/ts-node/src/index.ts:1433:41)
    at Module.m._compile (/usr/local/lib/node_modules/ts-node/src/index.ts:1617:30)
    at Module._extensions..js (node:internal/modules/cjs/loader:1153:10)
    at Object.require.extensions.<computed> [as .ts] (/usr/local/lib/node_modules/ts-node/src/index.ts:1621:12)
    at Module.load (node:internal/modules/cjs/loader:981:32)
    at Function.Module._load (node:internal/modules/cjs/loader:822:12)
    at Module.require (node:internal/modules/cjs/loader:1005:19)
2022-11-06 21:32:14 error: uncaughtException: тип Unable to compile TypeScript:
[96mcontrollers/users.controller.ts[0m:[93m44[0m:[93m80[0m - [91merror[0m[90m TS2345: [0mArgument of type 'CreateUserDto' is not assignable to parameter of type 'User'.
  Type 'CreateUserDto' is missing the following properties from type 'User': _id, tasks

[7m44[0m         const updateUserData: User = await this.userService.updateUser(userId, userData);
[7m  [0m [91m                                                                               ~~~~~~~~[0m

TSError: тип Unable to compile TypeScript:
[96mcontrollers/users.controller.ts[0m:[93m44[0m:[93m80[0m - [91merror[0m[90m TS2345: [0mArgument of type 'CreateUserDto' is not assignable to parameter of type 'User'.
  Type 'CreateUserDto' is missing the following properties from type 'User': _id, tasks

[7m44[0m         const updateUserData: User = await this.userService.updateUser(userId, userData);
[7m  [0m [91m                                                                               ~~~~~~~~[0m

    at createTSError (/usr/local/lib/node_modules/ts-node/src/index.ts:859:12)
    at reportTSError (/usr/local/lib/node_modules/ts-node/src/index.ts:863:19)
    at getOutput (/usr/local/lib/node_modules/ts-node/src/index.ts:1077:36)
    at Object.compile (/usr/local/lib/node_modules/ts-node/src/index.ts:1433:41)
    at Module.m._compile (/usr/local/lib/node_modules/ts-node/src/index.ts:1617:30)
    at Module._extensions..js (node:internal/modules/cjs/loader:1153:10)
    at Object.require.extensions.<computed> [as .ts] (/usr/local/lib/node_modules/ts-node/src/index.ts:1621:12)
    at Module.load (node:internal/modules/cjs/loader:981:32)
    at Function.Module._load (node:internal/modules/cjs/loader:822:12)
    at Module.require (node:internal/modules/cjs/loader:1005:19)
2022-11-06 21:32:18 error: uncaughtException: тип Unable to compile TypeScript:
[96mcontrollers/users.controller.ts[0m:[93m44[0m:[93m80[0m - [91merror[0m[90m TS2345: [0mArgument of type 'CreateUserDto' is not assignable to parameter of type 'User'.
  Type 'CreateUserDto' is missing the following properties from type 'User': _id, tasks

[7m44[0m         const updateUserData: User = await this.userService.updateUser(userId, userData);
[7m  [0m [91m                                                                               ~~~~~~~~[0m

TSError: тип Unable to compile TypeScript:
[96mcontrollers/users.controller.ts[0m:[93m44[0m:[93m80[0m - [91merror[0m[90m TS2345: [0mArgument of type 'CreateUserDto' is not assignable to parameter of type 'User'.
  Type 'CreateUserDto' is missing the following properties from type 'User': _id, tasks

[7m44[0m         const updateUserData: User = await this.userService.updateUser(userId, userData);
[7m  [0m [91m                                                                               ~~~~~~~~[0m

    at createTSError (/usr/local/lib/node_modules/ts-node/src/index.ts:859:12)
    at reportTSError (/usr/local/lib/node_modules/ts-node/src/index.ts:863:19)
    at getOutput (/usr/local/lib/node_modules/ts-node/src/index.ts:1077:36)
    at Object.compile (/usr/local/lib/node_modules/ts-node/src/index.ts:1433:41)
    at Module.m._compile (/usr/local/lib/node_modules/ts-node/src/index.ts:1617:30)
    at Module._extensions..js (node:internal/modules/cjs/loader:1153:10)
    at Object.require.extensions.<computed> [as .ts] (/usr/local/lib/node_modules/ts-node/src/index.ts:1621:12)
    at Module.load (node:internal/modules/cjs/loader:981:32)
    at Function.Module._load (node:internal/modules/cjs/loader:822:12)
    at Module.require (node:internal/modules/cjs/loader:1005:19)
2022-11-06 21:32:23 error: uncaughtException: тип Unable to compile TypeScript:
[96mcontrollers/users.controller.ts[0m:[93m44[0m:[93m80[0m - [91merror[0m[90m TS2345: [0mArgument of type 'CreateUserDto' is not assignable to parameter of type 'User'.
  Type 'CreateUserDto' is missing the following properties from type 'User': _id, tasks

[7m44[0m         const updateUserData: User = await this.userService.updateUser(userId, userData);
[7m  [0m [91m                                                                               ~~~~~~~~[0m

TSError: тип Unable to compile TypeScript:
[96mcontrollers/users.controller.ts[0m:[93m44[0m:[93m80[0m - [91merror[0m[90m TS2345: [0mArgument of type 'CreateUserDto' is not assignable to parameter of type 'User'.
  Type 'CreateUserDto' is missing the following properties from type 'User': _id, tasks

[7m44[0m         const updateUserData: User = await this.userService.updateUser(userId, userData);
[7m  [0m [91m                                                                               ~~~~~~~~[0m

    at createTSError (/usr/local/lib/node_modules/ts-node/src/index.ts:859:12)
    at reportTSError (/usr/local/lib/node_modules/ts-node/src/index.ts:863:19)
    at getOutput (/usr/local/lib/node_modules/ts-node/src/index.ts:1077:36)
    at Object.compile (/usr/local/lib/node_modules/ts-node/src/index.ts:1433:41)
    at Module.m._compile (/usr/local/lib/node_modules/ts-node/src/index.ts:1617:30)
    at Module._extensions..js (node:internal/modules/cjs/loader:1153:10)
    at Object.require.extensions.<computed> [as .ts] (/usr/local/lib/node_modules/ts-node/src/index.ts:1621:12)
    at Module.load (node:internal/modules/cjs/loader:981:32)
    at Function.Module._load (node:internal/modules/cjs/loader:822:12)
    at Module.require (node:internal/modules/cjs/loader:1005:19)
2022-11-06 21:32:25 error: uncaughtException: тип Unable to compile TypeScript:
[96mcontrollers/users.controller.ts[0m:[93m44[0m:[93m80[0m - [91merror[0m[90m TS2345: [0mArgument of type 'CreateUserDto' is not assignable to parameter of type 'User'.
  Type 'CreateUserDto' is missing the following properties from type 'User': _id, tasks

[7m44[0m         const updateUserData: User = await this.userService.updateUser(userId, userData);
[7m  [0m [91m                                                                               ~~~~~~~~[0m

TSError: тип Unable to compile TypeScript:
[96mcontrollers/users.controller.ts[0m:[93m44[0m:[93m80[0m - [91merror[0m[90m TS2345: [0mArgument of type 'CreateUserDto' is not assignable to parameter of type 'User'.
  Type 'CreateUserDto' is missing the following properties from type 'User': _id, tasks

[7m44[0m         const updateUserData: User = await this.userService.updateUser(userId, userData);
[7m  [0m [91m                                                                               ~~~~~~~~[0m

    at createTSError (/usr/local/lib/node_modules/ts-node/src/index.ts:859:12)
    at reportTSError (/usr/local/lib/node_modules/ts-node/src/index.ts:863:19)
    at getOutput (/usr/local/lib/node_modules/ts-node/src/index.ts:1077:36)
    at Object.compile (/usr/local/lib/node_modules/ts-node/src/index.ts:1433:41)
    at Module.m._compile (/usr/local/lib/node_modules/ts-node/src/index.ts:1617:30)
    at Module._extensions..js (node:internal/modules/cjs/loader:1153:10)
    at Object.require.extensions.<computed> [as .ts] (/usr/local/lib/node_modules/ts-node/src/index.ts:1621:12)
    at Module.load (node:internal/modules/cjs/loader:981:32)
    at Function.Module._load (node:internal/modules/cjs/loader:822:12)
    at Module.require (node:internal/modules/cjs/loader:1005:19)
2022-11-06 21:32:32 error: uncaughtException: тип Unable to compile TypeScript:
[96mcontrollers/users.controller.ts[0m:[93m44[0m:[93m80[0m - [91merror[0m[90m TS2345: [0mArgument of type 'CreateUserDto' is not assignable to parameter of type 'User'.
  Type 'CreateUserDto' is missing the following properties from type 'User': _id, tasks

[7m44[0m         const updateUserData: User = await this.userService.updateUser(userId, userData);
[7m  [0m [91m                                                                               ~~~~~~~~[0m

TSError: тип Unable to compile TypeScript:
[96mcontrollers/users.controller.ts[0m:[93m44[0m:[93m80[0m - [91merror[0m[90m TS2345: [0mArgument of type 'CreateUserDto' is not assignable to parameter of type 'User'.
  Type 'CreateUserDto' is missing the following properties from type 'User': _id, tasks

[7m44[0m         const updateUserData: User = await this.userService.updateUser(userId, userData);
[7m  [0m [91m                                                                               ~~~~~~~~[0m

    at createTSError (/usr/local/lib/node_modules/ts-node/src/index.ts:859:12)
    at reportTSError (/usr/local/lib/node_modules/ts-node/src/index.ts:863:19)
    at getOutput (/usr/local/lib/node_modules/ts-node/src/index.ts:1077:36)
    at Object.compile (/usr/local/lib/node_modules/ts-node/src/index.ts:1433:41)
    at Module.m._compile (/usr/local/lib/node_modules/ts-node/src/index.ts:1617:30)
    at Module._extensions..js (node:internal/modules/cjs/loader:1153:10)
    at Object.require.extensions.<computed> [as .ts] (/usr/local/lib/node_modules/ts-node/src/index.ts:1621:12)
    at Module.load (node:internal/modules/cjs/loader:981:32)
    at Function.Module._load (node:internal/modules/cjs/loader:822:12)
    at Module.require (node:internal/modules/cjs/loader:1005:19)
2022-11-06 21:32:35 error: uncaughtException: тип Unable to compile TypeScript:
[96mcontrollers/users.controller.ts[0m:[93m44[0m:[93m80[0m - [91merror[0m[90m TS2345: [0mArgument of type 'CreateUserDto' is not assignable to parameter of type 'User'.
  Type 'CreateUserDto' is missing the following properties from type 'User': _id, tasks

[7m44[0m         const updateUserData: User = await this.userService.updateUser(userId, userData);
[7m  [0m [91m                                                                               ~~~~~~~~[0m

TSError: тип Unable to compile TypeScript:
[96mcontrollers/users.controller.ts[0m:[93m44[0m:[93m80[0m - [91merror[0m[90m TS2345: [0mArgument of type 'CreateUserDto' is not assignable to parameter of type 'User'.
  Type 'CreateUserDto' is missing the following properties from type 'User': _id, tasks

[7m44[0m         const updateUserData: User = await this.userService.updateUser(userId, userData);
[7m  [0m [91m                                                                               ~~~~~~~~[0m

    at createTSError (/usr/local/lib/node_modules/ts-node/src/index.ts:859:12)
    at reportTSError (/usr/local/lib/node_modules/ts-node/src/index.ts:863:19)
    at getOutput (/usr/local/lib/node_modules/ts-node/src/index.ts:1077:36)
    at Object.compile (/usr/local/lib/node_modules/ts-node/src/index.ts:1433:41)
    at Module.m._compile (/usr/local/lib/node_modules/ts-node/src/index.ts:1617:30)
    at Module._extensions..js (node:internal/modules/cjs/loader:1153:10)
    at Object.require.extensions.<computed> [as .ts] (/usr/local/lib/node_modules/ts-node/src/index.ts:1621:12)
    at Module.load (node:internal/modules/cjs/loader:981:32)
    at Function.Module._load (node:internal/modules/cjs/loader:822:12)
    at Module.require (node:internal/modules/cjs/loader:1005:19)
2022-11-06 21:32:41 error: uncaughtException: тип Unable to compile TypeScript:
[96mcontrollers/users.controller.ts[0m:[93m44[0m:[93m80[0m - [91merror[0m[90m TS2345: [0mArgument of type 'CreateUserDto' is not assignable to parameter of type 'User'.
  Type 'CreateUserDto' is missing the following properties from type 'User': _id, tasks

[7m44[0m         const updateUserData: User = await this.userService.updateUser(userId, userData);
[7m  [0m [91m                                                                               ~~~~~~~~[0m

TSError: тип Unable to compile TypeScript:
[96mcontrollers/users.controller.ts[0m:[93m44[0m:[93m80[0m - [91merror[0m[90m TS2345: [0mArgument of type 'CreateUserDto' is not assignable to parameter of type 'User'.
  Type 'CreateUserDto' is missing the following properties from type 'User': _id, tasks

[7m44[0m         const updateUserData: User = await this.userService.updateUser(userId, userData);
[7m  [0m [91m                                                                               ~~~~~~~~[0m

    at createTSError (/usr/local/lib/node_modules/ts-node/src/index.ts:859:12)
    at reportTSError (/usr/local/lib/node_modules/ts-node/src/index.ts:863:19)
    at getOutput (/usr/local/lib/node_modules/ts-node/src/index.ts:1077:36)
    at Object.compile (/usr/local/lib/node_modules/ts-node/src/index.ts:1433:41)
    at Module.m._compile (/usr/local/lib/node_modules/ts-node/src/index.ts:1617:30)
    at Module._extensions..js (node:internal/modules/cjs/loader:1153:10)
    at Object.require.extensions.<computed> [as .ts] (/usr/local/lib/node_modules/ts-node/src/index.ts:1621:12)
    at Module.load (node:internal/modules/cjs/loader:981:32)
    at Function.Module._load (node:internal/modules/cjs/loader:822:12)
    at Module.require (node:internal/modules/cjs/loader:1005:19)
2022-11-06 21:32:45 error: uncaughtException: тип Unable to compile TypeScript:
[96mcontrollers/users.controller.ts[0m:[93m44[0m:[93m80[0m - [91merror[0m[90m TS2345: [0mArgument of type 'CreateUserDto' is not assignable to parameter of type 'User'.
  Type 'CreateUserDto' is missing the following properties from type 'User': _id, tasks

[7m44[0m         const updateUserData: User = await this.userService.updateUser(userId, userData);
[7m  [0m [91m                                                                               ~~~~~~~~[0m

TSError: тип Unable to compile TypeScript:
[96mcontrollers/users.controller.ts[0m:[93m44[0m:[93m80[0m - [91merror[0m[90m TS2345: [0mArgument of type 'CreateUserDto' is not assignable to parameter of type 'User'.
  Type 'CreateUserDto' is missing the following properties from type 'User': _id, tasks

[7m44[0m         const updateUserData: User = await this.userService.updateUser(userId, userData);
[7m  [0m [91m                                                                               ~~~~~~~~[0m

    at createTSError (/usr/local/lib/node_modules/ts-node/src/index.ts:859:12)
    at reportTSError (/usr/local/lib/node_modules/ts-node/src/index.ts:863:19)
    at getOutput (/usr/local/lib/node_modules/ts-node/src/index.ts:1077:36)
    at Object.compile (/usr/local/lib/node_modules/ts-node/src/index.ts:1433:41)
    at Module.m._compile (/usr/local/lib/node_modules/ts-node/src/index.ts:1617:30)
    at Module._extensions..js (node:internal/modules/cjs/loader:1153:10)
    at Object.require.extensions.<computed> [as .ts] (/usr/local/lib/node_modules/ts-node/src/index.ts:1621:12)
    at Module.load (node:internal/modules/cjs/loader:981:32)
    at Function.Module._load (node:internal/modules/cjs/loader:822:12)
    at Module.require (node:internal/modules/cjs/loader:1005:19)
2022-11-06 21:32:54 error: uncaughtException: тип Unable to compile TypeScript:
[96mcontrollers/users.controller.ts[0m:[93m44[0m:[93m80[0m - [91merror[0m[90m TS2345: [0mArgument of type 'CreateUserDto' is not assignable to parameter of type 'User'.
  Type 'CreateUserDto' is missing the following properties from type 'User': _id, tasks

[7m44[0m         const updateUserData: User = await this.userService.updateUser(userId, userData);
[7m  [0m [91m                                                                               ~~~~~~~~[0m

TSError: тип Unable to compile TypeScript:
[96mcontrollers/users.controller.ts[0m:[93m44[0m:[93m80[0m - [91merror[0m[90m TS2345: [0mArgument of type 'CreateUserDto' is not assignable to parameter of type 'User'.
  Type 'CreateUserDto' is missing the following properties from type 'User': _id, tasks

[7m44[0m         const updateUserData: User = await this.userService.updateUser(userId, userData);
[7m  [0m [91m                                                                               ~~~~~~~~[0m

    at createTSError (/usr/local/lib/node_modules/ts-node/src/index.ts:859:12)
    at reportTSError (/usr/local/lib/node_modules/ts-node/src/index.ts:863:19)
    at getOutput (/usr/local/lib/node_modules/ts-node/src/index.ts:1077:36)
    at Object.compile (/usr/local/lib/node_modules/ts-node/src/index.ts:1433:41)
    at Module.m._compile (/usr/local/lib/node_modules/ts-node/src/index.ts:1617:30)
    at Module._extensions..js (node:internal/modules/cjs/loader:1153:10)
    at Object.require.extensions.<computed> [as .ts] (/usr/local/lib/node_modules/ts-node/src/index.ts:1621:12)
    at Module.load (node:internal/modules/cjs/loader:981:32)
    at Function.Module._load (node:internal/modules/cjs/loader:822:12)
    at Module.require (node:internal/modules/cjs/loader:1005:19)
2022-11-06 21:32:56 error: uncaughtException: тип Unable to compile TypeScript:
[96mcontrollers/users.controller.ts[0m:[93m44[0m:[93m80[0m - [91merror[0m[90m TS2345: [0mArgument of type 'CreateUserDto' is not assignable to parameter of type 'User'.
  Type 'CreateUserDto' is missing the following properties from type 'User': _id, tasks

[7m44[0m         const updateUserData: User = await this.userService.updateUser(userId, userData);
[7m  [0m [91m                                                                               ~~~~~~~~[0m

TSError: тип Unable to compile TypeScript:
[96mcontrollers/users.controller.ts[0m:[93m44[0m:[93m80[0m - [91merror[0m[90m TS2345: [0mArgument of type 'CreateUserDto' is not assignable to parameter of type 'User'.
  Type 'CreateUserDto' is missing the following properties from type 'User': _id, tasks

[7m44[0m         const updateUserData: User = await this.userService.updateUser(userId, userData);
[7m  [0m [91m                                                                               ~~~~~~~~[0m

    at createTSError (/usr/local/lib/node_modules/ts-node/src/index.ts:859:12)
    at reportTSError (/usr/local/lib/node_modules/ts-node/src/index.ts:863:19)
    at getOutput (/usr/local/lib/node_modules/ts-node/src/index.ts:1077:36)
    at Object.compile (/usr/local/lib/node_modules/ts-node/src/index.ts:1433:41)
    at Module.m._compile (/usr/local/lib/node_modules/ts-node/src/index.ts:1617:30)
    at Module._extensions..js (node:internal/modules/cjs/loader:1153:10)
    at Object.require.extensions.<computed> [as .ts] (/usr/local/lib/node_modules/ts-node/src/index.ts:1621:12)
    at Module.load (node:internal/modules/cjs/loader:981:32)
    at Function.Module._load (node:internal/modules/cjs/loader:822:12)
    at Module.require (node:internal/modules/cjs/loader:1005:19)
2022-11-06 21:33:01 error: uncaughtException: тип Unable to compile TypeScript:
[96mcontrollers/users.controller.ts[0m:[93m44[0m:[93m80[0m - [91merror[0m[90m TS2345: [0mArgument of type 'CreateUserDto' is not assignable to parameter of type 'User'.
  Type 'CreateUserDto' is missing the following properties from type 'User': _id, tasks

[7m44[0m         const updateUserData: User = await this.userService.updateUser(userId, userData);
[7m  [0m [91m                                                                               ~~~~~~~~[0m

TSError: тип Unable to compile TypeScript:
[96mcontrollers/users.controller.ts[0m:[93m44[0m:[93m80[0m - [91merror[0m[90m TS2345: [0mArgument of type 'CreateUserDto' is not assignable to parameter of type 'User'.
  Type 'CreateUserDto' is missing the following properties from type 'User': _id, tasks

[7m44[0m         const updateUserData: User = await this.userService.updateUser(userId, userData);
[7m  [0m [91m                                                                               ~~~~~~~~[0m

    at createTSError (/usr/local/lib/node_modules/ts-node/src/index.ts:859:12)
    at reportTSError (/usr/local/lib/node_modules/ts-node/src/index.ts:863:19)
    at getOutput (/usr/local/lib/node_modules/ts-node/src/index.ts:1077:36)
    at Object.compile (/usr/local/lib/node_modules/ts-node/src/index.ts:1433:41)
    at Module.m._compile (/usr/local/lib/node_modules/ts-node/src/index.ts:1617:30)
    at Module._extensions..js (node:internal/modules/cjs/loader:1153:10)
    at Object.require.extensions.<computed> [as .ts] (/usr/local/lib/node_modules/ts-node/src/index.ts:1621:12)
    at Module.load (node:internal/modules/cjs/loader:981:32)
    at Function.Module._load (node:internal/modules/cjs/loader:822:12)
    at Module.require (node:internal/modules/cjs/loader:1005:19)
2022-11-06 21:33:38 error: uncaughtException: тип Unable to compile TypeScript:
[96mcontrollers/users.controller.ts[0m:[93m44[0m:[93m80[0m - [91merror[0m[90m TS2345: [0mArgument of type 'CreateUserDto' is not assignable to parameter of type 'User'.
  Type 'CreateUserDto' is missing the following properties from type 'User': _id, tasks

[7m44[0m         const updateUserData: User = await this.userService.updateUser(userId, userData);
[7m  [0m [91m                                                                               ~~~~~~~~[0m

TSError: тип Unable to compile TypeScript:
[96mcontrollers/users.controller.ts[0m:[93m44[0m:[93m80[0m - [91merror[0m[90m TS2345: [0mArgument of type 'CreateUserDto' is not assignable to parameter of type 'User'.
  Type 'CreateUserDto' is missing the following properties from type 'User': _id, tasks

[7m44[0m         const updateUserData: User = await this.userService.updateUser(userId, userData);
[7m  [0m [91m                                                                               ~~~~~~~~[0m

    at createTSError (/usr/local/lib/node_modules/ts-node/src/index.ts:859:12)
    at reportTSError (/usr/local/lib/node_modules/ts-node/src/index.ts:863:19)
    at getOutput (/usr/local/lib/node_modules/ts-node/src/index.ts:1077:36)
    at Object.compile (/usr/local/lib/node_modules/ts-node/src/index.ts:1433:41)
    at Module.m._compile (/usr/local/lib/node_modules/ts-node/src/index.ts:1617:30)
    at Module._extensions..js (node:internal/modules/cjs/loader:1153:10)
    at Object.require.extensions.<computed> [as .ts] (/usr/local/lib/node_modules/ts-node/src/index.ts:1621:12)
    at Module.load (node:internal/modules/cjs/loader:981:32)
    at Function.Module._load (node:internal/modules/cjs/loader:822:12)
    at Module.require (node:internal/modules/cjs/loader:1005:19)
2022-11-06 21:33:53 error: uncaughtException: тип Unable to compile TypeScript:
[96mcontrollers/users.controller.ts[0m:[93m44[0m:[93m80[0m - [91merror[0m[90m TS2345: [0mArgument of type 'CreateUserDto' is not assignable to parameter of type 'User'.
  Type 'CreateUserDto' is missing the following properties from type 'User': _id, tasks

[7m44[0m         const updateUserData: User = await this.userService.updateUser(userId, userData);
[7m  [0m [91m                                                                               ~~~~~~~~[0m

TSError: тип Unable to compile TypeScript:
[96mcontrollers/users.controller.ts[0m:[93m44[0m:[93m80[0m - [91merror[0m[90m TS2345: [0mArgument of type 'CreateUserDto' is not assignable to parameter of type 'User'.
  Type 'CreateUserDto' is missing the following properties from type 'User': _id, tasks

[7m44[0m         const updateUserData: User = await this.userService.updateUser(userId, userData);
[7m  [0m [91m                                                                               ~~~~~~~~[0m

    at createTSError (/usr/local/lib/node_modules/ts-node/src/index.ts:859:12)
    at reportTSError (/usr/local/lib/node_modules/ts-node/src/index.ts:863:19)
    at getOutput (/usr/local/lib/node_modules/ts-node/src/index.ts:1077:36)
    at Object.compile (/usr/local/lib/node_modules/ts-node/src/index.ts:1433:41)
    at Module.m._compile (/usr/local/lib/node_modules/ts-node/src/index.ts:1617:30)
    at Module._extensions..js (node:internal/modules/cjs/loader:1153:10)
    at Object.require.extensions.<computed> [as .ts] (/usr/local/lib/node_modules/ts-node/src/index.ts:1621:12)
    at Module.load (node:internal/modules/cjs/loader:981:32)
    at Function.Module._load (node:internal/modules/cjs/loader:822:12)
    at Module.require (node:internal/modules/cjs/loader:1005:19)
2022-11-06 21:38:06 error: uncaughtException: тип Unable to compile TypeScript:
[96mcontrollers/users.controller.ts[0m:[93m45[0m:[93m30[0m - [91merror[0m[90m TS2304: [0mCannot find name 'data'.

[7m45[0m         res.status(200).json(data: updateUserData, message: 'Updated');
[7m  [0m [91m                             ~~~~[0m
[96mcontrollers/users.controller.ts[0m:[93m45[0m:[93m36[0m - [91merror[0m[90m TS2554: [0mExpected 0-1 arguments, but got 4.

[7m45[0m         res.status(200).json(data: updateUserData, message: 'Updated');
[7m  [0m [91m                                   ~~~~~~~~~~~~~~~~~~~~~~~~~~~~~~~~~~[0m
[96mcontrollers/users.controller.ts[0m:[93m45[0m:[93m52[0m - [91merror[0m[90m TS2552: [0mCannot find name 'message'. Did you mean 'onmessage'?

[7m45[0m         res.status(200).json(data: updateUserData, message: 'Updated');
[7m  [0m [91m                                                   ~~~~~~~[0m

  [96m../../../../../../usr/local/lib/node_modules/ts-node/node_modules/typescript/lib/lib.dom.d.ts[0m:[93m18018[0m:[93m13[0m
    [7m18018[0m declare var onmessage: ((this: Window, ev: MessageEvent) => any) | null;
    [7m     [0m [96m            ~~~~~~~~~[0m
    'onmessage' is declared here.
[96mcontrollers/users.controller.ts[0m:[93m45[0m:[93m34[0m - [91merror[0m[90m TS1005: [0m',' expected.

[7m45[0m         res.status(200).json(data: updateUserData, message: 'Updated');
[7m  [0m [91m                                 ~[0m
[96mcontrollers/users.controller.ts[0m:[93m45[0m:[93m59[0m - [91merror[0m[90m TS1005: [0m',' expected.

[7m45[0m         res.status(200).json(data: updateUserData, message: 'Updated');
[7m  [0m [91m                                                          ~[0m

TSError: тип Unable to compile TypeScript:
[96mcontrollers/users.controller.ts[0m:[93m45[0m:[93m30[0m - [91merror[0m[90m TS2304: [0mCannot find name 'data'.

[7m45[0m         res.status(200).json(data: updateUserData, message: 'Updated');
[7m  [0m [91m                             ~~~~[0m
[96mcontrollers/users.controller.ts[0m:[93m45[0m:[93m36[0m - [91merror[0m[90m TS2554: [0mExpected 0-1 arguments, but got 4.

[7m45[0m         res.status(200).json(data: updateUserData, message: 'Updated');
[7m  [0m [91m                                   ~~~~~~~~~~~~~~~~~~~~~~~~~~~~~~~~~~[0m
[96mcontrollers/users.controller.ts[0m:[93m45[0m:[93m52[0m - [91merror[0m[90m TS2552: [0mCannot find name 'message'. Did you mean 'onmessage'?

[7m45[0m         res.status(200).json(data: updateUserData, message: 'Updated');
[7m  [0m [91m                                                   ~~~~~~~[0m

  [96m../../../../../../usr/local/lib/node_modules/ts-node/node_modules/typescript/lib/lib.dom.d.ts[0m:[93m18018[0m:[93m13[0m
    [7m18018[0m declare var onmessage: ((this: Window, ev: MessageEvent) => any) | null;
    [7m     [0m [96m            ~~~~~~~~~[0m
    'onmessage' is declared here.
[96mcontrollers/users.controller.ts[0m:[93m45[0m:[93m34[0m - [91merror[0m[90m TS1005: [0m',' expected.

[7m45[0m         res.status(200).json(data: updateUserData, message: 'Updated');
[7m  [0m [91m                                 ~[0m
[96mcontrollers/users.controller.ts[0m:[93m45[0m:[93m59[0m - [91merror[0m[90m TS1005: [0m',' expected.

[7m45[0m         res.status(200).json(data: updateUserData, message: 'Updated');
[7m  [0m [91m                                                          ~[0m

    at createTSError (/usr/local/lib/node_modules/ts-node/src/index.ts:859:12)
    at reportTSError (/usr/local/lib/node_modules/ts-node/src/index.ts:863:19)
    at getOutput (/usr/local/lib/node_modules/ts-node/src/index.ts:1077:36)
    at Object.compile (/usr/local/lib/node_modules/ts-node/src/index.ts:1433:41)
    at Module.m._compile (/usr/local/lib/node_modules/ts-node/src/index.ts:1617:30)
    at Module._extensions..js (node:internal/modules/cjs/loader:1153:10)
    at Object.require.extensions.<computed> [as .ts] (/usr/local/lib/node_modules/ts-node/src/index.ts:1621:12)
    at Module.load (node:internal/modules/cjs/loader:981:32)
    at Function.Module._load (node:internal/modules/cjs/loader:822:12)
    at Module.require (node:internal/modules/cjs/loader:1005:19)
2022-11-06 21:38:10 error: uncaughtException: тип Unable to compile TypeScript:
[96mcontrollers/users.controller.ts[0m:[93m45[0m:[93m71[0m - [91merror[0m[90m TS1005: [0m',' expected.

[7m45[0m         res.status(200).json({data: updateUserData, message: 'Updated');
[7m  [0m [91m                                                                      ~[0m

TSError: тип Unable to compile TypeScript:
[96mcontrollers/users.controller.ts[0m:[93m45[0m:[93m71[0m - [91merror[0m[90m TS1005: [0m',' expected.

[7m45[0m         res.status(200).json({data: updateUserData, message: 'Updated');
[7m  [0m [91m                                                                      ~[0m

    at createTSError (/usr/local/lib/node_modules/ts-node/src/index.ts:859:12)
    at reportTSError (/usr/local/lib/node_modules/ts-node/src/index.ts:863:19)
    at getOutput (/usr/local/lib/node_modules/ts-node/src/index.ts:1077:36)
    at Object.compile (/usr/local/lib/node_modules/ts-node/src/index.ts:1433:41)
    at Module.m._compile (/usr/local/lib/node_modules/ts-node/src/index.ts:1617:30)
    at Module._extensions..js (node:internal/modules/cjs/loader:1153:10)
    at Object.require.extensions.<computed> [as .ts] (/usr/local/lib/node_modules/ts-node/src/index.ts:1621:12)
    at Module.load (node:internal/modules/cjs/loader:981:32)
    at Function.Module._load (node:internal/modules/cjs/loader:822:12)
    at Module.require (node:internal/modules/cjs/loader:1005:19)
2022-11-06 21:38:37 error: uncaughtException: тип Unable to compile TypeScript:
[96mcontrollers/users.controller.ts[0m:[93m44[0m:[93m81[0m - [91merror[0m[90m TS2345: [0mArgument of type '{ userData: CreateUserDto; }' is not assignable to parameter of type 'CreateUserDto'.
  Object literal may only specify known properties, and 'userData' does not exist in type 'CreateUserDto'.

[7m44[0m         const updateUserData: User = await this.userService.updateUser(userId, {userData});
[7m  [0m [91m                                                                                ~~~~~~~~[0m

TSError: тип Unable to compile TypeScript:
[96mcontrollers/users.controller.ts[0m:[93m44[0m:[93m81[0m - [91merror[0m[90m TS2345: [0mArgument of type '{ userData: CreateUserDto; }' is not assignable to parameter of type 'CreateUserDto'.
  Object literal may only specify known properties, and 'userData' does not exist in type 'CreateUserDto'.

[7m44[0m         const updateUserData: User = await this.userService.updateUser(userId, {userData});
[7m  [0m [91m                                                                                ~~~~~~~~[0m

    at createTSError (/usr/local/lib/node_modules/ts-node/src/index.ts:859:12)
    at reportTSError (/usr/local/lib/node_modules/ts-node/src/index.ts:863:19)
    at getOutput (/usr/local/lib/node_modules/ts-node/src/index.ts:1077:36)
    at Object.compile (/usr/local/lib/node_modules/ts-node/src/index.ts:1433:41)
    at Module.m._compile (/usr/local/lib/node_modules/ts-node/src/index.ts:1617:30)
    at Module._extensions..js (node:internal/modules/cjs/loader:1153:10)
    at Object.require.extensions.<computed> [as .ts] (/usr/local/lib/node_modules/ts-node/src/index.ts:1621:12)
    at Module.load (node:internal/modules/cjs/loader:981:32)
    at Function.Module._load (node:internal/modules/cjs/loader:822:12)
    at Module.require (node:internal/modules/cjs/loader:1005:19)
2022-11-06 21:39:39 error: uncaughtException: тип Unable to compile TypeScript:
[96mservices/users.service.ts[0m:[93m47[0m:[93m80[0m - [91merror[0m[90m TS2304: [0mCannot find name '_id'.

[7m47[0m         const updateUserById: User | null = await this.users.findByIdAndUpdate(_id: userId, { userData });
[7m  [0m [91m                                                                               ~~~[0m
[96mservices/users.service.ts[0m:[93m47[0m:[93m83[0m - [91merror[0m[90m TS1005: [0m',' expected.

[7m47[0m         const updateUserById: User | null = await this.users.findByIdAndUpdate(_id: userId, { userData });
[7m  [0m [91m                                                                                  ~[0m

TSError: тип Unable to compile TypeScript:
[96mservices/users.service.ts[0m:[93m47[0m:[93m80[0m - [91merror[0m[90m TS2304: [0mCannot find name '_id'.

[7m47[0m         const updateUserById: User | null = await this.users.findByIdAndUpdate(_id: userId, { userData });
[7m  [0m [91m                                                                               ~~~[0m
[96mservices/users.service.ts[0m:[93m47[0m:[93m83[0m - [91merror[0m[90m TS1005: [0m',' expected.

[7m47[0m         const updateUserById: User | null = await this.users.findByIdAndUpdate(_id: userId, { userData });
[7m  [0m [91m                                                                                  ~[0m

    at createTSError (/usr/local/lib/node_modules/ts-node/src/index.ts:859:12)
    at reportTSError (/usr/local/lib/node_modules/ts-node/src/index.ts:863:19)
    at getOutput (/usr/local/lib/node_modules/ts-node/src/index.ts:1077:36)
    at Object.compile (/usr/local/lib/node_modules/ts-node/src/index.ts:1433:41)
    at Module.m._compile (/usr/local/lib/node_modules/ts-node/src/index.ts:1617:30)
    at Module._extensions..js (node:internal/modules/cjs/loader:1153:10)
    at Object.require.extensions.<computed> [as .ts] (/usr/local/lib/node_modules/ts-node/src/index.ts:1621:12)
    at Module.load (node:internal/modules/cjs/loader:981:32)
    at Function.Module._load (node:internal/modules/cjs/loader:822:12)
    at Module.require (node:internal/modules/cjs/loader:1005:19)
2022-11-06 21:45:01 error: uncaughtException: тип Unable to compile TypeScript:
[96mcontrollers/users.controller.ts[0m:[93m6[0m:[93m8[0m - [91merror[0m[90m TS1192: [0mModule '"/Users/fengyuwangbv/Desktop/studyAppWeb/backend/src/services/users.service"' has no default export.

[7m6[0m import userService from '../services/users.service';
[7m [0m [91m       ~~~~~~~~~~~[0m

TSError: тип Unable to compile TypeScript:
[96mcontrollers/users.controller.ts[0m:[93m6[0m:[93m8[0m - [91merror[0m[90m TS1192: [0mModule '"/Users/fengyuwangbv/Desktop/studyAppWeb/backend/src/services/users.service"' has no default export.

[7m6[0m import userService from '../services/users.service';
[7m [0m [91m       ~~~~~~~~~~~[0m

    at createTSError (/usr/local/lib/node_modules/ts-node/src/index.ts:859:12)
    at reportTSError (/usr/local/lib/node_modules/ts-node/src/index.ts:863:19)
    at getOutput (/usr/local/lib/node_modules/ts-node/src/index.ts:1077:36)
    at Object.compile (/usr/local/lib/node_modules/ts-node/src/index.ts:1433:41)
    at Module.m._compile (/usr/local/lib/node_modules/ts-node/src/index.ts:1617:30)
    at Module._extensions..js (node:internal/modules/cjs/loader:1153:10)
    at Object.require.extensions.<computed> [as .ts] (/usr/local/lib/node_modules/ts-node/src/index.ts:1621:12)
    at Module.load (node:internal/modules/cjs/loader:981:32)
    at Function.Module._load (node:internal/modules/cjs/loader:822:12)
    at Module.require (node:internal/modules/cjs/loader:1005:19)
2022-11-06 21:53:09 error: uncaughtException: тип Unable to compile TypeScript:
[96mservices/users.service.ts[0m:[93m48[0m:[93m15[0m - [91merror[0m[90m TS2322: [0mType 'void | User | null' is not assignable to type 'User | null'.
  Type 'void' is not assignable to type 'User | null'.

[7m48[0m         const updateUserById: User | null = await this.users.findByIdAndUpdate({_id: userId}, { userData }, {new:true}).then(user => {});
[7m  [0m [91m              ~~~~~~~~~~~~~~[0m

TSError: тип Unable to compile TypeScript:
[96mservices/users.service.ts[0m:[93m48[0m:[93m15[0m - [91merror[0m[90m TS2322: [0mType 'void | User | null' is not assignable to type 'User | null'.
  Type 'void' is not assignable to type 'User | null'.

[7m48[0m         const updateUserById: User | null = await this.users.findByIdAndUpdate({_id: userId}, { userData }, {new:true}).then(user => {});
[7m  [0m [91m              ~~~~~~~~~~~~~~[0m

    at createTSError (/usr/local/lib/node_modules/ts-node/src/index.ts:859:12)
    at reportTSError (/usr/local/lib/node_modules/ts-node/src/index.ts:863:19)
    at getOutput (/usr/local/lib/node_modules/ts-node/src/index.ts:1077:36)
    at Object.compile (/usr/local/lib/node_modules/ts-node/src/index.ts:1433:41)
    at Module.m._compile (/usr/local/lib/node_modules/ts-node/src/index.ts:1617:30)
    at Module._extensions..js (node:internal/modules/cjs/loader:1153:10)
    at Object.require.extensions.<computed> [as .ts] (/usr/local/lib/node_modules/ts-node/src/index.ts:1621:12)
    at Module.load (node:internal/modules/cjs/loader:981:32)
    at Function.Module._load (node:internal/modules/cjs/loader:822:12)
    at Module.require (node:internal/modules/cjs/loader:1005:19)
