2022-11-03 11:11:02 error: uncaughtException: тип Unable to compile TypeScript:
[96mroutes/index.route.ts[0m:[93m2[0m:[93m29[0m - [91merror[0m[90m TS2307: [0mCannot find module '@controllers/index.controller' or its corresponding type declarations.

[7m2[0m import IndexController from '@controllers/index.controller';
[7m [0m [91m                            ~~~~~~~~~~~~~~~~~~~~~~~~~~~~~~~[0m
[96mroutes/index.route.ts[0m:[93m3[0m:[93m24[0m - [91merror[0m[90m TS2307: [0mCannot find module '@interfaces/routes.interface' or its corresponding type declarations.

[7m3[0m import { Routes } from '@interfaces/routes.interface';
[7m [0m [91m                       ~~~~~~~~~~~~~~~~~~~~~~~~~~~~~~[0m

TSError: тип Unable to compile TypeScript:
[96mroutes/index.route.ts[0m:[93m2[0m:[93m29[0m - [91merror[0m[90m TS2307: [0mCannot find module '@controllers/index.controller' or its corresponding type declarations.

[7m2[0m import IndexController from '@controllers/index.controller';
[7m [0m [91m                            ~~~~~~~~~~~~~~~~~~~~~~~~~~~~~~~[0m
[96mroutes/index.route.ts[0m:[93m3[0m:[93m24[0m - [91merror[0m[90m TS2307: [0mCannot find module '@interfaces/routes.interface' or its corresponding type declarations.

[7m3[0m import { Routes } from '@interfaces/routes.interface';
[7m [0m [91m                       ~~~~~~~~~~~~~~~~~~~~~~~~~~~~~~[0m

    at createTSError (/usr/local/lib/node_modules/ts-node/src/index.ts:859:12)
    at reportTSError (/usr/local/lib/node_modules/ts-node/src/index.ts:863:19)
    at getOutput (/usr/local/lib/node_modules/ts-node/src/index.ts:1077:36)
    at Object.compile (/usr/local/lib/node_modules/ts-node/src/index.ts:1433:41)
    at Module.m._compile (/usr/local/lib/node_modules/ts-node/src/index.ts:1617:30)
    at Module._extensions..js (node:internal/modules/cjs/loader:1153:10)
    at Object.require.extensions.<computed> [as .ts] (/usr/local/lib/node_modules/ts-node/src/index.ts:1621:12)
    at Module.load (node:internal/modules/cjs/loader:981:32)
    at Function.Module._load (node:internal/modules/cjs/loader:822:12)
    at Module.require (node:internal/modules/cjs/loader:1005:19)
2022-11-03 11:11:05 error: uncaughtException: тип Unable to compile TypeScript:
[96mroutes/index.route.ts[0m:[93m2[0m:[93m29[0m - [91merror[0m[90m TS2307: [0mCannot find module './controllers/index.controller' or its corresponding type declarations.

[7m2[0m import IndexController from './controllers/index.controller';
[7m [0m [91m                            ~~~~~~~~~~~~~~~~~~~~~~~~~~~~~~~~[0m
[96mroutes/index.route.ts[0m:[93m3[0m:[93m24[0m - [91merror[0m[90m TS2307: [0mCannot find module '@interfaces/routes.interface' or its corresponding type declarations.

[7m3[0m import { Routes } from '@interfaces/routes.interface';
[7m [0m [91m                       ~~~~~~~~~~~~~~~~~~~~~~~~~~~~~~[0m

TSError: тип Unable to compile TypeScript:
[96mroutes/index.route.ts[0m:[93m2[0m:[93m29[0m - [91merror[0m[90m TS2307: [0mCannot find module './controllers/index.controller' or its corresponding type declarations.

[7m2[0m import IndexController from './controllers/index.controller';
[7m [0m [91m                            ~~~~~~~~~~~~~~~~~~~~~~~~~~~~~~~~[0m
[96mroutes/index.route.ts[0m:[93m3[0m:[93m24[0m - [91merror[0m[90m TS2307: [0mCannot find module '@interfaces/routes.interface' or its corresponding type declarations.

[7m3[0m import { Routes } from '@interfaces/routes.interface';
[7m [0m [91m                       ~~~~~~~~~~~~~~~~~~~~~~~~~~~~~~[0m

    at createTSError (/usr/local/lib/node_modules/ts-node/src/index.ts:859:12)
    at reportTSError (/usr/local/lib/node_modules/ts-node/src/index.ts:863:19)
    at getOutput (/usr/local/lib/node_modules/ts-node/src/index.ts:1077:36)
    at Object.compile (/usr/local/lib/node_modules/ts-node/src/index.ts:1433:41)
    at Module.m._compile (/usr/local/lib/node_modules/ts-node/src/index.ts:1617:30)
    at Module._extensions..js (node:internal/modules/cjs/loader:1153:10)
    at Object.require.extensions.<computed> [as .ts] (/usr/local/lib/node_modules/ts-node/src/index.ts:1621:12)
    at Module.load (node:internal/modules/cjs/loader:981:32)
    at Function.Module._load (node:internal/modules/cjs/loader:822:12)
    at Module.require (node:internal/modules/cjs/loader:1005:19)
2022-11-03 11:11:07 error: uncaughtException: тип Unable to compile TypeScript:
[96mroutes/index.route.ts[0m:[93m2[0m:[93m29[0m - [91merror[0m[90m TS2307: [0mCannot find module './controllers/index.controller' or its corresponding type declarations.

[7m2[0m import IndexController from './controllers/index.controller';
[7m [0m [91m                            ~~~~~~~~~~~~~~~~~~~~~~~~~~~~~~~~[0m
[96mroutes/index.route.ts[0m:[93m3[0m:[93m24[0m - [91merror[0m[90m TS2307: [0mCannot find module './interfaces/routes.interface' or its corresponding type declarations.

[7m3[0m import { Routes } from './interfaces/routes.interface';
[7m [0m [91m                       ~~~~~~~~~~~~~~~~~~~~~~~~~~~~~~~[0m

TSError: тип Unable to compile TypeScript:
[96mroutes/index.route.ts[0m:[93m2[0m:[93m29[0m - [91merror[0m[90m TS2307: [0mCannot find module './controllers/index.controller' or its corresponding type declarations.

[7m2[0m import IndexController from './controllers/index.controller';
[7m [0m [91m                            ~~~~~~~~~~~~~~~~~~~~~~~~~~~~~~~~[0m
[96mroutes/index.route.ts[0m:[93m3[0m:[93m24[0m - [91merror[0m[90m TS2307: [0mCannot find module './interfaces/routes.interface' or its corresponding type declarations.

[7m3[0m import { Routes } from './interfaces/routes.interface';
[7m [0m [91m                       ~~~~~~~~~~~~~~~~~~~~~~~~~~~~~~~[0m

    at createTSError (/usr/local/lib/node_modules/ts-node/src/index.ts:859:12)
    at reportTSError (/usr/local/lib/node_modules/ts-node/src/index.ts:863:19)
    at getOutput (/usr/local/lib/node_modules/ts-node/src/index.ts:1077:36)
    at Object.compile (/usr/local/lib/node_modules/ts-node/src/index.ts:1433:41)
    at Module.m._compile (/usr/local/lib/node_modules/ts-node/src/index.ts:1617:30)
    at Module._extensions..js (node:internal/modules/cjs/loader:1153:10)
    at Object.require.extensions.<computed> [as .ts] (/usr/local/lib/node_modules/ts-node/src/index.ts:1621:12)
    at Module.load (node:internal/modules/cjs/loader:981:32)
    at Function.Module._load (node:internal/modules/cjs/loader:822:12)
    at Module.require (node:internal/modules/cjs/loader:1005:19)
2022-11-03 11:11:14 error: uncaughtException: тип Unable to compile TypeScript:
[96mroutes/index.route.ts[0m:[93m2[0m:[93m29[0m - [91merror[0m[90m TS2307: [0mCannot find module '../controllers/index.controller' or its corresponding type declarations.

[7m2[0m import IndexController from '../controllers/index.controller';
[7m [0m [91m                            ~~~~~~~~~~~~~~~~~~~~~~~~~~~~~~~~~[0m
[96mroutes/index.route.ts[0m:[93m3[0m:[93m24[0m - [91merror[0m[90m TS2307: [0mCannot find module './interfaces/routes.interface' or its corresponding type declarations.

[7m3[0m import { Routes } from './interfaces/routes.interface';
[7m [0m [91m                       ~~~~~~~~~~~~~~~~~~~~~~~~~~~~~~~[0m

TSError: тип Unable to compile TypeScript:
[96mroutes/index.route.ts[0m:[93m2[0m:[93m29[0m - [91merror[0m[90m TS2307: [0mCannot find module '../controllers/index.controller' or its corresponding type declarations.

[7m2[0m import IndexController from '../controllers/index.controller';
[7m [0m [91m                            ~~~~~~~~~~~~~~~~~~~~~~~~~~~~~~~~~[0m
[96mroutes/index.route.ts[0m:[93m3[0m:[93m24[0m - [91merror[0m[90m TS2307: [0mCannot find module './interfaces/routes.interface' or its corresponding type declarations.

[7m3[0m import { Routes } from './interfaces/routes.interface';
[7m [0m [91m                       ~~~~~~~~~~~~~~~~~~~~~~~~~~~~~~~[0m

    at createTSError (/usr/local/lib/node_modules/ts-node/src/index.ts:859:12)
    at reportTSError (/usr/local/lib/node_modules/ts-node/src/index.ts:863:19)
    at getOutput (/usr/local/lib/node_modules/ts-node/src/index.ts:1077:36)
    at Object.compile (/usr/local/lib/node_modules/ts-node/src/index.ts:1433:41)
    at Module.m._compile (/usr/local/lib/node_modules/ts-node/src/index.ts:1617:30)
    at Module._extensions..js (node:internal/modules/cjs/loader:1153:10)
    at Object.require.extensions.<computed> [as .ts] (/usr/local/lib/node_modules/ts-node/src/index.ts:1621:12)
    at Module.load (node:internal/modules/cjs/loader:981:32)
    at Function.Module._load (node:internal/modules/cjs/loader:822:12)
    at Module.require (node:internal/modules/cjs/loader:1005:19)
2022-11-03 11:11:19 error: uncaughtException: тип Unable to compile TypeScript:
[96mroutes/index.route.ts[0m:[93m2[0m:[93m29[0m - [91merror[0m[90m TS2307: [0mCannot find module '../controllers/index.controller' or its corresponding type declarations.

[7m2[0m import IndexController from '../controllers/index.controller';
[7m [0m [91m                            ~~~~~~~~~~~~~~~~~~~~~~~~~~~~~~~~~[0m

TSError: тип Unable to compile TypeScript:
[96mroutes/index.route.ts[0m:[93m2[0m:[93m29[0m - [91merror[0m[90m TS2307: [0mCannot find module '../controllers/index.controller' or its corresponding type declarations.

[7m2[0m import IndexController from '../controllers/index.controller';
[7m [0m [91m                            ~~~~~~~~~~~~~~~~~~~~~~~~~~~~~~~~~[0m

    at createTSError (/usr/local/lib/node_modules/ts-node/src/index.ts:859:12)
    at reportTSError (/usr/local/lib/node_modules/ts-node/src/index.ts:863:19)
    at getOutput (/usr/local/lib/node_modules/ts-node/src/index.ts:1077:36)
    at Object.compile (/usr/local/lib/node_modules/ts-node/src/index.ts:1433:41)
    at Module.m._compile (/usr/local/lib/node_modules/ts-node/src/index.ts:1617:30)
    at Module._extensions..js (node:internal/modules/cjs/loader:1153:10)
    at Object.require.extensions.<computed> [as .ts] (/usr/local/lib/node_modules/ts-node/src/index.ts:1621:12)
    at Module.load (node:internal/modules/cjs/loader:981:32)
    at Function.Module._load (node:internal/modules/cjs/loader:822:12)
    at Module.require (node:internal/modules/cjs/loader:1005:19)
2022-11-03 11:11:43 error: uncaughtException: тип Unable to compile TypeScript:
[96mroutes/index.route.ts[0m:[93m2[0m:[93m29[0m - [91merror[0m[90m TS2306: [0mFile '/Users/fengyuwangbv/Desktop/studyAppWeb/backend/src/controllers/index.controller.ts' is not a module.

[7m2[0m import IndexController from '../controllers/index.controller';
[7m [0m [91m                            ~~~~~~~~~~~~~~~~~~~~~~~~~~~~~~~~~[0m

TSError: тип Unable to compile TypeScript:
[96mroutes/index.route.ts[0m:[93m2[0m:[93m29[0m - [91merror[0m[90m TS2306: [0mFile '/Users/fengyuwangbv/Desktop/studyAppWeb/backend/src/controllers/index.controller.ts' is not a module.

[7m2[0m import IndexController from '../controllers/index.controller';
[7m [0m [91m                            ~~~~~~~~~~~~~~~~~~~~~~~~~~~~~~~~~[0m

    at createTSError (/usr/local/lib/node_modules/ts-node/src/index.ts:859:12)
    at reportTSError (/usr/local/lib/node_modules/ts-node/src/index.ts:863:19)
    at getOutput (/usr/local/lib/node_modules/ts-node/src/index.ts:1077:36)
    at Object.compile (/usr/local/lib/node_modules/ts-node/src/index.ts:1433:41)
    at Module.m._compile (/usr/local/lib/node_modules/ts-node/src/index.ts:1617:30)
    at Module._extensions..js (node:internal/modules/cjs/loader:1153:10)
    at Object.require.extensions.<computed> [as .ts] (/usr/local/lib/node_modules/ts-node/src/index.ts:1621:12)
    at Module.load (node:internal/modules/cjs/loader:981:32)
    at Function.Module._load (node:internal/modules/cjs/loader:822:12)
    at Module.require (node:internal/modules/cjs/loader:1005:19)
