2022-11-23 17:21:10 error: uncaughtException: тип Unable to compile TypeScript:
[96mroutes/auth.route.ts[0m:[93m20[0m:[93m48[0m - [91merror[0m[90m TS2769: [0mNo overload matches this call.
  The last overload gave the following error.
    Argument of type '(req: RequestWithUser, res: Response, next: NextFunction) => Promise<void>' is not assignable to parameter of type 'RequestHandlerParams<ParamsDictionary, any, any, ParsedQs, Record<string, any>>'.
      Type '(req: RequestWithUser, res: Response, next: NextFunction) => Promise<void>' is not assignable to type 'RequestHandler<ParamsDictionary, any, any, ParsedQs, Record<string, any>>'.
        Types of parameters 'req' and 'req' are incompatible.
          Property 'user' is missing in type 'Request<ParamsDictionary, any, any, ParsedQs, Record<string, any>>' but required in type 'RequestWithUser'.

[7m20[0m         this.router.post(`${this.path}logout`, authMiddleware, this.authController.logout as any);
[7m  [0m [91m                                               ~~~~~~~~~~~~~~[0m

  [96minterfaces/auth.interface.ts[0m:[93m14[0m:[93m3[0m
    [7m14[0m   user: User;
    [7m  [0m [96m  ~~~~[0m
    'user' is declared here.
  [96m../node_modules/@types/express-serve-static-core/index.d.ts[0m:[93m163[0m:[93m5[0m
    [7m163[0m     <
    [7m   [0m [96m    ~[0m
    [7m164[0m         P = ParamsDictionary,
    [7m   [0m [96m~~~~~~~~~~~~~~~~~~~~~~~~~~~~~[0m
    [7m...[0m 
    [7m172[0m         ...handlers: Array<RequestHandlerParams<P, ResBody, ReqBody, ReqQuery, Locals>>
    [7m   [0m [96m~~~~~~~~~~~~~~~~~~~~~~~~~~~~~~~~~~~~~~~~~~~~~~~~~~~~~~~~~~~~~~~~~~~~~~~~~~~~~~~~~~~~~~~[0m
    [7m173[0m     ): T;
    [7m   [0m [96m~~~~~~~~~[0m
    The last overload is declared here.

TSError: тип Unable to compile TypeScript:
[96mroutes/auth.route.ts[0m:[93m20[0m:[93m48[0m - [91merror[0m[90m TS2769: [0mNo overload matches this call.
  The last overload gave the following error.
    Argument of type '(req: RequestWithUser, res: Response, next: NextFunction) => Promise<void>' is not assignable to parameter of type 'RequestHandlerParams<ParamsDictionary, any, any, ParsedQs, Record<string, any>>'.
      Type '(req: RequestWithUser, res: Response, next: NextFunction) => Promise<void>' is not assignable to type 'RequestHandler<ParamsDictionary, any, any, ParsedQs, Record<string, any>>'.
        Types of parameters 'req' and 'req' are incompatible.
          Property 'user' is missing in type 'Request<ParamsDictionary, any, any, ParsedQs, Record<string, any>>' but required in type 'RequestWithUser'.

[7m20[0m         this.router.post(`${this.path}logout`, authMiddleware, this.authController.logout as any);
[7m  [0m [91m                                               ~~~~~~~~~~~~~~[0m

  [96minterfaces/auth.interface.ts[0m:[93m14[0m:[93m3[0m
    [7m14[0m   user: User;
    [7m  [0m [96m  ~~~~[0m
    'user' is declared here.
  [96m../node_modules/@types/express-serve-static-core/index.d.ts[0m:[93m163[0m:[93m5[0m
    [7m163[0m     <
    [7m   [0m [96m    ~[0m
    [7m164[0m         P = ParamsDictionary,
    [7m   [0m [96m~~~~~~~~~~~~~~~~~~~~~~~~~~~~~[0m
    [7m...[0m 
    [7m172[0m         ...handlers: Array<RequestHandlerParams<P, ResBody, ReqBody, ReqQuery, Locals>>
    [7m   [0m [96m~~~~~~~~~~~~~~~~~~~~~~~~~~~~~~~~~~~~~~~~~~~~~~~~~~~~~~~~~~~~~~~~~~~~~~~~~~~~~~~~~~~~~~~[0m
    [7m173[0m     ): T;
    [7m   [0m [96m~~~~~~~~~[0m
    The last overload is declared here.

    at createTSError (/usr/local/lib/node_modules/ts-node/src/index.ts:859:12)
    at reportTSError (/usr/local/lib/node_modules/ts-node/src/index.ts:863:19)
    at getOutput (/usr/local/lib/node_modules/ts-node/src/index.ts:1077:36)
    at Object.compile (/usr/local/lib/node_modules/ts-node/src/index.ts:1433:41)
    at Module.m._compile (/usr/local/lib/node_modules/ts-node/src/index.ts:1617:30)
    at Module._extensions..js (node:internal/modules/cjs/loader:1153:10)
    at Object.require.extensions.<computed> [as .ts] (/usr/local/lib/node_modules/ts-node/src/index.ts:1621:12)
    at Module.load (node:internal/modules/cjs/loader:981:32)
    at Function.Module._load (node:internal/modules/cjs/loader:822:12)
    at Module.require (node:internal/modules/cjs/loader:1005:19)
2022-11-23 17:22:23 error: uncaughtException: тип Unable to compile TypeScript:
[96mroutes/auth.route.ts[0m:[93m20[0m:[93m71[0m - [91merror[0m[90m TS2769: [0mNo overload matches this call.
  The last overload gave the following error.
    Argument of type '(req: RequestWithUser, res: Response, next: NextFunction) => Promise<void>' is not assignable to parameter of type 'RequestHandlerParams<ParamsDictionary, any, any, ParsedQs, Record<string, any>>'.
      Type '(req: RequestWithUser, res: Response, next: NextFunction) => Promise<void>' is not assignable to type 'RequestHandler<ParamsDictionary, any, any, ParsedQs, Record<string, any>>'.
        Types of parameters 'req' and 'req' are incompatible.
          Property 'user' is missing in type 'Request<ParamsDictionary, any, any, ParsedQs, Record<string, any>>' but required in type 'RequestWithUser'.

[7m20[0m         this.router.post(`${this.path}logout`, authMiddleware as any, this.authController.logout);
[7m  [0m [91m                                                                      ~~~~~~~~~~~~~~~~~~~~~~~~~~[0m

  [96minterfaces/auth.interface.ts[0m:[93m14[0m:[93m3[0m
    [7m14[0m   user: User;
    [7m  [0m [96m  ~~~~[0m
    'user' is declared here.
  [96m../node_modules/@types/express-serve-static-core/index.d.ts[0m:[93m163[0m:[93m5[0m
    [7m163[0m     <
    [7m   [0m [96m    ~[0m
    [7m164[0m         P = ParamsDictionary,
    [7m   [0m [96m~~~~~~~~~~~~~~~~~~~~~~~~~~~~~[0m
    [7m...[0m 
    [7m172[0m         ...handlers: Array<RequestHandlerParams<P, ResBody, ReqBody, ReqQuery, Locals>>
    [7m   [0m [96m~~~~~~~~~~~~~~~~~~~~~~~~~~~~~~~~~~~~~~~~~~~~~~~~~~~~~~~~~~~~~~~~~~~~~~~~~~~~~~~~~~~~~~~[0m
    [7m173[0m     ): T;
    [7m   [0m [96m~~~~~~~~~[0m
    The last overload is declared here.

TSError: тип Unable to compile TypeScript:
[96mroutes/auth.route.ts[0m:[93m20[0m:[93m71[0m - [91merror[0m[90m TS2769: [0mNo overload matches this call.
  The last overload gave the following error.
    Argument of type '(req: RequestWithUser, res: Response, next: NextFunction) => Promise<void>' is not assignable to parameter of type 'RequestHandlerParams<ParamsDictionary, any, any, ParsedQs, Record<string, any>>'.
      Type '(req: RequestWithUser, res: Response, next: NextFunction) => Promise<void>' is not assignable to type 'RequestHandler<ParamsDictionary, any, any, ParsedQs, Record<string, any>>'.
        Types of parameters 'req' and 'req' are incompatible.
          Property 'user' is missing in type 'Request<ParamsDictionary, any, any, ParsedQs, Record<string, any>>' but required in type 'RequestWithUser'.

[7m20[0m         this.router.post(`${this.path}logout`, authMiddleware as any, this.authController.logout);
[7m  [0m [91m                                                                      ~~~~~~~~~~~~~~~~~~~~~~~~~~[0m

  [96minterfaces/auth.interface.ts[0m:[93m14[0m:[93m3[0m
    [7m14[0m   user: User;
    [7m  [0m [96m  ~~~~[0m
    'user' is declared here.
  [96m../node_modules/@types/express-serve-static-core/index.d.ts[0m:[93m163[0m:[93m5[0m
    [7m163[0m     <
    [7m   [0m [96m    ~[0m
    [7m164[0m         P = ParamsDictionary,
    [7m   [0m [96m~~~~~~~~~~~~~~~~~~~~~~~~~~~~~[0m
    [7m...[0m 
    [7m172[0m         ...handlers: Array<RequestHandlerParams<P, ResBody, ReqBody, ReqQuery, Locals>>
    [7m   [0m [96m~~~~~~~~~~~~~~~~~~~~~~~~~~~~~~~~~~~~~~~~~~~~~~~~~~~~~~~~~~~~~~~~~~~~~~~~~~~~~~~~~~~~~~~[0m
    [7m173[0m     ): T;
    [7m   [0m [96m~~~~~~~~~[0m
    The last overload is declared here.

    at createTSError (/usr/local/lib/node_modules/ts-node/src/index.ts:859:12)
    at reportTSError (/usr/local/lib/node_modules/ts-node/src/index.ts:863:19)
    at getOutput (/usr/local/lib/node_modules/ts-node/src/index.ts:1077:36)
    at Object.compile (/usr/local/lib/node_modules/ts-node/src/index.ts:1433:41)
    at Module.m._compile (/usr/local/lib/node_modules/ts-node/src/index.ts:1617:30)
    at Module._extensions..js (node:internal/modules/cjs/loader:1153:10)
    at Object.require.extensions.<computed> [as .ts] (/usr/local/lib/node_modules/ts-node/src/index.ts:1621:12)
    at Module.load (node:internal/modules/cjs/loader:981:32)
    at Function.Module._load (node:internal/modules/cjs/loader:822:12)
    at Module.require (node:internal/modules/cjs/loader:1005:19)
2022-11-23 17:22:59 error: uncaughtException: тип Unable to compile TypeScript:
[96mroutes/auth.route.ts[0m:[93m20[0m:[93m48[0m - [91merror[0m[90m TS2769: [0mNo overload matches this call.
  The last overload gave the following error.
    Argument of type '(req: RequestWithUser, res: Response, next: NextFunction) => Promise<void>' is not assignable to parameter of type 'RequestHandlerParams<ParamsDictionary, any, any, ParsedQs, Record<string, any>>'.
      Type '(req: RequestWithUser, res: Response, next: NextFunction) => Promise<void>' is not assignable to type 'RequestHandler<ParamsDictionary, any, any, ParsedQs, Record<string, any>>'.
        Types of parameters 'req' and 'req' are incompatible.
          Property 'user' is missing in type 'Request<ParamsDictionary, any, any, ParsedQs, Record<string, any>>' but required in type 'RequestWithUser'.

[7m20[0m         this.router.post(`${this.path}logout`, authMiddleware, this.authController.logout as any);
[7m  [0m [91m                                               ~~~~~~~~~~~~~~[0m

  [96minterfaces/auth.interface.ts[0m:[93m14[0m:[93m3[0m
    [7m14[0m   user: User;
    [7m  [0m [96m  ~~~~[0m
    'user' is declared here.
  [96m../node_modules/@types/express-serve-static-core/index.d.ts[0m:[93m163[0m:[93m5[0m
    [7m163[0m     <
    [7m   [0m [96m    ~[0m
    [7m164[0m         P = ParamsDictionary,
    [7m   [0m [96m~~~~~~~~~~~~~~~~~~~~~~~~~~~~~[0m
    [7m...[0m 
    [7m172[0m         ...handlers: Array<RequestHandlerParams<P, ResBody, ReqBody, ReqQuery, Locals>>
    [7m   [0m [96m~~~~~~~~~~~~~~~~~~~~~~~~~~~~~~~~~~~~~~~~~~~~~~~~~~~~~~~~~~~~~~~~~~~~~~~~~~~~~~~~~~~~~~~[0m
    [7m173[0m     ): T;
    [7m   [0m [96m~~~~~~~~~[0m
    The last overload is declared here.

TSError: тип Unable to compile TypeScript:
[96mroutes/auth.route.ts[0m:[93m20[0m:[93m48[0m - [91merror[0m[90m TS2769: [0mNo overload matches this call.
  The last overload gave the following error.
    Argument of type '(req: RequestWithUser, res: Response, next: NextFunction) => Promise<void>' is not assignable to parameter of type 'RequestHandlerParams<ParamsDictionary, any, any, ParsedQs, Record<string, any>>'.
      Type '(req: RequestWithUser, res: Response, next: NextFunction) => Promise<void>' is not assignable to type 'RequestHandler<ParamsDictionary, any, any, ParsedQs, Record<string, any>>'.
        Types of parameters 'req' and 'req' are incompatible.
          Property 'user' is missing in type 'Request<ParamsDictionary, any, any, ParsedQs, Record<string, any>>' but required in type 'RequestWithUser'.

[7m20[0m         this.router.post(`${this.path}logout`, authMiddleware, this.authController.logout as any);
[7m  [0m [91m                                               ~~~~~~~~~~~~~~[0m

  [96minterfaces/auth.interface.ts[0m:[93m14[0m:[93m3[0m
    [7m14[0m   user: User;
    [7m  [0m [96m  ~~~~[0m
    'user' is declared here.
  [96m../node_modules/@types/express-serve-static-core/index.d.ts[0m:[93m163[0m:[93m5[0m
    [7m163[0m     <
    [7m   [0m [96m    ~[0m
    [7m164[0m         P = ParamsDictionary,
    [7m   [0m [96m~~~~~~~~~~~~~~~~~~~~~~~~~~~~~[0m
    [7m...[0m 
    [7m172[0m         ...handlers: Array<RequestHandlerParams<P, ResBody, ReqBody, ReqQuery, Locals>>
    [7m   [0m [96m~~~~~~~~~~~~~~~~~~~~~~~~~~~~~~~~~~~~~~~~~~~~~~~~~~~~~~~~~~~~~~~~~~~~~~~~~~~~~~~~~~~~~~~[0m
    [7m173[0m     ): T;
    [7m   [0m [96m~~~~~~~~~[0m
    The last overload is declared here.

    at createTSError (/usr/local/lib/node_modules/ts-node/src/index.ts:859:12)
    at reportTSError (/usr/local/lib/node_modules/ts-node/src/index.ts:863:19)
    at getOutput (/usr/local/lib/node_modules/ts-node/src/index.ts:1077:36)
    at Object.compile (/usr/local/lib/node_modules/ts-node/src/index.ts:1433:41)
    at Module.m._compile (/usr/local/lib/node_modules/ts-node/src/index.ts:1617:30)
    at Module._extensions..js (node:internal/modules/cjs/loader:1153:10)
    at Object.require.extensions.<computed> [as .ts] (/usr/local/lib/node_modules/ts-node/src/index.ts:1621:12)
    at Module.load (node:internal/modules/cjs/loader:981:32)
    at Function.Module._load (node:internal/modules/cjs/loader:822:12)
    at Module.require (node:internal/modules/cjs/loader:1005:19)
